-- The C compiler identification is GNU 11.4.0
-- The CXX compiler identification is GNU 11.4.0
-- Detecting C compiler ABI info
-- Detecting C compiler ABI info - done
-- Check for working C compiler: /usr/lib/ccache/cc - skipped
-- Detecting C compile features
-- Detecting C compile features - done
-- Detecting CXX compiler ABI info
-- Detecting CXX compiler ABI info - done
-- Check for working CXX compiler: /usr/lib/ccache/c++ - skipped
-- Detecting CXX compile features
-- Detecting CXX compile features - done
-- Found ament_cmake: 1.3.10 (/opt/ros/humble/share/ament_cmake/cmake)
-- Found Python3: /usr/bin/python3 (found version "3.10.12") found components: Interpreter 
-- Found rclcpp: 16.0.10 (/opt/ros/humble/share/rclcpp/cmake)
-- Found rosidl_generator_c: 3.1.5 (/opt/ros/humble/share/rosidl_generator_c/cmake)
-- Found rosidl_adapter: 3.1.5 (/opt/ros/humble/share/rosidl_adapter/cmake)
-- Found rosidl_generator_cpp: 3.1.5 (/opt/ros/humble/share/rosidl_generator_cpp/cmake)
-- Using all available rosidl_typesupport_c: rosidl_typesupport_fastrtps_c;rosidl_typesupport_introspection_c
-- Using all available rosidl_typesupport_cpp: rosidl_typesupport_fastrtps_cpp;rosidl_typesupport_introspection_cpp
-- Found rmw_implementation_cmake: 6.1.2 (/opt/ros/humble/share/rmw_implementation_cmake/cmake)
-- Found rmw_fastrtps_cpp: 6.2.7 (/opt/ros/humble/share/rmw_fastrtps_cpp/cmake)
-- Found OpenSSL: /usr/lib/aarch64-linux-gnu/libcrypto.so (found version "3.0.2")  
-- Found FastRTPS: /opt/ros/humble/include  
-- Using RMW implementation 'rmw_fastrtps_cpp' as default
-- Looking for pthread.h
-- Looking for pthread.h - found
-- Performing Test CMAKE_HAVE_LIBC_PTHREAD
-- Performing Test CMAKE_HAVE_LIBC_PTHREAD - Success
-- Found Threads: TRUE  
-- Found geometry_msgs: 4.2.4 (/opt/ros/humble/share/geometry_msgs/cmake)
-- Configuring done
-- Generating done
[33mCMake Warning:
  Manually-specified variables were not used by the project:

    CATKIN_INSTALL_INTO_PREFIX_ROOT

[0m
-- Build files have been written to: /home/drone1/ros2_ws/build/uwb
[ 11%] [32mBuilding CXX object CMakeFiles/uwb_node.dir/src/parse.cpp.o[0m
[ 22%] [32mBuilding C object CMakeFiles/uwb_node.dir/src/nlink_linktrack_nodeframe0.c.o[0m
[ 33%] [32mBuilding C object CMakeFiles/uwb_node.dir/src/nlink_utils.c.o[0m
[ 44%] [32mBuilding C object CMakeFiles/uwb_node.dir/src/nlink_linktrack_nodeframe1.c.o[0m
[ 55%] [32mBuilding C object CMakeFiles/uwb_node.dir/src/nlink_linktrack_nodeframe2.c.o[0m
[ 66%] [32mBuilding C object CMakeFiles/uwb_node.dir/src/nlink_linktrack_nodeframe3.c.o[0m
[ 77%] [32mBuilding CXX object CMakeFiles/uwb_node.dir/src/UDPClient.cpp.o[0m
[ 88%] [32mBuilding CXX object CMakeFiles/uwb_node.dir/src/UDPServer.cpp.o[0m
[100%] [32m[1mLinking CXX executable uwb_node[0m
[100%] Built target uwb_node
-- Install configuration: ""
-- Installing: /home/drone1/ros2_ws/install/uwb/lib/uwb/uwb_node
-- Set runtime path of "/home/drone1/ros2_ws/install/uwb/lib/uwb/uwb_node" to ""
-- Installing: /home/drone1/ros2_ws/install/uwb/include
-- Installing: /home/drone1/ros2_ws/install/uwb/include/uwb_new_package
-- Installing: /home/drone1/ros2_ws/install/uwb/include/uwb
-- Installing: /home/drone1/ros2_ws/install/uwb/share/ament_index/resource_index/package_run_dependencies/uwb
-- Installing: /home/drone1/ros2_ws/install/uwb/share/ament_index/resource_index/parent_prefix_path/uwb
-- Installing: /home/drone1/ros2_ws/install/uwb/share/uwb/environment/ament_prefix_path.sh
-- Installing: /home/drone1/ros2_ws/install/uwb/share/uwb/environment/ament_prefix_path.dsv
-- Installing: /home/drone1/ros2_ws/install/uwb/share/uwb/environment/path.sh
-- Installing: /home/drone1/ros2_ws/install/uwb/share/uwb/environment/path.dsv
-- Installing: /home/drone1/ros2_ws/install/uwb/share/uwb/local_setup.bash
-- Installing: /home/drone1/ros2_ws/install/uwb/share/uwb/local_setup.sh
-- Installing: /home/drone1/ros2_ws/install/uwb/share/uwb/local_setup.zsh
-- Installing: /home/drone1/ros2_ws/install/uwb/share/uwb/local_setup.dsv
-- Installing: /home/drone1/ros2_ws/install/uwb/share/uwb/package.dsv
-- Installing: /home/drone1/ros2_ws/install/uwb/share/ament_index/resource_index/packages/uwb
-- Installing: /home/drone1/ros2_ws/install/uwb/share/uwb/cmake/uwbConfig.cmake
-- Installing: /home/drone1/ros2_ws/install/uwb/share/uwb/cmake/uwbConfig-version.cmake
-- Installing: /home/drone1/ros2_ws/install/uwb/share/uwb/package.xml
