[1.726s] Invoking command in '/home/drone1/ros2_ws/build/uwb': /usr/bin/cmake /home/drone1/ros2_ws/uwb -DCATKIN_INSTALL_INTO_PREFIX_ROOT=0 -DCMAKE_INSTALL_PREFIX=/home/drone1/ros2_ws/install/uwb
[2.696s] -- The C compiler identification is GNU 11.4.0
[3.651s] -- The CXX compiler identification is GNU 11.4.0
[3.772s] -- Detecting C compiler ABI info
[4.374s] -- Detecting C compiler ABI info - done
[4.425s] -- Check for working C compiler: /usr/lib/ccache/cc - skipped
[4.426s] -- Detecting C compile features
[4.431s] -- Detecting C compile features - done
[4.461s] -- Detecting CXX compiler ABI info
[4.959s] -- Detecting CXX compiler ABI info - done
[4.997s] -- Check for working CXX compiler: /usr/lib/ccache/c++ - skipped
[4.999s] -- Detecting CXX compile features
[5.002s] -- Detecting CXX compile features - done
[5.041s] -- Found ament_cmake: 1.3.10 (/opt/ros/humble/share/ament_cmake/cmake)
[8.047s] -- Found Python3: /usr/bin/python3 (found version "3.10.12") found components: Interpreter 
[9.025s] -- Found rclcpp: 16.0.10 (/opt/ros/humble/share/rclcpp/cmake)
[9.498s] -- Found rosidl_generator_c: 3.1.5 (/opt/ros/humble/share/rosidl_generator_c/cmake)
[9.555s] -- Found rosidl_adapter: 3.1.5 (/opt/ros/humble/share/rosidl_adapter/cmake)
[9.633s] -- Found rosidl_generator_cpp: 3.1.5 (/opt/ros/humble/share/rosidl_generator_cpp/cmake)
[9.737s] -- Using all available rosidl_typesupport_c: rosidl_typesupport_fastrtps_c;rosidl_typesupport_introspection_c
[9.885s] -- Using all available rosidl_typesupport_cpp: rosidl_typesupport_fastrtps_cpp;rosidl_typesupport_introspection_cpp
[10.321s] -- Found rmw_implementation_cmake: 6.1.2 (/opt/ros/humble/share/rmw_implementation_cmake/cmake)
[10.353s] -- Found rmw_fastrtps_cpp: 6.2.7 (/opt/ros/humble/share/rmw_fastrtps_cpp/cmake)
[11.299s] -- Found OpenSSL: /usr/lib/aarch64-linux-gnu/libcrypto.so (found version "3.0.2")  
[11.663s] -- Found FastRTPS: /opt/ros/humble/include  
[12.218s] -- Using RMW implementation 'rmw_fastrtps_cpp' as default
[12.372s] -- Looking for pthread.h
[13.063s] -- Looking for pthread.h - found
[13.065s] -- Performing Test CMAKE_HAVE_LIBC_PTHREAD
[13.666s] -- Performing Test CMAKE_HAVE_LIBC_PTHREAD - Success
[13.672s] -- Found Threads: TRUE  
[14.079s] -- Found geometry_msgs: 4.2.4 (/opt/ros/humble/share/geometry_msgs/cmake)
[14.655s] -- Configuring done
[14.753s] -- Generating done
[14.761s] [33mCMake Warning:
[14.761s]   Manually-specified variables were not used by the project:
[14.762s] 
[14.763s]     CATKIN_INSTALL_INTO_PREFIX_ROOT
[14.764s] 
[14.765s] [0m
[14.765s] -- Build files have been written to: /home/drone1/ros2_ws/build/uwb
[14.837s] Invoked command in '/home/drone1/ros2_ws/build/uwb' returned '0': /usr/bin/cmake /home/drone1/ros2_ws/uwb -DCATKIN_INSTALL_INTO_PREFIX_ROOT=0 -DCMAKE_INSTALL_PREFIX=/home/drone1/ros2_ws/install/uwb
[14.841s] Invoking command in '/home/drone1/ros2_ws/build/uwb': /usr/bin/cmake --build /home/drone1/ros2_ws/build/uwb -- -j4 -l4
[15.201s] [ 11%] [32mBuilding CXX object CMakeFiles/uwb_node.dir/src/parse.cpp.o[0m
[15.203s] [ 22%] [32mBuilding C object CMakeFiles/uwb_node.dir/src/nlink_linktrack_nodeframe0.c.o[0m
[15.211s] [ 33%] [32mBuilding C object CMakeFiles/uwb_node.dir/src/nlink_utils.c.o[0m
[15.233s] [ 44%] [32mBuilding C object CMakeFiles/uwb_node.dir/src/nlink_linktrack_nodeframe1.c.o[0m
[15.970s] [ 55%] [32mBuilding C object CMakeFiles/uwb_node.dir/src/nlink_linktrack_nodeframe2.c.o[0m
[15.976s] [ 66%] [32mBuilding C object CMakeFiles/uwb_node.dir/src/nlink_linktrack_nodeframe3.c.o[0m
[15.991s] [ 77%] [32mBuilding CXX object CMakeFiles/uwb_node.dir/src/UDPClient.cpp.o[0m
[16.935s] [ 88%] [32mBuilding CXX object CMakeFiles/uwb_node.dir/src/UDPServer.cpp.o[0m
[39.555s] [100%] [32m[1mLinking CXX executable uwb_node[0m
[40.718s] [100%] Built target uwb_node
[40.766s] Invoked command in '/home/drone1/ros2_ws/build/uwb' returned '0': /usr/bin/cmake --build /home/drone1/ros2_ws/build/uwb -- -j4 -l4
[41.286s] Invoking command in '/home/drone1/ros2_ws/build/uwb': /usr/bin/cmake --install /home/drone1/ros2_ws/build/uwb
[41.318s] -- Install configuration: ""
[41.318s] -- Installing: /home/drone1/ros2_ws/install/uwb/lib/uwb/uwb_node
[41.330s] -- Set runtime path of "/home/drone1/ros2_ws/install/uwb/lib/uwb/uwb_node" to ""
[41.331s] -- Installing: /home/drone1/ros2_ws/install/uwb/include
[41.332s] -- Installing: /home/drone1/ros2_ws/install/uwb/include/uwb_new_package
[41.332s] -- Installing: /home/drone1/ros2_ws/install/uwb/include/uwb
[41.333s] -- Installing: /home/drone1/ros2_ws/install/uwb/share/ament_index/resource_index/package_run_dependencies/uwb
[41.335s] -- Installing: /home/drone1/ros2_ws/install/uwb/share/ament_index/resource_index/parent_prefix_path/uwb
[41.337s] -- Installing: /home/drone1/ros2_ws/install/uwb/share/uwb/environment/ament_prefix_path.sh
[41.338s] -- Installing: /home/drone1/ros2_ws/install/uwb/share/uwb/environment/ament_prefix_path.dsv
[41.340s] -- Installing: /home/drone1/ros2_ws/install/uwb/share/uwb/environment/path.sh
[41.341s] -- Installing: /home/drone1/ros2_ws/install/uwb/share/uwb/environment/path.dsv
[41.342s] -- Installing: /home/drone1/ros2_ws/install/uwb/share/uwb/local_setup.bash
[41.343s] -- Installing: /home/drone1/ros2_ws/install/uwb/share/uwb/local_setup.sh
[41.344s] -- Installing: /home/drone1/ros2_ws/install/uwb/share/uwb/local_setup.zsh
[41.346s] -- Installing: /home/drone1/ros2_ws/install/uwb/share/uwb/local_setup.dsv
[41.347s] -- Installing: /home/drone1/ros2_ws/install/uwb/share/uwb/package.dsv
[41.348s] -- Installing: /home/drone1/ros2_ws/install/uwb/share/ament_index/resource_index/packages/uwb
[41.350s] -- Installing: /home/drone1/ros2_ws/install/uwb/share/uwb/cmake/uwbConfig.cmake
[41.351s] -- Installing: /home/drone1/ros2_ws/install/uwb/share/uwb/cmake/uwbConfig-version.cmake
[41.352s] -- Installing: /home/drone1/ros2_ws/install/uwb/share/uwb/package.xml
[41.359s] Invoked command in '/home/drone1/ros2_ws/build/uwb' returned '0': /usr/bin/cmake --install /home/drone1/ros2_ws/build/uwb
