[1.223s] Invoking command in '/home/drone1/ros2_ws/build/uwb': /usr/bin/cmake --build /home/drone1/ros2_ws/build/uwb -- -j4 -l4
[1.276s] gmake: Warning: File 'Makefile' has modification time 121 s in the future
[1.405s] gmake[1]: Warning: File 'CMakeFiles/Makefile2' has modification time 121 s in the future
[1.425s] gmake[2]: Warning: File 'CMakeFiles/uwb_node.dir/progress.make' has modification time 121 s in the future
[1.471s] [35m[1mConsolidate compiler generated dependencies of target uwb_node[0m
[1.523s] gmake[2]: warning:  Clock skew detected.  Your build may be incomplete.
[1.541s] gmake[2]: Warning: File 'CMakeFiles/uwb_node.dir/progress.make' has modification time 121 s in the future
[1.562s] gmake[2]: warning:  Clock skew detected.  Your build may be incomplete.
[1.611s] [100%] Built target uwb_node
[1.617s] gmake[1]: warning:  Clock skew detected.  Your build may be incomplete.
[1.661s] gmake: warning:  Clock skew detected.  Your build may be incomplete.
[1.672s] Invoked command in '/home/drone1/ros2_ws/build/uwb' returned '0': /usr/bin/cmake --build /home/drone1/ros2_ws/build/uwb -- -j4 -l4
[2.245s] Invoking command in '/home/drone1/ros2_ws/build/uwb': /usr/bin/cmake --install /home/drone1/ros2_ws/build/uwb
[2.282s] -- Install configuration: ""
[2.284s] -- Up-to-date: /home/drone1/ros2_ws/install/uwb/lib/uwb/uwb_node
[2.285s] -- Up-to-date: /home/drone1/ros2_ws/install/uwb/include
[2.286s] -- Up-to-date: /home/drone1/ros2_ws/install/uwb/include/uwb_new_package
[2.287s] -- Up-to-date: /home/drone1/ros2_ws/install/uwb/include/uwb
[2.288s] -- Up-to-date: /home/drone1/ros2_ws/install/uwb/share/ament_index/resource_index/package_run_dependencies/uwb
[2.288s] -- Up-to-date: /home/drone1/ros2_ws/install/uwb/share/ament_index/resource_index/parent_prefix_path/uwb
[2.289s] -- Up-to-date: /home/drone1/ros2_ws/install/uwb/share/uwb/environment/ament_prefix_path.sh
[2.290s] -- Up-to-date: /home/drone1/ros2_ws/install/uwb/share/uwb/environment/ament_prefix_path.dsv
[2.291s] -- Up-to-date: /home/drone1/ros2_ws/install/uwb/share/uwb/environment/path.sh
[2.292s] -- Up-to-date: /home/drone1/ros2_ws/install/uwb/share/uwb/environment/path.dsv
[2.292s] -- Up-to-date: /home/drone1/ros2_ws/install/uwb/share/uwb/local_setup.bash
[2.293s] -- Up-to-date: /home/drone1/ros2_ws/install/uwb/share/uwb/local_setup.sh
[2.301s] -- Up-to-date: /home/drone1/ros2_ws/install/uwb/share/uwb/local_setup.zsh
[2.303s] -- Up-to-date: /home/drone1/ros2_ws/install/uwb/share/uwb/local_setup.dsv
[2.304s] -- Installing: /home/drone1/ros2_ws/install/uwb/share/uwb/package.dsv
[2.306s] -- Up-to-date: /home/drone1/ros2_ws/install/uwb/share/ament_index/resource_index/packages/uwb
[2.307s] -- Up-to-date: /home/drone1/ros2_ws/install/uwb/share/uwb/cmake/uwbConfig.cmake
[2.308s] -- Up-to-date: /home/drone1/ros2_ws/install/uwb/share/uwb/cmake/uwbConfig-version.cmake
[2.318s] -- Up-to-date: /home/drone1/ros2_ws/install/uwb/share/uwb/package.xml
[2.319s] Invoked command in '/home/drone1/ros2_ws/build/uwb' returned '0': /usr/bin/cmake --install /home/drone1/ros2_ws/build/uwb
