[1.102s] Invoking command in '/home/drone1/ros2_ws/build/uwb_new': /usr/bin/cmake /home/drone1/ros2_ws/src/uwb_new -DCATKIN_INSTALL_INTO_PREFIX_ROOT=0 -DCMAKE_INSTALL_PREFIX=/home/drone1/ros2_ws/install/uwb_new
[1.429s] -- The C compiler identification is GNU 11.4.0
[1.778s] -- The CXX compiler identification is GNU 11.4.0
[1.834s] -- Detecting C compiler ABI info
[2.455s] -- Detecting C compiler ABI info - done
[2.494s] -- Check for working C compiler: /usr/lib/ccache/cc - skipped
[2.496s] -- Detecting C compile features
[2.498s] -- Detecting C compile features - done
[2.513s] -- Detecting CXX compiler ABI info
[2.880s] -- Detecting CXX compiler ABI info - done
[2.943s] -- Check for working CXX compiler: /usr/lib/ccache/c++ - skipped
[2.948s] -- Detecting CXX compile features
[2.951s] -- Detecting CXX compile features - done
[2.987s] -- Found ament_cmake: 1.3.10 (/opt/ros/humble/share/ament_cmake/cmake)
[5.428s] -- Found Python3: /usr/bin/python3 (found version "3.10.12") found components: Interpreter 
[6.111s] -- Found rclcpp: 16.0.10 (/opt/ros/humble/share/rclcpp/cmake)
[6.489s] -- Found rosidl_generator_c: 3.1.5 (/opt/ros/humble/share/rosidl_generator_c/cmake)
[6.535s] -- Found rosidl_adapter: 3.1.5 (/opt/ros/humble/share/rosidl_adapter/cmake)
[6.598s] -- Found rosidl_generator_cpp: 3.1.5 (/opt/ros/humble/share/rosidl_generator_cpp/cmake)
[6.682s] -- Using all available rosidl_typesupport_c: rosidl_typesupport_fastrtps_c;rosidl_typesupport_introspection_c
[6.800s] -- Using all available rosidl_typesupport_cpp: rosidl_typesupport_fastrtps_cpp;rosidl_typesupport_introspection_cpp
[7.128s] -- Found rmw_implementation_cmake: 6.1.2 (/opt/ros/humble/share/rmw_implementation_cmake/cmake)
[7.151s] -- Found rmw_fastrtps_cpp: 6.2.7 (/opt/ros/humble/share/rmw_fastrtps_cpp/cmake)
[7.774s] -- Found OpenSSL: /usr/lib/aarch64-linux-gnu/libcrypto.so (found version "3.0.2")  
[8.056s] -- Found FastRTPS: /opt/ros/humble/include  
[8.525s] -- Using RMW implementation 'rmw_fastrtps_cpp' as default
[8.614s] -- Looking for pthread.h
[8.984s] -- Looking for pthread.h - found
[8.987s] -- Performing Test CMAKE_HAVE_LIBC_PTHREAD
[9.294s] -- Performing Test CMAKE_HAVE_LIBC_PTHREAD - Success
[9.300s] -- Found Threads: TRUE  
[9.597s] -- Found geometry_msgs: 4.2.4 (/opt/ros/humble/share/geometry_msgs/cmake)
[10.024s] -- Configuring done
[10.096s] -- Generating done
[10.102s] [33mCMake Warning:
[10.103s]   Manually-specified variables were not used by the project:
[10.103s] 
[10.104s]     CATKIN_INSTALL_INTO_PREFIX_ROOT
[10.105s] 
[10.105s] [0m
[10.105s] -- Build files have been written to: /home/drone1/ros2_ws/build/uwb_new
[10.144s] Invoked command in '/home/drone1/ros2_ws/build/uwb_new' returned '0': /usr/bin/cmake /home/drone1/ros2_ws/src/uwb_new -DCATKIN_INSTALL_INTO_PREFIX_ROOT=0 -DCMAKE_INSTALL_PREFIX=/home/drone1/ros2_ws/install/uwb_new
[10.158s] Invoking command in '/home/drone1/ros2_ws/build/uwb_new': /usr/bin/cmake --build /home/drone1/ros2_ws/build/uwb_new -- -j4 -l4
[10.353s] [35m[1mConsolidate compiler generated dependencies of target uwb_node[0m
[10.478s] [100%] Built target uwb_node
[10.524s] Invoked command in '/home/drone1/ros2_ws/build/uwb_new' returned '0': /usr/bin/cmake --build /home/drone1/ros2_ws/build/uwb_new -- -j4 -l4
[11.091s] Invoking command in '/home/drone1/ros2_ws/build/uwb_new': /usr/bin/cmake --install /home/drone1/ros2_ws/build/uwb_new
[11.124s] -- Install configuration: ""
[11.126s] -- Up-to-date: /home/drone1/ros2_ws/install/uwb_new/lib/uwb_new/uwb_node
[11.127s] -- Up-to-date: /home/drone1/ros2_ws/install/uwb_new/include
[11.127s] -- Up-to-date: /home/drone1/ros2_ws/install/uwb_new/include/uwb_new
[11.128s] -- Up-to-date: /home/drone1/ros2_ws/install/uwb_new/share/ament_index/resource_index/package_run_dependencies/uwb_new
[11.129s] -- Up-to-date: /home/drone1/ros2_ws/install/uwb_new/share/ament_index/resource_index/parent_prefix_path/uwb_new
[11.129s] -- Up-to-date: /home/drone1/ros2_ws/install/uwb_new/share/uwb_new/environment/ament_prefix_path.sh
[11.130s] -- Installing: /home/drone1/ros2_ws/install/uwb_new/share/uwb_new/environment/ament_prefix_path.dsv
[11.131s] -- Up-to-date: /home/drone1/ros2_ws/install/uwb_new/share/uwb_new/environment/path.sh
[11.132s] -- Installing: /home/drone1/ros2_ws/install/uwb_new/share/uwb_new/environment/path.dsv
[11.134s] -- Up-to-date: /home/drone1/ros2_ws/install/uwb_new/share/uwb_new/local_setup.bash
[11.135s] -- Up-to-date: /home/drone1/ros2_ws/install/uwb_new/share/uwb_new/local_setup.sh
[11.136s] -- Up-to-date: /home/drone1/ros2_ws/install/uwb_new/share/uwb_new/local_setup.zsh
[11.136s] -- Installing: /home/drone1/ros2_ws/install/uwb_new/share/uwb_new/local_setup.dsv
[11.137s] -- Installing: /home/drone1/ros2_ws/install/uwb_new/share/uwb_new/package.dsv
[11.139s] -- Up-to-date: /home/drone1/ros2_ws/install/uwb_new/share/ament_index/resource_index/packages/uwb_new
[11.139s] -- Up-to-date: /home/drone1/ros2_ws/install/uwb_new/share/uwb_new/cmake/uwb_newConfig.cmake
[11.140s] -- Up-to-date: /home/drone1/ros2_ws/install/uwb_new/share/uwb_new/cmake/uwb_newConfig-version.cmake
[11.140s] -- Up-to-date: /home/drone1/ros2_ws/install/uwb_new/share/uwb_new/package.xml
[11.146s] Invoked command in '/home/drone1/ros2_ws/build/uwb_new' returned '0': /usr/bin/cmake --install /home/drone1/ros2_ws/build/uwb_new
