[0.538s] DEBUG:colcon:Command line arguments: ['/usr/bin/colcon', 'build']
[0.538s] DEBUG:colcon:Parsed command line arguments: Namespace(log_base=None, log_level=None, verb_name='build', build_base='build', install_base='install', merge_install=False, symlink_install=False, test_result_base=None, continue_on_error=False, executor='parallel', parallel_workers=4, event_handlers=None, ignore_user_meta=False, metas=['./colcon.meta'], base_paths=['.'], packages_ignore=None, packages_ignore_regex=None, paths=None, packages_up_to=None, packages_up_to_regex=None, packages_above=None, packages_above_and_dependencies=None, packages_above_depth=None, packages_select_by_dep=None, packages_skip_by_dep=None, packages_skip_up_to=None, packages_select_build_failed=False, packages_skip_build_finished=False, packages_select_test_failures=False, packages_skip_test_passed=False, packages_select=None, packages_skip=None, packages_select_regex=None, packages_skip_regex=None, packages_start=None, packages_end=None, allow_overriding=[], cmake_args=None, cmake_target=None, cmake_target_skip_unavailable=False, cmake_clean_cache=False, cmake_clean_first=False, cmake_force_configure=False, ament_cmake_args=None, catkin_cmake_args=None, catkin_skip_building_tests=False, mixin_files=None, mixin=None, verb_parser=<colcon_mixin.mixin.mixin_argument.MixinArgumentDecorator object at 0xffffa588d0f0>, verb_extension=<colcon_core.verb.build.BuildVerb object at 0xffffa59c5f60>, main=<bound method BuildVerb.main of <colcon_core.verb.build.BuildVerb object at 0xffffa59c5f60>>, mixin_verb=('build',))
[0.725s] Level 1:colcon.colcon_core.package_discovery:discover_packages(colcon_meta) check parameters
[0.725s] Level 1:colcon.colcon_core.package_discovery:discover_packages(recursive) check parameters
[0.725s] Level 1:colcon.colcon_core.package_discovery:discover_packages(ignore) check parameters
[0.726s] Level 1:colcon.colcon_core.package_discovery:discover_packages(path) check parameters
[0.726s] Level 1:colcon.colcon_core.package_discovery:discover_packages(colcon_meta) discover
[0.726s] Level 1:colcon.colcon_core.package_discovery:discover_packages(recursive) discover
[0.726s] INFO:colcon.colcon_core.package_discovery:Crawling recursively for packages in '/home/drone1/ros2_ws'
[0.727s] Level 1:colcon.colcon_core.package_identification:_identify(.) by extensions ['ignore', 'ignore_ament_install']
[0.727s] Level 1:colcon.colcon_core.package_identification:_identify(.) by extension 'ignore'
[0.727s] Level 1:colcon.colcon_core.package_identification:_identify(.) by extension 'ignore_ament_install'
[0.728s] Level 1:colcon.colcon_core.package_identification:_identify(.) by extensions ['colcon_pkg']
[0.728s] Level 1:colcon.colcon_core.package_identification:_identify(.) by extension 'colcon_pkg'
[0.728s] Level 1:colcon.colcon_core.package_identification:_identify(.) by extensions ['colcon_meta']
[0.728s] Level 1:colcon.colcon_core.package_identification:_identify(.) by extension 'colcon_meta'
[0.729s] Level 1:colcon.colcon_core.package_identification:_identify(.) by extensions ['ros']
[0.729s] Level 1:colcon.colcon_core.package_identification:_identify(.) by extension 'ros'
[0.799s] Level 1:colcon.colcon_core.package_identification:_identify(.) by extensions ['cmake', 'python']
[0.799s] Level 1:colcon.colcon_core.package_identification:_identify(.) by extension 'cmake'
[0.800s] Level 1:colcon.colcon_core.package_identification:_identify(.) by extension 'python'
[0.800s] Level 1:colcon.colcon_core.package_identification:_identify(.) by extensions ['python_setup_py']
[0.800s] Level 1:colcon.colcon_core.package_identification:_identify(.) by extension 'python_setup_py'
[0.801s] Level 1:colcon.colcon_core.package_identification:_identify(build) by extensions ['ignore', 'ignore_ament_install']
[0.801s] Level 1:colcon.colcon_core.package_identification:_identify(build) by extension 'ignore'
[0.801s] Level 1:colcon.colcon_core.package_identification:_identify(build) ignored
[0.802s] Level 1:colcon.colcon_core.package_identification:_identify(install) by extensions ['ignore', 'ignore_ament_install']
[0.802s] Level 1:colcon.colcon_core.package_identification:_identify(install) by extension 'ignore'
[0.802s] Level 1:colcon.colcon_core.package_identification:_identify(install) ignored
[0.803s] Level 1:colcon.colcon_core.package_identification:_identify(log) by extensions ['ignore', 'ignore_ament_install']
[0.803s] Level 1:colcon.colcon_core.package_identification:_identify(log) by extension 'ignore'
[0.803s] Level 1:colcon.colcon_core.package_identification:_identify(log) ignored
[0.804s] Level 1:colcon.colcon_core.package_identification:_identify(src) by extensions ['ignore', 'ignore_ament_install']
[0.804s] Level 1:colcon.colcon_core.package_identification:_identify(src) by extension 'ignore'
[0.804s] Level 1:colcon.colcon_core.package_identification:_identify(src) by extension 'ignore_ament_install'
[0.805s] Level 1:colcon.colcon_core.package_identification:_identify(src) by extensions ['colcon_pkg']
[0.805s] Level 1:colcon.colcon_core.package_identification:_identify(src) by extension 'colcon_pkg'
[0.805s] Level 1:colcon.colcon_core.package_identification:_identify(src) by extensions ['colcon_meta']
[0.805s] Level 1:colcon.colcon_core.package_identification:_identify(src) by extension 'colcon_meta'
[0.805s] Level 1:colcon.colcon_core.package_identification:_identify(src) by extensions ['ros']
[0.805s] Level 1:colcon.colcon_core.package_identification:_identify(src) by extension 'ros'
[0.806s] Level 1:colcon.colcon_core.package_identification:_identify(src) by extensions ['cmake', 'python']
[0.806s] Level 1:colcon.colcon_core.package_identification:_identify(src) by extension 'cmake'
[0.806s] Level 1:colcon.colcon_core.package_identification:_identify(src) by extension 'python'
[0.807s] Level 1:colcon.colcon_core.package_identification:_identify(src) by extensions ['python_setup_py']
[0.807s] Level 1:colcon.colcon_core.package_identification:_identify(src) by extension 'python_setup_py'
[0.808s] Level 1:colcon.colcon_core.package_identification:_identify(src/arm) by extensions ['ignore', 'ignore_ament_install']
[0.808s] Level 1:colcon.colcon_core.package_identification:_identify(src/arm) by extension 'ignore'
[0.809s] Level 1:colcon.colcon_core.package_identification:_identify(src/arm) by extension 'ignore_ament_install'
[0.809s] Level 1:colcon.colcon_core.package_identification:_identify(src/arm) by extensions ['colcon_pkg']
[0.809s] Level 1:colcon.colcon_core.package_identification:_identify(src/arm) by extension 'colcon_pkg'
[0.810s] Level 1:colcon.colcon_core.package_identification:_identify(src/arm) by extensions ['colcon_meta']
[0.810s] Level 1:colcon.colcon_core.package_identification:_identify(src/arm) by extension 'colcon_meta'
[0.811s] Level 1:colcon.colcon_core.package_identification:_identify(src/arm) by extensions ['ros']
[0.811s] Level 1:colcon.colcon_core.package_identification:_identify(src/arm) by extension 'ros'
[0.826s] DEBUG:colcon.colcon_core.package_identification:Package 'src/arm' with type 'ros.ament_python' and name 'arm'
[0.827s] Level 1:colcon.colcon_core.package_identification:_identify(src/uwb_new) by extensions ['ignore', 'ignore_ament_install']
[0.827s] Level 1:colcon.colcon_core.package_identification:_identify(src/uwb_new) by extension 'ignore'
[0.828s] Level 1:colcon.colcon_core.package_identification:_identify(src/uwb_new) by extension 'ignore_ament_install'
[0.828s] Level 1:colcon.colcon_core.package_identification:_identify(src/uwb_new) by extensions ['colcon_pkg']
[0.829s] Level 1:colcon.colcon_core.package_identification:_identify(src/uwb_new) by extension 'colcon_pkg'
[0.829s] Level 1:colcon.colcon_core.package_identification:_identify(src/uwb_new) by extensions ['colcon_meta']
[0.830s] Level 1:colcon.colcon_core.package_identification:_identify(src/uwb_new) by extension 'colcon_meta'
[0.830s] Level 1:colcon.colcon_core.package_identification:_identify(src/uwb_new) by extensions ['ros']
[0.830s] Level 1:colcon.colcon_core.package_identification:_identify(src/uwb_new) by extension 'ros'
[0.835s] DEBUG:colcon.colcon_core.package_identification:Failed to parse potential ROS package manifest in'src/uwb_new': Error(s) in package 'src/uwb_new/package.xml':
Package 'uwb_new' must declare at least one maintainer
[0.836s] Level 1:colcon.colcon_core.package_identification:_identify(src/uwb_new) by extensions ['cmake', 'python']
[0.836s] Level 1:colcon.colcon_core.package_identification:_identify(src/uwb_new) by extension 'cmake'
[0.850s] Level 1:colcon.colcon_core.package_identification:_identify(src/uwb_new) by extension 'python'
[0.850s] DEBUG:colcon.colcon_core.package_identification:Package 'src/uwb_new' with type 'cmake' and name 'uwb_new'
[0.851s] Level 1:colcon.colcon_core.package_discovery:discover_packages(recursive) using defaults
[0.851s] Level 1:colcon.colcon_core.package_discovery:discover_packages(ignore) discover
[0.851s] Level 1:colcon.colcon_core.package_discovery:discover_packages(ignore) using defaults
[0.852s] Level 1:colcon.colcon_core.package_discovery:discover_packages(path) discover
[0.852s] Level 1:colcon.colcon_core.package_discovery:discover_packages(path) using defaults
[0.978s] Level 1:colcon.colcon_core.package_discovery:discover_packages(prefix_path) check parameters
[0.978s] Level 1:colcon.colcon_core.package_discovery:discover_packages(prefix_path) discover
[0.985s] WARNING:colcon.colcon_ros.prefix_path.ament:The path '/home/drone1/ros2_ws/install/arm' in the environment variable AMENT_PREFIX_PATH doesn't exist
[0.987s] WARNING:colcon.colcon_ros.prefix_path.catkin:The path '/home/drone1/ros2_ws/install/uwb_new' in the environment variable CMAKE_PREFIX_PATH doesn't exist
[0.988s] WARNING:colcon.colcon_ros.prefix_path.catkin:The path '/home/drone1/ros2_ws/install/nlink_unpack' in the environment variable CMAKE_PREFIX_PATH doesn't exist
[0.995s] DEBUG:colcon.colcon_installed_package_information.package_discovery:Found 0 installed packages in /home/drone1/ros2_ws/install
[1.004s] DEBUG:colcon.colcon_installed_package_information.package_discovery:Found 191 installed packages in /opt/ros/humble
[1.012s] Level 1:colcon.colcon_core.package_discovery:discover_packages(prefix_path) using defaults
[1.172s] Level 5:colcon.colcon_core.verb:set package 'arm' build argument 'cmake_args' from command line to 'None'
[1.172s] Level 5:colcon.colcon_core.verb:set package 'arm' build argument 'cmake_target' from command line to 'None'
[1.172s] Level 5:colcon.colcon_core.verb:set package 'arm' build argument 'cmake_target_skip_unavailable' from command line to 'False'
[1.172s] Level 5:colcon.colcon_core.verb:set package 'arm' build argument 'cmake_clean_cache' from command line to 'False'
[1.173s] Level 5:colcon.colcon_core.verb:set package 'arm' build argument 'cmake_clean_first' from command line to 'False'
[1.173s] Level 5:colcon.colcon_core.verb:set package 'arm' build argument 'cmake_force_configure' from command line to 'False'
[1.173s] Level 5:colcon.colcon_core.verb:set package 'arm' build argument 'ament_cmake_args' from command line to 'None'
[1.173s] Level 5:colcon.colcon_core.verb:set package 'arm' build argument 'catkin_cmake_args' from command line to 'None'
[1.173s] Level 5:colcon.colcon_core.verb:set package 'arm' build argument 'catkin_skip_building_tests' from command line to 'False'
[1.173s] DEBUG:colcon.colcon_core.verb:Building package 'arm' with the following arguments: {'ament_cmake_args': None, 'build_base': '/home/drone1/ros2_ws/build/arm', 'catkin_cmake_args': None, 'catkin_skip_building_tests': False, 'cmake_args': None, 'cmake_clean_cache': False, 'cmake_clean_first': False, 'cmake_force_configure': False, 'cmake_target': None, 'cmake_target_skip_unavailable': False, 'install_base': '/home/drone1/ros2_ws/install/arm', 'merge_install': False, 'path': '/home/drone1/ros2_ws/src/arm', 'symlink_install': False, 'test_result_base': None}
[1.175s] Level 5:colcon.colcon_core.verb:set package 'uwb_new' build argument 'cmake_args' from command line to 'None'
[1.175s] Level 5:colcon.colcon_core.verb:set package 'uwb_new' build argument 'cmake_target' from command line to 'None'
[1.175s] Level 5:colcon.colcon_core.verb:set package 'uwb_new' build argument 'cmake_target_skip_unavailable' from command line to 'False'
[1.175s] Level 5:colcon.colcon_core.verb:set package 'uwb_new' build argument 'cmake_clean_cache' from command line to 'False'
[1.175s] Level 5:colcon.colcon_core.verb:set package 'uwb_new' build argument 'cmake_clean_first' from command line to 'False'
[1.176s] Level 5:colcon.colcon_core.verb:set package 'uwb_new' build argument 'cmake_force_configure' from command line to 'False'
[1.176s] Level 5:colcon.colcon_core.verb:set package 'uwb_new' build argument 'ament_cmake_args' from command line to 'None'
[1.176s] Level 5:colcon.colcon_core.verb:set package 'uwb_new' build argument 'catkin_cmake_args' from command line to 'None'
[1.176s] Level 5:colcon.colcon_core.verb:set package 'uwb_new' build argument 'catkin_skip_building_tests' from command line to 'False'
[1.176s] DEBUG:colcon.colcon_core.verb:Building package 'uwb_new' with the following arguments: {'ament_cmake_args': None, 'build_base': '/home/drone1/ros2_ws/build/uwb_new', 'catkin_cmake_args': None, 'catkin_skip_building_tests': False, 'cmake_args': None, 'cmake_clean_cache': False, 'cmake_clean_first': False, 'cmake_force_configure': False, 'cmake_target': None, 'cmake_target_skip_unavailable': False, 'install_base': '/home/drone1/ros2_ws/install/uwb_new', 'merge_install': False, 'path': '/home/drone1/ros2_ws/src/uwb_new', 'symlink_install': False, 'test_result_base': None}
[1.177s] INFO:colcon.colcon_core.executor:Executing jobs using 'parallel' executor
[1.180s] DEBUG:colcon.colcon_parallel_executor.executor.parallel:run_until_complete
[1.182s] INFO:colcon.colcon_ros.task.ament_python.build:Building ROS package in '/home/drone1/ros2_ws/src/arm' with build type 'ament_python'
[1.182s] Level 1:colcon.colcon_core.shell:create_environment_hook('arm', 'ament_prefix_path')
[1.192s] INFO:colcon.colcon_core.plugin_system:Skipping extension 'colcon_core.shell.bat': Not used on non-Windows systems
[1.193s] INFO:colcon.colcon_core.shell:Creating environment hook '/home/drone1/ros2_ws/install/arm/share/arm/hook/ament_prefix_path.ps1'
[1.197s] INFO:colcon.colcon_core.shell:Creating environment descriptor '/home/drone1/ros2_ws/install/arm/share/arm/hook/ament_prefix_path.dsv'
[1.199s] INFO:colcon.colcon_core.shell:Creating environment hook '/home/drone1/ros2_ws/install/arm/share/arm/hook/ament_prefix_path.sh'
[1.204s] INFO:colcon.colcon_core.shell:Skip shell extension 'powershell' for command environment: Not usable outside of PowerShell
[1.205s] DEBUG:colcon.colcon_core.shell:Skip shell extension 'dsv' for command environment
[1.224s] INFO:colcon.colcon_cmake.task.cmake.build:Building CMake package in '/home/drone1/ros2_ws/src/uwb_new'
[1.226s] INFO:colcon.colcon_core.shell:Skip shell extension 'powershell' for command environment: Not usable outside of PowerShell
[1.226s] DEBUG:colcon.colcon_core.shell:Skip shell extension 'dsv' for command environment
[2.403s] INFO:colcon.colcon_core.task.python.build:Building Python package in '/home/drone1/ros2_ws/src/arm'
[2.405s] INFO:colcon.colcon_core.shell:Skip shell extension 'powershell' for command environment: Not usable outside of PowerShell
[2.405s] DEBUG:colcon.colcon_core.shell:Skip shell extension 'dsv' for command environment
[2.438s] DEBUG:colcon.colcon_core.event_handler.log_command:Invoking command in '/home/drone1/ros2_ws/build/uwb_new': /usr/bin/cmake /home/drone1/ros2_ws/src/uwb_new -DCMAKE_INSTALL_PREFIX=/home/drone1/ros2_ws/install/uwb_new
[6.029s] DEBUG:colcon.colcon_core.event_handler.log_command:Invoking command in '/home/drone1/ros2_ws/src/arm': PYTHONPATH=/home/drone1/ros2_ws/build/arm/prefix_override:/usr/lib/python3/dist-packages/colcon_core/task/python/colcon_distutils_commands:/home/drone1/ros2_ws/install/arm/lib/python3.10/site-packages:${PYTHONPATH} /usr/bin/python3 -W ignore:setup.py install is deprecated setup.py egg_info --egg-base ../../build/arm build --build-base /home/drone1/ros2_ws/build/arm/build install --record /home/drone1/ros2_ws/build/arm/install.log --single-version-externally-managed install_data
[9.450s] DEBUG:colcon.colcon_core.event_handler.log_command:Invoked command in '/home/drone1/ros2_ws/src/arm' returned '0': PYTHONPATH=/home/drone1/ros2_ws/build/arm/prefix_override:/usr/lib/python3/dist-packages/colcon_core/task/python/colcon_distutils_commands:/home/drone1/ros2_ws/install/arm/lib/python3.10/site-packages:${PYTHONPATH} /usr/bin/python3 -W ignore:setup.py install is deprecated setup.py egg_info --egg-base ../../build/arm build --build-base /home/drone1/ros2_ws/build/arm/build install --record /home/drone1/ros2_ws/build/arm/install.log --single-version-externally-managed install_data
[9.468s] Level 1:colcon.colcon_core.environment:checking '/home/drone1/ros2_ws/install/arm' for CMake module files
[9.472s] Level 1:colcon.colcon_core.environment:checking '/home/drone1/ros2_ws/install/arm' for CMake config files
[9.477s] Level 1:colcon.colcon_core.environment:checking '/home/drone1/ros2_ws/install/arm/lib'
[9.478s] Level 1:colcon.colcon_core.environment:checking '/home/drone1/ros2_ws/install/arm/bin'
[9.479s] Level 1:colcon.colcon_core.environment:checking '/home/drone1/ros2_ws/install/arm/lib/pkgconfig/arm.pc'
[9.480s] Level 1:colcon.colcon_core.environment:checking '/home/drone1/ros2_ws/install/arm/lib/python3.10/site-packages'
[9.481s] Level 1:colcon.colcon_core.shell:create_environment_hook('arm', 'pythonpath')
[9.483s] INFO:colcon.colcon_core.shell:Creating environment hook '/home/drone1/ros2_ws/install/arm/share/arm/hook/pythonpath.ps1'
[9.487s] INFO:colcon.colcon_core.shell:Creating environment descriptor '/home/drone1/ros2_ws/install/arm/share/arm/hook/pythonpath.dsv'
[9.492s] INFO:colcon.colcon_core.shell:Creating environment hook '/home/drone1/ros2_ws/install/arm/share/arm/hook/pythonpath.sh'
[9.496s] Level 1:colcon.colcon_core.environment:checking '/home/drone1/ros2_ws/install/arm/bin'
[9.496s] Level 1:colcon.colcon_core.environment:create_environment_scripts_only(arm)
[9.498s] INFO:colcon.colcon_core.shell:Creating package script '/home/drone1/ros2_ws/install/arm/share/arm/package.ps1'
[9.505s] INFO:colcon.colcon_core.shell:Creating package descriptor '/home/drone1/ros2_ws/install/arm/share/arm/package.dsv'
[9.508s] INFO:colcon.colcon_core.shell:Creating package script '/home/drone1/ros2_ws/install/arm/share/arm/package.sh'
[9.513s] INFO:colcon.colcon_core.shell:Creating package script '/home/drone1/ros2_ws/install/arm/share/arm/package.bash'
[9.517s] INFO:colcon.colcon_core.shell:Creating package script '/home/drone1/ros2_ws/install/arm/share/arm/package.zsh'
[9.521s] Level 1:colcon.colcon_core.environment:create_file_with_runtime_dependencies(/home/drone1/ros2_ws/install/arm/share/colcon-core/packages/arm)
[11.396s] DEBUG:colcon.colcon_core.event_handler.log_command:Invoked command in '/home/drone1/ros2_ws/build/uwb_new' returned '1': /usr/bin/cmake /home/drone1/ros2_ws/src/uwb_new -DCMAKE_INSTALL_PREFIX=/home/drone1/ros2_ws/install/uwb_new
[11.403s] DEBUG:colcon.colcon_parallel_executor.executor.parallel:closing loop
[11.404s] DEBUG:colcon.colcon_parallel_executor.executor.parallel:loop closed
[11.404s] DEBUG:colcon.colcon_parallel_executor.executor.parallel:run_until_complete finished with '1'
[11.405s] DEBUG:colcon.colcon_core.event_reactor:joining thread
[11.457s] INFO:colcon.colcon_core.plugin_system:Skipping extension 'colcon_notification.desktop_notification.terminal_notifier': Not used on non-Darwin systems
[11.457s] INFO:colcon.colcon_core.plugin_system:Skipping extension 'colcon_notification.desktop_notification.win32': Not used on non-Windows systems
[11.458s] INFO:colcon.colcon_notification.desktop_notification:Sending desktop notification using 'notify2'
[11.566s] DEBUG:colcon.colcon_core.event_reactor:joined thread
[11.568s] INFO:colcon.colcon_core.shell:Creating prefix script '/home/drone1/ros2_ws/install/local_setup.ps1'
[11.573s] INFO:colcon.colcon_core.shell:Creating prefix util module '/home/drone1/ros2_ws/install/_local_setup_util_ps1.py'
[11.582s] INFO:colcon.colcon_core.shell:Creating prefix chain script '/home/drone1/ros2_ws/install/setup.ps1'
[11.589s] INFO:colcon.colcon_core.shell:Creating prefix script '/home/drone1/ros2_ws/install/local_setup.sh'
[11.595s] INFO:colcon.colcon_core.shell:Creating prefix util module '/home/drone1/ros2_ws/install/_local_setup_util_sh.py'
[11.601s] INFO:colcon.colcon_core.shell:Creating prefix chain script '/home/drone1/ros2_ws/install/setup.sh'
[11.612s] INFO:colcon.colcon_core.shell:Creating prefix script '/home/drone1/ros2_ws/install/local_setup.bash'
[11.617s] INFO:colcon.colcon_core.shell:Creating prefix chain script '/home/drone1/ros2_ws/install/setup.bash'
[11.630s] INFO:colcon.colcon_core.shell:Creating prefix script '/home/drone1/ros2_ws/install/local_setup.zsh'
[11.636s] INFO:colcon.colcon_core.shell:Creating prefix chain script '/home/drone1/ros2_ws/install/setup.zsh'
