[4.909s] Invoking command in '/home/drone1/ros2_ws/src/arm': PYTHONPATH=/home/drone1/ros2_ws/build/arm/prefix_override:/usr/lib/python3/dist-packages/colcon_core/task/python/colcon_distutils_commands:/home/drone1/ros2_ws/install/arm/lib/python3.10/site-packages:${PYTHONPATH} /usr/bin/python3 -W ignore:setup.py install is deprecated setup.py egg_info --egg-base ../../build/arm build --build-base /home/drone1/ros2_ws/build/arm/build install --record /home/drone1/ros2_ws/build/arm/install.log --single-version-externally-managed install_data
[6.350s] running egg_info
[6.471s] writing ../../build/arm/arm.egg-info/PKG-INFO
[6.474s] writing dependency_links to ../../build/arm/arm.egg-info/dependency_links.txt
[6.475s] writing entry points to ../../build/arm/arm.egg-info/entry_points.txt
[6.477s] writing requirements to ../../build/arm/arm.egg-info/requires.txt
[6.478s] writing top-level names to ../../build/arm/arm.egg-info/top_level.txt
[6.741s] reading manifest file '../../build/arm/arm.egg-info/SOURCES.txt'
[6.749s] writing manifest file '../../build/arm/arm.egg-info/SOURCES.txt'
[6.750s] running build
[6.751s] running build_py
[6.757s] running install
[6.786s] running install_lib
[6.938s] running install_data
[6.942s] running install_egg_info
[7.081s] removing '/home/drone1/ros2_ws/install/arm/lib/python3.10/site-packages/arm-0.0.0-py3.10.egg-info' (and everything under it)
[7.083s] Copying ../../build/arm/arm.egg-info to /home/drone1/ros2_ws/install/arm/lib/python3.10/site-packages/arm-0.0.0-py3.10.egg-info
[7.093s] running install_scripts
[8.293s] Installing arm script to /home/drone1/ros2_ws/install/arm/lib/arm
[8.295s] Installing arm_and_spin script to /home/drone1/ros2_ws/install/arm/lib/arm
[8.297s] Installing drone script to /home/drone1/ros2_ws/install/arm/lib/arm
[8.300s] writing list of installed files to '/home/drone1/ros2_ws/build/arm/install.log'
[8.473s] Invoked command in '/home/drone1/ros2_ws/src/arm' returned '0': PYTHONPATH=/home/drone1/ros2_ws/build/arm/prefix_override:/usr/lib/python3/dist-packages/colcon_core/task/python/colcon_distutils_commands:/home/drone1/ros2_ws/install/arm/lib/python3.10/site-packages:${PYTHONPATH} /usr/bin/python3 -W ignore:setup.py install is deprecated setup.py egg_info --egg-base ../../build/arm build --build-base /home/drone1/ros2_ws/build/arm/build install --record /home/drone1/ros2_ws/build/arm/install.log --single-version-externally-managed install_data
