[0.990s] DEBUG:colcon:Command line arguments: ['/usr/bin/colcon', 'build']
[0.991s] DEBUG:colcon:Parsed command line arguments: Namespace(log_base=None, log_level=None, verb_name='build', build_base='build', install_base='install', merge_install=False, symlink_install=False, test_result_base=None, continue_on_error=False, executor='parallel', parallel_workers=4, event_handlers=None, ignore_user_meta=False, metas=['./colcon.meta'], base_paths=['.'], packages_ignore=None, packages_ignore_regex=None, paths=None, packages_up_to=None, packages_up_to_regex=None, packages_above=None, packages_above_and_dependencies=None, packages_above_depth=None, packages_select_by_dep=None, packages_skip_by_dep=None, packages_skip_up_to=None, packages_select_build_failed=False, packages_skip_build_finished=False, packages_select_test_failures=False, packages_skip_test_passed=False, packages_select=None, packages_skip=None, packages_select_regex=None, packages_skip_regex=None, packages_start=None, packages_end=None, allow_overriding=[], cmake_args=None, cmake_target=None, cmake_target_skip_unavailable=False, cmake_clean_cache=False, cmake_clean_first=False, cmake_force_configure=False, ament_cmake_args=None, catkin_cmake_args=None, catkin_skip_building_tests=False, mixin_files=None, mixin=None, verb_parser=<colcon_mixin.mixin.mixin_argument.MixinArgumentDecorator object at 0xffff93e0d000>, verb_extension=<colcon_core.verb.build.BuildVerb object at 0xffff93f3de70>, main=<bound method BuildVerb.main of <colcon_core.verb.build.BuildVerb object at 0xffff93f3de70>>, mixin_verb=('build',))
[1.274s] Level 1:colcon.colcon_core.package_discovery:discover_packages(colcon_meta) check parameters
[1.275s] Level 1:colcon.colcon_core.package_discovery:discover_packages(recursive) check parameters
[1.275s] Level 1:colcon.colcon_core.package_discovery:discover_packages(ignore) check parameters
[1.275s] Level 1:colcon.colcon_core.package_discovery:discover_packages(path) check parameters
[1.275s] Level 1:colcon.colcon_core.package_discovery:discover_packages(colcon_meta) discover
[1.276s] Level 1:colcon.colcon_core.package_discovery:discover_packages(recursive) discover
[1.276s] INFO:colcon.colcon_core.package_discovery:Crawling recursively for packages in '/home/drone1/ros2_ws'
[1.276s] Level 1:colcon.colcon_core.package_identification:_identify(.) by extensions ['ignore', 'ignore_ament_install']
[1.277s] Level 1:colcon.colcon_core.package_identification:_identify(.) by extension 'ignore'
[1.277s] Level 1:colcon.colcon_core.package_identification:_identify(.) by extension 'ignore_ament_install'
[1.277s] Level 1:colcon.colcon_core.package_identification:_identify(.) by extensions ['colcon_pkg']
[1.278s] Level 1:colcon.colcon_core.package_identification:_identify(.) by extension 'colcon_pkg'
[1.278s] Level 1:colcon.colcon_core.package_identification:_identify(.) by extensions ['colcon_meta']
[1.278s] Level 1:colcon.colcon_core.package_identification:_identify(.) by extension 'colcon_meta'
[1.278s] Level 1:colcon.colcon_core.package_identification:_identify(.) by extensions ['ros']
[1.278s] Level 1:colcon.colcon_core.package_identification:_identify(.) by extension 'ros'
[1.360s] Level 1:colcon.colcon_core.package_identification:_identify(.) by extensions ['cmake', 'python']
[1.361s] Level 1:colcon.colcon_core.package_identification:_identify(.) by extension 'cmake'
[1.361s] Level 1:colcon.colcon_core.package_identification:_identify(.) by extension 'python'
[1.361s] Level 1:colcon.colcon_core.package_identification:_identify(.) by extensions ['python_setup_py']
[1.361s] Level 1:colcon.colcon_core.package_identification:_identify(.) by extension 'python_setup_py'
[1.362s] Level 1:colcon.colcon_core.package_identification:_identify(build) by extensions ['ignore', 'ignore_ament_install']
[1.362s] Level 1:colcon.colcon_core.package_identification:_identify(build) by extension 'ignore'
[1.363s] Level 1:colcon.colcon_core.package_identification:_identify(build) ignored
[1.363s] Level 1:colcon.colcon_core.package_identification:_identify(install) by extensions ['ignore', 'ignore_ament_install']
[1.364s] Level 1:colcon.colcon_core.package_identification:_identify(install) by extension 'ignore'
[1.364s] Level 1:colcon.colcon_core.package_identification:_identify(install) ignored
[1.365s] Level 1:colcon.colcon_core.package_identification:_identify(log) by extensions ['ignore', 'ignore_ament_install']
[1.365s] Level 1:colcon.colcon_core.package_identification:_identify(log) by extension 'ignore'
[1.365s] Level 1:colcon.colcon_core.package_identification:_identify(log) ignored
[1.366s] Level 1:colcon.colcon_core.package_identification:_identify(src) by extensions ['ignore', 'ignore_ament_install']
[1.366s] Level 1:colcon.colcon_core.package_identification:_identify(src) by extension 'ignore'
[1.366s] Level 1:colcon.colcon_core.package_identification:_identify(src) by extension 'ignore_ament_install'
[1.367s] Level 1:colcon.colcon_core.package_identification:_identify(src) by extensions ['colcon_pkg']
[1.367s] Level 1:colcon.colcon_core.package_identification:_identify(src) by extension 'colcon_pkg'
[1.367s] Level 1:colcon.colcon_core.package_identification:_identify(src) by extensions ['colcon_meta']
[1.367s] Level 1:colcon.colcon_core.package_identification:_identify(src) by extension 'colcon_meta'
[1.367s] Level 1:colcon.colcon_core.package_identification:_identify(src) by extensions ['ros']
[1.367s] Level 1:colcon.colcon_core.package_identification:_identify(src) by extension 'ros'
[1.368s] Level 1:colcon.colcon_core.package_identification:_identify(src) by extensions ['cmake', 'python']
[1.368s] Level 1:colcon.colcon_core.package_identification:_identify(src) by extension 'cmake'
[1.368s] Level 1:colcon.colcon_core.package_identification:_identify(src) by extension 'python'
[1.368s] Level 1:colcon.colcon_core.package_identification:_identify(src) by extensions ['python_setup_py']
[1.368s] Level 1:colcon.colcon_core.package_identification:_identify(src) by extension 'python_setup_py'
[1.369s] Level 1:colcon.colcon_core.package_identification:_identify(src/arm) by extensions ['ignore', 'ignore_ament_install']
[1.369s] Level 1:colcon.colcon_core.package_identification:_identify(src/arm) by extension 'ignore'
[1.369s] Level 1:colcon.colcon_core.package_identification:_identify(src/arm) by extension 'ignore_ament_install'
[1.370s] Level 1:colcon.colcon_core.package_identification:_identify(src/arm) by extensions ['colcon_pkg']
[1.370s] Level 1:colcon.colcon_core.package_identification:_identify(src/arm) by extension 'colcon_pkg'
[1.370s] Level 1:colcon.colcon_core.package_identification:_identify(src/arm) by extensions ['colcon_meta']
[1.370s] Level 1:colcon.colcon_core.package_identification:_identify(src/arm) by extension 'colcon_meta'
[1.371s] Level 1:colcon.colcon_core.package_identification:_identify(src/arm) by extensions ['ros']
[1.371s] Level 1:colcon.colcon_core.package_identification:_identify(src/arm) by extension 'ros'
[1.383s] DEBUG:colcon.colcon_core.package_identification:Package 'src/arm' with type 'ros.ament_python' and name 'arm'
[1.384s] Level 1:colcon.colcon_core.package_identification:_identify(src/uwb_new) by extensions ['ignore', 'ignore_ament_install']
[1.384s] Level 1:colcon.colcon_core.package_identification:_identify(src/uwb_new) by extension 'ignore'
[1.385s] Level 1:colcon.colcon_core.package_identification:_identify(src/uwb_new) by extension 'ignore_ament_install'
[1.385s] Level 1:colcon.colcon_core.package_identification:_identify(src/uwb_new) by extensions ['colcon_pkg']
[1.385s] Level 1:colcon.colcon_core.package_identification:_identify(src/uwb_new) by extension 'colcon_pkg'
[1.385s] Level 1:colcon.colcon_core.package_identification:_identify(src/uwb_new) by extensions ['colcon_meta']
[1.386s] Level 1:colcon.colcon_core.package_identification:_identify(src/uwb_new) by extension 'colcon_meta'
[1.386s] Level 1:colcon.colcon_core.package_identification:_identify(src/uwb_new) by extensions ['ros']
[1.386s] Level 1:colcon.colcon_core.package_identification:_identify(src/uwb_new) by extension 'ros'
[1.389s] DEBUG:colcon.colcon_core.package_identification:Package 'src/uwb_new' with type 'ros.catkin' and name 'uwb_new'
[1.390s] Level 1:colcon.colcon_core.package_identification:_identify(uwb) by extensions ['ignore', 'ignore_ament_install']
[1.391s] Level 1:colcon.colcon_core.package_identification:_identify(uwb) by extension 'ignore'
[1.391s] Level 1:colcon.colcon_core.package_identification:_identify(uwb) by extension 'ignore_ament_install'
[1.391s] Level 1:colcon.colcon_core.package_identification:_identify(uwb) by extensions ['colcon_pkg']
[1.391s] Level 1:colcon.colcon_core.package_identification:_identify(uwb) by extension 'colcon_pkg'
[1.392s] Level 1:colcon.colcon_core.package_identification:_identify(uwb) by extensions ['colcon_meta']
[1.392s] Level 1:colcon.colcon_core.package_identification:_identify(uwb) by extension 'colcon_meta'
[1.392s] Level 1:colcon.colcon_core.package_identification:_identify(uwb) by extensions ['ros']
[1.392s] Level 1:colcon.colcon_core.package_identification:_identify(uwb) by extension 'ros'
[1.395s] DEBUG:colcon.colcon_core.package_identification:Package 'uwb' with type 'ros.catkin' and name 'uwb'
[1.396s] Level 1:colcon.colcon_core.package_identification:_identify(uwb_new_package) by extensions ['ignore', 'ignore_ament_install']
[1.396s] Level 1:colcon.colcon_core.package_identification:_identify(uwb_new_package) by extension 'ignore'
[1.397s] Level 1:colcon.colcon_core.package_identification:_identify(uwb_new_package) by extension 'ignore_ament_install'
[1.397s] Level 1:colcon.colcon_core.package_identification:_identify(uwb_new_package) by extensions ['colcon_pkg']
[1.397s] Level 1:colcon.colcon_core.package_identification:_identify(uwb_new_package) by extension 'colcon_pkg'
[1.397s] Level 1:colcon.colcon_core.package_identification:_identify(uwb_new_package) by extensions ['colcon_meta']
[1.398s] Level 1:colcon.colcon_core.package_identification:_identify(uwb_new_package) by extension 'colcon_meta'
[1.398s] Level 1:colcon.colcon_core.package_identification:_identify(uwb_new_package) by extensions ['ros']
[1.398s] Level 1:colcon.colcon_core.package_identification:_identify(uwb_new_package) by extension 'ros'
[1.401s] DEBUG:colcon.colcon_core.package_identification:Package 'uwb_new_package' with type 'ros.catkin' and name 'uwb_new_package'
[1.402s] Level 1:colcon.colcon_core.package_discovery:discover_packages(recursive) using defaults
[1.402s] Level 1:colcon.colcon_core.package_discovery:discover_packages(ignore) discover
[1.403s] Level 1:colcon.colcon_core.package_discovery:discover_packages(ignore) using defaults
[1.403s] Level 1:colcon.colcon_core.package_discovery:discover_packages(path) discover
[1.403s] Level 1:colcon.colcon_core.package_discovery:discover_packages(path) using defaults
[1.539s] Level 1:colcon.colcon_core.package_discovery:discover_packages(prefix_path) check parameters
[1.539s] Level 1:colcon.colcon_core.package_discovery:discover_packages(prefix_path) discover
[1.555s] DEBUG:colcon.colcon_installed_package_information.package_discovery:Found 4 installed packages in /home/drone1/ros2_ws/install
[1.563s] DEBUG:colcon.colcon_installed_package_information.package_discovery:Found 191 installed packages in /opt/ros/humble
[1.569s] Level 1:colcon.colcon_core.package_discovery:discover_packages(prefix_path) using defaults
[1.713s] Level 5:colcon.colcon_core.verb:set package 'arm' build argument 'cmake_args' from command line to 'None'
[1.713s] Level 5:colcon.colcon_core.verb:set package 'arm' build argument 'cmake_target' from command line to 'None'
[1.713s] Level 5:colcon.colcon_core.verb:set package 'arm' build argument 'cmake_target_skip_unavailable' from command line to 'False'
[1.713s] Level 5:colcon.colcon_core.verb:set package 'arm' build argument 'cmake_clean_cache' from command line to 'False'
[1.713s] Level 5:colcon.colcon_core.verb:set package 'arm' build argument 'cmake_clean_first' from command line to 'False'
[1.714s] Level 5:colcon.colcon_core.verb:set package 'arm' build argument 'cmake_force_configure' from command line to 'False'
[1.714s] Level 5:colcon.colcon_core.verb:set package 'arm' build argument 'ament_cmake_args' from command line to 'None'
[1.714s] Level 5:colcon.colcon_core.verb:set package 'arm' build argument 'catkin_cmake_args' from command line to 'None'
[1.714s] Level 5:colcon.colcon_core.verb:set package 'arm' build argument 'catkin_skip_building_tests' from command line to 'False'
[1.714s] DEBUG:colcon.colcon_core.verb:Building package 'arm' with the following arguments: {'ament_cmake_args': None, 'build_base': '/home/drone1/ros2_ws/build/arm', 'catkin_cmake_args': None, 'catkin_skip_building_tests': False, 'cmake_args': None, 'cmake_clean_cache': False, 'cmake_clean_first': False, 'cmake_force_configure': False, 'cmake_target': None, 'cmake_target_skip_unavailable': False, 'install_base': '/home/drone1/ros2_ws/install/arm', 'merge_install': False, 'path': '/home/drone1/ros2_ws/src/arm', 'symlink_install': False, 'test_result_base': None}
[1.716s] Level 5:colcon.colcon_core.verb:set package 'uwb' build argument 'cmake_args' from command line to 'None'
[1.716s] Level 5:colcon.colcon_core.verb:set package 'uwb' build argument 'cmake_target' from command line to 'None'
[1.716s] Level 5:colcon.colcon_core.verb:set package 'uwb' build argument 'cmake_target_skip_unavailable' from command line to 'False'
[1.716s] Level 5:colcon.colcon_core.verb:set package 'uwb' build argument 'cmake_clean_cache' from command line to 'False'
[1.716s] Level 5:colcon.colcon_core.verb:set package 'uwb' build argument 'cmake_clean_first' from command line to 'False'
[1.717s] Level 5:colcon.colcon_core.verb:set package 'uwb' build argument 'cmake_force_configure' from command line to 'False'
[1.717s] Level 5:colcon.colcon_core.verb:set package 'uwb' build argument 'ament_cmake_args' from command line to 'None'
[1.717s] Level 5:colcon.colcon_core.verb:set package 'uwb' build argument 'catkin_cmake_args' from command line to 'None'
[1.717s] Level 5:colcon.colcon_core.verb:set package 'uwb' build argument 'catkin_skip_building_tests' from command line to 'False'
[1.717s] DEBUG:colcon.colcon_core.verb:Building package 'uwb' with the following arguments: {'ament_cmake_args': None, 'build_base': '/home/drone1/ros2_ws/build/uwb', 'catkin_cmake_args': None, 'catkin_skip_building_tests': False, 'cmake_args': None, 'cmake_clean_cache': False, 'cmake_clean_first': False, 'cmake_force_configure': False, 'cmake_target': None, 'cmake_target_skip_unavailable': False, 'install_base': '/home/drone1/ros2_ws/install/uwb', 'merge_install': False, 'path': '/home/drone1/ros2_ws/uwb', 'symlink_install': False, 'test_result_base': None}
[1.719s] Level 5:colcon.colcon_core.verb:set package 'uwb_new' build argument 'cmake_args' from command line to 'None'
[1.719s] Level 5:colcon.colcon_core.verb:set package 'uwb_new' build argument 'cmake_target' from command line to 'None'
[1.719s] Level 5:colcon.colcon_core.verb:set package 'uwb_new' build argument 'cmake_target_skip_unavailable' from command line to 'False'
[1.719s] Level 5:colcon.colcon_core.verb:set package 'uwb_new' build argument 'cmake_clean_cache' from command line to 'False'
[1.719s] Level 5:colcon.colcon_core.verb:set package 'uwb_new' build argument 'cmake_clean_first' from command line to 'False'
[1.719s] Level 5:colcon.colcon_core.verb:set package 'uwb_new' build argument 'cmake_force_configure' from command line to 'False'
[1.719s] Level 5:colcon.colcon_core.verb:set package 'uwb_new' build argument 'ament_cmake_args' from command line to 'None'
[1.720s] Level 5:colcon.colcon_core.verb:set package 'uwb_new' build argument 'catkin_cmake_args' from command line to 'None'
[1.720s] Level 5:colcon.colcon_core.verb:set package 'uwb_new' build argument 'catkin_skip_building_tests' from command line to 'False'
[1.720s] DEBUG:colcon.colcon_core.verb:Building package 'uwb_new' with the following arguments: {'ament_cmake_args': None, 'build_base': '/home/drone1/ros2_ws/build/uwb_new', 'catkin_cmake_args': None, 'catkin_skip_building_tests': False, 'cmake_args': None, 'cmake_clean_cache': False, 'cmake_clean_first': False, 'cmake_force_configure': False, 'cmake_target': None, 'cmake_target_skip_unavailable': False, 'install_base': '/home/drone1/ros2_ws/install/uwb_new', 'merge_install': False, 'path': '/home/drone1/ros2_ws/src/uwb_new', 'symlink_install': False, 'test_result_base': None}
[1.721s] Level 5:colcon.colcon_core.verb:set package 'uwb_new_package' build argument 'cmake_args' from command line to 'None'
[1.722s] Level 5:colcon.colcon_core.verb:set package 'uwb_new_package' build argument 'cmake_target' from command line to 'None'
[1.722s] Level 5:colcon.colcon_core.verb:set package 'uwb_new_package' build argument 'cmake_target_skip_unavailable' from command line to 'False'
[1.722s] Level 5:colcon.colcon_core.verb:set package 'uwb_new_package' build argument 'cmake_clean_cache' from command line to 'False'
[1.722s] Level 5:colcon.colcon_core.verb:set package 'uwb_new_package' build argument 'cmake_clean_first' from command line to 'False'
[1.722s] Level 5:colcon.colcon_core.verb:set package 'uwb_new_package' build argument 'cmake_force_configure' from command line to 'False'
[1.722s] Level 5:colcon.colcon_core.verb:set package 'uwb_new_package' build argument 'ament_cmake_args' from command line to 'None'
[1.722s] Level 5:colcon.colcon_core.verb:set package 'uwb_new_package' build argument 'catkin_cmake_args' from command line to 'None'
[1.722s] Level 5:colcon.colcon_core.verb:set package 'uwb_new_package' build argument 'catkin_skip_building_tests' from command line to 'False'
[1.723s] DEBUG:colcon.colcon_core.verb:Building package 'uwb_new_package' with the following arguments: {'ament_cmake_args': None, 'build_base': '/home/drone1/ros2_ws/build/uwb_new_package', 'catkin_cmake_args': None, 'catkin_skip_building_tests': False, 'cmake_args': None, 'cmake_clean_cache': False, 'cmake_clean_first': False, 'cmake_force_configure': False, 'cmake_target': None, 'cmake_target_skip_unavailable': False, 'install_base': '/home/drone1/ros2_ws/install/uwb_new_package', 'merge_install': False, 'path': '/home/drone1/ros2_ws/uwb_new_package', 'symlink_install': False, 'test_result_base': None}
[1.723s] INFO:colcon.colcon_core.executor:Executing jobs using 'parallel' executor
[1.727s] DEBUG:colcon.colcon_parallel_executor.executor.parallel:run_until_complete
[1.728s] INFO:colcon.colcon_ros.task.ament_python.build:Building ROS package in '/home/drone1/ros2_ws/src/arm' with build type 'ament_python'
[1.729s] Level 1:colcon.colcon_core.shell:create_environment_hook('arm', 'ament_prefix_path')
[1.750s] INFO:colcon.colcon_core.plugin_system:Skipping extension 'colcon_core.shell.bat': Not used on non-Windows systems
[1.751s] INFO:colcon.colcon_core.shell:Creating environment hook '/home/drone1/ros2_ws/install/arm/share/arm/hook/ament_prefix_path.ps1'
[1.757s] INFO:colcon.colcon_core.shell:Creating environment descriptor '/home/drone1/ros2_ws/install/arm/share/arm/hook/ament_prefix_path.dsv'
[1.761s] INFO:colcon.colcon_core.shell:Creating environment hook '/home/drone1/ros2_ws/install/arm/share/arm/hook/ament_prefix_path.sh'
[1.767s] INFO:colcon.colcon_core.shell:Skip shell extension 'powershell' for command environment: Not usable outside of PowerShell
[1.767s] DEBUG:colcon.colcon_core.shell:Skip shell extension 'dsv' for command environment
[1.788s] INFO:colcon.colcon_ros.task.catkin.build:Building ROS package in '/home/drone1/ros2_ws/uwb' with build type 'catkin'
[1.788s] INFO:colcon.colcon_cmake.task.cmake.build:Building CMake package in '/home/drone1/ros2_ws/uwb'
[1.790s] INFO:colcon.colcon_core.shell:Skip shell extension 'powershell' for command environment: Not usable outside of PowerShell
[1.790s] DEBUG:colcon.colcon_core.shell:Skip shell extension 'dsv' for command environment
[1.813s] INFO:colcon.colcon_ros.task.catkin.build:Building ROS package in '/home/drone1/ros2_ws/src/uwb_new' with build type 'catkin'
[1.813s] INFO:colcon.colcon_cmake.task.cmake.build:Building CMake package in '/home/drone1/ros2_ws/src/uwb_new'
[1.815s] INFO:colcon.colcon_core.shell:Skip shell extension 'powershell' for command environment: Not usable outside of PowerShell
[1.816s] DEBUG:colcon.colcon_core.shell:Skip shell extension 'dsv' for command environment
[1.838s] INFO:colcon.colcon_ros.task.catkin.build:Building ROS package in '/home/drone1/ros2_ws/uwb_new_package' with build type 'catkin'
[1.839s] INFO:colcon.colcon_cmake.task.cmake.build:Building CMake package in '/home/drone1/ros2_ws/uwb_new_package'
[1.840s] INFO:colcon.colcon_core.shell:Skip shell extension 'powershell' for command environment: Not usable outside of PowerShell
[1.841s] DEBUG:colcon.colcon_core.shell:Skip shell extension 'dsv' for command environment
[2.959s] INFO:colcon.colcon_core.task.python.build:Building Python package in '/home/drone1/ros2_ws/src/arm'
[2.960s] INFO:colcon.colcon_core.shell:Skip shell extension 'powershell' for command environment: Not usable outside of PowerShell
[2.960s] DEBUG:colcon.colcon_core.shell:Skip shell extension 'dsv' for command environment
[2.997s] DEBUG:colcon.colcon_core.event_handler.log_command:Invoking command in '/home/drone1/ros2_ws/build/uwb': /usr/bin/cmake --build /home/drone1/ros2_ws/build/uwb -- -j4 -l4
[3.029s] DEBUG:colcon.colcon_core.event_handler.log_command:Invoking command in '/home/drone1/ros2_ws/build/uwb_new': /usr/bin/cmake --build /home/drone1/ros2_ws/build/uwb_new -- -j4 -l4
[3.075s] DEBUG:colcon.colcon_core.event_handler.log_command:Invoking command in '/home/drone1/ros2_ws/build/uwb_new_package': /usr/bin/cmake --build /home/drone1/ros2_ws/build/uwb_new_package -- -j4 -l4
[3.645s] DEBUG:colcon.colcon_core.event_handler.log_command:Invoked command in '/home/drone1/ros2_ws/build/uwb_new' returned '0': /usr/bin/cmake --build /home/drone1/ros2_ws/build/uwb_new -- -j4 -l4
[3.650s] DEBUG:colcon.colcon_core.event_handler.log_command:Invoked command in '/home/drone1/ros2_ws/build/uwb_new_package' returned '0': /usr/bin/cmake --build /home/drone1/ros2_ws/build/uwb_new_package -- -j4 -l4
[3.663s] DEBUG:colcon.colcon_core.event_handler.log_command:Invoked command in '/home/drone1/ros2_ws/build/uwb' returned '0': /usr/bin/cmake --build /home/drone1/ros2_ws/build/uwb -- -j4 -l4
[4.186s] DEBUG:colcon.colcon_core.event_handler.log_command:Invoking command in '/home/drone1/ros2_ws/build/uwb': /usr/bin/cmake --install /home/drone1/ros2_ws/build/uwb
[4.260s] DEBUG:colcon.colcon_core.event_handler.log_command:Invoked command in '/home/drone1/ros2_ws/build/uwb' returned '0': /usr/bin/cmake --install /home/drone1/ros2_ws/build/uwb
[4.271s] DEBUG:colcon.colcon_core.event_handler.log_command:Invoking command in '/home/drone1/ros2_ws/build/uwb_new': /usr/bin/cmake --install /home/drone1/ros2_ws/build/uwb_new
[4.318s] DEBUG:colcon.colcon_core.event_handler.log_command:Invoking command in '/home/drone1/ros2_ws/build/uwb_new_package': /usr/bin/cmake --install /home/drone1/ros2_ws/build/uwb_new_package
[4.369s] DEBUG:colcon.colcon_core.event_handler.log_command:Invoked command in '/home/drone1/ros2_ws/build/uwb_new' returned '0': /usr/bin/cmake --install /home/drone1/ros2_ws/build/uwb_new
[4.444s] DEBUG:colcon.colcon_core.event_handler.log_command:Invoked command in '/home/drone1/ros2_ws/build/uwb_new_package' returned '0': /usr/bin/cmake --install /home/drone1/ros2_ws/build/uwb_new_package
[4.497s] Level 1:colcon.colcon_core.shell:create_environment_hook('uwb', 'ros_package_path')
[4.498s] INFO:colcon.colcon_core.shell:Creating environment hook '/home/drone1/ros2_ws/install/uwb/share/uwb/hook/ros_package_path.ps1'
[4.502s] INFO:colcon.colcon_core.shell:Creating environment descriptor '/home/drone1/ros2_ws/install/uwb/share/uwb/hook/ros_package_path.dsv'
[4.504s] INFO:colcon.colcon_core.shell:Creating environment hook '/home/drone1/ros2_ws/install/uwb/share/uwb/hook/ros_package_path.sh'
[4.508s] Level 1:colcon.colcon_core.shell:create_environment_hook('uwb', 'pkg_config_path')
[4.510s] INFO:colcon.colcon_core.shell:Creating environment hook '/home/drone1/ros2_ws/install/uwb/share/uwb/hook/pkg_config_path.ps1'
[4.513s] INFO:colcon.colcon_core.shell:Creating environment descriptor '/home/drone1/ros2_ws/install/uwb/share/uwb/hook/pkg_config_path.dsv'
[4.518s] INFO:colcon.colcon_core.shell:Creating environment hook '/home/drone1/ros2_ws/install/uwb/share/uwb/hook/pkg_config_path.sh'
[4.576s] Level 1:colcon.colcon_core.shell:create_environment_hook('uwb', 'pkg_config_path_multiarch')
[4.577s] INFO:colcon.colcon_core.shell:Creating environment hook '/home/drone1/ros2_ws/install/uwb/share/uwb/hook/pkg_config_path_multiarch.ps1'
[4.590s] INFO:colcon.colcon_core.shell:Creating environment descriptor '/home/drone1/ros2_ws/install/uwb/share/uwb/hook/pkg_config_path_multiarch.dsv'
[4.592s] INFO:colcon.colcon_core.shell:Creating environment hook '/home/drone1/ros2_ws/install/uwb/share/uwb/hook/pkg_config_path_multiarch.sh'
[4.602s] Level 1:colcon.colcon_core.environment:create_environment_scripts_only(uwb)
[4.631s] Level 1:colcon.colcon_core.environment:checking '/home/drone1/ros2_ws/install/uwb' for CMake module files
[4.634s] Level 1:colcon.colcon_core.environment:checking '/home/drone1/ros2_ws/install/uwb' for CMake config files
[4.638s] Level 1:colcon.colcon_core.shell:create_environment_hook('uwb', 'cmake_prefix_path')
[4.639s] INFO:colcon.colcon_core.shell:Creating environment hook '/home/drone1/ros2_ws/install/uwb/share/uwb/hook/cmake_prefix_path.ps1'
[4.642s] INFO:colcon.colcon_core.shell:Creating environment descriptor '/home/drone1/ros2_ws/install/uwb/share/uwb/hook/cmake_prefix_path.dsv'
[4.645s] INFO:colcon.colcon_core.shell:Creating environment hook '/home/drone1/ros2_ws/install/uwb/share/uwb/hook/cmake_prefix_path.sh'
[4.650s] Level 1:colcon.colcon_core.environment:checking '/home/drone1/ros2_ws/install/uwb/lib'
[4.651s] Level 1:colcon.colcon_core.environment:checking '/home/drone1/ros2_ws/install/uwb/bin'
[4.651s] Level 1:colcon.colcon_core.environment:checking '/home/drone1/ros2_ws/install/uwb/lib/pkgconfig/uwb.pc'
[4.653s] Level 1:colcon.colcon_core.environment:checking '/home/drone1/ros2_ws/install/uwb/lib/python3.10/site-packages'
[4.655s] Level 1:colcon.colcon_core.environment:checking '/home/drone1/ros2_ws/install/uwb/bin'
[4.657s] INFO:colcon.colcon_core.shell:Creating package script '/home/drone1/ros2_ws/install/uwb/share/uwb/package.ps1'
[4.663s] INFO:colcon.colcon_core.shell:Creating package descriptor '/home/drone1/ros2_ws/install/uwb/share/uwb/package.dsv'
[4.669s] INFO:colcon.colcon_core.shell:Creating package script '/home/drone1/ros2_ws/install/uwb/share/uwb/package.sh'
[4.674s] INFO:colcon.colcon_core.shell:Creating package script '/home/drone1/ros2_ws/install/uwb/share/uwb/package.bash'
[4.680s] INFO:colcon.colcon_core.shell:Creating package script '/home/drone1/ros2_ws/install/uwb/share/uwb/package.zsh'
[4.686s] Level 1:colcon.colcon_core.environment:create_file_with_runtime_dependencies(/home/drone1/ros2_ws/install/uwb/share/colcon-core/packages/uwb)
[4.693s] Level 1:colcon.colcon_core.shell:create_environment_hook('uwb_new', 'ros_package_path')
[4.695s] INFO:colcon.colcon_core.shell:Creating environment hook '/home/drone1/ros2_ws/install/uwb_new/share/uwb_new/hook/ros_package_path.ps1'
[4.702s] INFO:colcon.colcon_core.shell:Creating environment descriptor '/home/drone1/ros2_ws/install/uwb_new/share/uwb_new/hook/ros_package_path.dsv'
[4.704s] INFO:colcon.colcon_core.shell:Creating environment hook '/home/drone1/ros2_ws/install/uwb_new/share/uwb_new/hook/ros_package_path.sh'
[4.708s] Level 1:colcon.colcon_core.shell:create_environment_hook('uwb_new', 'pkg_config_path')
[4.710s] INFO:colcon.colcon_core.shell:Creating environment hook '/home/drone1/ros2_ws/install/uwb_new/share/uwb_new/hook/pkg_config_path.ps1'
[4.712s] INFO:colcon.colcon_core.shell:Creating environment descriptor '/home/drone1/ros2_ws/install/uwb_new/share/uwb_new/hook/pkg_config_path.dsv'
[4.716s] INFO:colcon.colcon_core.shell:Creating environment hook '/home/drone1/ros2_ws/install/uwb_new/share/uwb_new/hook/pkg_config_path.sh'
[4.719s] Level 1:colcon.colcon_core.shell:create_environment_hook('uwb_new', 'pkg_config_path_multiarch')
[4.721s] INFO:colcon.colcon_core.shell:Creating environment hook '/home/drone1/ros2_ws/install/uwb_new/share/uwb_new/hook/pkg_config_path_multiarch.ps1'
[4.724s] INFO:colcon.colcon_core.shell:Creating environment descriptor '/home/drone1/ros2_ws/install/uwb_new/share/uwb_new/hook/pkg_config_path_multiarch.dsv'
[4.727s] INFO:colcon.colcon_core.shell:Creating environment hook '/home/drone1/ros2_ws/install/uwb_new/share/uwb_new/hook/pkg_config_path_multiarch.sh'
[4.732s] Level 1:colcon.colcon_core.environment:create_environment_scripts_only(uwb_new)
[4.733s] Level 1:colcon.colcon_core.environment:checking '/home/drone1/ros2_ws/install/uwb_new' for CMake module files
[4.737s] Level 1:colcon.colcon_core.environment:checking '/home/drone1/ros2_ws/install/uwb_new' for CMake config files
[4.740s] Level 1:colcon.colcon_core.shell:create_environment_hook('uwb_new', 'cmake_prefix_path')
[4.741s] INFO:colcon.colcon_core.shell:Creating environment hook '/home/drone1/ros2_ws/install/uwb_new/share/uwb_new/hook/cmake_prefix_path.ps1'
[4.744s] INFO:colcon.colcon_core.shell:Creating environment descriptor '/home/drone1/ros2_ws/install/uwb_new/share/uwb_new/hook/cmake_prefix_path.dsv'
[4.747s] INFO:colcon.colcon_core.shell:Creating environment hook '/home/drone1/ros2_ws/install/uwb_new/share/uwb_new/hook/cmake_prefix_path.sh'
[4.751s] Level 1:colcon.colcon_core.environment:checking '/home/drone1/ros2_ws/install/uwb_new/lib'
[4.751s] Level 1:colcon.colcon_core.environment:checking '/home/drone1/ros2_ws/install/uwb_new/bin'
[4.752s] Level 1:colcon.colcon_core.environment:checking '/home/drone1/ros2_ws/install/uwb_new/lib/pkgconfig/uwb_new.pc'
[4.754s] Level 1:colcon.colcon_core.environment:checking '/home/drone1/ros2_ws/install/uwb_new/lib/python3.10/site-packages'
[4.756s] Level 1:colcon.colcon_core.environment:checking '/home/drone1/ros2_ws/install/uwb_new/bin'
[4.759s] INFO:colcon.colcon_core.shell:Creating package script '/home/drone1/ros2_ws/install/uwb_new/share/uwb_new/package.ps1'
[4.762s] INFO:colcon.colcon_core.shell:Creating package descriptor '/home/drone1/ros2_ws/install/uwb_new/share/uwb_new/package.dsv'
[4.766s] INFO:colcon.colcon_core.shell:Creating package script '/home/drone1/ros2_ws/install/uwb_new/share/uwb_new/package.sh'
[4.770s] INFO:colcon.colcon_core.shell:Creating package script '/home/drone1/ros2_ws/install/uwb_new/share/uwb_new/package.bash'
[4.773s] INFO:colcon.colcon_core.shell:Creating package script '/home/drone1/ros2_ws/install/uwb_new/share/uwb_new/package.zsh'
[4.775s] Level 1:colcon.colcon_core.environment:create_file_with_runtime_dependencies(/home/drone1/ros2_ws/install/uwb_new/share/colcon-core/packages/uwb_new)
[4.782s] Level 1:colcon.colcon_core.shell:create_environment_hook('uwb_new_package', 'ros_package_path')
[4.783s] INFO:colcon.colcon_core.shell:Creating environment hook '/home/drone1/ros2_ws/install/uwb_new_package/share/uwb_new_package/hook/ros_package_path.ps1'
[4.787s] INFO:colcon.colcon_core.shell:Creating environment descriptor '/home/drone1/ros2_ws/install/uwb_new_package/share/uwb_new_package/hook/ros_package_path.dsv'
[4.790s] INFO:colcon.colcon_core.shell:Creating environment hook '/home/drone1/ros2_ws/install/uwb_new_package/share/uwb_new_package/hook/ros_package_path.sh'
[4.795s] Level 1:colcon.colcon_core.shell:create_environment_hook('uwb_new_package', 'pkg_config_path')
[4.797s] INFO:colcon.colcon_core.shell:Creating environment hook '/home/drone1/ros2_ws/install/uwb_new_package/share/uwb_new_package/hook/pkg_config_path.ps1'
[4.800s] INFO:colcon.colcon_core.shell:Creating environment descriptor '/home/drone1/ros2_ws/install/uwb_new_package/share/uwb_new_package/hook/pkg_config_path.dsv'
[4.802s] INFO:colcon.colcon_core.shell:Creating environment hook '/home/drone1/ros2_ws/install/uwb_new_package/share/uwb_new_package/hook/pkg_config_path.sh'
[4.805s] Level 1:colcon.colcon_core.shell:create_environment_hook('uwb_new_package', 'pkg_config_path_multiarch')
[4.806s] INFO:colcon.colcon_core.shell:Creating environment hook '/home/drone1/ros2_ws/install/uwb_new_package/share/uwb_new_package/hook/pkg_config_path_multiarch.ps1'
[4.809s] INFO:colcon.colcon_core.shell:Creating environment descriptor '/home/drone1/ros2_ws/install/uwb_new_package/share/uwb_new_package/hook/pkg_config_path_multiarch.dsv'
[4.811s] INFO:colcon.colcon_core.shell:Creating environment hook '/home/drone1/ros2_ws/install/uwb_new_package/share/uwb_new_package/hook/pkg_config_path_multiarch.sh'
[4.815s] Level 1:colcon.colcon_core.environment:create_environment_scripts_only(uwb_new_package)
[4.816s] Level 1:colcon.colcon_core.environment:checking '/home/drone1/ros2_ws/install/uwb_new_package' for CMake module files
[4.820s] Level 1:colcon.colcon_core.environment:checking '/home/drone1/ros2_ws/install/uwb_new_package' for CMake config files
[4.823s] Level 1:colcon.colcon_core.shell:create_environment_hook('uwb_new_package', 'cmake_prefix_path')
[4.825s] INFO:colcon.colcon_core.shell:Creating environment hook '/home/drone1/ros2_ws/install/uwb_new_package/share/uwb_new_package/hook/cmake_prefix_path.ps1'
[4.829s] INFO:colcon.colcon_core.shell:Creating environment descriptor '/home/drone1/ros2_ws/install/uwb_new_package/share/uwb_new_package/hook/cmake_prefix_path.dsv'
[4.832s] INFO:colcon.colcon_core.shell:Creating environment hook '/home/drone1/ros2_ws/install/uwb_new_package/share/uwb_new_package/hook/cmake_prefix_path.sh'
[4.835s] Level 1:colcon.colcon_core.environment:checking '/home/drone1/ros2_ws/install/uwb_new_package/lib'
[4.836s] Level 1:colcon.colcon_core.environment:checking '/home/drone1/ros2_ws/install/uwb_new_package/bin'
[4.836s] Level 1:colcon.colcon_core.environment:checking '/home/drone1/ros2_ws/install/uwb_new_package/lib/pkgconfig/uwb_new_package.pc'
[4.837s] Level 1:colcon.colcon_core.environment:checking '/home/drone1/ros2_ws/install/uwb_new_package/lib/python3.10/site-packages'
[4.839s] Level 1:colcon.colcon_core.environment:checking '/home/drone1/ros2_ws/install/uwb_new_package/bin'
[4.841s] INFO:colcon.colcon_core.shell:Creating package script '/home/drone1/ros2_ws/install/uwb_new_package/share/uwb_new_package/package.ps1'
[4.844s] INFO:colcon.colcon_core.shell:Creating package descriptor '/home/drone1/ros2_ws/install/uwb_new_package/share/uwb_new_package/package.dsv'
[4.847s] INFO:colcon.colcon_core.shell:Creating package script '/home/drone1/ros2_ws/install/uwb_new_package/share/uwb_new_package/package.sh'
[4.850s] INFO:colcon.colcon_core.shell:Creating package script '/home/drone1/ros2_ws/install/uwb_new_package/share/uwb_new_package/package.bash'
[4.853s] INFO:colcon.colcon_core.shell:Creating package script '/home/drone1/ros2_ws/install/uwb_new_package/share/uwb_new_package/package.zsh'
[4.857s] Level 1:colcon.colcon_core.environment:create_file_with_runtime_dependencies(/home/drone1/ros2_ws/install/uwb_new_package/share/colcon-core/packages/uwb_new_package)
[6.876s] DEBUG:colcon.colcon_core.event_handler.log_command:Invoking command in '/home/drone1/ros2_ws/src/arm': PYTHONPATH=/home/drone1/ros2_ws/build/arm/prefix_override:/usr/lib/python3/dist-packages/colcon_core/task/python/colcon_distutils_commands:/home/drone1/ros2_ws/install/arm/lib/python3.10/site-packages:${PYTHONPATH} /usr/bin/python3 -W ignore:setup.py install is deprecated setup.py egg_info --egg-base ../../build/arm build --build-base /home/drone1/ros2_ws/build/arm/build install --record /home/drone1/ros2_ws/build/arm/install.log --single-version-externally-managed install_data
[9.488s] Level 1:colcon.colcon_core.environment:checking '/home/drone1/ros2_ws/install/arm' for CMake module files
[9.491s] DEBUG:colcon.colcon_core.event_handler.log_command:Invoked command in '/home/drone1/ros2_ws/src/arm' returned '0': PYTHONPATH=/home/drone1/ros2_ws/build/arm/prefix_override:/usr/lib/python3/dist-packages/colcon_core/task/python/colcon_distutils_commands:/home/drone1/ros2_ws/install/arm/lib/python3.10/site-packages:${PYTHONPATH} /usr/bin/python3 -W ignore:setup.py install is deprecated setup.py egg_info --egg-base ../../build/arm build --build-base /home/drone1/ros2_ws/build/arm/build install --record /home/drone1/ros2_ws/build/arm/install.log --single-version-externally-managed install_data
[9.494s] Level 1:colcon.colcon_core.environment:checking '/home/drone1/ros2_ws/install/arm' for CMake config files
[9.498s] Level 1:colcon.colcon_core.environment:checking '/home/drone1/ros2_ws/install/arm/lib'
[9.499s] Level 1:colcon.colcon_core.environment:checking '/home/drone1/ros2_ws/install/arm/bin'
[9.499s] Level 1:colcon.colcon_core.environment:checking '/home/drone1/ros2_ws/install/arm/lib/pkgconfig/arm.pc'
[9.500s] Level 1:colcon.colcon_core.environment:checking '/home/drone1/ros2_ws/install/arm/lib/python3.10/site-packages'
[9.501s] Level 1:colcon.colcon_core.shell:create_environment_hook('arm', 'pythonpath')
[9.502s] INFO:colcon.colcon_core.shell:Creating environment hook '/home/drone1/ros2_ws/install/arm/share/arm/hook/pythonpath.ps1'
[9.505s] INFO:colcon.colcon_core.shell:Creating environment descriptor '/home/drone1/ros2_ws/install/arm/share/arm/hook/pythonpath.dsv'
[9.507s] INFO:colcon.colcon_core.shell:Creating environment hook '/home/drone1/ros2_ws/install/arm/share/arm/hook/pythonpath.sh'
[9.510s] Level 1:colcon.colcon_core.environment:checking '/home/drone1/ros2_ws/install/arm/bin'
[9.510s] Level 1:colcon.colcon_core.environment:create_environment_scripts_only(arm)
[9.512s] INFO:colcon.colcon_core.shell:Creating package script '/home/drone1/ros2_ws/install/arm/share/arm/package.ps1'
[9.515s] INFO:colcon.colcon_core.shell:Creating package descriptor '/home/drone1/ros2_ws/install/arm/share/arm/package.dsv'
[9.517s] INFO:colcon.colcon_core.shell:Creating package script '/home/drone1/ros2_ws/install/arm/share/arm/package.sh'
[9.520s] INFO:colcon.colcon_core.shell:Creating package script '/home/drone1/ros2_ws/install/arm/share/arm/package.bash'
[9.522s] INFO:colcon.colcon_core.shell:Creating package script '/home/drone1/ros2_ws/install/arm/share/arm/package.zsh'
[9.525s] Level 1:colcon.colcon_core.environment:create_file_with_runtime_dependencies(/home/drone1/ros2_ws/install/arm/share/colcon-core/packages/arm)
[9.526s] DEBUG:colcon.colcon_parallel_executor.executor.parallel:closing loop
[9.528s] DEBUG:colcon.colcon_parallel_executor.executor.parallel:loop closed
[9.528s] DEBUG:colcon.colcon_parallel_executor.executor.parallel:run_until_complete finished with '0'
[9.529s] DEBUG:colcon.colcon_core.event_reactor:joining thread
[9.562s] INFO:colcon.colcon_core.plugin_system:Skipping extension 'colcon_notification.desktop_notification.terminal_notifier': Not used on non-Darwin systems
[9.563s] INFO:colcon.colcon_core.plugin_system:Skipping extension 'colcon_notification.desktop_notification.win32': Not used on non-Windows systems
[9.563s] INFO:colcon.colcon_notification.desktop_notification:Sending desktop notification using 'notify2'
[9.641s] DEBUG:colcon.colcon_core.event_reactor:joined thread
[9.643s] INFO:colcon.colcon_core.shell:Creating prefix script '/home/drone1/ros2_ws/install/local_setup.ps1'
[9.649s] INFO:colcon.colcon_core.shell:Creating prefix util module '/home/drone1/ros2_ws/install/_local_setup_util_ps1.py'
[9.659s] INFO:colcon.colcon_core.shell:Creating prefix chain script '/home/drone1/ros2_ws/install/setup.ps1'
[9.668s] INFO:colcon.colcon_core.shell:Creating prefix script '/home/drone1/ros2_ws/install/local_setup.sh'
[9.673s] INFO:colcon.colcon_core.shell:Creating prefix util module '/home/drone1/ros2_ws/install/_local_setup_util_sh.py'
[9.677s] INFO:colcon.colcon_core.shell:Creating prefix chain script '/home/drone1/ros2_ws/install/setup.sh'
[9.686s] INFO:colcon.colcon_core.shell:Creating prefix script '/home/drone1/ros2_ws/install/local_setup.bash'
[9.690s] INFO:colcon.colcon_core.shell:Creating prefix chain script '/home/drone1/ros2_ws/install/setup.bash'
[9.698s] INFO:colcon.colcon_core.shell:Creating prefix script '/home/drone1/ros2_ws/install/local_setup.zsh'
[9.703s] INFO:colcon.colcon_core.shell:Creating prefix chain script '/home/drone1/ros2_ws/install/setup.zsh'
