[1.210s] Invoking command in '/home/drone1/ros2_ws/build/uwb': /usr/bin/cmake --build /home/drone1/ros2_ws/build/uwb -- -j4 -l4
[1.273s] gmake: Warning: File 'Makefile' has modification time 236 s in the future
[1.383s] gmake[1]: Warning: File 'CMakeFiles/Makefile2' has modification time 236 s in the future
[1.402s] gmake[2]: Warning: File 'CMakeFiles/uwb_node.dir/progress.make' has modification time 236 s in the future
[1.456s] [35m[1mConsolidate compiler generated dependencies of target uwb_node[0m
[1.521s] gmake[2]: warning:  Clock skew detected.  Your build may be incomplete.
[1.541s] gmake[2]: Warning: File 'CMakeFiles/uwb_node.dir/progress.make' has modification time 236 s in the future
[1.560s] gmake[2]: warning:  Clock skew detected.  Your build may be incomplete.
[1.631s] [100%] Built target uwb_node
[1.635s] gmake[1]: warning:  Clock skew detected.  Your build may be incomplete.
[1.682s] gmake: warning:  Clock skew detected.  Your build may be incomplete.
[1.696s] Invoked command in '/home/drone1/ros2_ws/build/uwb' returned '0': /usr/bin/cmake --build /home/drone1/ros2_ws/build/uwb -- -j4 -l4
[2.287s] Invoking command in '/home/drone1/ros2_ws/build/uwb': /usr/bin/cmake --install /home/drone1/ros2_ws/build/uwb
[2.359s] -- Install configuration: ""
[2.367s] -- Up-to-date: /home/drone1/ros2_ws/install/uwb/lib/uwb/uwb_node
[2.369s] -- Up-to-date: /home/drone1/ros2_ws/install/uwb/include
[2.370s] -- Up-to-date: /home/drone1/ros2_ws/install/uwb/include/uwb_new_package
[2.371s] -- Up-to-date: /home/drone1/ros2_ws/install/uwb/include/uwb
[2.372s] -- Up-to-date: /home/drone1/ros2_ws/install/uwb/share/ament_index/resource_index/package_run_dependencies/uwb
[2.373s] -- Up-to-date: /home/drone1/ros2_ws/install/uwb/share/ament_index/resource_index/parent_prefix_path/uwb
[2.374s] -- Up-to-date: /home/drone1/ros2_ws/install/uwb/share/uwb/environment/ament_prefix_path.sh
[2.375s] -- Up-to-date: /home/drone1/ros2_ws/install/uwb/share/uwb/environment/ament_prefix_path.dsv
[2.376s] -- Up-to-date: /home/drone1/ros2_ws/install/uwb/share/uwb/environment/path.sh
[2.378s] -- Up-to-date: /home/drone1/ros2_ws/install/uwb/share/uwb/environment/path.dsv
[2.382s] -- Up-to-date: /home/drone1/ros2_ws/install/uwb/share/uwb/local_setup.bash
[2.385s] -- Up-to-date: /home/drone1/ros2_ws/install/uwb/share/uwb/local_setup.sh
[2.389s] -- Up-to-date: /home/drone1/ros2_ws/install/uwb/share/uwb/local_setup.zsh
[2.419s] -- Up-to-date: /home/drone1/ros2_ws/install/uwb/share/uwb/local_setup.dsv
[2.422s] -- Installing: /home/drone1/ros2_ws/install/uwb/share/uwb/package.dsv
[2.428s] -- Up-to-date: /home/drone1/ros2_ws/install/uwb/share/ament_index/resource_index/packages/uwb
[2.429s] -- Up-to-date: /home/drone1/ros2_ws/install/uwb/share/uwb/cmake/uwbConfig.cmake
[2.430s] -- Up-to-date: /home/drone1/ros2_ws/install/uwb/share/uwb/cmake/uwbConfig-version.cmake
[2.430s] -- Up-to-date: /home/drone1/ros2_ws/install/uwb/share/uwb/package.xml
[2.494s] Invoked command in '/home/drone1/ros2_ws/build/uwb' returned '0': /usr/bin/cmake --install /home/drone1/ros2_ws/build/uwb
