/home/drone1/ros2_ws/install/arm/lib/python3.10/site-packages/arm/arm_and_spin.py
/home/drone1/ros2_ws/install/arm/lib/python3.10/site-packages/arm/arm_and_spin2.py
/home/drone1/ros2_ws/install/arm/lib/python3.10/site-packages/arm/arm.py
/home/drone1/ros2_ws/install/arm/lib/python3.10/site-packages/arm/fake_uwb.py
/home/drone1/ros2_ws/install/arm/lib/python3.10/site-packages/arm/__init__.py
/home/drone1/ros2_ws/install/arm/lib/python3.10/site-packages/arm/new.py
/home/drone1/ros2_ws/install/arm/lib/python3.10/site-packages/arm/first.py
/home/drone1/ros2_ws/install/arm/lib/python3.10/site-packages/arm/drone.py
/home/drone1/ros2_ws/install/arm/lib/python3.10/site-packages/arm/__pycache__/arm_and_spin.cpython-310.pyc
/home/drone1/ros2_ws/install/arm/lib/python3.10/site-packages/arm/__pycache__/arm_and_spin2.cpython-310.pyc
/home/drone1/ros2_ws/install/arm/lib/python3.10/site-packages/arm/__pycache__/arm.cpython-310.pyc
/home/drone1/ros2_ws/install/arm/lib/python3.10/site-packages/arm/__pycache__/fake_uwb.cpython-310.pyc
/home/drone1/ros2_ws/install/arm/lib/python3.10/site-packages/arm/__pycache__/__init__.cpython-310.pyc
/home/drone1/ros2_ws/install/arm/lib/python3.10/site-packages/arm/__pycache__/new.cpython-310.pyc
/home/drone1/ros2_ws/install/arm/lib/python3.10/site-packages/arm/__pycache__/first.cpython-310.pyc
/home/drone1/ros2_ws/install/arm/lib/python3.10/site-packages/arm/__pycache__/drone.cpython-310.pyc
/home/drone1/ros2_ws/install/arm/share/ament_index/resource_index/packages/arm
/home/drone1/ros2_ws/install/arm/share/arm/package.xml
/home/drone1/ros2_ws/install/arm/lib/python3.10/site-packages/arm-0.0.0-py3.10.egg-info/zip-safe
/home/drone1/ros2_ws/install/arm/lib/python3.10/site-packages/arm-0.0.0-py3.10.egg-info/PKG-INFO
/home/drone1/ros2_ws/install/arm/lib/python3.10/site-packages/arm-0.0.0-py3.10.egg-info/top_level.txt
/home/drone1/ros2_ws/install/arm/lib/python3.10/site-packages/arm-0.0.0-py3.10.egg-info/requires.txt
/home/drone1/ros2_ws/install/arm/lib/python3.10/site-packages/arm-0.0.0-py3.10.egg-info/entry_points.txt
/home/drone1/ros2_ws/install/arm/lib/python3.10/site-packages/arm-0.0.0-py3.10.egg-info/dependency_links.txt
/home/drone1/ros2_ws/install/arm/lib/python3.10/site-packages/arm-0.0.0-py3.10.egg-info/SOURCES.txt
/home/drone1/ros2_ws/install/arm/lib/arm/arm
/home/drone1/ros2_ws/install/arm/lib/arm/arm_and_spin
/home/drone1/ros2_ws/install/arm/lib/arm/drone
