[4.400s] Invoking command in '/home/drone1/ros2_ws/src/arm': PYTHONPATH=/home/drone1/ros2_ws/build/arm/prefix_override:/usr/lib/python3/dist-packages/colcon_core/task/python/colcon_distutils_commands:/home/drone1/ros2_ws/install/arm/lib/python3.10/site-packages:${PYTHONPATH} /usr/bin/python3 -W ignore:setup.py install is deprecated setup.py egg_info --egg-base ../../build/arm build --build-base /home/drone1/ros2_ws/build/arm/build install --record /home/drone1/ros2_ws/build/arm/install.log --single-version-externally-managed install_data
[6.045s] running egg_info
[6.130s] writing ../../build/arm/arm.egg-info/PKG-INFO
[6.133s] writing dependency_links to ../../build/arm/arm.egg-info/dependency_links.txt
[6.135s] writing entry points to ../../build/arm/arm.egg-info/entry_points.txt
[6.141s] writing requirements to ../../build/arm/arm.egg-info/requires.txt
[6.142s] writing top-level names to ../../build/arm/arm.egg-info/top_level.txt
[6.314s] reading manifest file '../../build/arm/arm.egg-info/SOURCES.txt'
[6.321s] writing manifest file '../../build/arm/arm.egg-info/SOURCES.txt'
[6.322s] running build
[6.322s] running build_py
[6.328s] running install
[6.350s] running install_lib
[6.435s] running install_data
[6.438s] running install_egg_info
[6.522s] removing '/home/drone1/ros2_ws/install/arm/lib/python3.10/site-packages/arm-0.0.0-py3.10.egg-info' (and everything under it)
[6.524s] Copying ../../build/arm/arm.egg-info to /home/drone1/ros2_ws/install/arm/lib/python3.10/site-packages/arm-0.0.0-py3.10.egg-info
[6.530s] running install_scripts
[7.262s] Installing arm script to /home/drone1/ros2_ws/install/arm/lib/arm
[7.264s] Installing arm_and_spin script to /home/drone1/ros2_ws/install/arm/lib/arm
[7.265s] Installing drone script to /home/drone1/ros2_ws/install/arm/lib/arm
[7.267s] writing list of installed files to '/home/drone1/ros2_ws/build/arm/install.log'
[7.412s] Invoked command in '/home/drone1/ros2_ws/src/arm' returned '0': PYTHONPATH=/home/drone1/ros2_ws/build/arm/prefix_override:/usr/lib/python3/dist-packages/colcon_core/task/python/colcon_distutils_commands:/home/drone1/ros2_ws/install/arm/lib/python3.10/site-packages:${PYTHONPATH} /usr/bin/python3 -W ignore:setup.py install is deprecated setup.py egg_info --egg-base ../../build/arm build --build-base /home/drone1/ros2_ws/build/arm/build install --record /home/drone1/ros2_ws/build/arm/install.log --single-version-externally-managed install_data
