[5.165s] Invoking command in '/home/drone1/ros2_ws/src/arm': PYTHONPATH=/home/drone1/ros2_ws/build/arm/prefix_override:/usr/lib/python3/dist-packages/colcon_core/task/python/colcon_distutils_commands:/home/drone1/ros2_ws/install/arm/lib/python3.10/site-packages:${PYTHONPATH} /usr/bin/python3 -W ignore:setup.py install is deprecated setup.py egg_info --egg-base ../../build/arm build --build-base /home/drone1/ros2_ws/build/arm/build install --record /home/drone1/ros2_ws/build/arm/install.log --single-version-externally-managed install_data
[6.414s] running egg_info
[6.490s] writing ../../build/arm/arm.egg-info/PKG-INFO
[6.493s] writing dependency_links to ../../build/arm/arm.egg-info/dependency_links.txt
[6.495s] writing entry points to ../../build/arm/arm.egg-info/entry_points.txt
[6.496s] writing requirements to ../../build/arm/arm.egg-info/requires.txt
[6.497s] writing top-level names to ../../build/arm/arm.egg-info/top_level.txt
[6.678s] reading manifest file '../../build/arm/arm.egg-info/SOURCES.txt'
[6.687s] writing manifest file '../../build/arm/arm.egg-info/SOURCES.txt'
[6.688s] running build
[6.689s] running build_py
[6.696s] running install
[6.721s] running install_lib
[6.808s] running install_data
[6.812s] running install_egg_info
[6.894s] removing '/home/drone1/ros2_ws/install/arm/lib/python3.10/site-packages/arm-0.0.0-py3.10.egg-info' (and everything under it)
[6.896s] Copying ../../build/arm/arm.egg-info to /home/drone1/ros2_ws/install/arm/lib/python3.10/site-packages/arm-0.0.0-py3.10.egg-info
[6.905s] running install_scripts
[7.665s] Installing arm script to /home/drone1/ros2_ws/install/arm/lib/arm
[7.667s] Installing arm_and_spin script to /home/drone1/ros2_ws/install/arm/lib/arm
[7.668s] Installing drone script to /home/drone1/ros2_ws/install/arm/lib/arm
[7.671s] writing list of installed files to '/home/drone1/ros2_ws/build/arm/install.log'
[7.817s] Invoked command in '/home/drone1/ros2_ws/src/arm' returned '0': PYTHONPATH=/home/drone1/ros2_ws/build/arm/prefix_override:/usr/lib/python3/dist-packages/colcon_core/task/python/colcon_distutils_commands:/home/drone1/ros2_ws/install/arm/lib/python3.10/site-packages:${PYTHONPATH} /usr/bin/python3 -W ignore:setup.py install is deprecated setup.py egg_info --egg-base ../../build/arm build --build-base /home/drone1/ros2_ws/build/arm/build install --record /home/drone1/ros2_ws/build/arm/install.log --single-version-externally-managed install_data
