[1.308s] Invoking command in '/home/drone1/ros2_ws/build/uwb_new_package': /usr/bin/cmake --build /home/drone1/ros2_ws/build/uwb_new_package -- -j4 -l4
[1.672s] [100%] Built target uwb_node
[1.736s] Invoked command in '/home/drone1/ros2_ws/build/uwb_new_package' returned '0': /usr/bin/cmake --build /home/drone1/ros2_ws/build/uwb_new_package -- -j4 -l4
[2.468s] Invoking command in '/home/drone1/ros2_ws/build/uwb_new_package': /usr/bin/cmake --install /home/drone1/ros2_ws/build/uwb_new_package
[2.510s] -- Install configuration: ""
[2.513s] -- Up-to-date: /home/drone1/ros2_ws/install/uwb_new_package/lib/uwb_new_package/uwb_node
[2.515s] -- Up-to-date: /home/drone1/ros2_ws/install/uwb_new_package/include
[2.516s] -- Up-to-date: /home/drone1/ros2_ws/install/uwb_new_package/include/uwb_new_package
[2.517s] -- Up-to-date: /home/drone1/ros2_ws/install/uwb_new_package/share/ament_index/resource_index/package_run_dependencies/uwb_new_package
[2.517s] -- Up-to-date: /home/drone1/ros2_ws/install/uwb_new_package/share/ament_index/resource_index/parent_prefix_path/uwb_new_package
[2.519s] -- Up-to-date: /home/drone1/ros2_ws/install/uwb_new_package/share/uwb_new_package/environment/ament_prefix_path.sh
[2.522s] -- Up-to-date: /home/drone1/ros2_ws/install/uwb_new_package/share/uwb_new_package/environment/ament_prefix_path.dsv
[2.522s] -- Up-to-date: /home/drone1/ros2_ws/install/uwb_new_package/share/uwb_new_package/environment/path.sh
[2.523s] -- Up-to-date: /home/drone1/ros2_ws/install/uwb_new_package/share/uwb_new_package/environment/path.dsv
[2.524s] -- Up-to-date: /home/drone1/ros2_ws/install/uwb_new_package/share/uwb_new_package/local_setup.bash
[2.526s] -- Up-to-date: /home/drone1/ros2_ws/install/uwb_new_package/share/uwb_new_package/local_setup.sh
[2.527s] -- Up-to-date: /home/drone1/ros2_ws/install/uwb_new_package/share/uwb_new_package/local_setup.zsh
[2.527s] -- Up-to-date: /home/drone1/ros2_ws/install/uwb_new_package/share/uwb_new_package/local_setup.dsv
[2.528s] -- Installing: /home/drone1/ros2_ws/install/uwb_new_package/share/uwb_new_package/package.dsv
[2.529s] -- Up-to-date: /home/drone1/ros2_ws/install/uwb_new_package/share/ament_index/resource_index/packages/uwb_new_package
[2.530s] -- Up-to-date: /home/drone1/ros2_ws/install/uwb_new_package/share/uwb_new_package/cmake/uwb_new_packageConfig.cmake
[2.531s] -- Up-to-date: /home/drone1/ros2_ws/install/uwb_new_package/share/uwb_new_package/cmake/uwb_new_packageConfig-version.cmake
[2.542s] -- Up-to-date: /home/drone1/ros2_ws/install/uwb_new_package/share/uwb_new_package/package.xml
[2.543s] Invoked command in '/home/drone1/ros2_ws/build/uwb_new_package' returned '0': /usr/bin/cmake --install /home/drone1/ros2_ws/build/uwb_new_package
