[0.750s] DEBUG:colcon:Command line arguments: ['/usr/bin/colcon', 'build']
[0.751s] DEBUG:colcon:Parsed command line arguments: Namespace(log_base=None, log_level=None, verb_name='build', build_base='build', install_base='install', merge_install=False, symlink_install=False, test_result_base=None, continue_on_error=False, executor='parallel', parallel_workers=4, event_handlers=None, ignore_user_meta=False, metas=['./colcon.meta'], base_paths=['.'], packages_ignore=None, packages_ignore_regex=None, paths=None, packages_up_to=None, packages_up_to_regex=None, packages_above=None, packages_above_and_dependencies=None, packages_above_depth=None, packages_select_by_dep=None, packages_skip_by_dep=None, packages_skip_up_to=None, packages_select_build_failed=False, packages_skip_build_finished=False, packages_select_test_failures=False, packages_skip_test_passed=False, packages_select=None, packages_skip=None, packages_select_regex=None, packages_skip_regex=None, packages_start=None, packages_end=None, allow_overriding=[], cmake_args=None, cmake_target=None, cmake_target_skip_unavailable=False, cmake_clean_cache=False, cmake_clean_first=False, cmake_force_configure=False, ament_cmake_args=None, catkin_cmake_args=None, catkin_skip_building_tests=False, mixin_files=None, mixin=None, verb_parser=<colcon_mixin.mixin.mixin_argument.MixinArgumentDecorator object at 0xffffb4255030>, verb_extension=<colcon_core.verb.build.BuildVerb object at 0xffffb4389ea0>, main=<bound method BuildVerb.main of <colcon_core.verb.build.BuildVerb object at 0xffffb4389ea0>>, mixin_verb=('build',))
[0.997s] Level 1:colcon.colcon_core.package_discovery:discover_packages(colcon_meta) check parameters
[0.998s] Level 1:colcon.colcon_core.package_discovery:discover_packages(recursive) check parameters
[0.998s] Level 1:colcon.colcon_core.package_discovery:discover_packages(ignore) check parameters
[0.999s] Level 1:colcon.colcon_core.package_discovery:discover_packages(path) check parameters
[0.999s] Level 1:colcon.colcon_core.package_discovery:discover_packages(colcon_meta) discover
[1.000s] Level 1:colcon.colcon_core.package_discovery:discover_packages(recursive) discover
[1.000s] INFO:colcon.colcon_core.package_discovery:Crawling recursively for packages in '/home/drone1/ros2_ws'
[1.001s] Level 1:colcon.colcon_core.package_identification:_identify(.) by extensions ['ignore', 'ignore_ament_install']
[1.002s] Level 1:colcon.colcon_core.package_identification:_identify(.) by extension 'ignore'
[1.002s] Level 1:colcon.colcon_core.package_identification:_identify(.) by extension 'ignore_ament_install'
[1.003s] Level 1:colcon.colcon_core.package_identification:_identify(.) by extensions ['colcon_pkg']
[1.003s] Level 1:colcon.colcon_core.package_identification:_identify(.) by extension 'colcon_pkg'
[1.004s] Level 1:colcon.colcon_core.package_identification:_identify(.) by extensions ['colcon_meta']
[1.004s] Level 1:colcon.colcon_core.package_identification:_identify(.) by extension 'colcon_meta'
[1.004s] Level 1:colcon.colcon_core.package_identification:_identify(.) by extensions ['ros']
[1.005s] Level 1:colcon.colcon_core.package_identification:_identify(.) by extension 'ros'
[1.094s] Level 1:colcon.colcon_core.package_identification:_identify(.) by extensions ['cmake', 'python']
[1.094s] Level 1:colcon.colcon_core.package_identification:_identify(.) by extension 'cmake'
[1.095s] Level 1:colcon.colcon_core.package_identification:_identify(.) by extension 'python'
[1.095s] Level 1:colcon.colcon_core.package_identification:_identify(.) by extensions ['python_setup_py']
[1.095s] Level 1:colcon.colcon_core.package_identification:_identify(.) by extension 'python_setup_py'
[1.096s] Level 1:colcon.colcon_core.package_identification:_identify(build) by extensions ['ignore', 'ignore_ament_install']
[1.097s] Level 1:colcon.colcon_core.package_identification:_identify(build) by extension 'ignore'
[1.097s] Level 1:colcon.colcon_core.package_identification:_identify(build) ignored
[1.098s] Level 1:colcon.colcon_core.package_identification:_identify(install) by extensions ['ignore', 'ignore_ament_install']
[1.099s] Level 1:colcon.colcon_core.package_identification:_identify(install) by extension 'ignore'
[1.099s] Level 1:colcon.colcon_core.package_identification:_identify(install) ignored
[1.100s] Level 1:colcon.colcon_core.package_identification:_identify(log) by extensions ['ignore', 'ignore_ament_install']
[1.101s] Level 1:colcon.colcon_core.package_identification:_identify(log) by extension 'ignore'
[1.101s] Level 1:colcon.colcon_core.package_identification:_identify(log) ignored
[1.102s] Level 1:colcon.colcon_core.package_identification:_identify(src) by extensions ['ignore', 'ignore_ament_install']
[1.103s] Level 1:colcon.colcon_core.package_identification:_identify(src) by extension 'ignore'
[1.103s] Level 1:colcon.colcon_core.package_identification:_identify(src) by extension 'ignore_ament_install'
[1.103s] Level 1:colcon.colcon_core.package_identification:_identify(src) by extensions ['colcon_pkg']
[1.104s] Level 1:colcon.colcon_core.package_identification:_identify(src) by extension 'colcon_pkg'
[1.104s] Level 1:colcon.colcon_core.package_identification:_identify(src) by extensions ['colcon_meta']
[1.104s] Level 1:colcon.colcon_core.package_identification:_identify(src) by extension 'colcon_meta'
[1.104s] Level 1:colcon.colcon_core.package_identification:_identify(src) by extensions ['ros']
[1.105s] Level 1:colcon.colcon_core.package_identification:_identify(src) by extension 'ros'
[1.105s] Level 1:colcon.colcon_core.package_identification:_identify(src) by extensions ['cmake', 'python']
[1.105s] Level 1:colcon.colcon_core.package_identification:_identify(src) by extension 'cmake'
[1.105s] Level 1:colcon.colcon_core.package_identification:_identify(src) by extension 'python'
[1.106s] Level 1:colcon.colcon_core.package_identification:_identify(src) by extensions ['python_setup_py']
[1.106s] Level 1:colcon.colcon_core.package_identification:_identify(src) by extension 'python_setup_py'
[1.107s] Level 1:colcon.colcon_core.package_identification:_identify(src/arm) by extensions ['ignore', 'ignore_ament_install']
[1.107s] Level 1:colcon.colcon_core.package_identification:_identify(src/arm) by extension 'ignore'
[1.108s] Level 1:colcon.colcon_core.package_identification:_identify(src/arm) by extension 'ignore_ament_install'
[1.108s] Level 1:colcon.colcon_core.package_identification:_identify(src/arm) by extensions ['colcon_pkg']
[1.109s] Level 1:colcon.colcon_core.package_identification:_identify(src/arm) by extension 'colcon_pkg'
[1.109s] Level 1:colcon.colcon_core.package_identification:_identify(src/arm) by extensions ['colcon_meta']
[1.110s] Level 1:colcon.colcon_core.package_identification:_identify(src/arm) by extension 'colcon_meta'
[1.110s] Level 1:colcon.colcon_core.package_identification:_identify(src/arm) by extensions ['ros']
[1.111s] Level 1:colcon.colcon_core.package_identification:_identify(src/arm) by extension 'ros'
[1.125s] DEBUG:colcon.colcon_core.package_identification:Package 'src/arm' with type 'ros.ament_python' and name 'arm'
[1.126s] Level 1:colcon.colcon_core.package_identification:_identify(src/uwb_new) by extensions ['ignore', 'ignore_ament_install']
[1.126s] Level 1:colcon.colcon_core.package_identification:_identify(src/uwb_new) by extension 'ignore'
[1.127s] Level 1:colcon.colcon_core.package_identification:_identify(src/uwb_new) by extension 'ignore_ament_install'
[1.127s] Level 1:colcon.colcon_core.package_identification:_identify(src/uwb_new) by extensions ['colcon_pkg']
[1.127s] Level 1:colcon.colcon_core.package_identification:_identify(src/uwb_new) by extension 'colcon_pkg'
[1.128s] Level 1:colcon.colcon_core.package_identification:_identify(src/uwb_new) by extensions ['colcon_meta']
[1.128s] Level 1:colcon.colcon_core.package_identification:_identify(src/uwb_new) by extension 'colcon_meta'
[1.128s] Level 1:colcon.colcon_core.package_identification:_identify(src/uwb_new) by extensions ['ros']
[1.128s] Level 1:colcon.colcon_core.package_identification:_identify(src/uwb_new) by extension 'ros'
[1.131s] DEBUG:colcon.colcon_core.package_identification:Package 'src/uwb_new' with type 'ros.catkin' and name 'uwb_new'
[1.132s] Level 1:colcon.colcon_core.package_identification:_identify(uwb) by extensions ['ignore', 'ignore_ament_install']
[1.133s] Level 1:colcon.colcon_core.package_identification:_identify(uwb) by extension 'ignore'
[1.133s] Level 1:colcon.colcon_core.package_identification:_identify(uwb) by extension 'ignore_ament_install'
[1.133s] Level 1:colcon.colcon_core.package_identification:_identify(uwb) by extensions ['colcon_pkg']
[1.134s] Level 1:colcon.colcon_core.package_identification:_identify(uwb) by extension 'colcon_pkg'
[1.134s] Level 1:colcon.colcon_core.package_identification:_identify(uwb) by extensions ['colcon_meta']
[1.134s] Level 1:colcon.colcon_core.package_identification:_identify(uwb) by extension 'colcon_meta'
[1.135s] Level 1:colcon.colcon_core.package_identification:_identify(uwb) by extensions ['ros']
[1.135s] Level 1:colcon.colcon_core.package_identification:_identify(uwb) by extension 'ros'
[1.138s] DEBUG:colcon.colcon_core.package_identification:Package 'uwb' with type 'ros.catkin' and name 'uwb'
[1.139s] Level 1:colcon.colcon_core.package_identification:_identify(uwb_new_package) by extensions ['ignore', 'ignore_ament_install']
[1.140s] Level 1:colcon.colcon_core.package_identification:_identify(uwb_new_package) by extension 'ignore'
[1.140s] Level 1:colcon.colcon_core.package_identification:_identify(uwb_new_package) by extension 'ignore_ament_install'
[1.141s] Level 1:colcon.colcon_core.package_identification:_identify(uwb_new_package) by extensions ['colcon_pkg']
[1.141s] Level 1:colcon.colcon_core.package_identification:_identify(uwb_new_package) by extension 'colcon_pkg'
[1.142s] Level 1:colcon.colcon_core.package_identification:_identify(uwb_new_package) by extensions ['colcon_meta']
[1.142s] Level 1:colcon.colcon_core.package_identification:_identify(uwb_new_package) by extension 'colcon_meta'
[1.143s] Level 1:colcon.colcon_core.package_identification:_identify(uwb_new_package) by extensions ['ros']
[1.143s] Level 1:colcon.colcon_core.package_identification:_identify(uwb_new_package) by extension 'ros'
[1.146s] DEBUG:colcon.colcon_core.package_identification:Package 'uwb_new_package' with type 'ros.catkin' and name 'uwb_new_package'
[1.147s] Level 1:colcon.colcon_core.package_discovery:discover_packages(recursive) using defaults
[1.148s] Level 1:colcon.colcon_core.package_discovery:discover_packages(ignore) discover
[1.148s] Level 1:colcon.colcon_core.package_discovery:discover_packages(ignore) using defaults
[1.148s] Level 1:colcon.colcon_core.package_discovery:discover_packages(path) discover
[1.148s] Level 1:colcon.colcon_core.package_discovery:discover_packages(path) using defaults
[1.265s] Level 1:colcon.colcon_core.package_discovery:discover_packages(prefix_path) check parameters
[1.265s] Level 1:colcon.colcon_core.package_discovery:discover_packages(prefix_path) discover
[1.280s] DEBUG:colcon.colcon_installed_package_information.package_discovery:Found 4 installed packages in /home/drone1/ros2_ws/install
[1.289s] DEBUG:colcon.colcon_installed_package_information.package_discovery:Found 191 installed packages in /opt/ros/humble
[1.295s] Level 1:colcon.colcon_core.package_discovery:discover_packages(prefix_path) using defaults
[1.491s] Level 5:colcon.colcon_core.verb:set package 'arm' build argument 'cmake_args' from command line to 'None'
[1.491s] Level 5:colcon.colcon_core.verb:set package 'arm' build argument 'cmake_target' from command line to 'None'
[1.491s] Level 5:colcon.colcon_core.verb:set package 'arm' build argument 'cmake_target_skip_unavailable' from command line to 'False'
[1.492s] Level 5:colcon.colcon_core.verb:set package 'arm' build argument 'cmake_clean_cache' from command line to 'False'
[1.492s] Level 5:colcon.colcon_core.verb:set package 'arm' build argument 'cmake_clean_first' from command line to 'False'
[1.492s] Level 5:colcon.colcon_core.verb:set package 'arm' build argument 'cmake_force_configure' from command line to 'False'
[1.492s] Level 5:colcon.colcon_core.verb:set package 'arm' build argument 'ament_cmake_args' from command line to 'None'
[1.492s] Level 5:colcon.colcon_core.verb:set package 'arm' build argument 'catkin_cmake_args' from command line to 'None'
[1.493s] Level 5:colcon.colcon_core.verb:set package 'arm' build argument 'catkin_skip_building_tests' from command line to 'False'
[1.493s] DEBUG:colcon.colcon_core.verb:Building package 'arm' with the following arguments: {'ament_cmake_args': None, 'build_base': '/home/drone1/ros2_ws/build/arm', 'catkin_cmake_args': None, 'catkin_skip_building_tests': False, 'cmake_args': None, 'cmake_clean_cache': False, 'cmake_clean_first': False, 'cmake_force_configure': False, 'cmake_target': None, 'cmake_target_skip_unavailable': False, 'install_base': '/home/drone1/ros2_ws/install/arm', 'merge_install': False, 'path': '/home/drone1/ros2_ws/src/arm', 'symlink_install': False, 'test_result_base': None}
[1.495s] Level 5:colcon.colcon_core.verb:set package 'uwb' build argument 'cmake_args' from command line to 'None'
[1.496s] Level 5:colcon.colcon_core.verb:set package 'uwb' build argument 'cmake_target' from command line to 'None'
[1.496s] Level 5:colcon.colcon_core.verb:set package 'uwb' build argument 'cmake_target_skip_unavailable' from command line to 'False'
[1.496s] Level 5:colcon.colcon_core.verb:set package 'uwb' build argument 'cmake_clean_cache' from command line to 'False'
[1.496s] Level 5:colcon.colcon_core.verb:set package 'uwb' build argument 'cmake_clean_first' from command line to 'False'
[1.497s] Level 5:colcon.colcon_core.verb:set package 'uwb' build argument 'cmake_force_configure' from command line to 'False'
[1.497s] Level 5:colcon.colcon_core.verb:set package 'uwb' build argument 'ament_cmake_args' from command line to 'None'
[1.497s] Level 5:colcon.colcon_core.verb:set package 'uwb' build argument 'catkin_cmake_args' from command line to 'None'
[1.497s] Level 5:colcon.colcon_core.verb:set package 'uwb' build argument 'catkin_skip_building_tests' from command line to 'False'
[1.498s] DEBUG:colcon.colcon_core.verb:Building package 'uwb' with the following arguments: {'ament_cmake_args': None, 'build_base': '/home/drone1/ros2_ws/build/uwb', 'catkin_cmake_args': None, 'catkin_skip_building_tests': False, 'cmake_args': None, 'cmake_clean_cache': False, 'cmake_clean_first': False, 'cmake_force_configure': False, 'cmake_target': None, 'cmake_target_skip_unavailable': False, 'install_base': '/home/drone1/ros2_ws/install/uwb', 'merge_install': False, 'path': '/home/drone1/ros2_ws/uwb', 'symlink_install': False, 'test_result_base': None}
[1.500s] Level 5:colcon.colcon_core.verb:set package 'uwb_new' build argument 'cmake_args' from command line to 'None'
[1.500s] Level 5:colcon.colcon_core.verb:set package 'uwb_new' build argument 'cmake_target' from command line to 'None'
[1.500s] Level 5:colcon.colcon_core.verb:set package 'uwb_new' build argument 'cmake_target_skip_unavailable' from command line to 'False'
[1.500s] Level 5:colcon.colcon_core.verb:set package 'uwb_new' build argument 'cmake_clean_cache' from command line to 'False'
[1.501s] Level 5:colcon.colcon_core.verb:set package 'uwb_new' build argument 'cmake_clean_first' from command line to 'False'
[1.501s] Level 5:colcon.colcon_core.verb:set package 'uwb_new' build argument 'cmake_force_configure' from command line to 'False'
[1.501s] Level 5:colcon.colcon_core.verb:set package 'uwb_new' build argument 'ament_cmake_args' from command line to 'None'
[1.501s] Level 5:colcon.colcon_core.verb:set package 'uwb_new' build argument 'catkin_cmake_args' from command line to 'None'
[1.501s] Level 5:colcon.colcon_core.verb:set package 'uwb_new' build argument 'catkin_skip_building_tests' from command line to 'False'
[1.501s] DEBUG:colcon.colcon_core.verb:Building package 'uwb_new' with the following arguments: {'ament_cmake_args': None, 'build_base': '/home/drone1/ros2_ws/build/uwb_new', 'catkin_cmake_args': None, 'catkin_skip_building_tests': False, 'cmake_args': None, 'cmake_clean_cache': False, 'cmake_clean_first': False, 'cmake_force_configure': False, 'cmake_target': None, 'cmake_target_skip_unavailable': False, 'install_base': '/home/drone1/ros2_ws/install/uwb_new', 'merge_install': False, 'path': '/home/drone1/ros2_ws/src/uwb_new', 'symlink_install': False, 'test_result_base': None}
[1.503s] Level 5:colcon.colcon_core.verb:set package 'uwb_new_package' build argument 'cmake_args' from command line to 'None'
[1.504s] Level 5:colcon.colcon_core.verb:set package 'uwb_new_package' build argument 'cmake_target' from command line to 'None'
[1.504s] Level 5:colcon.colcon_core.verb:set package 'uwb_new_package' build argument 'cmake_target_skip_unavailable' from command line to 'False'
[1.504s] Level 5:colcon.colcon_core.verb:set package 'uwb_new_package' build argument 'cmake_clean_cache' from command line to 'False'
[1.504s] Level 5:colcon.colcon_core.verb:set package 'uwb_new_package' build argument 'cmake_clean_first' from command line to 'False'
[1.504s] Level 5:colcon.colcon_core.verb:set package 'uwb_new_package' build argument 'cmake_force_configure' from command line to 'False'
[1.504s] Level 5:colcon.colcon_core.verb:set package 'uwb_new_package' build argument 'ament_cmake_args' from command line to 'None'
[1.504s] Level 5:colcon.colcon_core.verb:set package 'uwb_new_package' build argument 'catkin_cmake_args' from command line to 'None'
[1.505s] Level 5:colcon.colcon_core.verb:set package 'uwb_new_package' build argument 'catkin_skip_building_tests' from command line to 'False'
[1.505s] DEBUG:colcon.colcon_core.verb:Building package 'uwb_new_package' with the following arguments: {'ament_cmake_args': None, 'build_base': '/home/drone1/ros2_ws/build/uwb_new_package', 'catkin_cmake_args': None, 'catkin_skip_building_tests': False, 'cmake_args': None, 'cmake_clean_cache': False, 'cmake_clean_first': False, 'cmake_force_configure': False, 'cmake_target': None, 'cmake_target_skip_unavailable': False, 'install_base': '/home/drone1/ros2_ws/install/uwb_new_package', 'merge_install': False, 'path': '/home/drone1/ros2_ws/uwb_new_package', 'symlink_install': False, 'test_result_base': None}
[1.505s] INFO:colcon.colcon_core.executor:Executing jobs using 'parallel' executor
[1.514s] DEBUG:colcon.colcon_parallel_executor.executor.parallel:run_until_complete
[1.515s] INFO:colcon.colcon_ros.task.ament_python.build:Building ROS package in '/home/drone1/ros2_ws/src/arm' with build type 'ament_python'
[1.516s] Level 1:colcon.colcon_core.shell:create_environment_hook('arm', 'ament_prefix_path')
[1.533s] INFO:colcon.colcon_core.plugin_system:Skipping extension 'colcon_core.shell.bat': Not used on non-Windows systems
[1.534s] INFO:colcon.colcon_core.shell:Creating environment hook '/home/drone1/ros2_ws/install/arm/share/arm/hook/ament_prefix_path.ps1'
[1.539s] INFO:colcon.colcon_core.shell:Creating environment descriptor '/home/drone1/ros2_ws/install/arm/share/arm/hook/ament_prefix_path.dsv'
[1.543s] INFO:colcon.colcon_core.shell:Creating environment hook '/home/drone1/ros2_ws/install/arm/share/arm/hook/ament_prefix_path.sh'
[1.549s] INFO:colcon.colcon_core.shell:Skip shell extension 'powershell' for command environment: Not usable outside of PowerShell
[1.549s] DEBUG:colcon.colcon_core.shell:Skip shell extension 'dsv' for command environment
[1.575s] INFO:colcon.colcon_ros.task.catkin.build:Building ROS package in '/home/drone1/ros2_ws/uwb' with build type 'catkin'
[1.577s] INFO:colcon.colcon_cmake.task.cmake.build:Building CMake package in '/home/drone1/ros2_ws/uwb'
[1.579s] INFO:colcon.colcon_core.shell:Skip shell extension 'powershell' for command environment: Not usable outside of PowerShell
[1.579s] DEBUG:colcon.colcon_core.shell:Skip shell extension 'dsv' for command environment
[1.608s] INFO:colcon.colcon_ros.task.catkin.build:Building ROS package in '/home/drone1/ros2_ws/src/uwb_new' with build type 'catkin'
[1.608s] INFO:colcon.colcon_cmake.task.cmake.build:Building CMake package in '/home/drone1/ros2_ws/src/uwb_new'
[1.610s] INFO:colcon.colcon_core.shell:Skip shell extension 'powershell' for command environment: Not usable outside of PowerShell
[1.610s] DEBUG:colcon.colcon_core.shell:Skip shell extension 'dsv' for command environment
[1.636s] INFO:colcon.colcon_ros.task.catkin.build:Building ROS package in '/home/drone1/ros2_ws/uwb_new_package' with build type 'catkin'
[1.637s] INFO:colcon.colcon_cmake.task.cmake.build:Building CMake package in '/home/drone1/ros2_ws/uwb_new_package'
[1.640s] INFO:colcon.colcon_core.shell:Skip shell extension 'powershell' for command environment: Not usable outside of PowerShell
[1.640s] DEBUG:colcon.colcon_core.shell:Skip shell extension 'dsv' for command environment
[3.104s] INFO:colcon.colcon_core.task.python.build:Building Python package in '/home/drone1/ros2_ws/src/arm'
[3.106s] INFO:colcon.colcon_core.shell:Skip shell extension 'powershell' for command environment: Not usable outside of PowerShell
[3.106s] DEBUG:colcon.colcon_core.shell:Skip shell extension 'dsv' for command environment
[3.171s] DEBUG:colcon.colcon_core.event_handler.log_command:Invoking command in '/home/drone1/ros2_ws/build/uwb': /usr/bin/cmake --build /home/drone1/ros2_ws/build/uwb -- -j4 -l4
[3.202s] DEBUG:colcon.colcon_core.event_handler.log_command:Invoking command in '/home/drone1/ros2_ws/build/uwb_new': /usr/bin/cmake --build /home/drone1/ros2_ws/build/uwb_new -- -j4 -l4
[3.282s] DEBUG:colcon.colcon_core.event_handler.log_command:Invoking command in '/home/drone1/ros2_ws/build/uwb_new_package': /usr/bin/cmake --build /home/drone1/ros2_ws/build/uwb_new_package -- -j4 -l4
[4.183s] DEBUG:colcon.colcon_core.event_handler.log_command:Invoked command in '/home/drone1/ros2_ws/build/uwb_new' returned '0': /usr/bin/cmake --build /home/drone1/ros2_ws/build/uwb_new -- -j4 -l4
[4.377s] DEBUG:colcon.colcon_core.event_handler.log_command:Invoked command in '/home/drone1/ros2_ws/build/uwb_new_package' returned '0': /usr/bin/cmake --build /home/drone1/ros2_ws/build/uwb_new_package -- -j4 -l4
[5.558s] DEBUG:colcon.colcon_core.event_handler.log_command:Invoking command in '/home/drone1/ros2_ws/build/uwb_new': /usr/bin/cmake --install /home/drone1/ros2_ws/build/uwb_new
[5.659s] DEBUG:colcon.colcon_core.event_handler.log_command:Invoked command in '/home/drone1/ros2_ws/build/uwb_new' returned '0': /usr/bin/cmake --install /home/drone1/ros2_ws/build/uwb_new
[5.747s] DEBUG:colcon.colcon_core.event_handler.log_command:Invoking command in '/home/drone1/ros2_ws/build/uwb_new_package': /usr/bin/cmake --install /home/drone1/ros2_ws/build/uwb_new_package
[5.932s] DEBUG:colcon.colcon_core.event_handler.log_command:Invoked command in '/home/drone1/ros2_ws/build/uwb_new_package' returned '0': /usr/bin/cmake --install /home/drone1/ros2_ws/build/uwb_new_package
[6.460s] Level 1:colcon.colcon_core.shell:create_environment_hook('uwb_new', 'ros_package_path')
[6.461s] INFO:colcon.colcon_core.shell:Creating environment hook '/home/drone1/ros2_ws/install/uwb_new/share/uwb_new/hook/ros_package_path.ps1'
[6.465s] INFO:colcon.colcon_core.shell:Creating environment descriptor '/home/drone1/ros2_ws/install/uwb_new/share/uwb_new/hook/ros_package_path.dsv'
[6.471s] INFO:colcon.colcon_core.shell:Creating environment hook '/home/drone1/ros2_ws/install/uwb_new/share/uwb_new/hook/ros_package_path.sh'
[6.477s] Level 1:colcon.colcon_core.shell:create_environment_hook('uwb_new', 'pkg_config_path')
[6.478s] INFO:colcon.colcon_core.shell:Creating environment hook '/home/drone1/ros2_ws/install/uwb_new/share/uwb_new/hook/pkg_config_path.ps1'
[6.482s] INFO:colcon.colcon_core.shell:Creating environment descriptor '/home/drone1/ros2_ws/install/uwb_new/share/uwb_new/hook/pkg_config_path.dsv'
[6.485s] INFO:colcon.colcon_core.shell:Creating environment hook '/home/drone1/ros2_ws/install/uwb_new/share/uwb_new/hook/pkg_config_path.sh'
[6.523s] Level 1:colcon.colcon_core.shell:create_environment_hook('uwb_new', 'pkg_config_path_multiarch')
[6.524s] INFO:colcon.colcon_core.shell:Creating environment hook '/home/drone1/ros2_ws/install/uwb_new/share/uwb_new/hook/pkg_config_path_multiarch.ps1'
[6.528s] INFO:colcon.colcon_core.shell:Creating environment descriptor '/home/drone1/ros2_ws/install/uwb_new/share/uwb_new/hook/pkg_config_path_multiarch.dsv'
[6.530s] INFO:colcon.colcon_core.shell:Creating environment hook '/home/drone1/ros2_ws/install/uwb_new/share/uwb_new/hook/pkg_config_path_multiarch.sh'
[6.537s] Level 1:colcon.colcon_core.environment:create_environment_scripts_only(uwb_new)
[6.584s] Level 1:colcon.colcon_core.environment:checking '/home/drone1/ros2_ws/install/uwb_new' for CMake module files
[6.592s] Level 1:colcon.colcon_core.environment:checking '/home/drone1/ros2_ws/install/uwb_new' for CMake config files
[6.595s] Level 1:colcon.colcon_core.shell:create_environment_hook('uwb_new', 'cmake_prefix_path')
[6.597s] INFO:colcon.colcon_core.shell:Creating environment hook '/home/drone1/ros2_ws/install/uwb_new/share/uwb_new/hook/cmake_prefix_path.ps1'
[6.600s] INFO:colcon.colcon_core.shell:Creating environment descriptor '/home/drone1/ros2_ws/install/uwb_new/share/uwb_new/hook/cmake_prefix_path.dsv'
[6.604s] INFO:colcon.colcon_core.shell:Creating environment hook '/home/drone1/ros2_ws/install/uwb_new/share/uwb_new/hook/cmake_prefix_path.sh'
[6.609s] Level 1:colcon.colcon_core.environment:checking '/home/drone1/ros2_ws/install/uwb_new/lib'
[6.611s] Level 1:colcon.colcon_core.environment:checking '/home/drone1/ros2_ws/install/uwb_new/bin'
[6.612s] Level 1:colcon.colcon_core.environment:checking '/home/drone1/ros2_ws/install/uwb_new/lib/pkgconfig/uwb_new.pc'
[6.614s] Level 1:colcon.colcon_core.environment:checking '/home/drone1/ros2_ws/install/uwb_new/lib/python3.10/site-packages'
[6.615s] Level 1:colcon.colcon_core.environment:checking '/home/drone1/ros2_ws/install/uwb_new/bin'
[6.618s] INFO:colcon.colcon_core.shell:Creating package script '/home/drone1/ros2_ws/install/uwb_new/share/uwb_new/package.ps1'
[6.624s] INFO:colcon.colcon_core.shell:Creating package descriptor '/home/drone1/ros2_ws/install/uwb_new/share/uwb_new/package.dsv'
[6.629s] INFO:colcon.colcon_core.shell:Creating package script '/home/drone1/ros2_ws/install/uwb_new/share/uwb_new/package.sh'
[6.634s] INFO:colcon.colcon_core.shell:Creating package script '/home/drone1/ros2_ws/install/uwb_new/share/uwb_new/package.bash'
[6.644s] INFO:colcon.colcon_core.shell:Creating package script '/home/drone1/ros2_ws/install/uwb_new/share/uwb_new/package.zsh'
[6.651s] Level 1:colcon.colcon_core.environment:create_file_with_runtime_dependencies(/home/drone1/ros2_ws/install/uwb_new/share/colcon-core/packages/uwb_new)
[6.658s] Level 1:colcon.colcon_core.shell:create_environment_hook('uwb_new_package', 'ros_package_path')
[6.661s] INFO:colcon.colcon_core.shell:Creating environment hook '/home/drone1/ros2_ws/install/uwb_new_package/share/uwb_new_package/hook/ros_package_path.ps1'
[6.667s] INFO:colcon.colcon_core.shell:Creating environment descriptor '/home/drone1/ros2_ws/install/uwb_new_package/share/uwb_new_package/hook/ros_package_path.dsv'
[6.669s] INFO:colcon.colcon_core.shell:Creating environment hook '/home/drone1/ros2_ws/install/uwb_new_package/share/uwb_new_package/hook/ros_package_path.sh'
[6.676s] Level 1:colcon.colcon_core.shell:create_environment_hook('uwb_new_package', 'pkg_config_path')
[6.679s] INFO:colcon.colcon_core.shell:Creating environment hook '/home/drone1/ros2_ws/install/uwb_new_package/share/uwb_new_package/hook/pkg_config_path.ps1'
[6.683s] INFO:colcon.colcon_core.shell:Creating environment descriptor '/home/drone1/ros2_ws/install/uwb_new_package/share/uwb_new_package/hook/pkg_config_path.dsv'
[6.693s] INFO:colcon.colcon_core.shell:Creating environment hook '/home/drone1/ros2_ws/install/uwb_new_package/share/uwb_new_package/hook/pkg_config_path.sh'
[6.702s] Level 1:colcon.colcon_core.shell:create_environment_hook('uwb_new_package', 'pkg_config_path_multiarch')
[6.703s] INFO:colcon.colcon_core.shell:Creating environment hook '/home/drone1/ros2_ws/install/uwb_new_package/share/uwb_new_package/hook/pkg_config_path_multiarch.ps1'
[6.706s] INFO:colcon.colcon_core.shell:Creating environment descriptor '/home/drone1/ros2_ws/install/uwb_new_package/share/uwb_new_package/hook/pkg_config_path_multiarch.dsv'
[6.709s] INFO:colcon.colcon_core.shell:Creating environment hook '/home/drone1/ros2_ws/install/uwb_new_package/share/uwb_new_package/hook/pkg_config_path_multiarch.sh'
[6.714s] Level 1:colcon.colcon_core.environment:create_environment_scripts_only(uwb_new_package)
[6.722s] Level 1:colcon.colcon_core.environment:checking '/home/drone1/ros2_ws/install/uwb_new_package' for CMake module files
[6.726s] Level 1:colcon.colcon_core.environment:checking '/home/drone1/ros2_ws/install/uwb_new_package' for CMake config files
[6.743s] Level 1:colcon.colcon_core.shell:create_environment_hook('uwb_new_package', 'cmake_prefix_path')
[6.744s] INFO:colcon.colcon_core.shell:Creating environment hook '/home/drone1/ros2_ws/install/uwb_new_package/share/uwb_new_package/hook/cmake_prefix_path.ps1'
[6.751s] INFO:colcon.colcon_core.shell:Creating environment descriptor '/home/drone1/ros2_ws/install/uwb_new_package/share/uwb_new_package/hook/cmake_prefix_path.dsv'
[6.754s] INFO:colcon.colcon_core.shell:Creating environment hook '/home/drone1/ros2_ws/install/uwb_new_package/share/uwb_new_package/hook/cmake_prefix_path.sh'
[6.759s] Level 1:colcon.colcon_core.environment:checking '/home/drone1/ros2_ws/install/uwb_new_package/lib'
[6.759s] Level 1:colcon.colcon_core.environment:checking '/home/drone1/ros2_ws/install/uwb_new_package/bin'
[6.760s] Level 1:colcon.colcon_core.environment:checking '/home/drone1/ros2_ws/install/uwb_new_package/lib/pkgconfig/uwb_new_package.pc'
[6.770s] Level 1:colcon.colcon_core.environment:checking '/home/drone1/ros2_ws/install/uwb_new_package/lib/python3.10/site-packages'
[6.772s] Level 1:colcon.colcon_core.environment:checking '/home/drone1/ros2_ws/install/uwb_new_package/bin'
[6.774s] INFO:colcon.colcon_core.shell:Creating package script '/home/drone1/ros2_ws/install/uwb_new_package/share/uwb_new_package/package.ps1'
[6.779s] INFO:colcon.colcon_core.shell:Creating package descriptor '/home/drone1/ros2_ws/install/uwb_new_package/share/uwb_new_package/package.dsv'
[6.784s] INFO:colcon.colcon_core.shell:Creating package script '/home/drone1/ros2_ws/install/uwb_new_package/share/uwb_new_package/package.sh'
[6.788s] INFO:colcon.colcon_core.shell:Creating package script '/home/drone1/ros2_ws/install/uwb_new_package/share/uwb_new_package/package.bash'
[6.791s] INFO:colcon.colcon_core.shell:Creating package script '/home/drone1/ros2_ws/install/uwb_new_package/share/uwb_new_package/package.zsh'
[6.793s] Level 1:colcon.colcon_core.environment:create_file_with_runtime_dependencies(/home/drone1/ros2_ws/install/uwb_new_package/share/colcon-core/packages/uwb_new_package)
[10.010s] DEBUG:colcon.colcon_core.event_handler.log_command:Invoking command in '/home/drone1/ros2_ws/src/arm': PYTHONPATH=/home/drone1/ros2_ws/build/arm/prefix_override:/usr/lib/python3/dist-packages/colcon_core/task/python/colcon_distutils_commands:/home/drone1/ros2_ws/install/arm/lib/python3.10/site-packages:${PYTHONPATH} /usr/bin/python3 -W ignore:setup.py install is deprecated setup.py egg_info --egg-base ../../build/arm build --build-base /home/drone1/ros2_ws/build/arm/build install --record /home/drone1/ros2_ws/build/arm/install.log --single-version-externally-managed install_data
[12.904s] DEBUG:colcon.colcon_core.event_handler.log_command:Invoked command in '/home/drone1/ros2_ws/build/uwb' returned '0': /usr/bin/cmake --build /home/drone1/ros2_ws/build/uwb -- -j4 -l4
[13.535s] DEBUG:colcon.colcon_core.event_handler.log_command:Invoking command in '/home/drone1/ros2_ws/build/uwb': /usr/bin/cmake --install /home/drone1/ros2_ws/build/uwb
[13.637s] DEBUG:colcon.colcon_core.event_handler.log_command:Invoked command in '/home/drone1/ros2_ws/build/uwb' returned '0': /usr/bin/cmake --install /home/drone1/ros2_ws/build/uwb
[13.944s] Level 1:colcon.colcon_core.shell:create_environment_hook('uwb', 'ros_package_path')
[13.946s] INFO:colcon.colcon_core.shell:Creating environment hook '/home/drone1/ros2_ws/install/uwb/share/uwb/hook/ros_package_path.ps1'
[13.950s] INFO:colcon.colcon_core.shell:Creating environment descriptor '/home/drone1/ros2_ws/install/uwb/share/uwb/hook/ros_package_path.dsv'
[13.954s] INFO:colcon.colcon_core.shell:Creating environment hook '/home/drone1/ros2_ws/install/uwb/share/uwb/hook/ros_package_path.sh'
[13.958s] Level 1:colcon.colcon_core.shell:create_environment_hook('uwb', 'pkg_config_path')
[13.960s] INFO:colcon.colcon_core.shell:Creating environment hook '/home/drone1/ros2_ws/install/uwb/share/uwb/hook/pkg_config_path.ps1'
[13.963s] INFO:colcon.colcon_core.shell:Creating environment descriptor '/home/drone1/ros2_ws/install/uwb/share/uwb/hook/pkg_config_path.dsv'
[13.966s] INFO:colcon.colcon_core.shell:Creating environment hook '/home/drone1/ros2_ws/install/uwb/share/uwb/hook/pkg_config_path.sh'
[13.969s] Level 1:colcon.colcon_core.shell:create_environment_hook('uwb', 'pkg_config_path_multiarch')
[13.970s] INFO:colcon.colcon_core.shell:Creating environment hook '/home/drone1/ros2_ws/install/uwb/share/uwb/hook/pkg_config_path_multiarch.ps1'
[13.973s] INFO:colcon.colcon_core.shell:Creating environment descriptor '/home/drone1/ros2_ws/install/uwb/share/uwb/hook/pkg_config_path_multiarch.dsv'
[13.975s] INFO:colcon.colcon_core.shell:Creating environment hook '/home/drone1/ros2_ws/install/uwb/share/uwb/hook/pkg_config_path_multiarch.sh'
[13.980s] Level 1:colcon.colcon_core.environment:create_environment_scripts_only(uwb)
[13.981s] Level 1:colcon.colcon_core.environment:checking '/home/drone1/ros2_ws/install/uwb' for CMake module files
[13.985s] Level 1:colcon.colcon_core.environment:checking '/home/drone1/ros2_ws/install/uwb' for CMake config files
[13.988s] Level 1:colcon.colcon_core.shell:create_environment_hook('uwb', 'cmake_prefix_path')
[13.989s] INFO:colcon.colcon_core.shell:Creating environment hook '/home/drone1/ros2_ws/install/uwb/share/uwb/hook/cmake_prefix_path.ps1'
[13.992s] INFO:colcon.colcon_core.shell:Creating environment descriptor '/home/drone1/ros2_ws/install/uwb/share/uwb/hook/cmake_prefix_path.dsv'
[13.994s] INFO:colcon.colcon_core.shell:Creating environment hook '/home/drone1/ros2_ws/install/uwb/share/uwb/hook/cmake_prefix_path.sh'
[13.998s] Level 1:colcon.colcon_core.environment:checking '/home/drone1/ros2_ws/install/uwb/lib'
[13.999s] Level 1:colcon.colcon_core.environment:checking '/home/drone1/ros2_ws/install/uwb/bin'
[14.000s] Level 1:colcon.colcon_core.environment:checking '/home/drone1/ros2_ws/install/uwb/lib/pkgconfig/uwb.pc'
[14.001s] Level 1:colcon.colcon_core.environment:checking '/home/drone1/ros2_ws/install/uwb/lib/python3.10/site-packages'
[14.003s] Level 1:colcon.colcon_core.environment:checking '/home/drone1/ros2_ws/install/uwb/bin'
[14.005s] INFO:colcon.colcon_core.shell:Creating package script '/home/drone1/ros2_ws/install/uwb/share/uwb/package.ps1'
[14.010s] INFO:colcon.colcon_core.shell:Creating package descriptor '/home/drone1/ros2_ws/install/uwb/share/uwb/package.dsv'
[14.015s] INFO:colcon.colcon_core.shell:Creating package script '/home/drone1/ros2_ws/install/uwb/share/uwb/package.sh'
[14.018s] INFO:colcon.colcon_core.shell:Creating package script '/home/drone1/ros2_ws/install/uwb/share/uwb/package.bash'
[14.021s] INFO:colcon.colcon_core.shell:Creating package script '/home/drone1/ros2_ws/install/uwb/share/uwb/package.zsh'
[14.024s] Level 1:colcon.colcon_core.environment:create_file_with_runtime_dependencies(/home/drone1/ros2_ws/install/uwb/share/colcon-core/packages/uwb)
[15.168s] Level 1:colcon.colcon_core.environment:checking '/home/drone1/ros2_ws/install/arm' for CMake module files
[15.171s] DEBUG:colcon.colcon_core.event_handler.log_command:Invoked command in '/home/drone1/ros2_ws/src/arm' returned '0': PYTHONPATH=/home/drone1/ros2_ws/build/arm/prefix_override:/usr/lib/python3/dist-packages/colcon_core/task/python/colcon_distutils_commands:/home/drone1/ros2_ws/install/arm/lib/python3.10/site-packages:${PYTHONPATH} /usr/bin/python3 -W ignore:setup.py install is deprecated setup.py egg_info --egg-base ../../build/arm build --build-base /home/drone1/ros2_ws/build/arm/build install --record /home/drone1/ros2_ws/build/arm/install.log --single-version-externally-managed install_data
[15.174s] Level 1:colcon.colcon_core.environment:checking '/home/drone1/ros2_ws/install/arm' for CMake config files
[15.179s] Level 1:colcon.colcon_core.environment:checking '/home/drone1/ros2_ws/install/arm/lib'
[15.180s] Level 1:colcon.colcon_core.environment:checking '/home/drone1/ros2_ws/install/arm/bin'
[15.180s] Level 1:colcon.colcon_core.environment:checking '/home/drone1/ros2_ws/install/arm/lib/pkgconfig/arm.pc'
[15.181s] Level 1:colcon.colcon_core.environment:checking '/home/drone1/ros2_ws/install/arm/lib/python3.10/site-packages'
[15.182s] Level 1:colcon.colcon_core.shell:create_environment_hook('arm', 'pythonpath')
[15.183s] INFO:colcon.colcon_core.shell:Creating environment hook '/home/drone1/ros2_ws/install/arm/share/arm/hook/pythonpath.ps1'
[15.187s] INFO:colcon.colcon_core.shell:Creating environment descriptor '/home/drone1/ros2_ws/install/arm/share/arm/hook/pythonpath.dsv'
[15.189s] INFO:colcon.colcon_core.shell:Creating environment hook '/home/drone1/ros2_ws/install/arm/share/arm/hook/pythonpath.sh'
[15.193s] Level 1:colcon.colcon_core.environment:checking '/home/drone1/ros2_ws/install/arm/bin'
[15.194s] Level 1:colcon.colcon_core.environment:create_environment_scripts_only(arm)
[15.196s] INFO:colcon.colcon_core.shell:Creating package script '/home/drone1/ros2_ws/install/arm/share/arm/package.ps1'
[15.199s] INFO:colcon.colcon_core.shell:Creating package descriptor '/home/drone1/ros2_ws/install/arm/share/arm/package.dsv'
[15.203s] INFO:colcon.colcon_core.shell:Creating package script '/home/drone1/ros2_ws/install/arm/share/arm/package.sh'
[15.206s] INFO:colcon.colcon_core.shell:Creating package script '/home/drone1/ros2_ws/install/arm/share/arm/package.bash'
[15.209s] INFO:colcon.colcon_core.shell:Creating package script '/home/drone1/ros2_ws/install/arm/share/arm/package.zsh'
[15.211s] Level 1:colcon.colcon_core.environment:create_file_with_runtime_dependencies(/home/drone1/ros2_ws/install/arm/share/colcon-core/packages/arm)
[15.213s] DEBUG:colcon.colcon_parallel_executor.executor.parallel:closing loop
[15.217s] DEBUG:colcon.colcon_parallel_executor.executor.parallel:loop closed
[15.218s] DEBUG:colcon.colcon_parallel_executor.executor.parallel:run_until_complete finished with '0'
[15.218s] DEBUG:colcon.colcon_core.event_reactor:joining thread
[15.252s] INFO:colcon.colcon_core.plugin_system:Skipping extension 'colcon_notification.desktop_notification.terminal_notifier': Not used on non-Darwin systems
[15.252s] INFO:colcon.colcon_core.plugin_system:Skipping extension 'colcon_notification.desktop_notification.win32': Not used on non-Windows systems
[15.253s] INFO:colcon.colcon_notification.desktop_notification:Sending desktop notification using 'notify2'
[15.388s] DEBUG:colcon.colcon_core.event_reactor:joined thread
[15.390s] INFO:colcon.colcon_core.shell:Creating prefix script '/home/drone1/ros2_ws/install/local_setup.ps1'
[15.396s] INFO:colcon.colcon_core.shell:Creating prefix util module '/home/drone1/ros2_ws/install/_local_setup_util_ps1.py'
[15.406s] INFO:colcon.colcon_core.shell:Creating prefix chain script '/home/drone1/ros2_ws/install/setup.ps1'
[15.415s] INFO:colcon.colcon_core.shell:Creating prefix script '/home/drone1/ros2_ws/install/local_setup.sh'
[15.419s] INFO:colcon.colcon_core.shell:Creating prefix util module '/home/drone1/ros2_ws/install/_local_setup_util_sh.py'
[15.425s] INFO:colcon.colcon_core.shell:Creating prefix chain script '/home/drone1/ros2_ws/install/setup.sh'
[15.435s] INFO:colcon.colcon_core.shell:Creating prefix script '/home/drone1/ros2_ws/install/local_setup.bash'
[15.439s] INFO:colcon.colcon_core.shell:Creating prefix chain script '/home/drone1/ros2_ws/install/setup.bash'
[15.448s] INFO:colcon.colcon_core.shell:Creating prefix script '/home/drone1/ros2_ws/install/local_setup.zsh'
[15.452s] INFO:colcon.colcon_core.shell:Creating prefix chain script '/home/drone1/ros2_ws/install/setup.zsh'
