[4.504s] Invoking command in '/home/drone1/ros2_ws/src/arm': PYTHONPATH=/home/drone1/ros2_ws/build/arm/prefix_override:/usr/lib/python3/dist-packages/colcon_core/task/python/colcon_distutils_commands:/home/drone1/ros2_ws/install/arm/lib/python3.10/site-packages:${PYTHONPATH} /usr/bin/python3 -W ignore:setup.py install is deprecated setup.py egg_info --egg-base ../../build/arm build --build-base /home/drone1/ros2_ws/build/arm/build install --record /home/drone1/ros2_ws/build/arm/install.log --single-version-externally-managed install_data
[5.913s] running egg_info
[6.002s] writing ../../build/arm/arm.egg-info/PKG-INFO
[6.005s] writing dependency_links to ../../build/arm/arm.egg-info/dependency_links.txt
[6.006s] writing entry points to ../../build/arm/arm.egg-info/entry_points.txt
[6.007s] writing requirements to ../../build/arm/arm.egg-info/requires.txt
[6.008s] writing top-level names to ../../build/arm/arm.egg-info/top_level.txt
[6.196s] reading manifest file '../../build/arm/arm.egg-info/SOURCES.txt'
[6.203s] writing manifest file '../../build/arm/arm.egg-info/SOURCES.txt'
[6.205s] running build
[6.207s] running build_py
[6.207s] copying arm/arm_and_spin.py -> /home/drone1/ros2_ws/build/arm/build/lib/arm
[6.208s] copying arm/arm.py -> /home/drone1/ros2_ws/build/arm/build/lib/arm
[6.210s] copying arm/__init__.py -> /home/drone1/ros2_ws/build/arm/build/lib/arm
[6.211s] copying arm/new.py -> /home/drone1/ros2_ws/build/arm/build/lib/arm
[6.213s] copying arm/first.py -> /home/drone1/ros2_ws/build/arm/build/lib/arm
[6.214s] copying arm/drone.py -> /home/drone1/ros2_ws/build/arm/build/lib/arm
[6.216s] running install
[6.241s] running install_lib
[6.340s] running install_data
[6.342s] copying resource/arm -> /home/drone1/ros2_ws/install/arm/share/ament_index/resource_index/packages
[6.344s] copying package.xml -> /home/drone1/ros2_ws/install/arm/share/arm
[6.346s] running install_egg_info
[6.440s] removing '/home/drone1/ros2_ws/install/arm/lib/python3.10/site-packages/arm-0.0.0-py3.10.egg-info' (and everything under it)
[6.442s] Copying ../../build/arm/arm.egg-info to /home/drone1/ros2_ws/install/arm/lib/python3.10/site-packages/arm-0.0.0-py3.10.egg-info
[6.450s] running install_scripts
[7.298s] Installing arm script to /home/drone1/ros2_ws/install/arm/lib/arm
[7.300s] Installing arm_and_spin script to /home/drone1/ros2_ws/install/arm/lib/arm
[7.301s] Installing drone script to /home/drone1/ros2_ws/install/arm/lib/arm
[7.303s] writing list of installed files to '/home/drone1/ros2_ws/build/arm/install.log'
[7.445s] Invoked command in '/home/drone1/ros2_ws/src/arm' returned '0': PYTHONPATH=/home/drone1/ros2_ws/build/arm/prefix_override:/usr/lib/python3/dist-packages/colcon_core/task/python/colcon_distutils_commands:/home/drone1/ros2_ws/install/arm/lib/python3.10/site-packages:${PYTHONPATH} /usr/bin/python3 -W ignore:setup.py install is deprecated setup.py egg_info --egg-base ../../build/arm build --build-base /home/drone1/ros2_ws/build/arm/build install --record /home/drone1/ros2_ws/build/arm/install.log --single-version-externally-managed install_data
