[7.473s] Invoking command in '/home/drone1/ros2_ws/src/arm': PYTHONPATH=/home/drone1/ros2_ws/build/arm/prefix_override:/usr/lib/python3/dist-packages/colcon_core/task/python/colcon_distutils_commands:/home/drone1/ros2_ws/install/arm/lib/python3.10/site-packages:${PYTHONPATH} /usr/bin/python3 -W ignore:setup.py install is deprecated setup.py egg_info --egg-base ../../build/arm build --build-base /home/drone1/ros2_ws/build/arm/build install --record /home/drone1/ros2_ws/build/arm/install.log --single-version-externally-managed install_data
[9.439s] running egg_info
[9.548s] writing ../../build/arm/arm.egg-info/PKG-INFO
[9.551s] writing dependency_links to ../../build/arm/arm.egg-info/dependency_links.txt
[9.553s] writing entry points to ../../build/arm/arm.egg-info/entry_points.txt
[9.557s] writing requirements to ../../build/arm/arm.egg-info/requires.txt
[9.557s] writing top-level names to ../../build/arm/arm.egg-info/top_level.txt
[9.753s] reading manifest file '../../build/arm/arm.egg-info/SOURCES.txt'
[9.761s] writing manifest file '../../build/arm/arm.egg-info/SOURCES.txt'
[9.762s] running build
[9.762s] running build_py
[9.764s] copying arm/arm_and_spin.py -> /home/drone1/ros2_ws/build/arm/build/lib/arm
[9.765s] copying arm/arm.py -> /home/drone1/ros2_ws/build/arm/build/lib/arm
[9.767s] copying arm/__init__.py -> /home/drone1/ros2_ws/build/arm/build/lib/arm
[9.768s] copying arm/new.py -> /home/drone1/ros2_ws/build/arm/build/lib/arm
[9.769s] copying arm/first.py -> /home/drone1/ros2_ws/build/arm/build/lib/arm
[9.771s] copying arm/drone.py -> /home/drone1/ros2_ws/build/arm/build/lib/arm
[9.773s] running install
[9.801s] running install_lib
[9.923s] running install_data
[9.926s] copying resource/arm -> /home/drone1/ros2_ws/install/arm/share/ament_index/resource_index/packages
[9.927s] copying package.xml -> /home/drone1/ros2_ws/install/arm/share/arm
[9.929s] running install_egg_info
[10.072s] removing '/home/drone1/ros2_ws/install/arm/lib/python3.10/site-packages/arm-0.0.0-py3.10.egg-info' (and everything under it)
[10.074s] Copying ../../build/arm/arm.egg-info to /home/drone1/ros2_ws/install/arm/lib/python3.10/site-packages/arm-0.0.0-py3.10.egg-info
[10.081s] running install_scripts
[11.714s] Installing arm script to /home/drone1/ros2_ws/install/arm/lib/arm
[11.715s] Installing arm_and_spin script to /home/drone1/ros2_ws/install/arm/lib/arm
[11.717s] Installing drone script to /home/drone1/ros2_ws/install/arm/lib/arm
[11.722s] writing list of installed files to '/home/drone1/ros2_ws/build/arm/install.log'
[11.894s] Invoked command in '/home/drone1/ros2_ws/src/arm' returned '0': PYTHONPATH=/home/drone1/ros2_ws/build/arm/prefix_override:/usr/lib/python3/dist-packages/colcon_core/task/python/colcon_distutils_commands:/home/drone1/ros2_ws/install/arm/lib/python3.10/site-packages:${PYTHONPATH} /usr/bin/python3 -W ignore:setup.py install is deprecated setup.py egg_info --egg-base ../../build/arm build --build-base /home/drone1/ros2_ws/build/arm/build install --record /home/drone1/ros2_ws/build/arm/install.log --single-version-externally-managed install_data
