[0.550s] DEBUG:colcon:Command line arguments: ['/usr/bin/colcon', 'build']
[0.551s] DEBUG:colcon:Parsed command line arguments: Namespace(log_base=None, log_level=None, verb_name='build', build_base='build', install_base='install', merge_install=False, symlink_install=False, test_result_base=None, continue_on_error=False, executor='parallel', parallel_workers=4, event_handlers=None, ignore_user_meta=False, metas=['./colcon.meta'], base_paths=['.'], packages_ignore=None, packages_ignore_regex=None, paths=None, packages_up_to=None, packages_up_to_regex=None, packages_above=None, packages_above_and_dependencies=None, packages_above_depth=None, packages_select_by_dep=None, packages_skip_by_dep=None, packages_skip_up_to=None, packages_select_build_failed=False, packages_skip_build_finished=False, packages_select_test_failures=False, packages_skip_test_passed=False, packages_select=None, packages_skip=None, packages_select_regex=None, packages_skip_regex=None, packages_start=None, packages_end=None, allow_overriding=[], cmake_args=None, cmake_target=None, cmake_target_skip_unavailable=False, cmake_clean_cache=False, cmake_clean_first=False, cmake_force_configure=False, ament_cmake_args=None, catkin_cmake_args=None, catkin_skip_building_tests=False, mixin_files=None, mixin=None, verb_parser=<colcon_mixin.mixin.mixin_argument.MixinArgumentDecorator object at 0xffff8fcad000>, verb_extension=<colcon_core.verb.build.BuildVerb object at 0xffff8fddde70>, main=<bound method BuildVerb.main of <colcon_core.verb.build.BuildVerb object at 0xffff8fddde70>>, mixin_verb=('build',))
[0.741s] Level 1:colcon.colcon_core.package_discovery:discover_packages(colcon_meta) check parameters
[0.742s] Level 1:colcon.colcon_core.package_discovery:discover_packages(recursive) check parameters
[0.742s] Level 1:colcon.colcon_core.package_discovery:discover_packages(ignore) check parameters
[0.742s] Level 1:colcon.colcon_core.package_discovery:discover_packages(path) check parameters
[0.742s] Level 1:colcon.colcon_core.package_discovery:discover_packages(colcon_meta) discover
[0.742s] Level 1:colcon.colcon_core.package_discovery:discover_packages(recursive) discover
[0.743s] INFO:colcon.colcon_core.package_discovery:Crawling recursively for packages in '/home/drone1/ros2_ws'
[0.743s] Level 1:colcon.colcon_core.package_identification:_identify(.) by extensions ['ignore', 'ignore_ament_install']
[0.743s] Level 1:colcon.colcon_core.package_identification:_identify(.) by extension 'ignore'
[0.744s] Level 1:colcon.colcon_core.package_identification:_identify(.) by extension 'ignore_ament_install'
[0.744s] Level 1:colcon.colcon_core.package_identification:_identify(.) by extensions ['colcon_pkg']
[0.744s] Level 1:colcon.colcon_core.package_identification:_identify(.) by extension 'colcon_pkg'
[0.744s] Level 1:colcon.colcon_core.package_identification:_identify(.) by extensions ['colcon_meta']
[0.745s] Level 1:colcon.colcon_core.package_identification:_identify(.) by extension 'colcon_meta'
[0.745s] Level 1:colcon.colcon_core.package_identification:_identify(.) by extensions ['ros']
[0.745s] Level 1:colcon.colcon_core.package_identification:_identify(.) by extension 'ros'
[0.817s] Level 1:colcon.colcon_core.package_identification:_identify(.) by extensions ['cmake', 'python']
[0.818s] Level 1:colcon.colcon_core.package_identification:_identify(.) by extension 'cmake'
[0.818s] Level 1:colcon.colcon_core.package_identification:_identify(.) by extension 'python'
[0.818s] Level 1:colcon.colcon_core.package_identification:_identify(.) by extensions ['python_setup_py']
[0.818s] Level 1:colcon.colcon_core.package_identification:_identify(.) by extension 'python_setup_py'
[0.819s] Level 1:colcon.colcon_core.package_identification:_identify(build) by extensions ['ignore', 'ignore_ament_install']
[0.819s] Level 1:colcon.colcon_core.package_identification:_identify(build) by extension 'ignore'
[0.819s] Level 1:colcon.colcon_core.package_identification:_identify(build) ignored
[0.820s] Level 1:colcon.colcon_core.package_identification:_identify(install) by extensions ['ignore', 'ignore_ament_install']
[0.821s] Level 1:colcon.colcon_core.package_identification:_identify(install) by extension 'ignore'
[0.821s] Level 1:colcon.colcon_core.package_identification:_identify(install) ignored
[0.822s] Level 1:colcon.colcon_core.package_identification:_identify(log) by extensions ['ignore', 'ignore_ament_install']
[0.823s] Level 1:colcon.colcon_core.package_identification:_identify(log) by extension 'ignore'
[0.823s] Level 1:colcon.colcon_core.package_identification:_identify(log) ignored
[0.823s] Level 1:colcon.colcon_core.package_identification:_identify(src) by extensions ['ignore', 'ignore_ament_install']
[0.823s] Level 1:colcon.colcon_core.package_identification:_identify(src) by extension 'ignore'
[0.824s] Level 1:colcon.colcon_core.package_identification:_identify(src) by extension 'ignore_ament_install'
[0.824s] Level 1:colcon.colcon_core.package_identification:_identify(src) by extensions ['colcon_pkg']
[0.824s] Level 1:colcon.colcon_core.package_identification:_identify(src) by extension 'colcon_pkg'
[0.824s] Level 1:colcon.colcon_core.package_identification:_identify(src) by extensions ['colcon_meta']
[0.824s] Level 1:colcon.colcon_core.package_identification:_identify(src) by extension 'colcon_meta'
[0.825s] Level 1:colcon.colcon_core.package_identification:_identify(src) by extensions ['ros']
[0.825s] Level 1:colcon.colcon_core.package_identification:_identify(src) by extension 'ros'
[0.825s] Level 1:colcon.colcon_core.package_identification:_identify(src) by extensions ['cmake', 'python']
[0.825s] Level 1:colcon.colcon_core.package_identification:_identify(src) by extension 'cmake'
[0.826s] Level 1:colcon.colcon_core.package_identification:_identify(src) by extension 'python'
[0.826s] Level 1:colcon.colcon_core.package_identification:_identify(src) by extensions ['python_setup_py']
[0.826s] Level 1:colcon.colcon_core.package_identification:_identify(src) by extension 'python_setup_py'
[0.826s] Level 1:colcon.colcon_core.package_identification:_identify(src/arm) by extensions ['ignore', 'ignore_ament_install']
[0.827s] Level 1:colcon.colcon_core.package_identification:_identify(src/arm) by extension 'ignore'
[0.827s] Level 1:colcon.colcon_core.package_identification:_identify(src/arm) by extension 'ignore_ament_install'
[0.827s] Level 1:colcon.colcon_core.package_identification:_identify(src/arm) by extensions ['colcon_pkg']
[0.827s] Level 1:colcon.colcon_core.package_identification:_identify(src/arm) by extension 'colcon_pkg'
[0.828s] Level 1:colcon.colcon_core.package_identification:_identify(src/arm) by extensions ['colcon_meta']
[0.828s] Level 1:colcon.colcon_core.package_identification:_identify(src/arm) by extension 'colcon_meta'
[0.828s] Level 1:colcon.colcon_core.package_identification:_identify(src/arm) by extensions ['ros']
[0.828s] Level 1:colcon.colcon_core.package_identification:_identify(src/arm) by extension 'ros'
[0.839s] DEBUG:colcon.colcon_core.package_identification:Package 'src/arm' with type 'ros.ament_python' and name 'arm'
[0.839s] Level 1:colcon.colcon_core.package_identification:_identify(src/uwb_new) by extensions ['ignore', 'ignore_ament_install']
[0.840s] Level 1:colcon.colcon_core.package_identification:_identify(src/uwb_new) by extension 'ignore'
[0.840s] Level 1:colcon.colcon_core.package_identification:_identify(src/uwb_new) by extension 'ignore_ament_install'
[0.840s] Level 1:colcon.colcon_core.package_identification:_identify(src/uwb_new) by extensions ['colcon_pkg']
[0.840s] Level 1:colcon.colcon_core.package_identification:_identify(src/uwb_new) by extension 'colcon_pkg'
[0.841s] Level 1:colcon.colcon_core.package_identification:_identify(src/uwb_new) by extensions ['colcon_meta']
[0.841s] Level 1:colcon.colcon_core.package_identification:_identify(src/uwb_new) by extension 'colcon_meta'
[0.841s] Level 1:colcon.colcon_core.package_identification:_identify(src/uwb_new) by extensions ['ros']
[0.841s] Level 1:colcon.colcon_core.package_identification:_identify(src/uwb_new) by extension 'ros'
[0.844s] DEBUG:colcon.colcon_core.package_identification:Package 'src/uwb_new' with type 'ros.catkin' and name 'uwb_new'
[0.845s] Level 1:colcon.colcon_core.package_identification:_identify(uwb) by extensions ['ignore', 'ignore_ament_install']
[0.845s] Level 1:colcon.colcon_core.package_identification:_identify(uwb) by extension 'ignore'
[0.845s] Level 1:colcon.colcon_core.package_identification:_identify(uwb) by extension 'ignore_ament_install'
[0.846s] Level 1:colcon.colcon_core.package_identification:_identify(uwb) by extensions ['colcon_pkg']
[0.846s] Level 1:colcon.colcon_core.package_identification:_identify(uwb) by extension 'colcon_pkg'
[0.846s] Level 1:colcon.colcon_core.package_identification:_identify(uwb) by extensions ['colcon_meta']
[0.846s] Level 1:colcon.colcon_core.package_identification:_identify(uwb) by extension 'colcon_meta'
[0.846s] Level 1:colcon.colcon_core.package_identification:_identify(uwb) by extensions ['ros']
[0.846s] Level 1:colcon.colcon_core.package_identification:_identify(uwb) by extension 'ros'
[0.849s] DEBUG:colcon.colcon_core.package_identification:Package 'uwb' with type 'ros.catkin' and name 'uwb'
[0.850s] Level 1:colcon.colcon_core.package_identification:_identify(uwb_new_package) by extensions ['ignore', 'ignore_ament_install']
[0.850s] Level 1:colcon.colcon_core.package_identification:_identify(uwb_new_package) by extension 'ignore'
[0.851s] Level 1:colcon.colcon_core.package_identification:_identify(uwb_new_package) by extension 'ignore_ament_install'
[0.851s] Level 1:colcon.colcon_core.package_identification:_identify(uwb_new_package) by extensions ['colcon_pkg']
[0.851s] Level 1:colcon.colcon_core.package_identification:_identify(uwb_new_package) by extension 'colcon_pkg'
[0.851s] Level 1:colcon.colcon_core.package_identification:_identify(uwb_new_package) by extensions ['colcon_meta']
[0.851s] Level 1:colcon.colcon_core.package_identification:_identify(uwb_new_package) by extension 'colcon_meta'
[0.852s] Level 1:colcon.colcon_core.package_identification:_identify(uwb_new_package) by extensions ['ros']
[0.852s] Level 1:colcon.colcon_core.package_identification:_identify(uwb_new_package) by extension 'ros'
[0.855s] DEBUG:colcon.colcon_core.package_identification:Package 'uwb_new_package' with type 'ros.catkin' and name 'uwb_new_package'
[0.855s] Level 1:colcon.colcon_core.package_discovery:discover_packages(recursive) using defaults
[0.856s] Level 1:colcon.colcon_core.package_discovery:discover_packages(ignore) discover
[0.856s] Level 1:colcon.colcon_core.package_discovery:discover_packages(ignore) using defaults
[0.856s] Level 1:colcon.colcon_core.package_discovery:discover_packages(path) discover
[0.856s] Level 1:colcon.colcon_core.package_discovery:discover_packages(path) using defaults
[0.951s] Level 1:colcon.colcon_core.package_discovery:discover_packages(prefix_path) check parameters
[0.952s] Level 1:colcon.colcon_core.package_discovery:discover_packages(prefix_path) discover
[0.962s] DEBUG:colcon.colcon_installed_package_information.package_discovery:Found 4 installed packages in /home/drone1/ros2_ws/install
[0.970s] DEBUG:colcon.colcon_installed_package_information.package_discovery:Found 191 installed packages in /opt/ros/humble
[0.975s] Level 1:colcon.colcon_core.package_discovery:discover_packages(prefix_path) using defaults
[1.112s] Level 5:colcon.colcon_core.verb:set package 'arm' build argument 'cmake_args' from command line to 'None'
[1.112s] Level 5:colcon.colcon_core.verb:set package 'arm' build argument 'cmake_target' from command line to 'None'
[1.113s] Level 5:colcon.colcon_core.verb:set package 'arm' build argument 'cmake_target_skip_unavailable' from command line to 'False'
[1.113s] Level 5:colcon.colcon_core.verb:set package 'arm' build argument 'cmake_clean_cache' from command line to 'False'
[1.113s] Level 5:colcon.colcon_core.verb:set package 'arm' build argument 'cmake_clean_first' from command line to 'False'
[1.113s] Level 5:colcon.colcon_core.verb:set package 'arm' build argument 'cmake_force_configure' from command line to 'False'
[1.113s] Level 5:colcon.colcon_core.verb:set package 'arm' build argument 'ament_cmake_args' from command line to 'None'
[1.113s] Level 5:colcon.colcon_core.verb:set package 'arm' build argument 'catkin_cmake_args' from command line to 'None'
[1.113s] Level 5:colcon.colcon_core.verb:set package 'arm' build argument 'catkin_skip_building_tests' from command line to 'False'
[1.114s] DEBUG:colcon.colcon_core.verb:Building package 'arm' with the following arguments: {'ament_cmake_args': None, 'build_base': '/home/drone1/ros2_ws/build/arm', 'catkin_cmake_args': None, 'catkin_skip_building_tests': False, 'cmake_args': None, 'cmake_clean_cache': False, 'cmake_clean_first': False, 'cmake_force_configure': False, 'cmake_target': None, 'cmake_target_skip_unavailable': False, 'install_base': '/home/drone1/ros2_ws/install/arm', 'merge_install': False, 'path': '/home/drone1/ros2_ws/src/arm', 'symlink_install': False, 'test_result_base': None}
[1.115s] Level 5:colcon.colcon_core.verb:set package 'uwb' build argument 'cmake_args' from command line to 'None'
[1.116s] Level 5:colcon.colcon_core.verb:set package 'uwb' build argument 'cmake_target' from command line to 'None'
[1.116s] Level 5:colcon.colcon_core.verb:set package 'uwb' build argument 'cmake_target_skip_unavailable' from command line to 'False'
[1.116s] Level 5:colcon.colcon_core.verb:set package 'uwb' build argument 'cmake_clean_cache' from command line to 'False'
[1.116s] Level 5:colcon.colcon_core.verb:set package 'uwb' build argument 'cmake_clean_first' from command line to 'False'
[1.116s] Level 5:colcon.colcon_core.verb:set package 'uwb' build argument 'cmake_force_configure' from command line to 'False'
[1.116s] Level 5:colcon.colcon_core.verb:set package 'uwb' build argument 'ament_cmake_args' from command line to 'None'
[1.116s] Level 5:colcon.colcon_core.verb:set package 'uwb' build argument 'catkin_cmake_args' from command line to 'None'
[1.116s] Level 5:colcon.colcon_core.verb:set package 'uwb' build argument 'catkin_skip_building_tests' from command line to 'False'
[1.117s] DEBUG:colcon.colcon_core.verb:Building package 'uwb' with the following arguments: {'ament_cmake_args': None, 'build_base': '/home/drone1/ros2_ws/build/uwb', 'catkin_cmake_args': None, 'catkin_skip_building_tests': False, 'cmake_args': None, 'cmake_clean_cache': False, 'cmake_clean_first': False, 'cmake_force_configure': False, 'cmake_target': None, 'cmake_target_skip_unavailable': False, 'install_base': '/home/drone1/ros2_ws/install/uwb', 'merge_install': False, 'path': '/home/drone1/ros2_ws/uwb', 'symlink_install': False, 'test_result_base': None}
[1.118s] Level 5:colcon.colcon_core.verb:set package 'uwb_new' build argument 'cmake_args' from command line to 'None'
[1.119s] Level 5:colcon.colcon_core.verb:set package 'uwb_new' build argument 'cmake_target' from command line to 'None'
[1.119s] Level 5:colcon.colcon_core.verb:set package 'uwb_new' build argument 'cmake_target_skip_unavailable' from command line to 'False'
[1.119s] Level 5:colcon.colcon_core.verb:set package 'uwb_new' build argument 'cmake_clean_cache' from command line to 'False'
[1.119s] Level 5:colcon.colcon_core.verb:set package 'uwb_new' build argument 'cmake_clean_first' from command line to 'False'
[1.119s] Level 5:colcon.colcon_core.verb:set package 'uwb_new' build argument 'cmake_force_configure' from command line to 'False'
[1.119s] Level 5:colcon.colcon_core.verb:set package 'uwb_new' build argument 'ament_cmake_args' from command line to 'None'
[1.119s] Level 5:colcon.colcon_core.verb:set package 'uwb_new' build argument 'catkin_cmake_args' from command line to 'None'
[1.119s] Level 5:colcon.colcon_core.verb:set package 'uwb_new' build argument 'catkin_skip_building_tests' from command line to 'False'
[1.120s] DEBUG:colcon.colcon_core.verb:Building package 'uwb_new' with the following arguments: {'ament_cmake_args': None, 'build_base': '/home/drone1/ros2_ws/build/uwb_new', 'catkin_cmake_args': None, 'catkin_skip_building_tests': False, 'cmake_args': None, 'cmake_clean_cache': False, 'cmake_clean_first': False, 'cmake_force_configure': False, 'cmake_target': None, 'cmake_target_skip_unavailable': False, 'install_base': '/home/drone1/ros2_ws/install/uwb_new', 'merge_install': False, 'path': '/home/drone1/ros2_ws/src/uwb_new', 'symlink_install': False, 'test_result_base': None}
[1.121s] Level 5:colcon.colcon_core.verb:set package 'uwb_new_package' build argument 'cmake_args' from command line to 'None'
[1.121s] Level 5:colcon.colcon_core.verb:set package 'uwb_new_package' build argument 'cmake_target' from command line to 'None'
[1.122s] Level 5:colcon.colcon_core.verb:set package 'uwb_new_package' build argument 'cmake_target_skip_unavailable' from command line to 'False'
[1.122s] Level 5:colcon.colcon_core.verb:set package 'uwb_new_package' build argument 'cmake_clean_cache' from command line to 'False'
[1.122s] Level 5:colcon.colcon_core.verb:set package 'uwb_new_package' build argument 'cmake_clean_first' from command line to 'False'
[1.122s] Level 5:colcon.colcon_core.verb:set package 'uwb_new_package' build argument 'cmake_force_configure' from command line to 'False'
[1.122s] Level 5:colcon.colcon_core.verb:set package 'uwb_new_package' build argument 'ament_cmake_args' from command line to 'None'
[1.122s] Level 5:colcon.colcon_core.verb:set package 'uwb_new_package' build argument 'catkin_cmake_args' from command line to 'None'
[1.122s] Level 5:colcon.colcon_core.verb:set package 'uwb_new_package' build argument 'catkin_skip_building_tests' from command line to 'False'
[1.122s] DEBUG:colcon.colcon_core.verb:Building package 'uwb_new_package' with the following arguments: {'ament_cmake_args': None, 'build_base': '/home/drone1/ros2_ws/build/uwb_new_package', 'catkin_cmake_args': None, 'catkin_skip_building_tests': False, 'cmake_args': None, 'cmake_clean_cache': False, 'cmake_clean_first': False, 'cmake_force_configure': False, 'cmake_target': None, 'cmake_target_skip_unavailable': False, 'install_base': '/home/drone1/ros2_ws/install/uwb_new_package', 'merge_install': False, 'path': '/home/drone1/ros2_ws/uwb_new_package', 'symlink_install': False, 'test_result_base': None}
[1.123s] INFO:colcon.colcon_core.executor:Executing jobs using 'parallel' executor
[1.127s] DEBUG:colcon.colcon_parallel_executor.executor.parallel:run_until_complete
[1.128s] INFO:colcon.colcon_ros.task.ament_python.build:Building ROS package in '/home/drone1/ros2_ws/src/arm' with build type 'ament_python'
[1.128s] Level 1:colcon.colcon_core.shell:create_environment_hook('arm', 'ament_prefix_path')
[1.139s] INFO:colcon.colcon_core.plugin_system:Skipping extension 'colcon_core.shell.bat': Not used on non-Windows systems
[1.140s] INFO:colcon.colcon_core.shell:Creating environment hook '/home/drone1/ros2_ws/install/arm/share/arm/hook/ament_prefix_path.ps1'
[1.145s] INFO:colcon.colcon_core.shell:Creating environment descriptor '/home/drone1/ros2_ws/install/arm/share/arm/hook/ament_prefix_path.dsv'
[1.148s] INFO:colcon.colcon_core.shell:Creating environment hook '/home/drone1/ros2_ws/install/arm/share/arm/hook/ament_prefix_path.sh'
[1.153s] INFO:colcon.colcon_core.shell:Skip shell extension 'powershell' for command environment: Not usable outside of PowerShell
[1.153s] DEBUG:colcon.colcon_core.shell:Skip shell extension 'dsv' for command environment
[1.178s] INFO:colcon.colcon_ros.task.catkin.build:Building ROS package in '/home/drone1/ros2_ws/uwb' with build type 'catkin'
[1.179s] INFO:colcon.colcon_cmake.task.cmake.build:Building CMake package in '/home/drone1/ros2_ws/uwb'
[1.183s] INFO:colcon.colcon_core.shell:Skip shell extension 'powershell' for command environment: Not usable outside of PowerShell
[1.184s] DEBUG:colcon.colcon_core.shell:Skip shell extension 'dsv' for command environment
[1.210s] INFO:colcon.colcon_ros.task.catkin.build:Building ROS package in '/home/drone1/ros2_ws/src/uwb_new' with build type 'catkin'
[1.211s] INFO:colcon.colcon_cmake.task.cmake.build:Building CMake package in '/home/drone1/ros2_ws/src/uwb_new'
[1.212s] INFO:colcon.colcon_core.shell:Skip shell extension 'powershell' for command environment: Not usable outside of PowerShell
[1.213s] DEBUG:colcon.colcon_core.shell:Skip shell extension 'dsv' for command environment
[1.235s] INFO:colcon.colcon_ros.task.catkin.build:Building ROS package in '/home/drone1/ros2_ws/uwb_new_package' with build type 'catkin'
[1.236s] INFO:colcon.colcon_cmake.task.cmake.build:Building CMake package in '/home/drone1/ros2_ws/uwb_new_package'
[1.238s] INFO:colcon.colcon_core.shell:Skip shell extension 'powershell' for command environment: Not usable outside of PowerShell
[1.238s] DEBUG:colcon.colcon_core.shell:Skip shell extension 'dsv' for command environment
[2.362s] INFO:colcon.colcon_core.task.python.build:Building Python package in '/home/drone1/ros2_ws/src/arm'
[2.363s] INFO:colcon.colcon_core.shell:Skip shell extension 'powershell' for command environment: Not usable outside of PowerShell
[2.363s] DEBUG:colcon.colcon_core.shell:Skip shell extension 'dsv' for command environment
[2.404s] DEBUG:colcon.colcon_core.event_handler.log_command:Invoking command in '/home/drone1/ros2_ws/build/uwb': /usr/bin/cmake --build /home/drone1/ros2_ws/build/uwb -- -j4 -l4
[2.435s] DEBUG:colcon.colcon_core.event_handler.log_command:Invoking command in '/home/drone1/ros2_ws/build/uwb_new': /usr/bin/cmake --build /home/drone1/ros2_ws/build/uwb_new -- -j4 -l4
[2.465s] DEBUG:colcon.colcon_core.event_handler.log_command:Invoking command in '/home/drone1/ros2_ws/build/uwb_new_package': /usr/bin/cmake --build /home/drone1/ros2_ws/build/uwb_new_package -- -j4 -l4
[2.852s] DEBUG:colcon.colcon_core.event_handler.log_command:Invoked command in '/home/drone1/ros2_ws/build/uwb' returned '0': /usr/bin/cmake --build /home/drone1/ros2_ws/build/uwb -- -j4 -l4
[2.860s] DEBUG:colcon.colcon_core.event_handler.log_command:Invoked command in '/home/drone1/ros2_ws/build/uwb_new' returned '0': /usr/bin/cmake --build /home/drone1/ros2_ws/build/uwb_new -- -j4 -l4
[2.881s] DEBUG:colcon.colcon_core.event_handler.log_command:Invoked command in '/home/drone1/ros2_ws/build/uwb_new_package' returned '0': /usr/bin/cmake --build /home/drone1/ros2_ws/build/uwb_new_package -- -j4 -l4
[3.425s] DEBUG:colcon.colcon_core.event_handler.log_command:Invoking command in '/home/drone1/ros2_ws/build/uwb': /usr/bin/cmake --install /home/drone1/ros2_ws/build/uwb
[3.499s] DEBUG:colcon.colcon_core.event_handler.log_command:Invoked command in '/home/drone1/ros2_ws/build/uwb' returned '0': /usr/bin/cmake --install /home/drone1/ros2_ws/build/uwb
[3.545s] DEBUG:colcon.colcon_core.event_handler.log_command:Invoking command in '/home/drone1/ros2_ws/build/uwb_new': /usr/bin/cmake --install /home/drone1/ros2_ws/build/uwb_new
[3.555s] DEBUG:colcon.colcon_core.event_handler.log_command:Invoking command in '/home/drone1/ros2_ws/build/uwb_new_package': /usr/bin/cmake --install /home/drone1/ros2_ws/build/uwb_new_package
[3.620s] DEBUG:colcon.colcon_core.event_handler.log_command:Invoked command in '/home/drone1/ros2_ws/build/uwb_new' returned '0': /usr/bin/cmake --install /home/drone1/ros2_ws/build/uwb_new
[3.673s] DEBUG:colcon.colcon_core.event_handler.log_command:Invoked command in '/home/drone1/ros2_ws/build/uwb_new_package' returned '0': /usr/bin/cmake --install /home/drone1/ros2_ws/build/uwb_new_package
[3.751s] Level 1:colcon.colcon_core.shell:create_environment_hook('uwb', 'ros_package_path')
[3.752s] INFO:colcon.colcon_core.shell:Creating environment hook '/home/drone1/ros2_ws/install/uwb/share/uwb/hook/ros_package_path.ps1'
[3.755s] INFO:colcon.colcon_core.shell:Creating environment descriptor '/home/drone1/ros2_ws/install/uwb/share/uwb/hook/ros_package_path.dsv'
[3.758s] INFO:colcon.colcon_core.shell:Creating environment hook '/home/drone1/ros2_ws/install/uwb/share/uwb/hook/ros_package_path.sh'
[3.762s] Level 1:colcon.colcon_core.shell:create_environment_hook('uwb', 'pkg_config_path')
[3.764s] INFO:colcon.colcon_core.shell:Creating environment hook '/home/drone1/ros2_ws/install/uwb/share/uwb/hook/pkg_config_path.ps1'
[3.766s] INFO:colcon.colcon_core.shell:Creating environment descriptor '/home/drone1/ros2_ws/install/uwb/share/uwb/hook/pkg_config_path.dsv'
[3.769s] INFO:colcon.colcon_core.shell:Creating environment hook '/home/drone1/ros2_ws/install/uwb/share/uwb/hook/pkg_config_path.sh'
[3.805s] Level 1:colcon.colcon_core.shell:create_environment_hook('uwb', 'pkg_config_path_multiarch')
[3.806s] INFO:colcon.colcon_core.shell:Creating environment hook '/home/drone1/ros2_ws/install/uwb/share/uwb/hook/pkg_config_path_multiarch.ps1'
[3.810s] INFO:colcon.colcon_core.shell:Creating environment descriptor '/home/drone1/ros2_ws/install/uwb/share/uwb/hook/pkg_config_path_multiarch.dsv'
[3.813s] INFO:colcon.colcon_core.shell:Creating environment hook '/home/drone1/ros2_ws/install/uwb/share/uwb/hook/pkg_config_path_multiarch.sh'
[3.821s] Level 1:colcon.colcon_core.environment:create_environment_scripts_only(uwb)
[3.837s] Level 1:colcon.colcon_core.environment:checking '/home/drone1/ros2_ws/install/uwb' for CMake module files
[3.841s] Level 1:colcon.colcon_core.environment:checking '/home/drone1/ros2_ws/install/uwb' for CMake config files
[3.844s] Level 1:colcon.colcon_core.shell:create_environment_hook('uwb', 'cmake_prefix_path')
[3.846s] INFO:colcon.colcon_core.shell:Creating environment hook '/home/drone1/ros2_ws/install/uwb/share/uwb/hook/cmake_prefix_path.ps1'
[3.849s] INFO:colcon.colcon_core.shell:Creating environment descriptor '/home/drone1/ros2_ws/install/uwb/share/uwb/hook/cmake_prefix_path.dsv'
[3.852s] INFO:colcon.colcon_core.shell:Creating environment hook '/home/drone1/ros2_ws/install/uwb/share/uwb/hook/cmake_prefix_path.sh'
[3.858s] Level 1:colcon.colcon_core.environment:checking '/home/drone1/ros2_ws/install/uwb/lib'
[3.859s] Level 1:colcon.colcon_core.environment:checking '/home/drone1/ros2_ws/install/uwb/bin'
[3.860s] Level 1:colcon.colcon_core.environment:checking '/home/drone1/ros2_ws/install/uwb/lib/pkgconfig/uwb.pc'
[3.861s] Level 1:colcon.colcon_core.environment:checking '/home/drone1/ros2_ws/install/uwb/lib/python3.10/site-packages'
[3.862s] Level 1:colcon.colcon_core.environment:checking '/home/drone1/ros2_ws/install/uwb/bin'
[3.864s] INFO:colcon.colcon_core.shell:Creating package script '/home/drone1/ros2_ws/install/uwb/share/uwb/package.ps1'
[3.870s] INFO:colcon.colcon_core.shell:Creating package descriptor '/home/drone1/ros2_ws/install/uwb/share/uwb/package.dsv'
[3.874s] INFO:colcon.colcon_core.shell:Creating package script '/home/drone1/ros2_ws/install/uwb/share/uwb/package.sh'
[3.879s] INFO:colcon.colcon_core.shell:Creating package script '/home/drone1/ros2_ws/install/uwb/share/uwb/package.bash'
[3.884s] INFO:colcon.colcon_core.shell:Creating package script '/home/drone1/ros2_ws/install/uwb/share/uwb/package.zsh'
[3.889s] Level 1:colcon.colcon_core.environment:create_file_with_runtime_dependencies(/home/drone1/ros2_ws/install/uwb/share/colcon-core/packages/uwb)
[3.940s] Level 1:colcon.colcon_core.shell:create_environment_hook('uwb_new', 'ros_package_path')
[3.942s] INFO:colcon.colcon_core.shell:Creating environment hook '/home/drone1/ros2_ws/install/uwb_new/share/uwb_new/hook/ros_package_path.ps1'
[3.945s] INFO:colcon.colcon_core.shell:Creating environment descriptor '/home/drone1/ros2_ws/install/uwb_new/share/uwb_new/hook/ros_package_path.dsv'
[3.948s] INFO:colcon.colcon_core.shell:Creating environment hook '/home/drone1/ros2_ws/install/uwb_new/share/uwb_new/hook/ros_package_path.sh'
[3.952s] Level 1:colcon.colcon_core.shell:create_environment_hook('uwb_new', 'pkg_config_path')
[3.953s] INFO:colcon.colcon_core.shell:Creating environment hook '/home/drone1/ros2_ws/install/uwb_new/share/uwb_new/hook/pkg_config_path.ps1'
[3.956s] INFO:colcon.colcon_core.shell:Creating environment descriptor '/home/drone1/ros2_ws/install/uwb_new/share/uwb_new/hook/pkg_config_path.dsv'
[3.964s] INFO:colcon.colcon_core.shell:Creating environment hook '/home/drone1/ros2_ws/install/uwb_new/share/uwb_new/hook/pkg_config_path.sh'
[3.968s] Level 1:colcon.colcon_core.shell:create_environment_hook('uwb_new', 'pkg_config_path_multiarch')
[3.970s] INFO:colcon.colcon_core.shell:Creating environment hook '/home/drone1/ros2_ws/install/uwb_new/share/uwb_new/hook/pkg_config_path_multiarch.ps1'
[3.973s] INFO:colcon.colcon_core.shell:Creating environment descriptor '/home/drone1/ros2_ws/install/uwb_new/share/uwb_new/hook/pkg_config_path_multiarch.dsv'
[3.977s] INFO:colcon.colcon_core.shell:Creating environment hook '/home/drone1/ros2_ws/install/uwb_new/share/uwb_new/hook/pkg_config_path_multiarch.sh'
[3.985s] Level 1:colcon.colcon_core.environment:create_environment_scripts_only(uwb_new)
[3.988s] Level 1:colcon.colcon_core.environment:checking '/home/drone1/ros2_ws/install/uwb_new' for CMake module files
[3.992s] Level 1:colcon.colcon_core.environment:checking '/home/drone1/ros2_ws/install/uwb_new' for CMake config files
[3.995s] Level 1:colcon.colcon_core.shell:create_environment_hook('uwb_new', 'cmake_prefix_path')
[3.998s] INFO:colcon.colcon_core.shell:Creating environment hook '/home/drone1/ros2_ws/install/uwb_new/share/uwb_new/hook/cmake_prefix_path.ps1'
[4.003s] INFO:colcon.colcon_core.shell:Creating environment descriptor '/home/drone1/ros2_ws/install/uwb_new/share/uwb_new/hook/cmake_prefix_path.dsv'
[4.006s] INFO:colcon.colcon_core.shell:Creating environment hook '/home/drone1/ros2_ws/install/uwb_new/share/uwb_new/hook/cmake_prefix_path.sh'
[4.010s] Level 1:colcon.colcon_core.environment:checking '/home/drone1/ros2_ws/install/uwb_new/lib'
[4.010s] Level 1:colcon.colcon_core.environment:checking '/home/drone1/ros2_ws/install/uwb_new/bin'
[4.011s] Level 1:colcon.colcon_core.environment:checking '/home/drone1/ros2_ws/install/uwb_new/lib/pkgconfig/uwb_new.pc'
[4.012s] Level 1:colcon.colcon_core.environment:checking '/home/drone1/ros2_ws/install/uwb_new/lib/python3.10/site-packages'
[4.014s] Level 1:colcon.colcon_core.environment:checking '/home/drone1/ros2_ws/install/uwb_new/bin'
[4.016s] INFO:colcon.colcon_core.shell:Creating package script '/home/drone1/ros2_ws/install/uwb_new/share/uwb_new/package.ps1'
[4.021s] INFO:colcon.colcon_core.shell:Creating package descriptor '/home/drone1/ros2_ws/install/uwb_new/share/uwb_new/package.dsv'
[4.024s] INFO:colcon.colcon_core.shell:Creating package script '/home/drone1/ros2_ws/install/uwb_new/share/uwb_new/package.sh'
[4.027s] INFO:colcon.colcon_core.shell:Creating package script '/home/drone1/ros2_ws/install/uwb_new/share/uwb_new/package.bash'
[4.030s] INFO:colcon.colcon_core.shell:Creating package script '/home/drone1/ros2_ws/install/uwb_new/share/uwb_new/package.zsh'
[4.033s] Level 1:colcon.colcon_core.environment:create_file_with_runtime_dependencies(/home/drone1/ros2_ws/install/uwb_new/share/colcon-core/packages/uwb_new)
[4.037s] Level 1:colcon.colcon_core.shell:create_environment_hook('uwb_new_package', 'ros_package_path')
[4.039s] INFO:colcon.colcon_core.shell:Creating environment hook '/home/drone1/ros2_ws/install/uwb_new_package/share/uwb_new_package/hook/ros_package_path.ps1'
[4.042s] INFO:colcon.colcon_core.shell:Creating environment descriptor '/home/drone1/ros2_ws/install/uwb_new_package/share/uwb_new_package/hook/ros_package_path.dsv'
[4.045s] INFO:colcon.colcon_core.shell:Creating environment hook '/home/drone1/ros2_ws/install/uwb_new_package/share/uwb_new_package/hook/ros_package_path.sh'
[4.049s] Level 1:colcon.colcon_core.shell:create_environment_hook('uwb_new_package', 'pkg_config_path')
[4.051s] INFO:colcon.colcon_core.shell:Creating environment hook '/home/drone1/ros2_ws/install/uwb_new_package/share/uwb_new_package/hook/pkg_config_path.ps1'
[4.054s] INFO:colcon.colcon_core.shell:Creating environment descriptor '/home/drone1/ros2_ws/install/uwb_new_package/share/uwb_new_package/hook/pkg_config_path.dsv'
[4.057s] INFO:colcon.colcon_core.shell:Creating environment hook '/home/drone1/ros2_ws/install/uwb_new_package/share/uwb_new_package/hook/pkg_config_path.sh'
[4.060s] Level 1:colcon.colcon_core.shell:create_environment_hook('uwb_new_package', 'pkg_config_path_multiarch')
[4.063s] INFO:colcon.colcon_core.shell:Creating environment hook '/home/drone1/ros2_ws/install/uwb_new_package/share/uwb_new_package/hook/pkg_config_path_multiarch.ps1'
[4.067s] INFO:colcon.colcon_core.shell:Creating environment descriptor '/home/drone1/ros2_ws/install/uwb_new_package/share/uwb_new_package/hook/pkg_config_path_multiarch.dsv'
[4.071s] INFO:colcon.colcon_core.shell:Creating environment hook '/home/drone1/ros2_ws/install/uwb_new_package/share/uwb_new_package/hook/pkg_config_path_multiarch.sh'
[4.076s] Level 1:colcon.colcon_core.environment:create_environment_scripts_only(uwb_new_package)
[4.078s] Level 1:colcon.colcon_core.environment:checking '/home/drone1/ros2_ws/install/uwb_new_package' for CMake module files
[4.082s] Level 1:colcon.colcon_core.environment:checking '/home/drone1/ros2_ws/install/uwb_new_package' for CMake config files
[4.086s] Level 1:colcon.colcon_core.shell:create_environment_hook('uwb_new_package', 'cmake_prefix_path')
[4.088s] INFO:colcon.colcon_core.shell:Creating environment hook '/home/drone1/ros2_ws/install/uwb_new_package/share/uwb_new_package/hook/cmake_prefix_path.ps1'
[4.093s] INFO:colcon.colcon_core.shell:Creating environment descriptor '/home/drone1/ros2_ws/install/uwb_new_package/share/uwb_new_package/hook/cmake_prefix_path.dsv'
[4.095s] INFO:colcon.colcon_core.shell:Creating environment hook '/home/drone1/ros2_ws/install/uwb_new_package/share/uwb_new_package/hook/cmake_prefix_path.sh'
[4.099s] Level 1:colcon.colcon_core.environment:checking '/home/drone1/ros2_ws/install/uwb_new_package/lib'
[4.100s] Level 1:colcon.colcon_core.environment:checking '/home/drone1/ros2_ws/install/uwb_new_package/bin'
[4.101s] Level 1:colcon.colcon_core.environment:checking '/home/drone1/ros2_ws/install/uwb_new_package/lib/pkgconfig/uwb_new_package.pc'
[4.102s] Level 1:colcon.colcon_core.environment:checking '/home/drone1/ros2_ws/install/uwb_new_package/lib/python3.10/site-packages'
[4.104s] Level 1:colcon.colcon_core.environment:checking '/home/drone1/ros2_ws/install/uwb_new_package/bin'
[4.106s] INFO:colcon.colcon_core.shell:Creating package script '/home/drone1/ros2_ws/install/uwb_new_package/share/uwb_new_package/package.ps1'
[4.110s] INFO:colcon.colcon_core.shell:Creating package descriptor '/home/drone1/ros2_ws/install/uwb_new_package/share/uwb_new_package/package.dsv'
[4.113s] INFO:colcon.colcon_core.shell:Creating package script '/home/drone1/ros2_ws/install/uwb_new_package/share/uwb_new_package/package.sh'
[4.117s] INFO:colcon.colcon_core.shell:Creating package script '/home/drone1/ros2_ws/install/uwb_new_package/share/uwb_new_package/package.bash'
[4.119s] INFO:colcon.colcon_core.shell:Creating package script '/home/drone1/ros2_ws/install/uwb_new_package/share/uwb_new_package/package.zsh'
[4.122s] Level 1:colcon.colcon_core.environment:create_file_with_runtime_dependencies(/home/drone1/ros2_ws/install/uwb_new_package/share/colcon-core/packages/uwb_new_package)
[5.864s] DEBUG:colcon.colcon_core.event_handler.log_command:Invoking command in '/home/drone1/ros2_ws/src/arm': PYTHONPATH=/home/drone1/ros2_ws/build/arm/prefix_override:/usr/lib/python3/dist-packages/colcon_core/task/python/colcon_distutils_commands:/home/drone1/ros2_ws/install/arm/lib/python3.10/site-packages:${PYTHONPATH} /usr/bin/python3 -W ignore:setup.py install is deprecated setup.py egg_info --egg-base ../../build/arm build --build-base /home/drone1/ros2_ws/build/arm/build install --record /home/drone1/ros2_ws/build/arm/install.log --single-version-externally-managed install_data
[8.742s] Level 1:colcon.colcon_core.environment:checking '/home/drone1/ros2_ws/install/arm' for CMake module files
[8.744s] DEBUG:colcon.colcon_core.event_handler.log_command:Invoked command in '/home/drone1/ros2_ws/src/arm' returned '0': PYTHONPATH=/home/drone1/ros2_ws/build/arm/prefix_override:/usr/lib/python3/dist-packages/colcon_core/task/python/colcon_distutils_commands:/home/drone1/ros2_ws/install/arm/lib/python3.10/site-packages:${PYTHONPATH} /usr/bin/python3 -W ignore:setup.py install is deprecated setup.py egg_info --egg-base ../../build/arm build --build-base /home/drone1/ros2_ws/build/arm/build install --record /home/drone1/ros2_ws/build/arm/install.log --single-version-externally-managed install_data
[8.746s] Level 1:colcon.colcon_core.environment:checking '/home/drone1/ros2_ws/install/arm' for CMake config files
[8.751s] Level 1:colcon.colcon_core.environment:checking '/home/drone1/ros2_ws/install/arm/lib'
[8.752s] Level 1:colcon.colcon_core.environment:checking '/home/drone1/ros2_ws/install/arm/bin'
[8.752s] Level 1:colcon.colcon_core.environment:checking '/home/drone1/ros2_ws/install/arm/lib/pkgconfig/arm.pc'
[8.753s] Level 1:colcon.colcon_core.environment:checking '/home/drone1/ros2_ws/install/arm/lib/python3.10/site-packages'
[8.754s] Level 1:colcon.colcon_core.shell:create_environment_hook('arm', 'pythonpath')
[8.755s] INFO:colcon.colcon_core.shell:Creating environment hook '/home/drone1/ros2_ws/install/arm/share/arm/hook/pythonpath.ps1'
[8.757s] INFO:colcon.colcon_core.shell:Creating environment descriptor '/home/drone1/ros2_ws/install/arm/share/arm/hook/pythonpath.dsv'
[8.759s] INFO:colcon.colcon_core.shell:Creating environment hook '/home/drone1/ros2_ws/install/arm/share/arm/hook/pythonpath.sh'
[8.763s] Level 1:colcon.colcon_core.environment:checking '/home/drone1/ros2_ws/install/arm/bin'
[8.763s] Level 1:colcon.colcon_core.environment:create_environment_scripts_only(arm)
[8.765s] INFO:colcon.colcon_core.shell:Creating package script '/home/drone1/ros2_ws/install/arm/share/arm/package.ps1'
[8.767s] INFO:colcon.colcon_core.shell:Creating package descriptor '/home/drone1/ros2_ws/install/arm/share/arm/package.dsv'
[8.770s] INFO:colcon.colcon_core.shell:Creating package script '/home/drone1/ros2_ws/install/arm/share/arm/package.sh'
[8.772s] INFO:colcon.colcon_core.shell:Creating package script '/home/drone1/ros2_ws/install/arm/share/arm/package.bash'
[8.774s] INFO:colcon.colcon_core.shell:Creating package script '/home/drone1/ros2_ws/install/arm/share/arm/package.zsh'
[8.776s] Level 1:colcon.colcon_core.environment:create_file_with_runtime_dependencies(/home/drone1/ros2_ws/install/arm/share/colcon-core/packages/arm)
[8.777s] DEBUG:colcon.colcon_parallel_executor.executor.parallel:closing loop
[8.779s] DEBUG:colcon.colcon_parallel_executor.executor.parallel:loop closed
[8.779s] DEBUG:colcon.colcon_parallel_executor.executor.parallel:run_until_complete finished with '0'
[8.780s] DEBUG:colcon.colcon_core.event_reactor:joining thread
[8.809s] INFO:colcon.colcon_core.plugin_system:Skipping extension 'colcon_notification.desktop_notification.terminal_notifier': Not used on non-Darwin systems
[8.809s] INFO:colcon.colcon_core.plugin_system:Skipping extension 'colcon_notification.desktop_notification.win32': Not used on non-Windows systems
[8.809s] INFO:colcon.colcon_notification.desktop_notification:Sending desktop notification using 'notify2'
[8.875s] DEBUG:colcon.colcon_core.event_reactor:joined thread
[8.877s] INFO:colcon.colcon_core.shell:Creating prefix script '/home/drone1/ros2_ws/install/local_setup.ps1'
[8.882s] INFO:colcon.colcon_core.shell:Creating prefix util module '/home/drone1/ros2_ws/install/_local_setup_util_ps1.py'
[8.891s] INFO:colcon.colcon_core.shell:Creating prefix chain script '/home/drone1/ros2_ws/install/setup.ps1'
[8.897s] INFO:colcon.colcon_core.shell:Creating prefix script '/home/drone1/ros2_ws/install/local_setup.sh'
[8.901s] INFO:colcon.colcon_core.shell:Creating prefix util module '/home/drone1/ros2_ws/install/_local_setup_util_sh.py'
[8.904s] INFO:colcon.colcon_core.shell:Creating prefix chain script '/home/drone1/ros2_ws/install/setup.sh'
[8.912s] INFO:colcon.colcon_core.shell:Creating prefix script '/home/drone1/ros2_ws/install/local_setup.bash'
[8.915s] INFO:colcon.colcon_core.shell:Creating prefix chain script '/home/drone1/ros2_ws/install/setup.bash'
[8.923s] INFO:colcon.colcon_core.shell:Creating prefix script '/home/drone1/ros2_ws/install/local_setup.zsh'
[8.926s] INFO:colcon.colcon_core.shell:Creating prefix chain script '/home/drone1/ros2_ws/install/setup.zsh'
