[0.540s] DEBUG:colcon:Command line arguments: ['/usr/bin/colcon', 'build']
[0.540s] DEBUG:colcon:Parsed command line arguments: Namespace(log_base=None, log_level=None, verb_name='build', build_base='build', install_base='install', merge_install=False, symlink_install=False, test_result_base=None, continue_on_error=False, executor='parallel', parallel_workers=4, event_handlers=None, ignore_user_meta=False, metas=['./colcon.meta'], base_paths=['.'], packages_ignore=None, packages_ignore_regex=None, paths=None, packages_up_to=None, packages_up_to_regex=None, packages_above=None, packages_above_and_dependencies=None, packages_above_depth=None, packages_select_by_dep=None, packages_skip_by_dep=None, packages_skip_up_to=None, packages_select_build_failed=False, packages_skip_build_finished=False, packages_select_test_failures=False, packages_skip_test_passed=False, packages_select=None, packages_skip=None, packages_select_regex=None, packages_skip_regex=None, packages_start=None, packages_end=None, allow_overriding=[], cmake_args=None, cmake_target=None, cmake_target_skip_unavailable=False, cmake_clean_cache=False, cmake_clean_first=False, cmake_force_configure=False, ament_cmake_args=None, catkin_cmake_args=None, catkin_skip_building_tests=False, mixin_files=None, mixin=None, verb_parser=<colcon_mixin.mixin.mixin_argument.MixinArgumentDecorator object at 0xffffb15c1030>, verb_extension=<colcon_core.verb.build.BuildVerb object at 0xffffb16f5ea0>, main=<bound method BuildVerb.main of <colcon_core.verb.build.BuildVerb object at 0xffffb16f5ea0>>, mixin_verb=('build',))
[0.732s] Level 1:colcon.colcon_core.package_discovery:discover_packages(colcon_meta) check parameters
[0.733s] Level 1:colcon.colcon_core.package_discovery:discover_packages(recursive) check parameters
[0.733s] Level 1:colcon.colcon_core.package_discovery:discover_packages(ignore) check parameters
[0.733s] Level 1:colcon.colcon_core.package_discovery:discover_packages(path) check parameters
[0.733s] Level 1:colcon.colcon_core.package_discovery:discover_packages(colcon_meta) discover
[0.733s] Level 1:colcon.colcon_core.package_discovery:discover_packages(recursive) discover
[0.734s] INFO:colcon.colcon_core.package_discovery:Crawling recursively for packages in '/home/drone1/ros2_ws'
[0.734s] Level 1:colcon.colcon_core.package_identification:_identify(.) by extensions ['ignore', 'ignore_ament_install']
[0.734s] Level 1:colcon.colcon_core.package_identification:_identify(.) by extension 'ignore'
[0.735s] Level 1:colcon.colcon_core.package_identification:_identify(.) by extension 'ignore_ament_install'
[0.735s] Level 1:colcon.colcon_core.package_identification:_identify(.) by extensions ['colcon_pkg']
[0.735s] Level 1:colcon.colcon_core.package_identification:_identify(.) by extension 'colcon_pkg'
[0.735s] Level 1:colcon.colcon_core.package_identification:_identify(.) by extensions ['colcon_meta']
[0.736s] Level 1:colcon.colcon_core.package_identification:_identify(.) by extension 'colcon_meta'
[0.736s] Level 1:colcon.colcon_core.package_identification:_identify(.) by extensions ['ros']
[0.736s] Level 1:colcon.colcon_core.package_identification:_identify(.) by extension 'ros'
[0.808s] Level 1:colcon.colcon_core.package_identification:_identify(.) by extensions ['cmake', 'python']
[0.808s] Level 1:colcon.colcon_core.package_identification:_identify(.) by extension 'cmake'
[0.808s] Level 1:colcon.colcon_core.package_identification:_identify(.) by extension 'python'
[0.808s] Level 1:colcon.colcon_core.package_identification:_identify(.) by extensions ['python_setup_py']
[0.808s] Level 1:colcon.colcon_core.package_identification:_identify(.) by extension 'python_setup_py'
[0.809s] Level 1:colcon.colcon_core.package_identification:_identify(build) by extensions ['ignore', 'ignore_ament_install']
[0.809s] Level 1:colcon.colcon_core.package_identification:_identify(build) by extension 'ignore'
[0.810s] Level 1:colcon.colcon_core.package_identification:_identify(build) ignored
[0.811s] Level 1:colcon.colcon_core.package_identification:_identify(install) by extensions ['ignore', 'ignore_ament_install']
[0.811s] Level 1:colcon.colcon_core.package_identification:_identify(install) by extension 'ignore'
[0.812s] Level 1:colcon.colcon_core.package_identification:_identify(install) ignored
[0.812s] Level 1:colcon.colcon_core.package_identification:_identify(log) by extensions ['ignore', 'ignore_ament_install']
[0.813s] Level 1:colcon.colcon_core.package_identification:_identify(log) by extension 'ignore'
[0.813s] Level 1:colcon.colcon_core.package_identification:_identify(log) ignored
[0.813s] Level 1:colcon.colcon_core.package_identification:_identify(src) by extensions ['ignore', 'ignore_ament_install']
[0.814s] Level 1:colcon.colcon_core.package_identification:_identify(src) by extension 'ignore'
[0.814s] Level 1:colcon.colcon_core.package_identification:_identify(src) by extension 'ignore_ament_install'
[0.814s] Level 1:colcon.colcon_core.package_identification:_identify(src) by extensions ['colcon_pkg']
[0.814s] Level 1:colcon.colcon_core.package_identification:_identify(src) by extension 'colcon_pkg'
[0.815s] Level 1:colcon.colcon_core.package_identification:_identify(src) by extensions ['colcon_meta']
[0.815s] Level 1:colcon.colcon_core.package_identification:_identify(src) by extension 'colcon_meta'
[0.815s] Level 1:colcon.colcon_core.package_identification:_identify(src) by extensions ['ros']
[0.815s] Level 1:colcon.colcon_core.package_identification:_identify(src) by extension 'ros'
[0.816s] Level 1:colcon.colcon_core.package_identification:_identify(src) by extensions ['cmake', 'python']
[0.816s] Level 1:colcon.colcon_core.package_identification:_identify(src) by extension 'cmake'
[0.816s] Level 1:colcon.colcon_core.package_identification:_identify(src) by extension 'python'
[0.816s] Level 1:colcon.colcon_core.package_identification:_identify(src) by extensions ['python_setup_py']
[0.816s] Level 1:colcon.colcon_core.package_identification:_identify(src) by extension 'python_setup_py'
[0.817s] Level 1:colcon.colcon_core.package_identification:_identify(src/arm) by extensions ['ignore', 'ignore_ament_install']
[0.817s] Level 1:colcon.colcon_core.package_identification:_identify(src/arm) by extension 'ignore'
[0.818s] Level 1:colcon.colcon_core.package_identification:_identify(src/arm) by extension 'ignore_ament_install'
[0.818s] Level 1:colcon.colcon_core.package_identification:_identify(src/arm) by extensions ['colcon_pkg']
[0.818s] Level 1:colcon.colcon_core.package_identification:_identify(src/arm) by extension 'colcon_pkg'
[0.818s] Level 1:colcon.colcon_core.package_identification:_identify(src/arm) by extensions ['colcon_meta']
[0.818s] Level 1:colcon.colcon_core.package_identification:_identify(src/arm) by extension 'colcon_meta'
[0.819s] Level 1:colcon.colcon_core.package_identification:_identify(src/arm) by extensions ['ros']
[0.819s] Level 1:colcon.colcon_core.package_identification:_identify(src/arm) by extension 'ros'
[0.829s] DEBUG:colcon.colcon_core.package_identification:Package 'src/arm' with type 'ros.ament_python' and name 'arm'
[0.830s] Level 1:colcon.colcon_core.package_identification:_identify(src/uwb_new) by extensions ['ignore', 'ignore_ament_install']
[0.830s] Level 1:colcon.colcon_core.package_identification:_identify(src/uwb_new) by extension 'ignore'
[0.831s] Level 1:colcon.colcon_core.package_identification:_identify(src/uwb_new) by extension 'ignore_ament_install'
[0.831s] Level 1:colcon.colcon_core.package_identification:_identify(src/uwb_new) by extensions ['colcon_pkg']
[0.831s] Level 1:colcon.colcon_core.package_identification:_identify(src/uwb_new) by extension 'colcon_pkg'
[0.831s] Level 1:colcon.colcon_core.package_identification:_identify(src/uwb_new) by extensions ['colcon_meta']
[0.832s] Level 1:colcon.colcon_core.package_identification:_identify(src/uwb_new) by extension 'colcon_meta'
[0.832s] Level 1:colcon.colcon_core.package_identification:_identify(src/uwb_new) by extensions ['ros']
[0.832s] Level 1:colcon.colcon_core.package_identification:_identify(src/uwb_new) by extension 'ros'
[0.835s] DEBUG:colcon.colcon_core.package_identification:Package 'src/uwb_new' with type 'ros.catkin' and name 'uwb_new'
[0.836s] Level 1:colcon.colcon_core.package_identification:_identify(uwb) by extensions ['ignore', 'ignore_ament_install']
[0.836s] Level 1:colcon.colcon_core.package_identification:_identify(uwb) by extension 'ignore'
[0.837s] Level 1:colcon.colcon_core.package_identification:_identify(uwb) by extension 'ignore_ament_install'
[0.837s] Level 1:colcon.colcon_core.package_identification:_identify(uwb) by extensions ['colcon_pkg']
[0.837s] Level 1:colcon.colcon_core.package_identification:_identify(uwb) by extension 'colcon_pkg'
[0.837s] Level 1:colcon.colcon_core.package_identification:_identify(uwb) by extensions ['colcon_meta']
[0.837s] Level 1:colcon.colcon_core.package_identification:_identify(uwb) by extension 'colcon_meta'
[0.838s] Level 1:colcon.colcon_core.package_identification:_identify(uwb) by extensions ['ros']
[0.838s] Level 1:colcon.colcon_core.package_identification:_identify(uwb) by extension 'ros'
[0.840s] DEBUG:colcon.colcon_core.package_identification:Package 'uwb' with type 'ros.catkin' and name 'uwb'
[0.841s] Level 1:colcon.colcon_core.package_identification:_identify(uwb_new_package) by extensions ['ignore', 'ignore_ament_install']
[0.841s] Level 1:colcon.colcon_core.package_identification:_identify(uwb_new_package) by extension 'ignore'
[0.842s] Level 1:colcon.colcon_core.package_identification:_identify(uwb_new_package) by extension 'ignore_ament_install'
[0.842s] Level 1:colcon.colcon_core.package_identification:_identify(uwb_new_package) by extensions ['colcon_pkg']
[0.842s] Level 1:colcon.colcon_core.package_identification:_identify(uwb_new_package) by extension 'colcon_pkg'
[0.842s] Level 1:colcon.colcon_core.package_identification:_identify(uwb_new_package) by extensions ['colcon_meta']
[0.843s] Level 1:colcon.colcon_core.package_identification:_identify(uwb_new_package) by extension 'colcon_meta'
[0.843s] Level 1:colcon.colcon_core.package_identification:_identify(uwb_new_package) by extensions ['ros']
[0.843s] Level 1:colcon.colcon_core.package_identification:_identify(uwb_new_package) by extension 'ros'
[0.846s] DEBUG:colcon.colcon_core.package_identification:Package 'uwb_new_package' with type 'ros.catkin' and name 'uwb_new_package'
[0.846s] Level 1:colcon.colcon_core.package_discovery:discover_packages(recursive) using defaults
[0.847s] Level 1:colcon.colcon_core.package_discovery:discover_packages(ignore) discover
[0.847s] Level 1:colcon.colcon_core.package_discovery:discover_packages(ignore) using defaults
[0.847s] Level 1:colcon.colcon_core.package_discovery:discover_packages(path) discover
[0.847s] Level 1:colcon.colcon_core.package_discovery:discover_packages(path) using defaults
[0.942s] Level 1:colcon.colcon_core.package_discovery:discover_packages(prefix_path) check parameters
[0.943s] Level 1:colcon.colcon_core.package_discovery:discover_packages(prefix_path) discover
[0.953s] DEBUG:colcon.colcon_installed_package_information.package_discovery:Found 4 installed packages in /home/drone1/ros2_ws/install
[0.961s] DEBUG:colcon.colcon_installed_package_information.package_discovery:Found 191 installed packages in /opt/ros/humble
[0.967s] Level 1:colcon.colcon_core.package_discovery:discover_packages(prefix_path) using defaults
[1.100s] Level 5:colcon.colcon_core.verb:set package 'arm' build argument 'cmake_args' from command line to 'None'
[1.100s] Level 5:colcon.colcon_core.verb:set package 'arm' build argument 'cmake_target' from command line to 'None'
[1.101s] Level 5:colcon.colcon_core.verb:set package 'arm' build argument 'cmake_target_skip_unavailable' from command line to 'False'
[1.101s] Level 5:colcon.colcon_core.verb:set package 'arm' build argument 'cmake_clean_cache' from command line to 'False'
[1.101s] Level 5:colcon.colcon_core.verb:set package 'arm' build argument 'cmake_clean_first' from command line to 'False'
[1.101s] Level 5:colcon.colcon_core.verb:set package 'arm' build argument 'cmake_force_configure' from command line to 'False'
[1.101s] Level 5:colcon.colcon_core.verb:set package 'arm' build argument 'ament_cmake_args' from command line to 'None'
[1.101s] Level 5:colcon.colcon_core.verb:set package 'arm' build argument 'catkin_cmake_args' from command line to 'None'
[1.101s] Level 5:colcon.colcon_core.verb:set package 'arm' build argument 'catkin_skip_building_tests' from command line to 'False'
[1.102s] DEBUG:colcon.colcon_core.verb:Building package 'arm' with the following arguments: {'ament_cmake_args': None, 'build_base': '/home/drone1/ros2_ws/build/arm', 'catkin_cmake_args': None, 'catkin_skip_building_tests': False, 'cmake_args': None, 'cmake_clean_cache': False, 'cmake_clean_first': False, 'cmake_force_configure': False, 'cmake_target': None, 'cmake_target_skip_unavailable': False, 'install_base': '/home/drone1/ros2_ws/install/arm', 'merge_install': False, 'path': '/home/drone1/ros2_ws/src/arm', 'symlink_install': False, 'test_result_base': None}
[1.103s] Level 5:colcon.colcon_core.verb:set package 'uwb' build argument 'cmake_args' from command line to 'None'
[1.103s] Level 5:colcon.colcon_core.verb:set package 'uwb' build argument 'cmake_target' from command line to 'None'
[1.104s] Level 5:colcon.colcon_core.verb:set package 'uwb' build argument 'cmake_target_skip_unavailable' from command line to 'False'
[1.104s] Level 5:colcon.colcon_core.verb:set package 'uwb' build argument 'cmake_clean_cache' from command line to 'False'
[1.104s] Level 5:colcon.colcon_core.verb:set package 'uwb' build argument 'cmake_clean_first' from command line to 'False'
[1.104s] Level 5:colcon.colcon_core.verb:set package 'uwb' build argument 'cmake_force_configure' from command line to 'False'
[1.104s] Level 5:colcon.colcon_core.verb:set package 'uwb' build argument 'ament_cmake_args' from command line to 'None'
[1.104s] Level 5:colcon.colcon_core.verb:set package 'uwb' build argument 'catkin_cmake_args' from command line to 'None'
[1.104s] Level 5:colcon.colcon_core.verb:set package 'uwb' build argument 'catkin_skip_building_tests' from command line to 'False'
[1.104s] DEBUG:colcon.colcon_core.verb:Building package 'uwb' with the following arguments: {'ament_cmake_args': None, 'build_base': '/home/drone1/ros2_ws/build/uwb', 'catkin_cmake_args': None, 'catkin_skip_building_tests': False, 'cmake_args': None, 'cmake_clean_cache': False, 'cmake_clean_first': False, 'cmake_force_configure': False, 'cmake_target': None, 'cmake_target_skip_unavailable': False, 'install_base': '/home/drone1/ros2_ws/install/uwb', 'merge_install': False, 'path': '/home/drone1/ros2_ws/uwb', 'symlink_install': False, 'test_result_base': None}
[1.106s] Level 5:colcon.colcon_core.verb:set package 'uwb_new' build argument 'cmake_args' from command line to 'None'
[1.106s] Level 5:colcon.colcon_core.verb:set package 'uwb_new' build argument 'cmake_target' from command line to 'None'
[1.106s] Level 5:colcon.colcon_core.verb:set package 'uwb_new' build argument 'cmake_target_skip_unavailable' from command line to 'False'
[1.106s] Level 5:colcon.colcon_core.verb:set package 'uwb_new' build argument 'cmake_clean_cache' from command line to 'False'
[1.107s] Level 5:colcon.colcon_core.verb:set package 'uwb_new' build argument 'cmake_clean_first' from command line to 'False'
[1.107s] Level 5:colcon.colcon_core.verb:set package 'uwb_new' build argument 'cmake_force_configure' from command line to 'False'
[1.107s] Level 5:colcon.colcon_core.verb:set package 'uwb_new' build argument 'ament_cmake_args' from command line to 'None'
[1.107s] Level 5:colcon.colcon_core.verb:set package 'uwb_new' build argument 'catkin_cmake_args' from command line to 'None'
[1.107s] Level 5:colcon.colcon_core.verb:set package 'uwb_new' build argument 'catkin_skip_building_tests' from command line to 'False'
[1.107s] DEBUG:colcon.colcon_core.verb:Building package 'uwb_new' with the following arguments: {'ament_cmake_args': None, 'build_base': '/home/drone1/ros2_ws/build/uwb_new', 'catkin_cmake_args': None, 'catkin_skip_building_tests': False, 'cmake_args': None, 'cmake_clean_cache': False, 'cmake_clean_first': False, 'cmake_force_configure': False, 'cmake_target': None, 'cmake_target_skip_unavailable': False, 'install_base': '/home/drone1/ros2_ws/install/uwb_new', 'merge_install': False, 'path': '/home/drone1/ros2_ws/src/uwb_new', 'symlink_install': False, 'test_result_base': None}
[1.109s] Level 5:colcon.colcon_core.verb:set package 'uwb_new_package' build argument 'cmake_args' from command line to 'None'
[1.109s] Level 5:colcon.colcon_core.verb:set package 'uwb_new_package' build argument 'cmake_target' from command line to 'None'
[1.109s] Level 5:colcon.colcon_core.verb:set package 'uwb_new_package' build argument 'cmake_target_skip_unavailable' from command line to 'False'
[1.109s] Level 5:colcon.colcon_core.verb:set package 'uwb_new_package' build argument 'cmake_clean_cache' from command line to 'False'
[1.109s] Level 5:colcon.colcon_core.verb:set package 'uwb_new_package' build argument 'cmake_clean_first' from command line to 'False'
[1.109s] Level 5:colcon.colcon_core.verb:set package 'uwb_new_package' build argument 'cmake_force_configure' from command line to 'False'
[1.110s] Level 5:colcon.colcon_core.verb:set package 'uwb_new_package' build argument 'ament_cmake_args' from command line to 'None'
[1.110s] Level 5:colcon.colcon_core.verb:set package 'uwb_new_package' build argument 'catkin_cmake_args' from command line to 'None'
[1.110s] Level 5:colcon.colcon_core.verb:set package 'uwb_new_package' build argument 'catkin_skip_building_tests' from command line to 'False'
[1.110s] DEBUG:colcon.colcon_core.verb:Building package 'uwb_new_package' with the following arguments: {'ament_cmake_args': None, 'build_base': '/home/drone1/ros2_ws/build/uwb_new_package', 'catkin_cmake_args': None, 'catkin_skip_building_tests': False, 'cmake_args': None, 'cmake_clean_cache': False, 'cmake_clean_first': False, 'cmake_force_configure': False, 'cmake_target': None, 'cmake_target_skip_unavailable': False, 'install_base': '/home/drone1/ros2_ws/install/uwb_new_package', 'merge_install': False, 'path': '/home/drone1/ros2_ws/uwb_new_package', 'symlink_install': False, 'test_result_base': None}
[1.111s] INFO:colcon.colcon_core.executor:Executing jobs using 'parallel' executor
[1.114s] DEBUG:colcon.colcon_parallel_executor.executor.parallel:run_until_complete
[1.115s] INFO:colcon.colcon_ros.task.ament_python.build:Building ROS package in '/home/drone1/ros2_ws/src/arm' with build type 'ament_python'
[1.116s] Level 1:colcon.colcon_core.shell:create_environment_hook('arm', 'ament_prefix_path')
[1.126s] INFO:colcon.colcon_core.plugin_system:Skipping extension 'colcon_core.shell.bat': Not used on non-Windows systems
[1.128s] INFO:colcon.colcon_core.shell:Creating environment hook '/home/drone1/ros2_ws/install/arm/share/arm/hook/ament_prefix_path.ps1'
[1.132s] INFO:colcon.colcon_core.shell:Creating environment descriptor '/home/drone1/ros2_ws/install/arm/share/arm/hook/ament_prefix_path.dsv'
[1.135s] INFO:colcon.colcon_core.shell:Creating environment hook '/home/drone1/ros2_ws/install/arm/share/arm/hook/ament_prefix_path.sh'
[1.139s] INFO:colcon.colcon_core.shell:Skip shell extension 'powershell' for command environment: Not usable outside of PowerShell
[1.140s] DEBUG:colcon.colcon_core.shell:Skip shell extension 'dsv' for command environment
[1.162s] INFO:colcon.colcon_ros.task.catkin.build:Building ROS package in '/home/drone1/ros2_ws/uwb' with build type 'catkin'
[1.162s] INFO:colcon.colcon_cmake.task.cmake.build:Building CMake package in '/home/drone1/ros2_ws/uwb'
[1.164s] INFO:colcon.colcon_core.shell:Skip shell extension 'powershell' for command environment: Not usable outside of PowerShell
[1.164s] DEBUG:colcon.colcon_core.shell:Skip shell extension 'dsv' for command environment
[1.189s] INFO:colcon.colcon_ros.task.catkin.build:Building ROS package in '/home/drone1/ros2_ws/src/uwb_new' with build type 'catkin'
[1.190s] INFO:colcon.colcon_cmake.task.cmake.build:Building CMake package in '/home/drone1/ros2_ws/src/uwb_new'
[1.191s] INFO:colcon.colcon_core.shell:Skip shell extension 'powershell' for command environment: Not usable outside of PowerShell
[1.192s] DEBUG:colcon.colcon_core.shell:Skip shell extension 'dsv' for command environment
[1.216s] INFO:colcon.colcon_ros.task.catkin.build:Building ROS package in '/home/drone1/ros2_ws/uwb_new_package' with build type 'catkin'
[1.217s] INFO:colcon.colcon_cmake.task.cmake.build:Building CMake package in '/home/drone1/ros2_ws/uwb_new_package'
[1.219s] INFO:colcon.colcon_core.shell:Skip shell extension 'powershell' for command environment: Not usable outside of PowerShell
[1.219s] DEBUG:colcon.colcon_core.shell:Skip shell extension 'dsv' for command environment
[2.329s] INFO:colcon.colcon_core.task.python.build:Building Python package in '/home/drone1/ros2_ws/src/arm'
[2.330s] INFO:colcon.colcon_core.shell:Skip shell extension 'powershell' for command environment: Not usable outside of PowerShell
[2.330s] DEBUG:colcon.colcon_core.shell:Skip shell extension 'dsv' for command environment
[2.373s] DEBUG:colcon.colcon_core.event_handler.log_command:Invoking command in '/home/drone1/ros2_ws/build/uwb': /usr/bin/cmake --build /home/drone1/ros2_ws/build/uwb -- -j4 -l4
[2.403s] DEBUG:colcon.colcon_core.event_handler.log_command:Invoking command in '/home/drone1/ros2_ws/build/uwb_new': /usr/bin/cmake --build /home/drone1/ros2_ws/build/uwb_new -- -j4 -l4
[2.439s] DEBUG:colcon.colcon_core.event_handler.log_command:Invoking command in '/home/drone1/ros2_ws/build/uwb_new_package': /usr/bin/cmake --build /home/drone1/ros2_ws/build/uwb_new_package -- -j4 -l4
[2.837s] DEBUG:colcon.colcon_core.event_handler.log_command:Invoked command in '/home/drone1/ros2_ws/build/uwb_new_package' returned '0': /usr/bin/cmake --build /home/drone1/ros2_ws/build/uwb_new_package -- -j4 -l4
[2.844s] DEBUG:colcon.colcon_core.event_handler.log_command:Invoked command in '/home/drone1/ros2_ws/build/uwb_new' returned '0': /usr/bin/cmake --build /home/drone1/ros2_ws/build/uwb_new -- -j4 -l4
[2.859s] DEBUG:colcon.colcon_core.event_handler.log_command:Invoked command in '/home/drone1/ros2_ws/build/uwb' returned '0': /usr/bin/cmake --build /home/drone1/ros2_ws/build/uwb -- -j4 -l4
[3.450s] DEBUG:colcon.colcon_core.event_handler.log_command:Invoking command in '/home/drone1/ros2_ws/build/uwb': /usr/bin/cmake --install /home/drone1/ros2_ws/build/uwb
[3.520s] DEBUG:colcon.colcon_core.event_handler.log_command:Invoking command in '/home/drone1/ros2_ws/build/uwb_new': /usr/bin/cmake --install /home/drone1/ros2_ws/build/uwb_new
[3.595s] DEBUG:colcon.colcon_core.event_handler.log_command:Invoking command in '/home/drone1/ros2_ws/build/uwb_new_package': /usr/bin/cmake --install /home/drone1/ros2_ws/build/uwb_new_package
[3.657s] DEBUG:colcon.colcon_core.event_handler.log_command:Invoked command in '/home/drone1/ros2_ws/build/uwb' returned '0': /usr/bin/cmake --install /home/drone1/ros2_ws/build/uwb
[3.658s] DEBUG:colcon.colcon_core.event_handler.log_command:Invoked command in '/home/drone1/ros2_ws/build/uwb_new' returned '0': /usr/bin/cmake --install /home/drone1/ros2_ws/build/uwb_new
[3.686s] DEBUG:colcon.colcon_core.event_handler.log_command:Invoked command in '/home/drone1/ros2_ws/build/uwb_new_package' returned '0': /usr/bin/cmake --install /home/drone1/ros2_ws/build/uwb_new_package
[3.874s] Level 1:colcon.colcon_core.shell:create_environment_hook('uwb', 'ros_package_path')
[3.875s] INFO:colcon.colcon_core.shell:Creating environment hook '/home/drone1/ros2_ws/install/uwb/share/uwb/hook/ros_package_path.ps1'
[3.878s] INFO:colcon.colcon_core.shell:Creating environment descriptor '/home/drone1/ros2_ws/install/uwb/share/uwb/hook/ros_package_path.dsv'
[3.881s] INFO:colcon.colcon_core.shell:Creating environment hook '/home/drone1/ros2_ws/install/uwb/share/uwb/hook/ros_package_path.sh'
[3.885s] Level 1:colcon.colcon_core.shell:create_environment_hook('uwb', 'pkg_config_path')
[3.887s] INFO:colcon.colcon_core.shell:Creating environment hook '/home/drone1/ros2_ws/install/uwb/share/uwb/hook/pkg_config_path.ps1'
[3.892s] INFO:colcon.colcon_core.shell:Creating environment descriptor '/home/drone1/ros2_ws/install/uwb/share/uwb/hook/pkg_config_path.dsv'
[3.895s] INFO:colcon.colcon_core.shell:Creating environment hook '/home/drone1/ros2_ws/install/uwb/share/uwb/hook/pkg_config_path.sh'
[3.930s] Level 1:colcon.colcon_core.shell:create_environment_hook('uwb', 'pkg_config_path_multiarch')
[3.932s] INFO:colcon.colcon_core.shell:Creating environment hook '/home/drone1/ros2_ws/install/uwb/share/uwb/hook/pkg_config_path_multiarch.ps1'
[3.937s] INFO:colcon.colcon_core.shell:Creating environment descriptor '/home/drone1/ros2_ws/install/uwb/share/uwb/hook/pkg_config_path_multiarch.dsv'
[3.940s] INFO:colcon.colcon_core.shell:Creating environment hook '/home/drone1/ros2_ws/install/uwb/share/uwb/hook/pkg_config_path_multiarch.sh'
[3.952s] Level 1:colcon.colcon_core.environment:create_environment_scripts_only(uwb)
[3.981s] Level 1:colcon.colcon_core.environment:checking '/home/drone1/ros2_ws/install/uwb' for CMake module files
[3.986s] Level 1:colcon.colcon_core.environment:checking '/home/drone1/ros2_ws/install/uwb' for CMake config files
[3.990s] Level 1:colcon.colcon_core.shell:create_environment_hook('uwb', 'cmake_prefix_path')
[3.991s] INFO:colcon.colcon_core.shell:Creating environment hook '/home/drone1/ros2_ws/install/uwb/share/uwb/hook/cmake_prefix_path.ps1'
[3.994s] INFO:colcon.colcon_core.shell:Creating environment descriptor '/home/drone1/ros2_ws/install/uwb/share/uwb/hook/cmake_prefix_path.dsv'
[3.998s] INFO:colcon.colcon_core.shell:Creating environment hook '/home/drone1/ros2_ws/install/uwb/share/uwb/hook/cmake_prefix_path.sh'
[4.002s] Level 1:colcon.colcon_core.environment:checking '/home/drone1/ros2_ws/install/uwb/lib'
[4.003s] Level 1:colcon.colcon_core.environment:checking '/home/drone1/ros2_ws/install/uwb/bin'
[4.003s] Level 1:colcon.colcon_core.environment:checking '/home/drone1/ros2_ws/install/uwb/lib/pkgconfig/uwb.pc'
[4.005s] Level 1:colcon.colcon_core.environment:checking '/home/drone1/ros2_ws/install/uwb/lib/python3.10/site-packages'
[4.006s] Level 1:colcon.colcon_core.environment:checking '/home/drone1/ros2_ws/install/uwb/bin'
[4.008s] INFO:colcon.colcon_core.shell:Creating package script '/home/drone1/ros2_ws/install/uwb/share/uwb/package.ps1'
[4.014s] INFO:colcon.colcon_core.shell:Creating package descriptor '/home/drone1/ros2_ws/install/uwb/share/uwb/package.dsv'
[4.018s] INFO:colcon.colcon_core.shell:Creating package script '/home/drone1/ros2_ws/install/uwb/share/uwb/package.sh'
[4.022s] INFO:colcon.colcon_core.shell:Creating package script '/home/drone1/ros2_ws/install/uwb/share/uwb/package.bash'
[4.026s] INFO:colcon.colcon_core.shell:Creating package script '/home/drone1/ros2_ws/install/uwb/share/uwb/package.zsh'
[4.031s] Level 1:colcon.colcon_core.environment:create_file_with_runtime_dependencies(/home/drone1/ros2_ws/install/uwb/share/colcon-core/packages/uwb)
[4.037s] Level 1:colcon.colcon_core.shell:create_environment_hook('uwb_new', 'ros_package_path')
[4.039s] INFO:colcon.colcon_core.shell:Creating environment hook '/home/drone1/ros2_ws/install/uwb_new/share/uwb_new/hook/ros_package_path.ps1'
[4.042s] INFO:colcon.colcon_core.shell:Creating environment descriptor '/home/drone1/ros2_ws/install/uwb_new/share/uwb_new/hook/ros_package_path.dsv'
[4.044s] INFO:colcon.colcon_core.shell:Creating environment hook '/home/drone1/ros2_ws/install/uwb_new/share/uwb_new/hook/ros_package_path.sh'
[4.048s] Level 1:colcon.colcon_core.shell:create_environment_hook('uwb_new', 'pkg_config_path')
[4.050s] INFO:colcon.colcon_core.shell:Creating environment hook '/home/drone1/ros2_ws/install/uwb_new/share/uwb_new/hook/pkg_config_path.ps1'
[4.053s] INFO:colcon.colcon_core.shell:Creating environment descriptor '/home/drone1/ros2_ws/install/uwb_new/share/uwb_new/hook/pkg_config_path.dsv'
[4.056s] INFO:colcon.colcon_core.shell:Creating environment hook '/home/drone1/ros2_ws/install/uwb_new/share/uwb_new/hook/pkg_config_path.sh'
[4.059s] Level 1:colcon.colcon_core.shell:create_environment_hook('uwb_new', 'pkg_config_path_multiarch')
[4.060s] INFO:colcon.colcon_core.shell:Creating environment hook '/home/drone1/ros2_ws/install/uwb_new/share/uwb_new/hook/pkg_config_path_multiarch.ps1'
[4.063s] INFO:colcon.colcon_core.shell:Creating environment descriptor '/home/drone1/ros2_ws/install/uwb_new/share/uwb_new/hook/pkg_config_path_multiarch.dsv'
[4.066s] INFO:colcon.colcon_core.shell:Creating environment hook '/home/drone1/ros2_ws/install/uwb_new/share/uwb_new/hook/pkg_config_path_multiarch.sh'
[4.070s] Level 1:colcon.colcon_core.environment:create_environment_scripts_only(uwb_new)
[4.073s] Level 1:colcon.colcon_core.environment:checking '/home/drone1/ros2_ws/install/uwb_new' for CMake module files
[4.077s] Level 1:colcon.colcon_core.environment:checking '/home/drone1/ros2_ws/install/uwb_new' for CMake config files
[4.082s] Level 1:colcon.colcon_core.shell:create_environment_hook('uwb_new', 'cmake_prefix_path')
[4.085s] INFO:colcon.colcon_core.shell:Creating environment hook '/home/drone1/ros2_ws/install/uwb_new/share/uwb_new/hook/cmake_prefix_path.ps1'
[4.087s] INFO:colcon.colcon_core.shell:Creating environment descriptor '/home/drone1/ros2_ws/install/uwb_new/share/uwb_new/hook/cmake_prefix_path.dsv'
[4.090s] INFO:colcon.colcon_core.shell:Creating environment hook '/home/drone1/ros2_ws/install/uwb_new/share/uwb_new/hook/cmake_prefix_path.sh'
[4.094s] Level 1:colcon.colcon_core.environment:checking '/home/drone1/ros2_ws/install/uwb_new/lib'
[4.095s] Level 1:colcon.colcon_core.environment:checking '/home/drone1/ros2_ws/install/uwb_new/bin'
[4.096s] Level 1:colcon.colcon_core.environment:checking '/home/drone1/ros2_ws/install/uwb_new/lib/pkgconfig/uwb_new.pc'
[4.098s] Level 1:colcon.colcon_core.environment:checking '/home/drone1/ros2_ws/install/uwb_new/lib/python3.10/site-packages'
[4.099s] Level 1:colcon.colcon_core.environment:checking '/home/drone1/ros2_ws/install/uwb_new/bin'
[4.101s] INFO:colcon.colcon_core.shell:Creating package script '/home/drone1/ros2_ws/install/uwb_new/share/uwb_new/package.ps1'
[4.105s] INFO:colcon.colcon_core.shell:Creating package descriptor '/home/drone1/ros2_ws/install/uwb_new/share/uwb_new/package.dsv'
[4.109s] INFO:colcon.colcon_core.shell:Creating package script '/home/drone1/ros2_ws/install/uwb_new/share/uwb_new/package.sh'
[4.111s] INFO:colcon.colcon_core.shell:Creating package script '/home/drone1/ros2_ws/install/uwb_new/share/uwb_new/package.bash'
[4.114s] INFO:colcon.colcon_core.shell:Creating package script '/home/drone1/ros2_ws/install/uwb_new/share/uwb_new/package.zsh'
[4.116s] Level 1:colcon.colcon_core.environment:create_file_with_runtime_dependencies(/home/drone1/ros2_ws/install/uwb_new/share/colcon-core/packages/uwb_new)
[4.118s] Level 1:colcon.colcon_core.shell:create_environment_hook('uwb_new_package', 'ros_package_path')
[4.119s] INFO:colcon.colcon_core.shell:Creating environment hook '/home/drone1/ros2_ws/install/uwb_new_package/share/uwb_new_package/hook/ros_package_path.ps1'
[4.123s] INFO:colcon.colcon_core.shell:Creating environment descriptor '/home/drone1/ros2_ws/install/uwb_new_package/share/uwb_new_package/hook/ros_package_path.dsv'
[4.125s] INFO:colcon.colcon_core.shell:Creating environment hook '/home/drone1/ros2_ws/install/uwb_new_package/share/uwb_new_package/hook/ros_package_path.sh'
[4.129s] Level 1:colcon.colcon_core.shell:create_environment_hook('uwb_new_package', 'pkg_config_path')
[4.130s] INFO:colcon.colcon_core.shell:Creating environment hook '/home/drone1/ros2_ws/install/uwb_new_package/share/uwb_new_package/hook/pkg_config_path.ps1'
[4.133s] INFO:colcon.colcon_core.shell:Creating environment descriptor '/home/drone1/ros2_ws/install/uwb_new_package/share/uwb_new_package/hook/pkg_config_path.dsv'
[4.136s] INFO:colcon.colcon_core.shell:Creating environment hook '/home/drone1/ros2_ws/install/uwb_new_package/share/uwb_new_package/hook/pkg_config_path.sh'
[4.139s] Level 1:colcon.colcon_core.shell:create_environment_hook('uwb_new_package', 'pkg_config_path_multiarch')
[4.140s] INFO:colcon.colcon_core.shell:Creating environment hook '/home/drone1/ros2_ws/install/uwb_new_package/share/uwb_new_package/hook/pkg_config_path_multiarch.ps1'
[4.143s] INFO:colcon.colcon_core.shell:Creating environment descriptor '/home/drone1/ros2_ws/install/uwb_new_package/share/uwb_new_package/hook/pkg_config_path_multiarch.dsv'
[4.146s] INFO:colcon.colcon_core.shell:Creating environment hook '/home/drone1/ros2_ws/install/uwb_new_package/share/uwb_new_package/hook/pkg_config_path_multiarch.sh'
[4.151s] Level 1:colcon.colcon_core.environment:create_environment_scripts_only(uwb_new_package)
[4.153s] Level 1:colcon.colcon_core.environment:checking '/home/drone1/ros2_ws/install/uwb_new_package' for CMake module files
[4.157s] Level 1:colcon.colcon_core.environment:checking '/home/drone1/ros2_ws/install/uwb_new_package' for CMake config files
[4.159s] Level 1:colcon.colcon_core.shell:create_environment_hook('uwb_new_package', 'cmake_prefix_path')
[4.161s] INFO:colcon.colcon_core.shell:Creating environment hook '/home/drone1/ros2_ws/install/uwb_new_package/share/uwb_new_package/hook/cmake_prefix_path.ps1'
[4.163s] INFO:colcon.colcon_core.shell:Creating environment descriptor '/home/drone1/ros2_ws/install/uwb_new_package/share/uwb_new_package/hook/cmake_prefix_path.dsv'
[4.166s] INFO:colcon.colcon_core.shell:Creating environment hook '/home/drone1/ros2_ws/install/uwb_new_package/share/uwb_new_package/hook/cmake_prefix_path.sh'
[4.170s] Level 1:colcon.colcon_core.environment:checking '/home/drone1/ros2_ws/install/uwb_new_package/lib'
[4.172s] Level 1:colcon.colcon_core.environment:checking '/home/drone1/ros2_ws/install/uwb_new_package/bin'
[4.172s] Level 1:colcon.colcon_core.environment:checking '/home/drone1/ros2_ws/install/uwb_new_package/lib/pkgconfig/uwb_new_package.pc'
[4.174s] Level 1:colcon.colcon_core.environment:checking '/home/drone1/ros2_ws/install/uwb_new_package/lib/python3.10/site-packages'
[4.175s] Level 1:colcon.colcon_core.environment:checking '/home/drone1/ros2_ws/install/uwb_new_package/bin'
[4.178s] INFO:colcon.colcon_core.shell:Creating package script '/home/drone1/ros2_ws/install/uwb_new_package/share/uwb_new_package/package.ps1'
[4.181s] INFO:colcon.colcon_core.shell:Creating package descriptor '/home/drone1/ros2_ws/install/uwb_new_package/share/uwb_new_package/package.dsv'
[4.184s] INFO:colcon.colcon_core.shell:Creating package script '/home/drone1/ros2_ws/install/uwb_new_package/share/uwb_new_package/package.sh'
[4.188s] INFO:colcon.colcon_core.shell:Creating package script '/home/drone1/ros2_ws/install/uwb_new_package/share/uwb_new_package/package.bash'
[4.191s] INFO:colcon.colcon_core.shell:Creating package script '/home/drone1/ros2_ws/install/uwb_new_package/share/uwb_new_package/package.zsh'
[4.193s] Level 1:colcon.colcon_core.environment:create_file_with_runtime_dependencies(/home/drone1/ros2_ws/install/uwb_new_package/share/colcon-core/packages/uwb_new_package)
[5.777s] DEBUG:colcon.colcon_core.event_handler.log_command:Invoking command in '/home/drone1/ros2_ws/src/arm': PYTHONPATH=/home/drone1/ros2_ws/build/arm/prefix_override:/usr/lib/python3/dist-packages/colcon_core/task/python/colcon_distutils_commands:/home/drone1/ros2_ws/install/arm/lib/python3.10/site-packages:${PYTHONPATH} /usr/bin/python3 -W ignore:setup.py install is deprecated setup.py egg_info --egg-base ../../build/arm build --build-base /home/drone1/ros2_ws/build/arm/build install --record /home/drone1/ros2_ws/build/arm/install.log --single-version-externally-managed install_data
[8.482s] Level 1:colcon.colcon_core.environment:checking '/home/drone1/ros2_ws/install/arm' for CMake module files
[8.484s] DEBUG:colcon.colcon_core.event_handler.log_command:Invoked command in '/home/drone1/ros2_ws/src/arm' returned '0': PYTHONPATH=/home/drone1/ros2_ws/build/arm/prefix_override:/usr/lib/python3/dist-packages/colcon_core/task/python/colcon_distutils_commands:/home/drone1/ros2_ws/install/arm/lib/python3.10/site-packages:${PYTHONPATH} /usr/bin/python3 -W ignore:setup.py install is deprecated setup.py egg_info --egg-base ../../build/arm build --build-base /home/drone1/ros2_ws/build/arm/build install --record /home/drone1/ros2_ws/build/arm/install.log --single-version-externally-managed install_data
[8.486s] Level 1:colcon.colcon_core.environment:checking '/home/drone1/ros2_ws/install/arm' for CMake config files
[8.491s] Level 1:colcon.colcon_core.environment:checking '/home/drone1/ros2_ws/install/arm/lib'
[8.491s] Level 1:colcon.colcon_core.environment:checking '/home/drone1/ros2_ws/install/arm/bin'
[8.492s] Level 1:colcon.colcon_core.environment:checking '/home/drone1/ros2_ws/install/arm/lib/pkgconfig/arm.pc'
[8.493s] Level 1:colcon.colcon_core.environment:checking '/home/drone1/ros2_ws/install/arm/lib/python3.10/site-packages'
[8.494s] Level 1:colcon.colcon_core.shell:create_environment_hook('arm', 'pythonpath')
[8.495s] INFO:colcon.colcon_core.shell:Creating environment hook '/home/drone1/ros2_ws/install/arm/share/arm/hook/pythonpath.ps1'
[8.498s] INFO:colcon.colcon_core.shell:Creating environment descriptor '/home/drone1/ros2_ws/install/arm/share/arm/hook/pythonpath.dsv'
[8.501s] INFO:colcon.colcon_core.shell:Creating environment hook '/home/drone1/ros2_ws/install/arm/share/arm/hook/pythonpath.sh'
[8.505s] Level 1:colcon.colcon_core.environment:checking '/home/drone1/ros2_ws/install/arm/bin'
[8.506s] Level 1:colcon.colcon_core.environment:create_environment_scripts_only(arm)
[8.508s] INFO:colcon.colcon_core.shell:Creating package script '/home/drone1/ros2_ws/install/arm/share/arm/package.ps1'
[8.513s] INFO:colcon.colcon_core.shell:Creating package descriptor '/home/drone1/ros2_ws/install/arm/share/arm/package.dsv'
[8.515s] INFO:colcon.colcon_core.shell:Creating package script '/home/drone1/ros2_ws/install/arm/share/arm/package.sh'
[8.518s] INFO:colcon.colcon_core.shell:Creating package script '/home/drone1/ros2_ws/install/arm/share/arm/package.bash'
[8.521s] INFO:colcon.colcon_core.shell:Creating package script '/home/drone1/ros2_ws/install/arm/share/arm/package.zsh'
[8.524s] Level 1:colcon.colcon_core.environment:create_file_with_runtime_dependencies(/home/drone1/ros2_ws/install/arm/share/colcon-core/packages/arm)
[8.526s] DEBUG:colcon.colcon_parallel_executor.executor.parallel:closing loop
[8.527s] DEBUG:colcon.colcon_parallel_executor.executor.parallel:loop closed
[8.528s] DEBUG:colcon.colcon_parallel_executor.executor.parallel:run_until_complete finished with '0'
[8.528s] DEBUG:colcon.colcon_core.event_reactor:joining thread
[8.556s] INFO:colcon.colcon_core.plugin_system:Skipping extension 'colcon_notification.desktop_notification.terminal_notifier': Not used on non-Darwin systems
[8.557s] INFO:colcon.colcon_core.plugin_system:Skipping extension 'colcon_notification.desktop_notification.win32': Not used on non-Windows systems
[8.557s] INFO:colcon.colcon_notification.desktop_notification:Sending desktop notification using 'notify2'
[8.620s] DEBUG:colcon.colcon_core.event_reactor:joined thread
[8.622s] INFO:colcon.colcon_core.shell:Creating prefix script '/home/drone1/ros2_ws/install/local_setup.ps1'
[8.627s] INFO:colcon.colcon_core.shell:Creating prefix util module '/home/drone1/ros2_ws/install/_local_setup_util_ps1.py'
[8.636s] INFO:colcon.colcon_core.shell:Creating prefix chain script '/home/drone1/ros2_ws/install/setup.ps1'
[8.643s] INFO:colcon.colcon_core.shell:Creating prefix script '/home/drone1/ros2_ws/install/local_setup.sh'
[8.647s] INFO:colcon.colcon_core.shell:Creating prefix util module '/home/drone1/ros2_ws/install/_local_setup_util_sh.py'
[8.651s] INFO:colcon.colcon_core.shell:Creating prefix chain script '/home/drone1/ros2_ws/install/setup.sh'
[8.658s] INFO:colcon.colcon_core.shell:Creating prefix script '/home/drone1/ros2_ws/install/local_setup.bash'
[8.661s] INFO:colcon.colcon_core.shell:Creating prefix chain script '/home/drone1/ros2_ws/install/setup.bash'
[8.668s] INFO:colcon.colcon_core.shell:Creating prefix script '/home/drone1/ros2_ws/install/local_setup.zsh'
[8.672s] INFO:colcon.colcon_core.shell:Creating prefix chain script '/home/drone1/ros2_ws/install/setup.zsh'
