[0.593s] DEBUG:colcon:Command line arguments: ['/usr/bin/colcon', 'build']
[0.594s] DEBUG:colcon:Parsed command line arguments: Namespace(log_base=None, log_level=None, verb_name='build', build_base='build', install_base='install', merge_install=False, symlink_install=False, test_result_base=None, continue_on_error=False, executor='parallel', parallel_workers=4, event_handlers=None, ignore_user_meta=False, metas=['./colcon.meta'], base_paths=['.'], packages_ignore=None, packages_ignore_regex=None, paths=None, packages_up_to=None, packages_up_to_regex=None, packages_above=None, packages_above_and_dependencies=None, packages_above_depth=None, packages_select_by_dep=None, packages_skip_by_dep=None, packages_skip_up_to=None, packages_select_build_failed=False, packages_skip_build_finished=False, packages_select_test_failures=False, packages_skip_test_passed=False, packages_select=None, packages_skip=None, packages_select_regex=None, packages_skip_regex=None, packages_start=None, packages_end=None, allow_overriding=[], cmake_args=None, cmake_target=None, cmake_target_skip_unavailable=False, cmake_clean_cache=False, cmake_clean_first=False, cmake_force_configure=False, ament_cmake_args=None, catkin_cmake_args=None, catkin_skip_building_tests=False, mixin_files=None, mixin=None, verb_parser=<colcon_mixin.mixin.mixin_argument.MixinArgumentDecorator object at 0xffff8abe9000>, verb_extension=<colcon_core.verb.build.BuildVerb object at 0xffff8ad19e70>, main=<bound method BuildVerb.main of <colcon_core.verb.build.BuildVerb object at 0xffff8ad19e70>>, mixin_verb=('build',))
[0.787s] Level 1:colcon.colcon_core.package_discovery:discover_packages(colcon_meta) check parameters
[0.787s] Level 1:colcon.colcon_core.package_discovery:discover_packages(recursive) check parameters
[0.788s] Level 1:colcon.colcon_core.package_discovery:discover_packages(ignore) check parameters
[0.788s] Level 1:colcon.colcon_core.package_discovery:discover_packages(path) check parameters
[0.788s] Level 1:colcon.colcon_core.package_discovery:discover_packages(colcon_meta) discover
[0.788s] Level 1:colcon.colcon_core.package_discovery:discover_packages(recursive) discover
[0.788s] INFO:colcon.colcon_core.package_discovery:Crawling recursively for packages in '/home/drone1/ros2_ws'
[0.789s] Level 1:colcon.colcon_core.package_identification:_identify(.) by extensions ['ignore', 'ignore_ament_install']
[0.789s] Level 1:colcon.colcon_core.package_identification:_identify(.) by extension 'ignore'
[0.790s] Level 1:colcon.colcon_core.package_identification:_identify(.) by extension 'ignore_ament_install'
[0.790s] Level 1:colcon.colcon_core.package_identification:_identify(.) by extensions ['colcon_pkg']
[0.790s] Level 1:colcon.colcon_core.package_identification:_identify(.) by extension 'colcon_pkg'
[0.791s] Level 1:colcon.colcon_core.package_identification:_identify(.) by extensions ['colcon_meta']
[0.791s] Level 1:colcon.colcon_core.package_identification:_identify(.) by extension 'colcon_meta'
[0.791s] Level 1:colcon.colcon_core.package_identification:_identify(.) by extensions ['ros']
[0.791s] Level 1:colcon.colcon_core.package_identification:_identify(.) by extension 'ros'
[0.862s] Level 1:colcon.colcon_core.package_identification:_identify(.) by extensions ['cmake', 'python']
[0.862s] Level 1:colcon.colcon_core.package_identification:_identify(.) by extension 'cmake'
[0.863s] Level 1:colcon.colcon_core.package_identification:_identify(.) by extension 'python'
[0.863s] Level 1:colcon.colcon_core.package_identification:_identify(.) by extensions ['python_setup_py']
[0.863s] Level 1:colcon.colcon_core.package_identification:_identify(.) by extension 'python_setup_py'
[0.864s] Level 1:colcon.colcon_core.package_identification:_identify(build) by extensions ['ignore', 'ignore_ament_install']
[0.865s] Level 1:colcon.colcon_core.package_identification:_identify(build) by extension 'ignore'
[0.865s] Level 1:colcon.colcon_core.package_identification:_identify(build) ignored
[0.866s] Level 1:colcon.colcon_core.package_identification:_identify(install) by extensions ['ignore', 'ignore_ament_install']
[0.867s] Level 1:colcon.colcon_core.package_identification:_identify(install) by extension 'ignore'
[0.867s] Level 1:colcon.colcon_core.package_identification:_identify(install) ignored
[0.868s] Level 1:colcon.colcon_core.package_identification:_identify(log) by extensions ['ignore', 'ignore_ament_install']
[0.869s] Level 1:colcon.colcon_core.package_identification:_identify(log) by extension 'ignore'
[0.869s] Level 1:colcon.colcon_core.package_identification:_identify(log) ignored
[0.870s] Level 1:colcon.colcon_core.package_identification:_identify(src) by extensions ['ignore', 'ignore_ament_install']
[0.870s] Level 1:colcon.colcon_core.package_identification:_identify(src) by extension 'ignore'
[0.870s] Level 1:colcon.colcon_core.package_identification:_identify(src) by extension 'ignore_ament_install'
[0.871s] Level 1:colcon.colcon_core.package_identification:_identify(src) by extensions ['colcon_pkg']
[0.871s] Level 1:colcon.colcon_core.package_identification:_identify(src) by extension 'colcon_pkg'
[0.871s] Level 1:colcon.colcon_core.package_identification:_identify(src) by extensions ['colcon_meta']
[0.871s] Level 1:colcon.colcon_core.package_identification:_identify(src) by extension 'colcon_meta'
[0.871s] Level 1:colcon.colcon_core.package_identification:_identify(src) by extensions ['ros']
[0.871s] Level 1:colcon.colcon_core.package_identification:_identify(src) by extension 'ros'
[0.872s] Level 1:colcon.colcon_core.package_identification:_identify(src) by extensions ['cmake', 'python']
[0.872s] Level 1:colcon.colcon_core.package_identification:_identify(src) by extension 'cmake'
[0.872s] Level 1:colcon.colcon_core.package_identification:_identify(src) by extension 'python'
[0.872s] Level 1:colcon.colcon_core.package_identification:_identify(src) by extensions ['python_setup_py']
[0.872s] Level 1:colcon.colcon_core.package_identification:_identify(src) by extension 'python_setup_py'
[0.873s] Level 1:colcon.colcon_core.package_identification:_identify(src/arm) by extensions ['ignore', 'ignore_ament_install']
[0.873s] Level 1:colcon.colcon_core.package_identification:_identify(src/arm) by extension 'ignore'
[0.874s] Level 1:colcon.colcon_core.package_identification:_identify(src/arm) by extension 'ignore_ament_install'
[0.874s] Level 1:colcon.colcon_core.package_identification:_identify(src/arm) by extensions ['colcon_pkg']
[0.874s] Level 1:colcon.colcon_core.package_identification:_identify(src/arm) by extension 'colcon_pkg'
[0.874s] Level 1:colcon.colcon_core.package_identification:_identify(src/arm) by extensions ['colcon_meta']
[0.875s] Level 1:colcon.colcon_core.package_identification:_identify(src/arm) by extension 'colcon_meta'
[0.875s] Level 1:colcon.colcon_core.package_identification:_identify(src/arm) by extensions ['ros']
[0.875s] Level 1:colcon.colcon_core.package_identification:_identify(src/arm) by extension 'ros'
[0.885s] DEBUG:colcon.colcon_core.package_identification:Package 'src/arm' with type 'ros.ament_python' and name 'arm'
[0.886s] Level 1:colcon.colcon_core.package_identification:_identify(src/uwb_new) by extensions ['ignore', 'ignore_ament_install']
[0.887s] Level 1:colcon.colcon_core.package_identification:_identify(src/uwb_new) by extension 'ignore'
[0.887s] Level 1:colcon.colcon_core.package_identification:_identify(src/uwb_new) by extension 'ignore_ament_install'
[0.887s] Level 1:colcon.colcon_core.package_identification:_identify(src/uwb_new) by extensions ['colcon_pkg']
[0.887s] Level 1:colcon.colcon_core.package_identification:_identify(src/uwb_new) by extension 'colcon_pkg'
[0.888s] Level 1:colcon.colcon_core.package_identification:_identify(src/uwb_new) by extensions ['colcon_meta']
[0.888s] Level 1:colcon.colcon_core.package_identification:_identify(src/uwb_new) by extension 'colcon_meta'
[0.888s] Level 1:colcon.colcon_core.package_identification:_identify(src/uwb_new) by extensions ['ros']
[0.888s] Level 1:colcon.colcon_core.package_identification:_identify(src/uwb_new) by extension 'ros'
[0.891s] DEBUG:colcon.colcon_core.package_identification:Package 'src/uwb_new' with type 'ros.catkin' and name 'uwb_new'
[0.892s] Level 1:colcon.colcon_core.package_identification:_identify(uwb) by extensions ['ignore', 'ignore_ament_install']
[0.892s] Level 1:colcon.colcon_core.package_identification:_identify(uwb) by extension 'ignore'
[0.892s] Level 1:colcon.colcon_core.package_identification:_identify(uwb) by extension 'ignore_ament_install'
[0.893s] Level 1:colcon.colcon_core.package_identification:_identify(uwb) by extensions ['colcon_pkg']
[0.893s] Level 1:colcon.colcon_core.package_identification:_identify(uwb) by extension 'colcon_pkg'
[0.893s] Level 1:colcon.colcon_core.package_identification:_identify(uwb) by extensions ['colcon_meta']
[0.893s] Level 1:colcon.colcon_core.package_identification:_identify(uwb) by extension 'colcon_meta'
[0.893s] Level 1:colcon.colcon_core.package_identification:_identify(uwb) by extensions ['ros']
[0.894s] Level 1:colcon.colcon_core.package_identification:_identify(uwb) by extension 'ros'
[0.896s] DEBUG:colcon.colcon_core.package_identification:Package 'uwb' with type 'ros.catkin' and name 'uwb'
[0.897s] Level 1:colcon.colcon_core.package_identification:_identify(uwb_new_package) by extensions ['ignore', 'ignore_ament_install']
[0.897s] Level 1:colcon.colcon_core.package_identification:_identify(uwb_new_package) by extension 'ignore'
[0.898s] Level 1:colcon.colcon_core.package_identification:_identify(uwb_new_package) by extension 'ignore_ament_install'
[0.898s] Level 1:colcon.colcon_core.package_identification:_identify(uwb_new_package) by extensions ['colcon_pkg']
[0.898s] Level 1:colcon.colcon_core.package_identification:_identify(uwb_new_package) by extension 'colcon_pkg'
[0.898s] Level 1:colcon.colcon_core.package_identification:_identify(uwb_new_package) by extensions ['colcon_meta']
[0.898s] Level 1:colcon.colcon_core.package_identification:_identify(uwb_new_package) by extension 'colcon_meta'
[0.899s] Level 1:colcon.colcon_core.package_identification:_identify(uwb_new_package) by extensions ['ros']
[0.899s] Level 1:colcon.colcon_core.package_identification:_identify(uwb_new_package) by extension 'ros'
[0.902s] DEBUG:colcon.colcon_core.package_identification:Package 'uwb_new_package' with type 'ros.catkin' and name 'uwb_new_package'
[0.902s] Level 1:colcon.colcon_core.package_discovery:discover_packages(recursive) using defaults
[0.903s] Level 1:colcon.colcon_core.package_discovery:discover_packages(ignore) discover
[0.903s] Level 1:colcon.colcon_core.package_discovery:discover_packages(ignore) using defaults
[0.903s] Level 1:colcon.colcon_core.package_discovery:discover_packages(path) discover
[0.903s] Level 1:colcon.colcon_core.package_discovery:discover_packages(path) using defaults
[0.997s] Level 1:colcon.colcon_core.package_discovery:discover_packages(prefix_path) check parameters
[0.997s] Level 1:colcon.colcon_core.package_discovery:discover_packages(prefix_path) discover
[1.008s] DEBUG:colcon.colcon_installed_package_information.package_discovery:Found 4 installed packages in /home/drone1/ros2_ws/install
[1.016s] DEBUG:colcon.colcon_installed_package_information.package_discovery:Found 191 installed packages in /opt/ros/humble
[1.022s] Level 1:colcon.colcon_core.package_discovery:discover_packages(prefix_path) using defaults
[1.161s] Level 5:colcon.colcon_core.verb:set package 'arm' build argument 'cmake_args' from command line to 'None'
[1.161s] Level 5:colcon.colcon_core.verb:set package 'arm' build argument 'cmake_target' from command line to 'None'
[1.161s] Level 5:colcon.colcon_core.verb:set package 'arm' build argument 'cmake_target_skip_unavailable' from command line to 'False'
[1.161s] Level 5:colcon.colcon_core.verb:set package 'arm' build argument 'cmake_clean_cache' from command line to 'False'
[1.162s] Level 5:colcon.colcon_core.verb:set package 'arm' build argument 'cmake_clean_first' from command line to 'False'
[1.162s] Level 5:colcon.colcon_core.verb:set package 'arm' build argument 'cmake_force_configure' from command line to 'False'
[1.162s] Level 5:colcon.colcon_core.verb:set package 'arm' build argument 'ament_cmake_args' from command line to 'None'
[1.162s] Level 5:colcon.colcon_core.verb:set package 'arm' build argument 'catkin_cmake_args' from command line to 'None'
[1.162s] Level 5:colcon.colcon_core.verb:set package 'arm' build argument 'catkin_skip_building_tests' from command line to 'False'
[1.162s] DEBUG:colcon.colcon_core.verb:Building package 'arm' with the following arguments: {'ament_cmake_args': None, 'build_base': '/home/drone1/ros2_ws/build/arm', 'catkin_cmake_args': None, 'catkin_skip_building_tests': False, 'cmake_args': None, 'cmake_clean_cache': False, 'cmake_clean_first': False, 'cmake_force_configure': False, 'cmake_target': None, 'cmake_target_skip_unavailable': False, 'install_base': '/home/drone1/ros2_ws/install/arm', 'merge_install': False, 'path': '/home/drone1/ros2_ws/src/arm', 'symlink_install': False, 'test_result_base': None}
[1.164s] Level 5:colcon.colcon_core.verb:set package 'uwb' build argument 'cmake_args' from command line to 'None'
[1.164s] Level 5:colcon.colcon_core.verb:set package 'uwb' build argument 'cmake_target' from command line to 'None'
[1.164s] Level 5:colcon.colcon_core.verb:set package 'uwb' build argument 'cmake_target_skip_unavailable' from command line to 'False'
[1.165s] Level 5:colcon.colcon_core.verb:set package 'uwb' build argument 'cmake_clean_cache' from command line to 'False'
[1.165s] Level 5:colcon.colcon_core.verb:set package 'uwb' build argument 'cmake_clean_first' from command line to 'False'
[1.165s] Level 5:colcon.colcon_core.verb:set package 'uwb' build argument 'cmake_force_configure' from command line to 'False'
[1.165s] Level 5:colcon.colcon_core.verb:set package 'uwb' build argument 'ament_cmake_args' from command line to 'None'
[1.165s] Level 5:colcon.colcon_core.verb:set package 'uwb' build argument 'catkin_cmake_args' from command line to 'None'
[1.165s] Level 5:colcon.colcon_core.verb:set package 'uwb' build argument 'catkin_skip_building_tests' from command line to 'False'
[1.165s] DEBUG:colcon.colcon_core.verb:Building package 'uwb' with the following arguments: {'ament_cmake_args': None, 'build_base': '/home/drone1/ros2_ws/build/uwb', 'catkin_cmake_args': None, 'catkin_skip_building_tests': False, 'cmake_args': None, 'cmake_clean_cache': False, 'cmake_clean_first': False, 'cmake_force_configure': False, 'cmake_target': None, 'cmake_target_skip_unavailable': False, 'install_base': '/home/drone1/ros2_ws/install/uwb', 'merge_install': False, 'path': '/home/drone1/ros2_ws/uwb', 'symlink_install': False, 'test_result_base': None}
[1.167s] Level 5:colcon.colcon_core.verb:set package 'uwb_new' build argument 'cmake_args' from command line to 'None'
[1.167s] Level 5:colcon.colcon_core.verb:set package 'uwb_new' build argument 'cmake_target' from command line to 'None'
[1.167s] Level 5:colcon.colcon_core.verb:set package 'uwb_new' build argument 'cmake_target_skip_unavailable' from command line to 'False'
[1.168s] Level 5:colcon.colcon_core.verb:set package 'uwb_new' build argument 'cmake_clean_cache' from command line to 'False'
[1.168s] Level 5:colcon.colcon_core.verb:set package 'uwb_new' build argument 'cmake_clean_first' from command line to 'False'
[1.168s] Level 5:colcon.colcon_core.verb:set package 'uwb_new' build argument 'cmake_force_configure' from command line to 'False'
[1.168s] Level 5:colcon.colcon_core.verb:set package 'uwb_new' build argument 'ament_cmake_args' from command line to 'None'
[1.168s] Level 5:colcon.colcon_core.verb:set package 'uwb_new' build argument 'catkin_cmake_args' from command line to 'None'
[1.168s] Level 5:colcon.colcon_core.verb:set package 'uwb_new' build argument 'catkin_skip_building_tests' from command line to 'False'
[1.168s] DEBUG:colcon.colcon_core.verb:Building package 'uwb_new' with the following arguments: {'ament_cmake_args': None, 'build_base': '/home/drone1/ros2_ws/build/uwb_new', 'catkin_cmake_args': None, 'catkin_skip_building_tests': False, 'cmake_args': None, 'cmake_clean_cache': False, 'cmake_clean_first': False, 'cmake_force_configure': False, 'cmake_target': None, 'cmake_target_skip_unavailable': False, 'install_base': '/home/drone1/ros2_ws/install/uwb_new', 'merge_install': False, 'path': '/home/drone1/ros2_ws/src/uwb_new', 'symlink_install': False, 'test_result_base': None}
[1.170s] Level 5:colcon.colcon_core.verb:set package 'uwb_new_package' build argument 'cmake_args' from command line to 'None'
[1.170s] Level 5:colcon.colcon_core.verb:set package 'uwb_new_package' build argument 'cmake_target' from command line to 'None'
[1.170s] Level 5:colcon.colcon_core.verb:set package 'uwb_new_package' build argument 'cmake_target_skip_unavailable' from command line to 'False'
[1.170s] Level 5:colcon.colcon_core.verb:set package 'uwb_new_package' build argument 'cmake_clean_cache' from command line to 'False'
[1.171s] Level 5:colcon.colcon_core.verb:set package 'uwb_new_package' build argument 'cmake_clean_first' from command line to 'False'
[1.171s] Level 5:colcon.colcon_core.verb:set package 'uwb_new_package' build argument 'cmake_force_configure' from command line to 'False'
[1.171s] Level 5:colcon.colcon_core.verb:set package 'uwb_new_package' build argument 'ament_cmake_args' from command line to 'None'
[1.171s] Level 5:colcon.colcon_core.verb:set package 'uwb_new_package' build argument 'catkin_cmake_args' from command line to 'None'
[1.171s] Level 5:colcon.colcon_core.verb:set package 'uwb_new_package' build argument 'catkin_skip_building_tests' from command line to 'False'
[1.171s] DEBUG:colcon.colcon_core.verb:Building package 'uwb_new_package' with the following arguments: {'ament_cmake_args': None, 'build_base': '/home/drone1/ros2_ws/build/uwb_new_package', 'catkin_cmake_args': None, 'catkin_skip_building_tests': False, 'cmake_args': None, 'cmake_clean_cache': False, 'cmake_clean_first': False, 'cmake_force_configure': False, 'cmake_target': None, 'cmake_target_skip_unavailable': False, 'install_base': '/home/drone1/ros2_ws/install/uwb_new_package', 'merge_install': False, 'path': '/home/drone1/ros2_ws/uwb_new_package', 'symlink_install': False, 'test_result_base': None}
[1.172s] INFO:colcon.colcon_core.executor:Executing jobs using 'parallel' executor
[1.176s] DEBUG:colcon.colcon_parallel_executor.executor.parallel:run_until_complete
[1.177s] INFO:colcon.colcon_ros.task.ament_python.build:Building ROS package in '/home/drone1/ros2_ws/src/arm' with build type 'ament_python'
[1.178s] Level 1:colcon.colcon_core.shell:create_environment_hook('arm', 'ament_prefix_path')
[1.189s] INFO:colcon.colcon_core.plugin_system:Skipping extension 'colcon_core.shell.bat': Not used on non-Windows systems
[1.190s] INFO:colcon.colcon_core.shell:Creating environment hook '/home/drone1/ros2_ws/install/arm/share/arm/hook/ament_prefix_path.ps1'
[1.194s] INFO:colcon.colcon_core.shell:Creating environment descriptor '/home/drone1/ros2_ws/install/arm/share/arm/hook/ament_prefix_path.dsv'
[1.197s] INFO:colcon.colcon_core.shell:Creating environment hook '/home/drone1/ros2_ws/install/arm/share/arm/hook/ament_prefix_path.sh'
[1.204s] INFO:colcon.colcon_core.shell:Skip shell extension 'powershell' for command environment: Not usable outside of PowerShell
[1.204s] DEBUG:colcon.colcon_core.shell:Skip shell extension 'dsv' for command environment
[1.225s] INFO:colcon.colcon_ros.task.catkin.build:Building ROS package in '/home/drone1/ros2_ws/uwb' with build type 'catkin'
[1.226s] INFO:colcon.colcon_cmake.task.cmake.build:Building CMake package in '/home/drone1/ros2_ws/uwb'
[1.227s] INFO:colcon.colcon_core.shell:Skip shell extension 'powershell' for command environment: Not usable outside of PowerShell
[1.228s] DEBUG:colcon.colcon_core.shell:Skip shell extension 'dsv' for command environment
[1.252s] INFO:colcon.colcon_ros.task.catkin.build:Building ROS package in '/home/drone1/ros2_ws/src/uwb_new' with build type 'catkin'
[1.253s] INFO:colcon.colcon_cmake.task.cmake.build:Building CMake package in '/home/drone1/ros2_ws/src/uwb_new'
[1.255s] INFO:colcon.colcon_core.shell:Skip shell extension 'powershell' for command environment: Not usable outside of PowerShell
[1.256s] DEBUG:colcon.colcon_core.shell:Skip shell extension 'dsv' for command environment
[1.279s] INFO:colcon.colcon_ros.task.catkin.build:Building ROS package in '/home/drone1/ros2_ws/uwb_new_package' with build type 'catkin'
[1.281s] INFO:colcon.colcon_cmake.task.cmake.build:Building CMake package in '/home/drone1/ros2_ws/uwb_new_package'
[1.282s] INFO:colcon.colcon_core.shell:Skip shell extension 'powershell' for command environment: Not usable outside of PowerShell
[1.283s] DEBUG:colcon.colcon_core.shell:Skip shell extension 'dsv' for command environment
[2.405s] INFO:colcon.colcon_core.task.python.build:Building Python package in '/home/drone1/ros2_ws/src/arm'
[2.406s] INFO:colcon.colcon_core.shell:Skip shell extension 'powershell' for command environment: Not usable outside of PowerShell
[2.406s] DEBUG:colcon.colcon_core.shell:Skip shell extension 'dsv' for command environment
[2.456s] DEBUG:colcon.colcon_core.event_handler.log_command:Invoking command in '/home/drone1/ros2_ws/build/uwb': /usr/bin/cmake --build /home/drone1/ros2_ws/build/uwb -- -j4 -l4
[2.473s] DEBUG:colcon.colcon_core.event_handler.log_command:Invoking command in '/home/drone1/ros2_ws/build/uwb_new': /usr/bin/cmake --build /home/drone1/ros2_ws/build/uwb_new -- -j4 -l4
[2.509s] DEBUG:colcon.colcon_core.event_handler.log_command:Invoking command in '/home/drone1/ros2_ws/build/uwb_new_package': /usr/bin/cmake --build /home/drone1/ros2_ws/build/uwb_new_package -- -j4 -l4
[2.940s] DEBUG:colcon.colcon_core.event_handler.log_command:Invoked command in '/home/drone1/ros2_ws/build/uwb_new' returned '0': /usr/bin/cmake --build /home/drone1/ros2_ws/build/uwb_new -- -j4 -l4
[3.023s] DEBUG:colcon.colcon_core.event_handler.log_command:Invoked command in '/home/drone1/ros2_ws/build/uwb_new_package' returned '0': /usr/bin/cmake --build /home/drone1/ros2_ws/build/uwb_new_package -- -j4 -l4
[3.641s] DEBUG:colcon.colcon_core.event_handler.log_command:Invoking command in '/home/drone1/ros2_ws/build/uwb_new': /usr/bin/cmake --install /home/drone1/ros2_ws/build/uwb_new
[3.662s] DEBUG:colcon.colcon_core.event_handler.log_command:Invoking command in '/home/drone1/ros2_ws/build/uwb_new_package': /usr/bin/cmake --install /home/drone1/ros2_ws/build/uwb_new_package
[3.712s] DEBUG:colcon.colcon_core.event_handler.log_command:Invoked command in '/home/drone1/ros2_ws/build/uwb_new' returned '0': /usr/bin/cmake --install /home/drone1/ros2_ws/build/uwb_new
[3.780s] DEBUG:colcon.colcon_core.event_handler.log_command:Invoked command in '/home/drone1/ros2_ws/build/uwb_new_package' returned '0': /usr/bin/cmake --install /home/drone1/ros2_ws/build/uwb_new_package
[4.015s] Level 1:colcon.colcon_core.shell:create_environment_hook('uwb_new', 'ros_package_path')
[4.016s] INFO:colcon.colcon_core.shell:Creating environment hook '/home/drone1/ros2_ws/install/uwb_new/share/uwb_new/hook/ros_package_path.ps1'
[4.019s] INFO:colcon.colcon_core.shell:Creating environment descriptor '/home/drone1/ros2_ws/install/uwb_new/share/uwb_new/hook/ros_package_path.dsv'
[4.022s] INFO:colcon.colcon_core.shell:Creating environment hook '/home/drone1/ros2_ws/install/uwb_new/share/uwb_new/hook/ros_package_path.sh'
[4.026s] Level 1:colcon.colcon_core.shell:create_environment_hook('uwb_new', 'pkg_config_path')
[4.028s] INFO:colcon.colcon_core.shell:Creating environment hook '/home/drone1/ros2_ws/install/uwb_new/share/uwb_new/hook/pkg_config_path.ps1'
[4.032s] INFO:colcon.colcon_core.shell:Creating environment descriptor '/home/drone1/ros2_ws/install/uwb_new/share/uwb_new/hook/pkg_config_path.dsv'
[4.035s] INFO:colcon.colcon_core.shell:Creating environment hook '/home/drone1/ros2_ws/install/uwb_new/share/uwb_new/hook/pkg_config_path.sh'
[4.063s] Level 1:colcon.colcon_core.shell:create_environment_hook('uwb_new', 'pkg_config_path_multiarch')
[4.065s] INFO:colcon.colcon_core.shell:Creating environment hook '/home/drone1/ros2_ws/install/uwb_new/share/uwb_new/hook/pkg_config_path_multiarch.ps1'
[4.067s] INFO:colcon.colcon_core.shell:Creating environment descriptor '/home/drone1/ros2_ws/install/uwb_new/share/uwb_new/hook/pkg_config_path_multiarch.dsv'
[4.070s] INFO:colcon.colcon_core.shell:Creating environment hook '/home/drone1/ros2_ws/install/uwb_new/share/uwb_new/hook/pkg_config_path_multiarch.sh'
[4.076s] Level 1:colcon.colcon_core.environment:create_environment_scripts_only(uwb_new)
[4.091s] Level 1:colcon.colcon_core.environment:checking '/home/drone1/ros2_ws/install/uwb_new' for CMake module files
[4.095s] Level 1:colcon.colcon_core.environment:checking '/home/drone1/ros2_ws/install/uwb_new' for CMake config files
[4.098s] Level 1:colcon.colcon_core.shell:create_environment_hook('uwb_new', 'cmake_prefix_path')
[4.099s] INFO:colcon.colcon_core.shell:Creating environment hook '/home/drone1/ros2_ws/install/uwb_new/share/uwb_new/hook/cmake_prefix_path.ps1'
[4.104s] INFO:colcon.colcon_core.shell:Creating environment descriptor '/home/drone1/ros2_ws/install/uwb_new/share/uwb_new/hook/cmake_prefix_path.dsv'
[4.106s] INFO:colcon.colcon_core.shell:Creating environment hook '/home/drone1/ros2_ws/install/uwb_new/share/uwb_new/hook/cmake_prefix_path.sh'
[4.110s] Level 1:colcon.colcon_core.environment:checking '/home/drone1/ros2_ws/install/uwb_new/lib'
[4.111s] Level 1:colcon.colcon_core.environment:checking '/home/drone1/ros2_ws/install/uwb_new/bin'
[4.112s] Level 1:colcon.colcon_core.environment:checking '/home/drone1/ros2_ws/install/uwb_new/lib/pkgconfig/uwb_new.pc'
[4.113s] Level 1:colcon.colcon_core.environment:checking '/home/drone1/ros2_ws/install/uwb_new/lib/python3.10/site-packages'
[4.115s] Level 1:colcon.colcon_core.environment:checking '/home/drone1/ros2_ws/install/uwb_new/bin'
[4.117s] INFO:colcon.colcon_core.shell:Creating package script '/home/drone1/ros2_ws/install/uwb_new/share/uwb_new/package.ps1'
[4.122s] INFO:colcon.colcon_core.shell:Creating package descriptor '/home/drone1/ros2_ws/install/uwb_new/share/uwb_new/package.dsv'
[4.126s] INFO:colcon.colcon_core.shell:Creating package script '/home/drone1/ros2_ws/install/uwb_new/share/uwb_new/package.sh'
[4.131s] INFO:colcon.colcon_core.shell:Creating package script '/home/drone1/ros2_ws/install/uwb_new/share/uwb_new/package.bash'
[4.137s] INFO:colcon.colcon_core.shell:Creating package script '/home/drone1/ros2_ws/install/uwb_new/share/uwb_new/package.zsh'
[4.144s] Level 1:colcon.colcon_core.environment:create_file_with_runtime_dependencies(/home/drone1/ros2_ws/install/uwb_new/share/colcon-core/packages/uwb_new)
[4.151s] Level 1:colcon.colcon_core.shell:create_environment_hook('uwb_new_package', 'ros_package_path')
[4.152s] INFO:colcon.colcon_core.shell:Creating environment hook '/home/drone1/ros2_ws/install/uwb_new_package/share/uwb_new_package/hook/ros_package_path.ps1'
[4.155s] INFO:colcon.colcon_core.shell:Creating environment descriptor '/home/drone1/ros2_ws/install/uwb_new_package/share/uwb_new_package/hook/ros_package_path.dsv'
[4.158s] INFO:colcon.colcon_core.shell:Creating environment hook '/home/drone1/ros2_ws/install/uwb_new_package/share/uwb_new_package/hook/ros_package_path.sh'
[4.162s] Level 1:colcon.colcon_core.shell:create_environment_hook('uwb_new_package', 'pkg_config_path')
[4.164s] INFO:colcon.colcon_core.shell:Creating environment hook '/home/drone1/ros2_ws/install/uwb_new_package/share/uwb_new_package/hook/pkg_config_path.ps1'
[4.167s] INFO:colcon.colcon_core.shell:Creating environment descriptor '/home/drone1/ros2_ws/install/uwb_new_package/share/uwb_new_package/hook/pkg_config_path.dsv'
[4.169s] INFO:colcon.colcon_core.shell:Creating environment hook '/home/drone1/ros2_ws/install/uwb_new_package/share/uwb_new_package/hook/pkg_config_path.sh'
[4.174s] Level 1:colcon.colcon_core.shell:create_environment_hook('uwb_new_package', 'pkg_config_path_multiarch')
[4.175s] INFO:colcon.colcon_core.shell:Creating environment hook '/home/drone1/ros2_ws/install/uwb_new_package/share/uwb_new_package/hook/pkg_config_path_multiarch.ps1'
[4.178s] INFO:colcon.colcon_core.shell:Creating environment descriptor '/home/drone1/ros2_ws/install/uwb_new_package/share/uwb_new_package/hook/pkg_config_path_multiarch.dsv'
[4.181s] INFO:colcon.colcon_core.shell:Creating environment hook '/home/drone1/ros2_ws/install/uwb_new_package/share/uwb_new_package/hook/pkg_config_path_multiarch.sh'
[4.186s] Level 1:colcon.colcon_core.environment:create_environment_scripts_only(uwb_new_package)
[4.187s] Level 1:colcon.colcon_core.environment:checking '/home/drone1/ros2_ws/install/uwb_new_package' for CMake module files
[4.191s] Level 1:colcon.colcon_core.environment:checking '/home/drone1/ros2_ws/install/uwb_new_package' for CMake config files
[4.193s] Level 1:colcon.colcon_core.shell:create_environment_hook('uwb_new_package', 'cmake_prefix_path')
[4.194s] INFO:colcon.colcon_core.shell:Creating environment hook '/home/drone1/ros2_ws/install/uwb_new_package/share/uwb_new_package/hook/cmake_prefix_path.ps1'
[4.197s] INFO:colcon.colcon_core.shell:Creating environment descriptor '/home/drone1/ros2_ws/install/uwb_new_package/share/uwb_new_package/hook/cmake_prefix_path.dsv'
[4.200s] INFO:colcon.colcon_core.shell:Creating environment hook '/home/drone1/ros2_ws/install/uwb_new_package/share/uwb_new_package/hook/cmake_prefix_path.sh'
[4.204s] Level 1:colcon.colcon_core.environment:checking '/home/drone1/ros2_ws/install/uwb_new_package/lib'
[4.205s] Level 1:colcon.colcon_core.environment:checking '/home/drone1/ros2_ws/install/uwb_new_package/bin'
[4.205s] Level 1:colcon.colcon_core.environment:checking '/home/drone1/ros2_ws/install/uwb_new_package/lib/pkgconfig/uwb_new_package.pc'
[4.206s] Level 1:colcon.colcon_core.environment:checking '/home/drone1/ros2_ws/install/uwb_new_package/lib/python3.10/site-packages'
[4.208s] Level 1:colcon.colcon_core.environment:checking '/home/drone1/ros2_ws/install/uwb_new_package/bin'
[4.210s] INFO:colcon.colcon_core.shell:Creating package script '/home/drone1/ros2_ws/install/uwb_new_package/share/uwb_new_package/package.ps1'
[4.214s] INFO:colcon.colcon_core.shell:Creating package descriptor '/home/drone1/ros2_ws/install/uwb_new_package/share/uwb_new_package/package.dsv'
[4.218s] INFO:colcon.colcon_core.shell:Creating package script '/home/drone1/ros2_ws/install/uwb_new_package/share/uwb_new_package/package.sh'
[4.221s] INFO:colcon.colcon_core.shell:Creating package script '/home/drone1/ros2_ws/install/uwb_new_package/share/uwb_new_package/package.bash'
[4.224s] INFO:colcon.colcon_core.shell:Creating package script '/home/drone1/ros2_ws/install/uwb_new_package/share/uwb_new_package/package.zsh'
[4.227s] Level 1:colcon.colcon_core.environment:create_file_with_runtime_dependencies(/home/drone1/ros2_ws/install/uwb_new_package/share/colcon-core/packages/uwb_new_package)
[6.088s] DEBUG:colcon.colcon_core.event_handler.log_command:Invoking command in '/home/drone1/ros2_ws/src/arm': PYTHONPATH=/home/drone1/ros2_ws/build/arm/prefix_override:/usr/lib/python3/dist-packages/colcon_core/task/python/colcon_distutils_commands:/home/drone1/ros2_ws/install/arm/lib/python3.10/site-packages:${PYTHONPATH} /usr/bin/python3 -W ignore:setup.py install is deprecated setup.py egg_info --egg-base ../../build/arm build --build-base /home/drone1/ros2_ws/build/arm/build install --record /home/drone1/ros2_ws/build/arm/install.log --single-version-externally-managed install_data
[9.650s] Level 1:colcon.colcon_core.environment:checking '/home/drone1/ros2_ws/install/arm' for CMake module files
[9.653s] DEBUG:colcon.colcon_core.event_handler.log_command:Invoked command in '/home/drone1/ros2_ws/src/arm' returned '0': PYTHONPATH=/home/drone1/ros2_ws/build/arm/prefix_override:/usr/lib/python3/dist-packages/colcon_core/task/python/colcon_distutils_commands:/home/drone1/ros2_ws/install/arm/lib/python3.10/site-packages:${PYTHONPATH} /usr/bin/python3 -W ignore:setup.py install is deprecated setup.py egg_info --egg-base ../../build/arm build --build-base /home/drone1/ros2_ws/build/arm/build install --record /home/drone1/ros2_ws/build/arm/install.log --single-version-externally-managed install_data
[9.656s] Level 1:colcon.colcon_core.environment:checking '/home/drone1/ros2_ws/install/arm' for CMake config files
[9.661s] Level 1:colcon.colcon_core.environment:checking '/home/drone1/ros2_ws/install/arm/lib'
[9.662s] Level 1:colcon.colcon_core.environment:checking '/home/drone1/ros2_ws/install/arm/bin'
[9.662s] Level 1:colcon.colcon_core.environment:checking '/home/drone1/ros2_ws/install/arm/lib/pkgconfig/arm.pc'
[9.664s] Level 1:colcon.colcon_core.environment:checking '/home/drone1/ros2_ws/install/arm/lib/python3.10/site-packages'
[9.664s] Level 1:colcon.colcon_core.shell:create_environment_hook('arm', 'pythonpath')
[9.666s] INFO:colcon.colcon_core.shell:Creating environment hook '/home/drone1/ros2_ws/install/arm/share/arm/hook/pythonpath.ps1'
[9.669s] INFO:colcon.colcon_core.shell:Creating environment descriptor '/home/drone1/ros2_ws/install/arm/share/arm/hook/pythonpath.dsv'
[9.672s] INFO:colcon.colcon_core.shell:Creating environment hook '/home/drone1/ros2_ws/install/arm/share/arm/hook/pythonpath.sh'
[9.676s] Level 1:colcon.colcon_core.environment:checking '/home/drone1/ros2_ws/install/arm/bin'
[9.677s] Level 1:colcon.colcon_core.environment:create_environment_scripts_only(arm)
[9.679s] INFO:colcon.colcon_core.shell:Creating package script '/home/drone1/ros2_ws/install/arm/share/arm/package.ps1'
[9.683s] INFO:colcon.colcon_core.shell:Creating package descriptor '/home/drone1/ros2_ws/install/arm/share/arm/package.dsv'
[9.687s] INFO:colcon.colcon_core.shell:Creating package script '/home/drone1/ros2_ws/install/arm/share/arm/package.sh'
[9.693s] INFO:colcon.colcon_core.shell:Creating package script '/home/drone1/ros2_ws/install/arm/share/arm/package.bash'
[9.698s] INFO:colcon.colcon_core.shell:Creating package script '/home/drone1/ros2_ws/install/arm/share/arm/package.zsh'
[9.702s] Level 1:colcon.colcon_core.environment:create_file_with_runtime_dependencies(/home/drone1/ros2_ws/install/arm/share/colcon-core/packages/arm)
[20.711s] DEBUG:colcon.colcon_core.event_handler.log_command:Invoked command in '/home/drone1/ros2_ws/build/uwb' returned '2': /usr/bin/cmake --build /home/drone1/ros2_ws/build/uwb -- -j4 -l4
[20.909s] Level 1:colcon.colcon_core.shell:create_environment_hook('uwb', 'ros_package_path')
[20.911s] INFO:colcon.colcon_core.shell:Creating environment hook '/home/drone1/ros2_ws/install/uwb/share/uwb/hook/ros_package_path.ps1'
[20.914s] INFO:colcon.colcon_core.shell:Creating environment descriptor '/home/drone1/ros2_ws/install/uwb/share/uwb/hook/ros_package_path.dsv'
[20.917s] INFO:colcon.colcon_core.shell:Creating environment hook '/home/drone1/ros2_ws/install/uwb/share/uwb/hook/ros_package_path.sh'
[20.922s] Level 1:colcon.colcon_core.shell:create_environment_hook('uwb', 'pkg_config_path')
[20.923s] INFO:colcon.colcon_core.shell:Creating environment hook '/home/drone1/ros2_ws/install/uwb/share/uwb/hook/pkg_config_path.ps1'
[20.927s] INFO:colcon.colcon_core.shell:Creating environment descriptor '/home/drone1/ros2_ws/install/uwb/share/uwb/hook/pkg_config_path.dsv'
[20.933s] INFO:colcon.colcon_core.shell:Creating environment hook '/home/drone1/ros2_ws/install/uwb/share/uwb/hook/pkg_config_path.sh'
[20.938s] Level 1:colcon.colcon_core.shell:create_environment_hook('uwb', 'pkg_config_path_multiarch')
[20.941s] INFO:colcon.colcon_core.shell:Creating environment hook '/home/drone1/ros2_ws/install/uwb/share/uwb/hook/pkg_config_path_multiarch.ps1'
[20.945s] INFO:colcon.colcon_core.shell:Creating environment descriptor '/home/drone1/ros2_ws/install/uwb/share/uwb/hook/pkg_config_path_multiarch.dsv'
[20.947s] INFO:colcon.colcon_core.shell:Creating environment hook '/home/drone1/ros2_ws/install/uwb/share/uwb/hook/pkg_config_path_multiarch.sh'
[20.951s] Level 1:colcon.colcon_core.environment:create_environment_scripts_only(uwb)
[20.953s] Level 1:colcon.colcon_core.environment:checking '/home/drone1/ros2_ws/install/uwb' for CMake module files
[20.957s] Level 1:colcon.colcon_core.environment:checking '/home/drone1/ros2_ws/install/uwb' for CMake config files
[20.960s] Level 1:colcon.colcon_core.shell:create_environment_hook('uwb', 'cmake_prefix_path')
[20.961s] INFO:colcon.colcon_core.shell:Creating environment hook '/home/drone1/ros2_ws/install/uwb/share/uwb/hook/cmake_prefix_path.ps1'
[20.963s] INFO:colcon.colcon_core.shell:Creating environment descriptor '/home/drone1/ros2_ws/install/uwb/share/uwb/hook/cmake_prefix_path.dsv'
[20.966s] INFO:colcon.colcon_core.shell:Creating environment hook '/home/drone1/ros2_ws/install/uwb/share/uwb/hook/cmake_prefix_path.sh'
[20.969s] Level 1:colcon.colcon_core.environment:checking '/home/drone1/ros2_ws/install/uwb/lib'
[20.969s] Level 1:colcon.colcon_core.environment:checking '/home/drone1/ros2_ws/install/uwb/bin'
[20.970s] Level 1:colcon.colcon_core.environment:checking '/home/drone1/ros2_ws/install/uwb/lib/pkgconfig/uwb.pc'
[20.971s] Level 1:colcon.colcon_core.environment:checking '/home/drone1/ros2_ws/install/uwb/lib/python3.10/site-packages'
[20.972s] Level 1:colcon.colcon_core.environment:checking '/home/drone1/ros2_ws/install/uwb/bin'
[20.974s] INFO:colcon.colcon_core.shell:Creating package script '/home/drone1/ros2_ws/install/uwb/share/uwb/package.ps1'
[20.977s] INFO:colcon.colcon_core.shell:Creating package descriptor '/home/drone1/ros2_ws/install/uwb/share/uwb/package.dsv'
[20.980s] INFO:colcon.colcon_core.shell:Creating package script '/home/drone1/ros2_ws/install/uwb/share/uwb/package.sh'
[20.983s] INFO:colcon.colcon_core.shell:Creating package script '/home/drone1/ros2_ws/install/uwb/share/uwb/package.bash'
[20.986s] INFO:colcon.colcon_core.shell:Creating package script '/home/drone1/ros2_ws/install/uwb/share/uwb/package.zsh'
[20.989s] Level 1:colcon.colcon_core.environment:create_file_with_runtime_dependencies(/home/drone1/ros2_ws/install/uwb/share/colcon-core/packages/uwb)
[21.001s] DEBUG:colcon.colcon_parallel_executor.executor.parallel:closing loop
[21.002s] DEBUG:colcon.colcon_parallel_executor.executor.parallel:loop closed
[21.002s] DEBUG:colcon.colcon_parallel_executor.executor.parallel:run_until_complete finished with '2'
[21.003s] DEBUG:colcon.colcon_core.event_reactor:joining thread
[21.039s] INFO:colcon.colcon_core.plugin_system:Skipping extension 'colcon_notification.desktop_notification.terminal_notifier': Not used on non-Darwin systems
[21.039s] INFO:colcon.colcon_core.plugin_system:Skipping extension 'colcon_notification.desktop_notification.win32': Not used on non-Windows systems
[21.040s] INFO:colcon.colcon_notification.desktop_notification:Sending desktop notification using 'notify2'
[21.103s] DEBUG:colcon.colcon_core.event_reactor:joined thread
[21.105s] INFO:colcon.colcon_core.shell:Creating prefix script '/home/drone1/ros2_ws/install/local_setup.ps1'
[21.110s] INFO:colcon.colcon_core.shell:Creating prefix util module '/home/drone1/ros2_ws/install/_local_setup_util_ps1.py'
[21.119s] INFO:colcon.colcon_core.shell:Creating prefix chain script '/home/drone1/ros2_ws/install/setup.ps1'
[21.126s] INFO:colcon.colcon_core.shell:Creating prefix script '/home/drone1/ros2_ws/install/local_setup.sh'
[21.130s] INFO:colcon.colcon_core.shell:Creating prefix util module '/home/drone1/ros2_ws/install/_local_setup_util_sh.py'
[21.134s] INFO:colcon.colcon_core.shell:Creating prefix chain script '/home/drone1/ros2_ws/install/setup.sh'
[21.143s] INFO:colcon.colcon_core.shell:Creating prefix script '/home/drone1/ros2_ws/install/local_setup.bash'
[21.147s] INFO:colcon.colcon_core.shell:Creating prefix chain script '/home/drone1/ros2_ws/install/setup.bash'
[21.155s] INFO:colcon.colcon_core.shell:Creating prefix script '/home/drone1/ros2_ws/install/local_setup.zsh'
[21.159s] INFO:colcon.colcon_core.shell:Creating prefix chain script '/home/drone1/ros2_ws/install/setup.zsh'
