[0.079s] Invoking command in '/home/drone1/ros2_ws/build/uwb_new': /usr/bin/cmake /home/drone1/ros2_ws/src/uwb_new -DCATKIN_INSTALL_INTO_PREFIX_ROOT=0 -DCMAKE_INSTALL_PREFIX=/home/drone1/ros2_ws/install/uwb_new
[0.580s] -- The C compiler identification is GNU 11.4.0
[1.015s] -- The CXX compiler identification is GNU 11.4.0
[1.067s] -- Detecting C compiler ABI info
[1.372s] -- Detecting C compiler ABI info - done
[1.403s] -- Check for working C compiler: /usr/lib/ccache/cc - skipped
[1.404s] -- Detecting C compile features
[1.405s] -- Detecting C compile features - done
[1.418s] -- Detecting CXX compiler ABI info
[1.757s] -- Detecting CXX compiler ABI info - done
[1.788s] -- Check for working CXX compiler: /usr/lib/ccache/c++ - skipped
[1.789s] -- Detecting CXX compile features
[1.791s] -- Detecting CXX compile features - done
[1.818s] -- Found ament_cmake: 1.3.10 (/opt/ros/humble/share/ament_cmake/cmake)
[4.427s] -- Found Python3: /usr/bin/python3 (found version "3.10.12") found components: Interpreter 
[5.015s] -- Found rclcpp: 16.0.10 (/opt/ros/humble/share/rclcpp/cmake)
[5.360s] -- Found rosidl_generator_c: 3.1.5 (/opt/ros/humble/share/rosidl_generator_c/cmake)
[5.404s] -- Found rosidl_adapter: 3.1.5 (/opt/ros/humble/share/rosidl_adapter/cmake)
[5.462s] -- Found rosidl_generator_cpp: 3.1.5 (/opt/ros/humble/share/rosidl_generator_cpp/cmake)
[5.538s] -- Using all available rosidl_typesupport_c: rosidl_typesupport_fastrtps_c;rosidl_typesupport_introspection_c
[5.644s] -- Using all available rosidl_typesupport_cpp: rosidl_typesupport_fastrtps_cpp;rosidl_typesupport_introspection_cpp
[5.945s] -- Found rmw_implementation_cmake: 6.1.2 (/opt/ros/humble/share/rmw_implementation_cmake/cmake)
[5.967s] -- Found rmw_fastrtps_cpp: 6.2.7 (/opt/ros/humble/share/rmw_fastrtps_cpp/cmake)
[6.572s] -- Found OpenSSL: /usr/lib/aarch64-linux-gnu/libcrypto.so (found version "3.0.2")  
[6.846s] -- Found FastRTPS: /opt/ros/humble/include  
[7.293s] -- Using RMW implementation 'rmw_fastrtps_cpp' as default
[7.375s] -- Looking for pthread.h
[7.687s] -- Looking for pthread.h - found
[7.690s] -- Performing Test CMAKE_HAVE_LIBC_PTHREAD
[7.988s] -- Performing Test CMAKE_HAVE_LIBC_PTHREAD - Success
[7.994s] -- Found Threads: TRUE  
[8.311s] -- Found geometry_msgs: 4.2.4 (/opt/ros/humble/share/geometry_msgs/cmake)
[8.876s] -- Configuring done
[9.054s] -- Generating done
[9.073s] [33mCMake Warning:
[9.075s]   Manually-specified variables were not used by the project:
[9.077s] 
[9.078s]     CATKIN_INSTALL_INTO_PREFIX_ROOT
[9.085s] 
[9.092s] [0m
[9.092s] -- Build files have been written to: /home/drone1/ros2_ws/build/uwb_new
[9.161s] Invoked command in '/home/drone1/ros2_ws/build/uwb_new' returned '0': /usr/bin/cmake /home/drone1/ros2_ws/src/uwb_new -DCATKIN_INSTALL_INTO_PREFIX_ROOT=0 -DCMAKE_INSTALL_PREFIX=/home/drone1/ros2_ws/install/uwb_new
[9.181s] Invoking command in '/home/drone1/ros2_ws/build/uwb_new': /usr/bin/cmake --build /home/drone1/ros2_ws/build/uwb_new -- -j4 -l4
[9.479s] [35m[1mConsolidate compiler generated dependencies of target uwb_node[0m
[9.608s] [100%] Built target uwb_node
[9.659s] Invoked command in '/home/drone1/ros2_ws/build/uwb_new' returned '0': /usr/bin/cmake --build /home/drone1/ros2_ws/build/uwb_new -- -j4 -l4
[10.443s] Invoking command in '/home/drone1/ros2_ws/build/uwb_new': /usr/bin/cmake --install /home/drone1/ros2_ws/build/uwb_new
[10.496s] -- Install configuration: ""
[10.498s] -- Up-to-date: /home/drone1/ros2_ws/install/uwb_new/lib/uwb_new/uwb_node
[10.500s] -- Up-to-date: /home/drone1/ros2_ws/install/uwb_new/include
[10.501s] -- Up-to-date: /home/drone1/ros2_ws/install/uwb_new/include/uwb_new
[10.502s] -- Up-to-date: /home/drone1/ros2_ws/install/uwb_new/share/ament_index/resource_index/package_run_dependencies/uwb_new
[10.503s] -- Up-to-date: /home/drone1/ros2_ws/install/uwb_new/share/ament_index/resource_index/parent_prefix_path/uwb_new
[10.503s] -- Up-to-date: /home/drone1/ros2_ws/install/uwb_new/share/uwb_new/environment/ament_prefix_path.sh
[10.504s] -- Installing: /home/drone1/ros2_ws/install/uwb_new/share/uwb_new/environment/ament_prefix_path.dsv
[10.509s] -- Up-to-date: /home/drone1/ros2_ws/install/uwb_new/share/uwb_new/environment/path.sh
[10.510s] -- Installing: /home/drone1/ros2_ws/install/uwb_new/share/uwb_new/environment/path.dsv
[10.512s] -- Up-to-date: /home/drone1/ros2_ws/install/uwb_new/share/uwb_new/local_setup.bash
[10.514s] -- Up-to-date: /home/drone1/ros2_ws/install/uwb_new/share/uwb_new/local_setup.sh
[10.518s] -- Up-to-date: /home/drone1/ros2_ws/install/uwb_new/share/uwb_new/local_setup.zsh
[10.520s] -- Installing: /home/drone1/ros2_ws/install/uwb_new/share/uwb_new/local_setup.dsv
[10.522s] -- Installing: /home/drone1/ros2_ws/install/uwb_new/share/uwb_new/package.dsv
[10.523s] -- Up-to-date: /home/drone1/ros2_ws/install/uwb_new/share/ament_index/resource_index/packages/uwb_new
[10.526s] -- Up-to-date: /home/drone1/ros2_ws/install/uwb_new/share/uwb_new/cmake/uwb_newConfig.cmake
[10.528s] -- Up-to-date: /home/drone1/ros2_ws/install/uwb_new/share/uwb_new/cmake/uwb_newConfig-version.cmake
[10.529s] -- Up-to-date: /home/drone1/ros2_ws/install/uwb_new/share/uwb_new/package.xml
[10.537s] Invoked command in '/home/drone1/ros2_ws/build/uwb_new' returned '0': /usr/bin/cmake --install /home/drone1/ros2_ws/build/uwb_new
