[1.385s] Invoking command in '/home/drone1/ros2_ws/build/uwb_new_package': CMAKE_PREFIX_PATH=/home/drone1/ros2_ws/install/arm:/opt/ros/humble:${CMAKE_PREFIX_PATH} /usr/bin/cmake /home/drone1/ros2_ws/uwb_new_package -DCMAKE_INSTALL_PREFIX=/home/drone1/ros2_ws/install/uwb_new_package
[1.805s] -- The C compiler identification is GNU 11.4.0
[2.371s] -- The CXX compiler identification is GNU 11.4.0
[2.425s] -- Detecting C compiler ABI info
[2.816s] -- Detecting C compiler ABI info - done
[2.856s] -- Check for working C compiler: /usr/lib/ccache/cc - skipped
[2.858s] -- Detecting C compile features
[2.862s] -- Detecting C compile features - done
[2.884s] -- Detecting CXX compiler ABI info
[3.267s] -- Detecting CXX compiler ABI info - done
[3.300s] -- Check for working CXX compiler: /usr/lib/ccache/c++ - skipped
[3.302s] -- Detecting CXX compile features
[3.305s] -- Detecting CXX compile features - done
[3.332s] -- Found ament_cmake: 1.3.10 (/opt/ros/humble/share/ament_cmake/cmake)
[6.424s] -- Found Python3: /usr/bin/python3 (found version "3.10.12") found components: Interpreter 
[7.210s] -- Found rclcpp: 16.0.10 (/opt/ros/humble/share/rclcpp/cmake)
[7.666s] -- Found rosidl_generator_c: 3.1.5 (/opt/ros/humble/share/rosidl_generator_c/cmake)
[7.723s] -- Found rosidl_adapter: 3.1.5 (/opt/ros/humble/share/rosidl_adapter/cmake)
[7.798s] -- Found rosidl_generator_cpp: 3.1.5 (/opt/ros/humble/share/rosidl_generator_cpp/cmake)
[7.884s] -- Using all available rosidl_typesupport_c: rosidl_typesupport_fastrtps_c;rosidl_typesupport_introspection_c
[8.002s] -- Using all available rosidl_typesupport_cpp: rosidl_typesupport_fastrtps_cpp;rosidl_typesupport_introspection_cpp
[8.405s] -- Found rmw_implementation_cmake: 6.1.2 (/opt/ros/humble/share/rmw_implementation_cmake/cmake)
[8.428s] -- Found rmw_fastrtps_cpp: 6.2.7 (/opt/ros/humble/share/rmw_fastrtps_cpp/cmake)
[9.182s] -- Found OpenSSL: /usr/lib/aarch64-linux-gnu/libcrypto.so (found version "3.0.2")  
[9.489s] -- Found FastRTPS: /opt/ros/humble/include  
[9.930s] -- Using RMW implementation 'rmw_fastrtps_cpp' as default
[10.014s] -- Looking for pthread.h
[10.719s] -- Looking for pthread.h - found
[10.722s] -- Performing Test CMAKE_HAVE_LIBC_PTHREAD
[11.434s] -- Performing Test CMAKE_HAVE_LIBC_PTHREAD - Success
[11.439s] -- Found Threads: TRUE  
[11.743s] -- Found geometry_msgs: 4.2.4 (/opt/ros/humble/share/geometry_msgs/cmake)
[11.818s] -- Found ament_lint_auto: 0.12.11 (/opt/ros/humble/share/ament_lint_auto/cmake)
[12.505s] -- Added test 'lint_cmake' to check CMake code style
[12.516s] -- Added test 'xmllint' to check XML markup files
[12.526s] -- Configuring done
[12.570s] -- Generating done
[12.578s] -- Build files have been written to: /home/drone1/ros2_ws/build/uwb_new_package
[12.612s] Invoked command in '/home/drone1/ros2_ws/build/uwb_new_package' returned '0': CMAKE_PREFIX_PATH=/home/drone1/ros2_ws/install/arm:/opt/ros/humble:${CMAKE_PREFIX_PATH} /usr/bin/cmake /home/drone1/ros2_ws/uwb_new_package -DCMAKE_INSTALL_PREFIX=/home/drone1/ros2_ws/install/uwb_new_package
[12.622s] Invoking command in '/home/drone1/ros2_ws/build/uwb_new_package': CMAKE_PREFIX_PATH=/home/drone1/ros2_ws/install/arm:/opt/ros/humble:${CMAKE_PREFIX_PATH} /usr/bin/cmake --build /home/drone1/ros2_ws/build/uwb_new_package -- -j4 -l4
[12.807s] Invoked command in '/home/drone1/ros2_ws/build/uwb_new_package' returned '0': CMAKE_PREFIX_PATH=/home/drone1/ros2_ws/install/arm:/opt/ros/humble:${CMAKE_PREFIX_PATH} /usr/bin/cmake --build /home/drone1/ros2_ws/build/uwb_new_package -- -j4 -l4
[12.944s] Invoking command in '/home/drone1/ros2_ws/build/uwb_new_package': CMAKE_PREFIX_PATH=/home/drone1/ros2_ws/install/arm:/opt/ros/humble:${CMAKE_PREFIX_PATH} /usr/bin/cmake --install /home/drone1/ros2_ws/build/uwb_new_package
[12.975s] -- Install configuration: ""
[12.976s] -- Installing: /home/drone1/ros2_ws/install/uwb_new_package/share/ament_index/resource_index/package_run_dependencies/uwb_new_package
[12.978s] -- Installing: /home/drone1/ros2_ws/install/uwb_new_package/share/ament_index/resource_index/parent_prefix_path/uwb_new_package
[12.980s] -- Installing: /home/drone1/ros2_ws/install/uwb_new_package/share/uwb_new_package/environment/ament_prefix_path.sh
[12.981s] -- Installing: /home/drone1/ros2_ws/install/uwb_new_package/share/uwb_new_package/environment/ament_prefix_path.dsv
[12.983s] -- Installing: /home/drone1/ros2_ws/install/uwb_new_package/share/uwb_new_package/environment/path.sh
[12.984s] -- Installing: /home/drone1/ros2_ws/install/uwb_new_package/share/uwb_new_package/environment/path.dsv
[12.986s] -- Installing: /home/drone1/ros2_ws/install/uwb_new_package/share/uwb_new_package/local_setup.bash
[12.987s] -- Installing: /home/drone1/ros2_ws/install/uwb_new_package/share/uwb_new_package/local_setup.sh
[12.989s] -- Installing: /home/drone1/ros2_ws/install/uwb_new_package/share/uwb_new_package/local_setup.zsh
[12.990s] -- Installing: /home/drone1/ros2_ws/install/uwb_new_package/share/uwb_new_package/local_setup.dsv
[12.992s] -- Installing: /home/drone1/ros2_ws/install/uwb_new_package/share/uwb_new_package/package.dsv
[12.994s] -- Installing: /home/drone1/ros2_ws/install/uwb_new_package/share/ament_index/resource_index/packages/uwb_new_package
[12.996s] -- Installing: /home/drone1/ros2_ws/install/uwb_new_package/share/uwb_new_package/cmake/uwb_new_packageConfig.cmake
[12.997s] -- Installing: /home/drone1/ros2_ws/install/uwb_new_package/share/uwb_new_package/cmake/uwb_new_packageConfig-version.cmake
[12.998s] -- Installing: /home/drone1/ros2_ws/install/uwb_new_package/share/uwb_new_package/package.xml
[13.006s] Invoked command in '/home/drone1/ros2_ws/build/uwb_new_package' returned '0': CMAKE_PREFIX_PATH=/home/drone1/ros2_ws/install/arm:/opt/ros/humble:${CMAKE_PREFIX_PATH} /usr/bin/cmake --install /home/drone1/ros2_ws/build/uwb_new_package
