running egg_info
writing ../../build/arm/arm.egg-info/PKG-INFO
writing dependency_links to ../../build/arm/arm.egg-info/dependency_links.txt
writing entry points to ../../build/arm/arm.egg-info/entry_points.txt
writing requirements to ../../build/arm/arm.egg-info/requires.txt
writing top-level names to ../../build/arm/arm.egg-info/top_level.txt
reading manifest file '../../build/arm/arm.egg-info/SOURCES.txt'
writing manifest file '../../build/arm/arm.egg-info/SOURCES.txt'
running build
running build_py
copying arm/arm_and_spin.py -> /home/drone1/ros2_ws/build/arm/build/lib/arm
copying arm/arm_and_spin2.py -> /home/drone1/ros2_ws/build/arm/build/lib/arm
copying arm/arm.py -> /home/drone1/ros2_ws/build/arm/build/lib/arm
copying arm/fake_uwb.py -> /home/drone1/ros2_ws/build/arm/build/lib/arm
copying arm/__init__.py -> /home/drone1/ros2_ws/build/arm/build/lib/arm
copying arm/new.py -> /home/drone1/ros2_ws/build/arm/build/lib/arm
copying arm/first.py -> /home/drone1/ros2_ws/build/arm/build/lib/arm
copying arm/drone.py -> /home/drone1/ros2_ws/build/arm/build/lib/arm
running install
running install_lib
running install_data
copying resource/arm -> /home/drone1/ros2_ws/install/arm/share/ament_index/resource_index/packages
copying package.xml -> /home/drone1/ros2_ws/install/arm/share/arm
running install_egg_info
removing '/home/drone1/ros2_ws/install/arm/lib/python3.10/site-packages/arm-0.0.0-py3.10.egg-info' (and everything under it)
Copying ../../build/arm/arm.egg-info to /home/drone1/ros2_ws/install/arm/lib/python3.10/site-packages/arm-0.0.0-py3.10.egg-info
running install_scripts
Installing arm script to /home/drone1/ros2_ws/install/arm/lib/arm
Installing arm_and_spin script to /home/drone1/ros2_ws/install/arm/lib/arm
Installing drone script to /home/drone1/ros2_ws/install/arm/lib/arm
writing list of installed files to '/home/drone1/ros2_ws/build/arm/install.log'
