[8.491s] Invoking command in '/home/drone1/ros2_ws/src/arm': PYTHONPATH=/home/drone1/ros2_ws/build/arm/prefix_override:/usr/lib/python3/dist-packages/colcon_core/task/python/colcon_distutils_commands:/home/drone1/ros2_ws/install/arm/lib/python3.10/site-packages:${PYTHONPATH} /usr/bin/python3 -W ignore:setup.py install is deprecated setup.py egg_info --egg-base ../../build/arm build --build-base /home/drone1/ros2_ws/build/arm/build install --record /home/drone1/ros2_ws/build/arm/install.log --single-version-externally-managed install_data
[11.316s] running egg_info
[11.476s] writing ../../build/arm/arm.egg-info/PKG-INFO
[11.480s] writing dependency_links to ../../build/arm/arm.egg-info/dependency_links.txt
[11.482s] writing entry points to ../../build/arm/arm.egg-info/entry_points.txt
[11.483s] writing requirements to ../../build/arm/arm.egg-info/requires.txt
[11.485s] writing top-level names to ../../build/arm/arm.egg-info/top_level.txt
[11.781s] reading manifest file '../../build/arm/arm.egg-info/SOURCES.txt'
[11.791s] writing manifest file '../../build/arm/arm.egg-info/SOURCES.txt'
[11.792s] running build
[11.793s] running build_py
[11.804s] copying arm/arm_and_spin.py -> /home/drone1/ros2_ws/build/arm/build/lib/arm
[11.805s] copying arm/arm_and_spin2.py -> /home/drone1/ros2_ws/build/arm/build/lib/arm
[11.805s] copying arm/arm.py -> /home/drone1/ros2_ws/build/arm/build/lib/arm
[11.806s] copying arm/fake_uwb.py -> /home/drone1/ros2_ws/build/arm/build/lib/arm
[11.807s] copying arm/__init__.py -> /home/drone1/ros2_ws/build/arm/build/lib/arm
[11.807s] copying arm/new.py -> /home/drone1/ros2_ws/build/arm/build/lib/arm
[11.808s] copying arm/first.py -> /home/drone1/ros2_ws/build/arm/build/lib/arm
[11.809s] copying arm/drone.py -> /home/drone1/ros2_ws/build/arm/build/lib/arm
[11.812s] running install
[11.848s] running install_lib
[12.017s] running install_data
[12.017s] copying resource/arm -> /home/drone1/ros2_ws/install/arm/share/ament_index/resource_index/packages
[12.018s] copying package.xml -> /home/drone1/ros2_ws/install/arm/share/arm
[12.021s] running install_egg_info
[12.192s] removing '/home/drone1/ros2_ws/install/arm/lib/python3.10/site-packages/arm-0.0.0-py3.10.egg-info' (and everything under it)
[12.196s] Copying ../../build/arm/arm.egg-info to /home/drone1/ros2_ws/install/arm/lib/python3.10/site-packages/arm-0.0.0-py3.10.egg-info
[12.204s] running install_scripts
[13.472s] Installing arm script to /home/drone1/ros2_ws/install/arm/lib/arm
[13.473s] Installing arm_and_spin script to /home/drone1/ros2_ws/install/arm/lib/arm
[13.475s] Installing drone script to /home/drone1/ros2_ws/install/arm/lib/arm
[13.478s] writing list of installed files to '/home/drone1/ros2_ws/build/arm/install.log'
[13.651s] Invoked command in '/home/drone1/ros2_ws/src/arm' returned '0': PYTHONPATH=/home/drone1/ros2_ws/build/arm/prefix_override:/usr/lib/python3/dist-packages/colcon_core/task/python/colcon_distutils_commands:/home/drone1/ros2_ws/install/arm/lib/python3.10/site-packages:${PYTHONPATH} /usr/bin/python3 -W ignore:setup.py install is deprecated setup.py egg_info --egg-base ../../build/arm build --build-base /home/drone1/ros2_ws/build/arm/build install --record /home/drone1/ros2_ws/build/arm/install.log --single-version-externally-managed install_data
