[1.221s] Invoking command in '/home/drone1/ros2_ws/build/uwb_new_package': /usr/bin/cmake --build /home/drone1/ros2_ws/build/uwb_new_package -- -j4 -l4
[1.548s] [100%] Built target uwb_node
[1.613s] Invoked command in '/home/drone1/ros2_ws/build/uwb_new_package' returned '0': /usr/bin/cmake --build /home/drone1/ros2_ws/build/uwb_new_package -- -j4 -l4
[2.377s] Invoking command in '/home/drone1/ros2_ws/build/uwb_new_package': /usr/bin/cmake --install /home/drone1/ros2_ws/build/uwb_new_package
[2.442s] -- Install configuration: ""
[2.446s] -- Up-to-date: /home/drone1/ros2_ws/install/uwb_new_package/lib/uwb_new_package/uwb_node
[2.447s] -- Up-to-date: /home/drone1/ros2_ws/install/uwb_new_package/include
[2.448s] -- Up-to-date: /home/drone1/ros2_ws/install/uwb_new_package/include/uwb_new_package
[2.448s] -- Up-to-date: /home/drone1/ros2_ws/install/uwb_new_package/share/ament_index/resource_index/package_run_dependencies/uwb_new_package
[2.448s] -- Up-to-date: /home/drone1/ros2_ws/install/uwb_new_package/share/ament_index/resource_index/parent_prefix_path/uwb_new_package
[2.449s] -- Up-to-date: /home/drone1/ros2_ws/install/uwb_new_package/share/uwb_new_package/environment/ament_prefix_path.sh
[2.449s] -- Up-to-date: /home/drone1/ros2_ws/install/uwb_new_package/share/uwb_new_package/environment/ament_prefix_path.dsv
[2.450s] -- Up-to-date: /home/drone1/ros2_ws/install/uwb_new_package/share/uwb_new_package/environment/path.sh
[2.451s] -- Up-to-date: /home/drone1/ros2_ws/install/uwb_new_package/share/uwb_new_package/environment/path.dsv
[2.451s] -- Up-to-date: /home/drone1/ros2_ws/install/uwb_new_package/share/uwb_new_package/local_setup.bash
[2.452s] -- Up-to-date: /home/drone1/ros2_ws/install/uwb_new_package/share/uwb_new_package/local_setup.sh
[2.452s] -- Up-to-date: /home/drone1/ros2_ws/install/uwb_new_package/share/uwb_new_package/local_setup.zsh
[2.453s] -- Up-to-date: /home/drone1/ros2_ws/install/uwb_new_package/share/uwb_new_package/local_setup.dsv
[2.462s] -- Installing: /home/drone1/ros2_ws/install/uwb_new_package/share/uwb_new_package/package.dsv
[2.464s] -- Up-to-date: /home/drone1/ros2_ws/install/uwb_new_package/share/ament_index/resource_index/packages/uwb_new_package
[2.465s] -- Up-to-date: /home/drone1/ros2_ws/install/uwb_new_package/share/uwb_new_package/cmake/uwb_new_packageConfig.cmake
[2.466s] -- Up-to-date: /home/drone1/ros2_ws/install/uwb_new_package/share/uwb_new_package/cmake/uwb_new_packageConfig-version.cmake
[2.466s] -- Up-to-date: /home/drone1/ros2_ws/install/uwb_new_package/share/uwb_new_package/package.xml
[2.468s] Invoked command in '/home/drone1/ros2_ws/build/uwb_new_package' returned '0': /usr/bin/cmake --install /home/drone1/ros2_ws/build/uwb_new_package
