[4.450s] Invoking command in '/home/drone1/ros2_ws/src/arm': PYTHONPATH=/home/drone1/ros2_ws/build/arm/prefix_override:/usr/lib/python3/dist-packages/colcon_core/task/python/colcon_distutils_commands:/home/drone1/ros2_ws/install/arm/lib/python3.10/site-packages:${PYTHONPATH} /usr/bin/python3 -W ignore:setup.py install is deprecated setup.py egg_info --egg-base ../../build/arm build --build-base /home/drone1/ros2_ws/build/arm/build install --record /home/drone1/ros2_ws/build/arm/install.log --single-version-externally-managed install_data
[6.204s] running egg_info
[6.309s] writing ../../build/arm/arm.egg-info/PKG-INFO
[6.314s] writing dependency_links to ../../build/arm/arm.egg-info/dependency_links.txt
[6.317s] writing entry points to ../../build/arm/arm.egg-info/entry_points.txt
[6.319s] writing requirements to ../../build/arm/arm.egg-info/requires.txt
[6.321s] writing top-level names to ../../build/arm/arm.egg-info/top_level.txt
[6.558s] reading manifest file '../../build/arm/arm.egg-info/SOURCES.txt'
[6.567s] writing manifest file '../../build/arm/arm.egg-info/SOURCES.txt'
[6.569s] running build
[6.571s] running build_py
[6.574s] copying arm/arm_and_spin.py -> /home/drone1/ros2_ws/build/arm/build/lib/arm
[6.577s] copying arm/arm.py -> /home/drone1/ros2_ws/build/arm/build/lib/arm
[6.581s] copying arm/__init__.py -> /home/drone1/ros2_ws/build/arm/build/lib/arm
[6.584s] copying arm/new.py -> /home/drone1/ros2_ws/build/arm/build/lib/arm
[6.587s] copying arm/first.py -> /home/drone1/ros2_ws/build/arm/build/lib/arm
[6.589s] copying arm/drone.py -> /home/drone1/ros2_ws/build/arm/build/lib/arm
[6.593s] running install
[6.635s] running install_lib
[6.758s] running install_data
[6.761s] copying resource/arm -> /home/drone1/ros2_ws/install/arm/share/ament_index/resource_index/packages
[6.763s] copying package.xml -> /home/drone1/ros2_ws/install/arm/share/arm
[6.765s] running install_egg_info
[6.913s] removing '/home/drone1/ros2_ws/install/arm/lib/python3.10/site-packages/arm-0.0.0-py3.10.egg-info' (and everything under it)
[6.915s] Copying ../../build/arm/arm.egg-info to /home/drone1/ros2_ws/install/arm/lib/python3.10/site-packages/arm-0.0.0-py3.10.egg-info
[6.925s] running install_scripts
[8.048s] Installing arm script to /home/drone1/ros2_ws/install/arm/lib/arm
[8.049s] Installing arm_and_spin script to /home/drone1/ros2_ws/install/arm/lib/arm
[8.050s] Installing drone script to /home/drone1/ros2_ws/install/arm/lib/arm
[8.054s] writing list of installed files to '/home/drone1/ros2_ws/build/arm/install.log'
[8.235s] Invoked command in '/home/drone1/ros2_ws/src/arm' returned '0': PYTHONPATH=/home/drone1/ros2_ws/build/arm/prefix_override:/usr/lib/python3/dist-packages/colcon_core/task/python/colcon_distutils_commands:/home/drone1/ros2_ws/install/arm/lib/python3.10/site-packages:${PYTHONPATH} /usr/bin/python3 -W ignore:setup.py install is deprecated setup.py egg_info --egg-base ../../build/arm build --build-base /home/drone1/ros2_ws/build/arm/build install --record /home/drone1/ros2_ws/build/arm/install.log --single-version-externally-managed install_data
