[4.890s] Invoking command in '/home/drone1/ros2_ws/src/arm': PYTHONPATH=/home/drone1/ros2_ws/build/arm/prefix_override:/usr/lib/python3/dist-packages/colcon_core/task/python/colcon_distutils_commands:/home/drone1/ros2_ws/install/arm/lib/python3.10/site-packages:${PYTHONPATH} /usr/bin/python3 -W ignore:setup.py install is deprecated setup.py egg_info --egg-base ../../build/arm build --build-base /home/drone1/ros2_ws/build/arm/build install --record /home/drone1/ros2_ws/build/arm/install.log --single-version-externally-managed install_data
[6.139s] running egg_info
[6.219s] writing ../../build/arm/arm.egg-info/PKG-INFO
[6.222s] writing dependency_links to ../../build/arm/arm.egg-info/dependency_links.txt
[6.223s] writing entry points to ../../build/arm/arm.egg-info/entry_points.txt
[6.225s] writing requirements to ../../build/arm/arm.egg-info/requires.txt
[6.226s] writing top-level names to ../../build/arm/arm.egg-info/top_level.txt
[6.392s] reading manifest file '../../build/arm/arm.egg-info/SOURCES.txt'
[6.400s] writing manifest file '../../build/arm/arm.egg-info/SOURCES.txt'
[6.401s] running build
[6.401s] running build_py
[6.404s] copying arm/arm_and_spin.py -> /home/drone1/ros2_ws/build/arm/build/lib/arm
[6.406s] copying arm/arm.py -> /home/drone1/ros2_ws/build/arm/build/lib/arm
[6.407s] copying arm/__init__.py -> /home/drone1/ros2_ws/build/arm/build/lib/arm
[6.408s] copying arm/new.py -> /home/drone1/ros2_ws/build/arm/build/lib/arm
[6.410s] copying arm/first.py -> /home/drone1/ros2_ws/build/arm/build/lib/arm
[6.411s] copying arm/drone.py -> /home/drone1/ros2_ws/build/arm/build/lib/arm
[6.414s] running install
[6.437s] running install_lib
[6.524s] running install_data
[6.526s] copying resource/arm -> /home/drone1/ros2_ws/install/arm/share/ament_index/resource_index/packages
[6.528s] copying package.xml -> /home/drone1/ros2_ws/install/arm/share/arm
[6.529s] running install_egg_info
[6.614s] removing '/home/drone1/ros2_ws/install/arm/lib/python3.10/site-packages/arm-0.0.0-py3.10.egg-info' (and everything under it)
[6.616s] Copying ../../build/arm/arm.egg-info to /home/drone1/ros2_ws/install/arm/lib/python3.10/site-packages/arm-0.0.0-py3.10.egg-info
[6.623s] running install_scripts
[7.369s] Installing arm script to /home/drone1/ros2_ws/install/arm/lib/arm
[7.371s] Installing arm_and_spin script to /home/drone1/ros2_ws/install/arm/lib/arm
[7.372s] Installing drone script to /home/drone1/ros2_ws/install/arm/lib/arm
[7.375s] writing list of installed files to '/home/drone1/ros2_ws/build/arm/install.log'
[7.522s] Invoked command in '/home/drone1/ros2_ws/src/arm' returned '0': PYTHONPATH=/home/drone1/ros2_ws/build/arm/prefix_override:/usr/lib/python3/dist-packages/colcon_core/task/python/colcon_distutils_commands:/home/drone1/ros2_ws/install/arm/lib/python3.10/site-packages:${PYTHONPATH} /usr/bin/python3 -W ignore:setup.py install is deprecated setup.py egg_info --egg-base ../../build/arm build --build-base /home/drone1/ros2_ws/build/arm/build install --record /home/drone1/ros2_ws/build/arm/install.log --single-version-externally-managed install_data
