[1.150s] Invoking command in '/home/drone1/ros2_ws/build/uwb': /usr/bin/cmake --build /home/drone1/ros2_ws/build/uwb -- -j4 -l4
[1.298s] -- Found ament_cmake: 1.3.10 (/opt/ros/humble/share/ament_cmake/cmake)
[2.347s] -- Found rclcpp: 16.0.10 (/opt/ros/humble/share/rclcpp/cmake)
[2.641s] -- Found rosidl_generator_c: 3.1.5 (/opt/ros/humble/share/rosidl_generator_c/cmake)
[2.658s] -- Found rosidl_adapter: 3.1.5 (/opt/ros/humble/share/rosidl_adapter/cmake)
[2.701s] -- Found rosidl_generator_cpp: 3.1.5 (/opt/ros/humble/share/rosidl_generator_cpp/cmake)
[2.771s] -- Using all available rosidl_typesupport_c: rosidl_typesupport_fastrtps_c;rosidl_typesupport_introspection_c
[2.855s] -- Using all available rosidl_typesupport_cpp: rosidl_typesupport_fastrtps_cpp;rosidl_typesupport_introspection_cpp
[3.085s] -- Found rmw_implementation_cmake: 6.1.2 (/opt/ros/humble/share/rmw_implementation_cmake/cmake)
[3.097s] -- Found rmw_fastrtps_cpp: 6.2.7 (/opt/ros/humble/share/rmw_fastrtps_cpp/cmake)
[4.304s] -- Using RMW implementation 'rmw_fastrtps_cpp' as default
[4.635s] -- Found geometry_msgs: 4.2.4 (/opt/ros/humble/share/geometry_msgs/cmake)
[5.426s] -- Configuring done
[5.531s] -- Generating done
[5.551s] -- Build files have been written to: /home/drone1/ros2_ws/build/uwb
[5.693s] [35m[1mConsolidate compiler generated dependencies of target uwb_node[0m
[5.861s] [ 20%] [32m[1mLinking CXX executable uwb_node[0m
[7.582s] [100%] Built target uwb_node
[7.649s] Invoked command in '/home/drone1/ros2_ws/build/uwb' returned '0': /usr/bin/cmake --build /home/drone1/ros2_ws/build/uwb -- -j4 -l4
[8.208s] Invoking command in '/home/drone1/ros2_ws/build/uwb': /usr/bin/cmake --install /home/drone1/ros2_ws/build/uwb
[8.251s] -- Install configuration: ""
[8.255s] -- Installing: /home/drone1/ros2_ws/install/uwb/lib/uwb/uwb_node
[8.269s] -- Set runtime path of "/home/drone1/ros2_ws/install/uwb/lib/uwb/uwb_node" to ""
[8.271s] -- Up-to-date: /home/drone1/ros2_ws/install/uwb/include
[8.273s] -- Up-to-date: /home/drone1/ros2_ws/install/uwb/include/uwb_new_package
[8.274s] -- Up-to-date: /home/drone1/ros2_ws/install/uwb/include/uwb
[8.276s] -- Up-to-date: /home/drone1/ros2_ws/install/uwb/share/ament_index/resource_index/package_run_dependencies/uwb
[8.279s] -- Up-to-date: /home/drone1/ros2_ws/install/uwb/share/ament_index/resource_index/parent_prefix_path/uwb
[8.281s] -- Installing: /home/drone1/ros2_ws/install/uwb/share/uwb/environment/ament_prefix_path.sh
[8.284s] -- Installing: /home/drone1/ros2_ws/install/uwb/share/uwb/environment/ament_prefix_path.dsv
[8.300s] -- Installing: /home/drone1/ros2_ws/install/uwb/share/uwb/environment/path.sh
[8.302s] -- Installing: /home/drone1/ros2_ws/install/uwb/share/uwb/environment/path.dsv
[8.303s] -- Up-to-date: /home/drone1/ros2_ws/install/uwb/share/uwb/local_setup.bash
[8.303s] -- Up-to-date: /home/drone1/ros2_ws/install/uwb/share/uwb/local_setup.sh
[8.304s] -- Up-to-date: /home/drone1/ros2_ws/install/uwb/share/uwb/local_setup.zsh
[8.306s] -- Installing: /home/drone1/ros2_ws/install/uwb/share/uwb/local_setup.dsv
[8.307s] -- Installing: /home/drone1/ros2_ws/install/uwb/share/uwb/package.dsv
[8.308s] -- Up-to-date: /home/drone1/ros2_ws/install/uwb/share/ament_index/resource_index/packages/uwb
[8.309s] -- Up-to-date: /home/drone1/ros2_ws/install/uwb/share/uwb/cmake/uwbConfig.cmake
[8.309s] -- Up-to-date: /home/drone1/ros2_ws/install/uwb/share/uwb/cmake/uwbConfig-version.cmake
[8.310s] -- Up-to-date: /home/drone1/ros2_ws/install/uwb/share/uwb/package.xml
[8.320s] Invoked command in '/home/drone1/ros2_ws/build/uwb' returned '0': /usr/bin/cmake --install /home/drone1/ros2_ws/build/uwb
