[5.912s] Invoking command in '/home/drone1/ros2_ws/src/arm': PYTHONPATH=/home/drone1/ros2_ws/build/arm/prefix_override:/usr/lib/python3/dist-packages/colcon_core/task/python/colcon_distutils_commands:/home/drone1/ros2_ws/install/arm/lib/python3.10/site-packages:${PYTHONPATH} /usr/bin/python3 -W ignore:setup.py install is deprecated setup.py egg_info --egg-base ../../build/arm build --build-base /home/drone1/ros2_ws/build/arm/build install --record /home/drone1/ros2_ws/build/arm/install.log --single-version-externally-managed install_data
[7.439s] running egg_info
[7.534s] writing ../../build/arm/arm.egg-info/PKG-INFO
[7.541s] writing dependency_links to ../../build/arm/arm.egg-info/dependency_links.txt
[7.543s] writing entry points to ../../build/arm/arm.egg-info/entry_points.txt
[7.545s] writing requirements to ../../build/arm/arm.egg-info/requires.txt
[7.546s] writing top-level names to ../../build/arm/arm.egg-info/top_level.txt
[7.760s] reading manifest file '../../build/arm/arm.egg-info/SOURCES.txt'
[7.768s] writing manifest file '../../build/arm/arm.egg-info/SOURCES.txt'
[7.769s] running build
[7.769s] running build_py
[7.772s] copying arm/arm_and_spin.py -> /home/drone1/ros2_ws/build/arm/build/lib/arm
[7.773s] copying arm/arm.py -> /home/drone1/ros2_ws/build/arm/build/lib/arm
[7.774s] copying arm/__init__.py -> /home/drone1/ros2_ws/build/arm/build/lib/arm
[7.776s] copying arm/new.py -> /home/drone1/ros2_ws/build/arm/build/lib/arm
[7.777s] copying arm/first.py -> /home/drone1/ros2_ws/build/arm/build/lib/arm
[7.779s] copying arm/drone.py -> /home/drone1/ros2_ws/build/arm/build/lib/arm
[7.782s] running install
[7.810s] running install_lib
[7.907s] running install_data
[7.908s] copying resource/arm -> /home/drone1/ros2_ws/install/arm/share/ament_index/resource_index/packages
[7.909s] copying package.xml -> /home/drone1/ros2_ws/install/arm/share/arm
[7.910s] running install_egg_info
[7.999s] removing '/home/drone1/ros2_ws/install/arm/lib/python3.10/site-packages/arm-0.0.0-py3.10.egg-info' (and everything under it)
[8.001s] Copying ../../build/arm/arm.egg-info to /home/drone1/ros2_ws/install/arm/lib/python3.10/site-packages/arm-0.0.0-py3.10.egg-info
[8.009s] running install_scripts
[8.835s] Installing arm script to /home/drone1/ros2_ws/install/arm/lib/arm
[8.836s] Installing arm_and_spin script to /home/drone1/ros2_ws/install/arm/lib/arm
[8.837s] Installing drone script to /home/drone1/ros2_ws/install/arm/lib/arm
[8.841s] writing list of installed files to '/home/drone1/ros2_ws/build/arm/install.log'
[9.004s] Invoked command in '/home/drone1/ros2_ws/src/arm' returned '0': PYTHONPATH=/home/drone1/ros2_ws/build/arm/prefix_override:/usr/lib/python3/dist-packages/colcon_core/task/python/colcon_distutils_commands:/home/drone1/ros2_ws/install/arm/lib/python3.10/site-packages:${PYTHONPATH} /usr/bin/python3 -W ignore:setup.py install is deprecated setup.py egg_info --egg-base ../../build/arm build --build-base /home/drone1/ros2_ws/build/arm/build install --record /home/drone1/ros2_ws/build/arm/install.log --single-version-externally-managed install_data
