[1.134s] Invoking command in '/home/drone1/ros2_ws/build/uwb_new': /usr/bin/cmake /home/drone1/ros2_ws/src/uwb_new -DCATKIN_INSTALL_INTO_PREFIX_ROOT=0 -DCMAKE_INSTALL_PREFIX=/home/drone1/ros2_ws/install/uwb_new
[1.460s] -- The C compiler identification is GNU 11.4.0
[1.795s] -- The CXX compiler identification is GNU 11.4.0
[1.842s] -- Detecting C compiler ABI info
[2.145s] -- Detecting C compiler ABI info - done
[2.176s] -- Check for working C compiler: /usr/lib/ccache/cc - skipped
[2.177s] -- Detecting C compile features
[2.178s] -- Detecting C compile features - done
[2.193s] -- Detecting CXX compiler ABI info
[2.533s] -- Detecting CXX compiler ABI info - done
[2.564s] -- Check for working CXX compiler: /usr/lib/ccache/c++ - skipped
[2.565s] -- Detecting CXX compile features
[2.567s] -- Detecting CXX compile features - done
[2.596s] -- Found ament_cmake: 1.3.10 (/opt/ros/humble/share/ament_cmake/cmake)
[4.621s] -- Found Python3: /usr/bin/python3 (found version "3.10.12") found components: Interpreter 
[5.308s] -- Found rclcpp: 16.0.10 (/opt/ros/humble/share/rclcpp/cmake)
[5.679s] -- Found rosidl_generator_c: 3.1.5 (/opt/ros/humble/share/rosidl_generator_c/cmake)
[5.724s] -- Found rosidl_adapter: 3.1.5 (/opt/ros/humble/share/rosidl_adapter/cmake)
[5.788s] -- Found rosidl_generator_cpp: 3.1.5 (/opt/ros/humble/share/rosidl_generator_cpp/cmake)
[5.874s] -- Using all available rosidl_typesupport_c: rosidl_typesupport_fastrtps_c;rosidl_typesupport_introspection_c
[5.988s] -- Using all available rosidl_typesupport_cpp: rosidl_typesupport_fastrtps_cpp;rosidl_typesupport_introspection_cpp
[6.309s] -- Found rmw_implementation_cmake: 6.1.2 (/opt/ros/humble/share/rmw_implementation_cmake/cmake)
[6.333s] -- Found rmw_fastrtps_cpp: 6.2.7 (/opt/ros/humble/share/rmw_fastrtps_cpp/cmake)
[6.932s] -- Found OpenSSL: /usr/lib/aarch64-linux-gnu/libcrypto.so (found version "3.0.2")  
[7.196s] -- Found FastRTPS: /opt/ros/humble/include  
[7.621s] -- Using RMW implementation 'rmw_fastrtps_cpp' as default
[7.703s] -- Looking for pthread.h
[8.021s] -- Looking for pthread.h - found
[8.024s] -- Performing Test CMAKE_HAVE_LIBC_PTHREAD
[8.343s] -- Performing Test CMAKE_HAVE_LIBC_PTHREAD - Success
[8.349s] -- Found Threads: TRUE  
[8.645s] -- Found geometry_msgs: 4.2.4 (/opt/ros/humble/share/geometry_msgs/cmake)
[9.041s] -- Configuring done
[9.111s] -- Generating done
[9.117s] [33mCMake Warning:
[9.118s]   Manually-specified variables were not used by the project:
[9.119s] 
[9.119s]     CATKIN_INSTALL_INTO_PREFIX_ROOT
[9.120s] 
[9.120s] [0m
[9.121s] -- Build files have been written to: /home/drone1/ros2_ws/build/uwb_new
[9.157s] Invoked command in '/home/drone1/ros2_ws/build/uwb_new' returned '0': /usr/bin/cmake /home/drone1/ros2_ws/src/uwb_new -DCATKIN_INSTALL_INTO_PREFIX_ROOT=0 -DCMAKE_INSTALL_PREFIX=/home/drone1/ros2_ws/install/uwb_new
[9.168s] Invoking command in '/home/drone1/ros2_ws/build/uwb_new': /usr/bin/cmake --build /home/drone1/ros2_ws/build/uwb_new -- -j4 -l4
[9.359s] [35m[1mConsolidate compiler generated dependencies of target uwb_node[0m
[9.488s] [100%] Built target uwb_node
[9.536s] Invoked command in '/home/drone1/ros2_ws/build/uwb_new' returned '0': /usr/bin/cmake --build /home/drone1/ros2_ws/build/uwb_new -- -j4 -l4
[10.092s] Invoking command in '/home/drone1/ros2_ws/build/uwb_new': /usr/bin/cmake --install /home/drone1/ros2_ws/build/uwb_new
[10.122s] -- Install configuration: ""
[10.124s] -- Up-to-date: /home/drone1/ros2_ws/install/uwb_new/lib/uwb_new/uwb_node
[10.125s] -- Up-to-date: /home/drone1/ros2_ws/install/uwb_new/include
[10.125s] -- Up-to-date: /home/drone1/ros2_ws/install/uwb_new/include/uwb_new
[10.126s] -- Up-to-date: /home/drone1/ros2_ws/install/uwb_new/share/ament_index/resource_index/package_run_dependencies/uwb_new
[10.127s] -- Up-to-date: /home/drone1/ros2_ws/install/uwb_new/share/ament_index/resource_index/parent_prefix_path/uwb_new
[10.127s] -- Up-to-date: /home/drone1/ros2_ws/install/uwb_new/share/uwb_new/environment/ament_prefix_path.sh
[10.128s] -- Installing: /home/drone1/ros2_ws/install/uwb_new/share/uwb_new/environment/ament_prefix_path.dsv
[10.129s] -- Up-to-date: /home/drone1/ros2_ws/install/uwb_new/share/uwb_new/environment/path.sh
[10.130s] -- Installing: /home/drone1/ros2_ws/install/uwb_new/share/uwb_new/environment/path.dsv
[10.131s] -- Up-to-date: /home/drone1/ros2_ws/install/uwb_new/share/uwb_new/local_setup.bash
[10.131s] -- Up-to-date: /home/drone1/ros2_ws/install/uwb_new/share/uwb_new/local_setup.sh
[10.132s] -- Up-to-date: /home/drone1/ros2_ws/install/uwb_new/share/uwb_new/local_setup.zsh
[10.132s] -- Installing: /home/drone1/ros2_ws/install/uwb_new/share/uwb_new/local_setup.dsv
[10.133s] -- Installing: /home/drone1/ros2_ws/install/uwb_new/share/uwb_new/package.dsv
[10.135s] -- Up-to-date: /home/drone1/ros2_ws/install/uwb_new/share/ament_index/resource_index/packages/uwb_new
[10.136s] -- Up-to-date: /home/drone1/ros2_ws/install/uwb_new/share/uwb_new/cmake/uwb_newConfig.cmake
[10.136s] -- Up-to-date: /home/drone1/ros2_ws/install/uwb_new/share/uwb_new/cmake/uwb_newConfig-version.cmake
[10.137s] -- Up-to-date: /home/drone1/ros2_ws/install/uwb_new/share/uwb_new/package.xml
[10.142s] Invoked command in '/home/drone1/ros2_ws/build/uwb_new' returned '0': /usr/bin/cmake --install /home/drone1/ros2_ws/build/uwb_new
