[1.208s] Invoking command in '/home/drone1/ros2_ws/build/uwb': /usr/bin/cmake --build /home/drone1/ros2_ws/build/uwb -- -j4 -l4
[1.363s] gmake: Warning: File 'Makefile' has modification time 602 s in the future
[1.555s] gmake[1]: Warning: File 'CMakeFiles/Makefile2' has modification time 602 s in the future
[1.594s] gmake[2]: Warning: File 'CMakeFiles/uwb_node.dir/progress.make' has modification time 602 s in the future
[1.655s] [35m[1mConsolidate compiler generated dependencies of target uwb_node[0m
[1.706s] gmake[2]: warning:  Clock skew detected.  Your build may be incomplete.
[1.724s] gmake[2]: Warning: File 'CMakeFiles/uwb_node.dir/progress.make' has modification time 602 s in the future
[1.753s] gmake[2]: warning:  Clock skew detected.  Your build may be incomplete.
[1.794s] [100%] Built target uwb_node
[1.803s] gmake[1]: warning:  Clock skew detected.  Your build may be incomplete.
[1.860s] gmake: warning:  Clock skew detected.  Your build may be incomplete.
[1.873s] Invoked command in '/home/drone1/ros2_ws/build/uwb' returned '0': /usr/bin/cmake --build /home/drone1/ros2_ws/build/uwb -- -j4 -l4
[2.396s] Invoking command in '/home/drone1/ros2_ws/build/uwb': /usr/bin/cmake --install /home/drone1/ros2_ws/build/uwb
[2.438s] -- Install configuration: ""
[2.441s] -- Up-to-date: /home/drone1/ros2_ws/install/uwb/lib/uwb/uwb_node
[2.443s] -- Up-to-date: /home/drone1/ros2_ws/install/uwb/include
[2.444s] -- Up-to-date: /home/drone1/ros2_ws/install/uwb/include/uwb_new_package
[2.445s] -- Up-to-date: /home/drone1/ros2_ws/install/uwb/include/uwb
[2.446s] -- Up-to-date: /home/drone1/ros2_ws/install/uwb/share/ament_index/resource_index/package_run_dependencies/uwb
[2.448s] -- Up-to-date: /home/drone1/ros2_ws/install/uwb/share/ament_index/resource_index/parent_prefix_path/uwb
[2.448s] -- Up-to-date: /home/drone1/ros2_ws/install/uwb/share/uwb/environment/ament_prefix_path.sh
[2.449s] -- Up-to-date: /home/drone1/ros2_ws/install/uwb/share/uwb/environment/ament_prefix_path.dsv
[2.450s] -- Up-to-date: /home/drone1/ros2_ws/install/uwb/share/uwb/environment/path.sh
[2.451s] -- Up-to-date: /home/drone1/ros2_ws/install/uwb/share/uwb/environment/path.dsv
[2.452s] -- Up-to-date: /home/drone1/ros2_ws/install/uwb/share/uwb/local_setup.bash
[2.453s] -- Up-to-date: /home/drone1/ros2_ws/install/uwb/share/uwb/local_setup.sh
[2.453s] -- Up-to-date: /home/drone1/ros2_ws/install/uwb/share/uwb/local_setup.zsh
[2.454s] -- Up-to-date: /home/drone1/ros2_ws/install/uwb/share/uwb/local_setup.dsv
[2.454s] -- Installing: /home/drone1/ros2_ws/install/uwb/share/uwb/package.dsv
[2.456s] -- Up-to-date: /home/drone1/ros2_ws/install/uwb/share/ament_index/resource_index/packages/uwb
[2.458s] -- Up-to-date: /home/drone1/ros2_ws/install/uwb/share/uwb/cmake/uwbConfig.cmake
[2.459s] -- Up-to-date: /home/drone1/ros2_ws/install/uwb/share/uwb/cmake/uwbConfig-version.cmake
[2.459s] -- Up-to-date: /home/drone1/ros2_ws/install/uwb/share/uwb/package.xml
[2.471s] Invoked command in '/home/drone1/ros2_ws/build/uwb' returned '0': /usr/bin/cmake --install /home/drone1/ros2_ws/build/uwb
