[7.585s] Invoking command in '/home/drone1/ros2_ws/src/arm': PYTHONPATH=/home/drone1/ros2_ws/build/arm/prefix_override:/usr/lib/python3/dist-packages/colcon_core/task/python/colcon_distutils_commands:/home/drone1/ros2_ws/install/arm/lib/python3.10/site-packages:${PYTHONPATH} /usr/bin/python3 -W ignore:setup.py install is deprecated setup.py egg_info --egg-base ../../build/arm build --build-base /home/drone1/ros2_ws/build/arm/build install --record /home/drone1/ros2_ws/build/arm/install.log --single-version-externally-managed install_data
[9.953s] running egg_info
[10.132s] writing ../../build/arm/arm.egg-info/PKG-INFO
[10.134s] writing dependency_links to ../../build/arm/arm.egg-info/dependency_links.txt
[10.138s] writing entry points to ../../build/arm/arm.egg-info/entry_points.txt
[10.139s] writing requirements to ../../build/arm/arm.egg-info/requires.txt
[10.140s] writing top-level names to ../../build/arm/arm.egg-info/top_level.txt
[10.509s] reading manifest file '../../build/arm/arm.egg-info/SOURCES.txt'
[10.515s] writing manifest file '../../build/arm/arm.egg-info/SOURCES.txt'
[10.515s] running build
[10.516s] running build_py
[10.519s] copying arm/arm_and_spin.py -> /home/drone1/ros2_ws/build/arm/build/lib/arm
[10.520s] copying arm/arm_and_spin2.py -> /home/drone1/ros2_ws/build/arm/build/lib/arm
[10.525s] copying arm/arm.py -> /home/drone1/ros2_ws/build/arm/build/lib/arm
[10.527s] copying arm/fake_uwb.py -> /home/drone1/ros2_ws/build/arm/build/lib/arm
[10.529s] copying arm/__init__.py -> /home/drone1/ros2_ws/build/arm/build/lib/arm
[10.531s] copying arm/new.py -> /home/drone1/ros2_ws/build/arm/build/lib/arm
[10.533s] copying arm/first.py -> /home/drone1/ros2_ws/build/arm/build/lib/arm
[10.537s] copying arm/drone.py -> /home/drone1/ros2_ws/build/arm/build/lib/arm
[10.541s] running install
[10.576s] running install_lib
[10.843s] running install_data
[10.844s] copying resource/arm -> /home/drone1/ros2_ws/install/arm/share/ament_index/resource_index/packages
[10.847s] copying package.xml -> /home/drone1/ros2_ws/install/arm/share/arm
[10.848s] running install_egg_info
[11.104s] removing '/home/drone1/ros2_ws/install/arm/lib/python3.10/site-packages/arm-0.0.0-py3.10.egg-info' (and everything under it)
[11.104s] Copying ../../build/arm/arm.egg-info to /home/drone1/ros2_ws/install/arm/lib/python3.10/site-packages/arm-0.0.0-py3.10.egg-info
[11.112s] running install_scripts
[13.092s] Installing arm script to /home/drone1/ros2_ws/install/arm/lib/arm
[13.093s] Installing arm_and_spin script to /home/drone1/ros2_ws/install/arm/lib/arm
[13.097s] Installing drone script to /home/drone1/ros2_ws/install/arm/lib/arm
[13.108s] writing list of installed files to '/home/drone1/ros2_ws/build/arm/install.log'
[13.433s] Invoked command in '/home/drone1/ros2_ws/src/arm' returned '0': PYTHONPATH=/home/drone1/ros2_ws/build/arm/prefix_override:/usr/lib/python3/dist-packages/colcon_core/task/python/colcon_distutils_commands:/home/drone1/ros2_ws/install/arm/lib/python3.10/site-packages:${PYTHONPATH} /usr/bin/python3 -W ignore:setup.py install is deprecated setup.py egg_info --egg-base ../../build/arm build --build-base /home/drone1/ros2_ws/build/arm/build install --record /home/drone1/ros2_ws/build/arm/install.log --single-version-externally-managed install_data
