-- Found ament_cmake: 1.3.10 (/opt/ros/humble/share/ament_cmake/cmake)
-- Found rclcpp: 16.0.10 (/opt/ros/humble/share/rclcpp/cmake)
-- Found rosidl_generator_c: 3.1.5 (/opt/ros/humble/share/rosidl_generator_c/cmake)
-- Found rosidl_adapter: 3.1.5 (/opt/ros/humble/share/rosidl_adapter/cmake)
-- Found rosidl_generator_cpp: 3.1.5 (/opt/ros/humble/share/rosidl_generator_cpp/cmake)
-- Using all available rosidl_typesupport_c: rosidl_typesupport_fastrtps_c;rosidl_typesupport_introspection_c
-- Using all available rosidl_typesupport_cpp: rosidl_typesupport_fastrtps_cpp;rosidl_typesupport_introspection_cpp
-- Found rmw_implementation_cmake: 6.1.2 (/opt/ros/humble/share/rmw_implementation_cmake/cmake)
-- Found rmw_fastrtps_cpp: 6.2.7 (/opt/ros/humble/share/rmw_fastrtps_cpp/cmake)
-- Using RMW implementation 'rmw_fastrtps_cpp' as default
-- Found geometry_msgs: 4.2.4 (/opt/ros/humble/share/geometry_msgs/cmake)
-- Configuring done
-- Generating done
-- Build files have been written to: /home/drone1/ros2_ws/build/uwb
[35m[1mConsolidate compiler generated dependencies of target uwb_node[0m
[ 20%] [32mBuilding C object CMakeFiles/uwb_node.dir/src/nlink_linktrack_tagframe0.c.o[0m
[ 40%] [32m[1mLinking CXX executable uwb_node[0m
[100%] Built target uwb_node
-- Install configuration: ""
-- Installing: /home/drone1/ros2_ws/install/uwb/lib/uwb/uwb_node
-- Set runtime path of "/home/drone1/ros2_ws/install/uwb/lib/uwb/uwb_node" to ""
-- Up-to-date: /home/drone1/ros2_ws/install/uwb/include
-- Up-to-date: /home/drone1/ros2_ws/install/uwb/include/uwb_new_package
-- Up-to-date: /home/drone1/ros2_ws/install/uwb/include/uwb
-- Up-to-date: /home/drone1/ros2_ws/install/uwb/share/ament_index/resource_index/package_run_dependencies/uwb
-- Up-to-date: /home/drone1/ros2_ws/install/uwb/share/ament_index/resource_index/parent_prefix_path/uwb
-- Up-to-date: /home/drone1/ros2_ws/install/uwb/share/uwb/environment/ament_prefix_path.sh
-- Installing: /home/drone1/ros2_ws/install/uwb/share/uwb/environment/ament_prefix_path.dsv
-- Up-to-date: /home/drone1/ros2_ws/install/uwb/share/uwb/environment/path.sh
-- Installing: /home/drone1/ros2_ws/install/uwb/share/uwb/environment/path.dsv
-- Up-to-date: /home/drone1/ros2_ws/install/uwb/share/uwb/local_setup.bash
-- Up-to-date: /home/drone1/ros2_ws/install/uwb/share/uwb/local_setup.sh
-- Up-to-date: /home/drone1/ros2_ws/install/uwb/share/uwb/local_setup.zsh
-- Installing: /home/drone1/ros2_ws/install/uwb/share/uwb/local_setup.dsv
-- Installing: /home/drone1/ros2_ws/install/uwb/share/uwb/package.dsv
-- Up-to-date: /home/drone1/ros2_ws/install/uwb/share/ament_index/resource_index/packages/uwb
-- Up-to-date: /home/drone1/ros2_ws/install/uwb/share/uwb/cmake/uwbConfig.cmake
-- Up-to-date: /home/drone1/ros2_ws/install/uwb/share/uwb/cmake/uwbConfig-version.cmake
-- Up-to-date: /home/drone1/ros2_ws/install/uwb/share/uwb/package.xml
