[1.593s] Invoking command in '/home/drone1/ros2_ws/build/uwb': /usr/bin/cmake --build /home/drone1/ros2_ws/build/uwb -- -j4 -l4
[1.842s] -- Found ament_cmake: 1.3.10 (/opt/ros/humble/share/ament_cmake/cmake)
[3.762s] -- Found rclcpp: 16.0.10 (/opt/ros/humble/share/rclcpp/cmake)
[4.492s] -- Found rosidl_generator_c: 3.1.5 (/opt/ros/humble/share/rosidl_generator_c/cmake)
[4.526s] -- Found rosidl_adapter: 3.1.5 (/opt/ros/humble/share/rosidl_adapter/cmake)
[4.585s] -- Found rosidl_generator_cpp: 3.1.5 (/opt/ros/humble/share/rosidl_generator_cpp/cmake)
[4.689s] -- Using all available rosidl_typesupport_c: rosidl_typesupport_fastrtps_c;rosidl_typesupport_introspection_c
[4.890s] -- Using all available rosidl_typesupport_cpp: rosidl_typesupport_fastrtps_cpp;rosidl_typesupport_introspection_cpp
[5.392s] -- Found rmw_implementation_cmake: 6.1.2 (/opt/ros/humble/share/rmw_implementation_cmake/cmake)
[5.409s] -- Found rmw_fastrtps_cpp: 6.2.7 (/opt/ros/humble/share/rmw_fastrtps_cpp/cmake)
[6.622s] -- Using RMW implementation 'rmw_fastrtps_cpp' as default
[7.249s] -- Found geometry_msgs: 4.2.4 (/opt/ros/humble/share/geometry_msgs/cmake)
[8.012s] -- Configuring done
[8.136s] -- Generating done
[8.165s] -- Build files have been written to: /home/drone1/ros2_ws/build/uwb
[8.415s] [35m[1mConsolidate compiler generated dependencies of target uwb_node[0m
[8.563s] [ 20%] [32mBuilding C object CMakeFiles/uwb_node.dir/src/nlink_linktrack_tagframe0.c.o[0m
[9.970s] [ 40%] [32m[1mLinking CXX executable uwb_node[0m
[11.233s] [100%] Built target uwb_node
[11.326s] Invoked command in '/home/drone1/ros2_ws/build/uwb' returned '0': /usr/bin/cmake --build /home/drone1/ros2_ws/build/uwb -- -j4 -l4
[11.957s] Invoking command in '/home/drone1/ros2_ws/build/uwb': /usr/bin/cmake --install /home/drone1/ros2_ws/build/uwb
[11.995s] -- Install configuration: ""
[11.998s] -- Installing: /home/drone1/ros2_ws/install/uwb/lib/uwb/uwb_node
[12.010s] -- Set runtime path of "/home/drone1/ros2_ws/install/uwb/lib/uwb/uwb_node" to ""
[12.011s] -- Up-to-date: /home/drone1/ros2_ws/install/uwb/include
[12.011s] -- Up-to-date: /home/drone1/ros2_ws/install/uwb/include/uwb_new_package
[12.012s] -- Up-to-date: /home/drone1/ros2_ws/install/uwb/include/uwb
[12.019s] -- Up-to-date: /home/drone1/ros2_ws/install/uwb/share/ament_index/resource_index/package_run_dependencies/uwb
[12.024s] -- Up-to-date: /home/drone1/ros2_ws/install/uwb/share/ament_index/resource_index/parent_prefix_path/uwb
[12.025s] -- Up-to-date: /home/drone1/ros2_ws/install/uwb/share/uwb/environment/ament_prefix_path.sh
[12.027s] -- Installing: /home/drone1/ros2_ws/install/uwb/share/uwb/environment/ament_prefix_path.dsv
[12.027s] -- Up-to-date: /home/drone1/ros2_ws/install/uwb/share/uwb/environment/path.sh
[12.028s] -- Installing: /home/drone1/ros2_ws/install/uwb/share/uwb/environment/path.dsv
[12.030s] -- Up-to-date: /home/drone1/ros2_ws/install/uwb/share/uwb/local_setup.bash
[12.031s] -- Up-to-date: /home/drone1/ros2_ws/install/uwb/share/uwb/local_setup.sh
[12.031s] -- Up-to-date: /home/drone1/ros2_ws/install/uwb/share/uwb/local_setup.zsh
[12.032s] -- Installing: /home/drone1/ros2_ws/install/uwb/share/uwb/local_setup.dsv
[12.032s] -- Installing: /home/drone1/ros2_ws/install/uwb/share/uwb/package.dsv
[12.035s] -- Up-to-date: /home/drone1/ros2_ws/install/uwb/share/ament_index/resource_index/packages/uwb
[12.037s] -- Up-to-date: /home/drone1/ros2_ws/install/uwb/share/uwb/cmake/uwbConfig.cmake
[12.039s] -- Up-to-date: /home/drone1/ros2_ws/install/uwb/share/uwb/cmake/uwbConfig-version.cmake
[12.040s] -- Up-to-date: /home/drone1/ros2_ws/install/uwb/share/uwb/package.xml
[12.057s] Invoked command in '/home/drone1/ros2_ws/build/uwb' returned '0': /usr/bin/cmake --install /home/drone1/ros2_ws/build/uwb
