[1.275s] Invoking command in '/home/drone1/ros2_ws/build/uwb_new': /usr/bin/cmake --build /home/drone1/ros2_ws/build/uwb_new -- -j4 -l4
[1.622s] [100%] Built target uwb_node
[1.679s] Invoked command in '/home/drone1/ros2_ws/build/uwb_new' returned '0': /usr/bin/cmake --build /home/drone1/ros2_ws/build/uwb_new -- -j4 -l4
[2.408s] Invoking command in '/home/drone1/ros2_ws/build/uwb_new': /usr/bin/cmake --install /home/drone1/ros2_ws/build/uwb_new
[2.453s] -- Install configuration: ""
[2.455s] -- Up-to-date: /home/drone1/ros2_ws/install/uwb_new/lib/uwb_new/uwb_node
[2.457s] -- Up-to-date: /home/drone1/ros2_ws/install/uwb_new/include
[2.457s] -- Up-to-date: /home/drone1/ros2_ws/install/uwb_new/include/uwb_new
[2.458s] -- Up-to-date: /home/drone1/ros2_ws/install/uwb_new/share/ament_index/resource_index/package_run_dependencies/uwb_new
[2.459s] -- Up-to-date: /home/drone1/ros2_ws/install/uwb_new/share/ament_index/resource_index/parent_prefix_path/uwb_new
[2.460s] -- Up-to-date: /home/drone1/ros2_ws/install/uwb_new/share/uwb_new/environment/ament_prefix_path.sh
[2.463s] -- Up-to-date: /home/drone1/ros2_ws/install/uwb_new/share/uwb_new/environment/ament_prefix_path.dsv
[2.464s] -- Up-to-date: /home/drone1/ros2_ws/install/uwb_new/share/uwb_new/environment/path.sh
[2.469s] -- Up-to-date: /home/drone1/ros2_ws/install/uwb_new/share/uwb_new/environment/path.dsv
[2.470s] -- Up-to-date: /home/drone1/ros2_ws/install/uwb_new/share/uwb_new/local_setup.bash
[2.471s] -- Up-to-date: /home/drone1/ros2_ws/install/uwb_new/share/uwb_new/local_setup.sh
[2.472s] -- Up-to-date: /home/drone1/ros2_ws/install/uwb_new/share/uwb_new/local_setup.zsh
[2.474s] -- Up-to-date: /home/drone1/ros2_ws/install/uwb_new/share/uwb_new/local_setup.dsv
[2.489s] -- Installing: /home/drone1/ros2_ws/install/uwb_new/share/uwb_new/package.dsv
[2.490s] -- Up-to-date: /home/drone1/ros2_ws/install/uwb_new/share/ament_index/resource_index/packages/uwb_new
[2.490s] -- Up-to-date: /home/drone1/ros2_ws/install/uwb_new/share/uwb_new/cmake/uwb_newConfig.cmake
[2.491s] -- Up-to-date: /home/drone1/ros2_ws/install/uwb_new/share/uwb_new/cmake/uwb_newConfig-version.cmake
[2.492s] -- Up-to-date: /home/drone1/ros2_ws/install/uwb_new/share/uwb_new/package.xml
[2.507s] Invoked command in '/home/drone1/ros2_ws/build/uwb_new' returned '0': /usr/bin/cmake --install /home/drone1/ros2_ws/build/uwb_new
