[5.211s] Invoking command in '/home/drone1/ros2_ws/src/arm': PYTHONPATH=/home/drone1/ros2_ws/build/arm/prefix_override:/usr/lib/python3/dist-packages/colcon_core/task/python/colcon_distutils_commands:/home/drone1/ros2_ws/install/arm/lib/python3.10/site-packages:${PYTHONPATH} /usr/bin/python3 -W ignore:setup.py install is deprecated setup.py egg_info --egg-base ../../build/arm build --build-base /home/drone1/ros2_ws/build/arm/build install --record /home/drone1/ros2_ws/build/arm/install.log --single-version-externally-managed install_data
[6.651s] running egg_info
[6.770s] writing ../../build/arm/arm.egg-info/PKG-INFO
[6.773s] writing dependency_links to ../../build/arm/arm.egg-info/dependency_links.txt
[6.774s] writing entry points to ../../build/arm/arm.egg-info/entry_points.txt
[6.776s] writing requirements to ../../build/arm/arm.egg-info/requires.txt
[6.777s] writing top-level names to ../../build/arm/arm.egg-info/top_level.txt
[7.041s] reading manifest file '../../build/arm/arm.egg-info/SOURCES.txt'
[7.051s] writing manifest file '../../build/arm/arm.egg-info/SOURCES.txt'
[7.052s] running build
[7.052s] running build_py
[7.059s] running install
[7.095s] running install_lib
[7.218s] running install_data
[7.222s] running install_egg_info
[7.356s] removing '/home/drone1/ros2_ws/install/arm/lib/python3.10/site-packages/arm-0.0.0-py3.10.egg-info' (and everything under it)
[7.359s] Copying ../../build/arm/arm.egg-info to /home/drone1/ros2_ws/install/arm/lib/python3.10/site-packages/arm-0.0.0-py3.10.egg-info
[7.368s] running install_scripts
[8.385s] Installing arm script to /home/drone1/ros2_ws/install/arm/lib/arm
[8.386s] Installing arm_and_spin script to /home/drone1/ros2_ws/install/arm/lib/arm
[8.388s] Installing drone script to /home/drone1/ros2_ws/install/arm/lib/arm
[8.390s] writing list of installed files to '/home/drone1/ros2_ws/build/arm/install.log'
[8.555s] Invoked command in '/home/drone1/ros2_ws/src/arm' returned '0': PYTHONPATH=/home/drone1/ros2_ws/build/arm/prefix_override:/usr/lib/python3/dist-packages/colcon_core/task/python/colcon_distutils_commands:/home/drone1/ros2_ws/install/arm/lib/python3.10/site-packages:${PYTHONPATH} /usr/bin/python3 -W ignore:setup.py install is deprecated setup.py egg_info --egg-base ../../build/arm build --build-base /home/drone1/ros2_ws/build/arm/build install --record /home/drone1/ros2_ws/build/arm/install.log --single-version-externally-managed install_data
