[0.058s] Invoking command in '/home/drone1/ros2_ws/build/uwb_new': /usr/bin/cmake /home/drone1/ros2_ws/src/uwb_new -DCATKIN_INSTALL_INTO_PREFIX_ROOT=0 -DCMAKE_INSTALL_PREFIX=/home/drone1/ros2_ws/install/uwb_new
[0.439s] -- The C compiler identification is GNU 11.4.0
[0.852s] -- The CXX compiler identification is GNU 11.4.0
[0.933s] -- Detecting C compiler ABI info
[1.371s] -- Detecting C compiler ABI info - done
[1.405s] -- Check for working C compiler: /usr/lib/ccache/cc - skipped
[1.406s] -- Detecting C compile features
[1.408s] -- Detecting C compile features - done
[1.425s] -- Detecting CXX compiler ABI info
[1.815s] -- Detecting CXX compiler ABI info - done
[1.862s] -- Check for working CXX compiler: /usr/lib/ccache/c++ - skipped
[1.865s] -- Detecting CXX compile features
[1.867s] -- Detecting CXX compile features - done
[1.898s] -- Found ament_cmake: 1.3.10 (/opt/ros/humble/share/ament_cmake/cmake)
[4.385s] -- Found Python3: /usr/bin/python3 (found version "3.10.12") found components: Interpreter 
[4.965s] -- Found rclcpp: 16.0.10 (/opt/ros/humble/share/rclcpp/cmake)
[5.315s] -- Found rosidl_generator_c: 3.1.5 (/opt/ros/humble/share/rosidl_generator_c/cmake)
[5.357s] -- Found rosidl_adapter: 3.1.5 (/opt/ros/humble/share/rosidl_adapter/cmake)
[5.416s] -- Found rosidl_generator_cpp: 3.1.5 (/opt/ros/humble/share/rosidl_generator_cpp/cmake)
[5.492s] -- Using all available rosidl_typesupport_c: rosidl_typesupport_fastrtps_c;rosidl_typesupport_introspection_c
[5.599s] -- Using all available rosidl_typesupport_cpp: rosidl_typesupport_fastrtps_cpp;rosidl_typesupport_introspection_cpp
[5.892s] -- Found rmw_implementation_cmake: 6.1.2 (/opt/ros/humble/share/rmw_implementation_cmake/cmake)
[5.916s] -- Found rmw_fastrtps_cpp: 6.2.7 (/opt/ros/humble/share/rmw_fastrtps_cpp/cmake)
[6.532s] -- Found OpenSSL: /usr/lib/aarch64-linux-gnu/libcrypto.so (found version "3.0.2")  
[6.789s] -- Found FastRTPS: /opt/ros/humble/include  
[7.213s] -- Using RMW implementation 'rmw_fastrtps_cpp' as default
[7.289s] -- Looking for pthread.h
[7.590s] -- Looking for pthread.h - found
[7.592s] -- Performing Test CMAKE_HAVE_LIBC_PTHREAD
[7.884s] -- Performing Test CMAKE_HAVE_LIBC_PTHREAD - Success
[7.889s] -- Found Threads: TRUE  
[8.181s] -- Found geometry_msgs: 4.2.4 (/opt/ros/humble/share/geometry_msgs/cmake)
[8.599s] -- Configuring done
[8.669s] -- Generating done
[8.675s] [33mCMake Warning:
[8.676s]   Manually-specified variables were not used by the project:
[8.676s] 
[8.677s]     CATKIN_INSTALL_INTO_PREFIX_ROOT
[8.678s] 
[8.678s] [0m
[8.678s] -- Build files have been written to: /home/drone1/ros2_ws/build/uwb_new
[8.717s] Invoked command in '/home/drone1/ros2_ws/build/uwb_new' returned '0': /usr/bin/cmake /home/drone1/ros2_ws/src/uwb_new -DCATKIN_INSTALL_INTO_PREFIX_ROOT=0 -DCMAKE_INSTALL_PREFIX=/home/drone1/ros2_ws/install/uwb_new
[8.729s] Invoking command in '/home/drone1/ros2_ws/build/uwb_new': /usr/bin/cmake --build /home/drone1/ros2_ws/build/uwb_new -- -j4 -l4
[8.917s] [35m[1mConsolidate compiler generated dependencies of target uwb_node[0m
[9.042s] [100%] Built target uwb_node
[9.086s] Invoked command in '/home/drone1/ros2_ws/build/uwb_new' returned '0': /usr/bin/cmake --build /home/drone1/ros2_ws/build/uwb_new -- -j4 -l4
[9.644s] Invoking command in '/home/drone1/ros2_ws/build/uwb_new': /usr/bin/cmake --install /home/drone1/ros2_ws/build/uwb_new
[9.675s] -- Install configuration: ""
[9.677s] -- Up-to-date: /home/drone1/ros2_ws/install/uwb_new/lib/uwb_new/uwb_node
[9.678s] -- Up-to-date: /home/drone1/ros2_ws/install/uwb_new/include
[9.678s] -- Up-to-date: /home/drone1/ros2_ws/install/uwb_new/include/uwb_new
[9.679s] -- Up-to-date: /home/drone1/ros2_ws/install/uwb_new/share/ament_index/resource_index/package_run_dependencies/uwb_new
[9.679s] -- Up-to-date: /home/drone1/ros2_ws/install/uwb_new/share/ament_index/resource_index/parent_prefix_path/uwb_new
[9.680s] -- Up-to-date: /home/drone1/ros2_ws/install/uwb_new/share/uwb_new/environment/ament_prefix_path.sh
[9.680s] -- Installing: /home/drone1/ros2_ws/install/uwb_new/share/uwb_new/environment/ament_prefix_path.dsv
[9.682s] -- Up-to-date: /home/drone1/ros2_ws/install/uwb_new/share/uwb_new/environment/path.sh
[9.683s] -- Installing: /home/drone1/ros2_ws/install/uwb_new/share/uwb_new/environment/path.dsv
[9.684s] -- Up-to-date: /home/drone1/ros2_ws/install/uwb_new/share/uwb_new/local_setup.bash
[9.684s] -- Up-to-date: /home/drone1/ros2_ws/install/uwb_new/share/uwb_new/local_setup.sh
[9.685s] -- Up-to-date: /home/drone1/ros2_ws/install/uwb_new/share/uwb_new/local_setup.zsh
[9.686s] -- Installing: /home/drone1/ros2_ws/install/uwb_new/share/uwb_new/local_setup.dsv
[9.686s] -- Installing: /home/drone1/ros2_ws/install/uwb_new/share/uwb_new/package.dsv
[9.688s] -- Up-to-date: /home/drone1/ros2_ws/install/uwb_new/share/ament_index/resource_index/packages/uwb_new
[9.688s] -- Up-to-date: /home/drone1/ros2_ws/install/uwb_new/share/uwb_new/cmake/uwb_newConfig.cmake
[9.689s] -- Up-to-date: /home/drone1/ros2_ws/install/uwb_new/share/uwb_new/cmake/uwb_newConfig-version.cmake
[9.689s] -- Up-to-date: /home/drone1/ros2_ws/install/uwb_new/share/uwb_new/package.xml
[9.695s] Invoked command in '/home/drone1/ros2_ws/build/uwb_new' returned '0': /usr/bin/cmake --install /home/drone1/ros2_ws/build/uwb_new
