[4.147s] Invoking command in '/home/drone1/ros2_ws/src/arm': PYTHONPATH=/home/drone1/ros2_ws/build/arm/prefix_override:/usr/lib/python3/dist-packages/colcon_core/task/python/colcon_distutils_commands:/home/drone1/ros2_ws/install/arm/lib/python3.10/site-packages:${PYTHONPATH} /usr/bin/python3 -W ignore:setup.py install is deprecated setup.py egg_info --egg-base ../../build/arm build --build-base /home/drone1/ros2_ws/build/arm/build install --record /home/drone1/ros2_ws/build/arm/install.log --single-version-externally-managed install_data
[5.402s] running egg_info
[5.479s] writing ../../build/arm/arm.egg-info/PKG-INFO
[5.483s] writing dependency_links to ../../build/arm/arm.egg-info/dependency_links.txt
[5.484s] writing entry points to ../../build/arm/arm.egg-info/entry_points.txt
[5.485s] writing requirements to ../../build/arm/arm.egg-info/requires.txt
[5.486s] writing top-level names to ../../build/arm/arm.egg-info/top_level.txt
[5.649s] reading manifest file '../../build/arm/arm.egg-info/SOURCES.txt'
[5.656s] writing manifest file '../../build/arm/arm.egg-info/SOURCES.txt'
[5.657s] running build
[5.657s] running build_py
[5.659s] copying arm/arm_and_spin.py -> /home/drone1/ros2_ws/build/arm/build/lib/arm
[5.660s] copying arm/arm.py -> /home/drone1/ros2_ws/build/arm/build/lib/arm
[5.661s] copying arm/__init__.py -> /home/drone1/ros2_ws/build/arm/build/lib/arm
[5.662s] copying arm/new.py -> /home/drone1/ros2_ws/build/arm/build/lib/arm
[5.664s] copying arm/first.py -> /home/drone1/ros2_ws/build/arm/build/lib/arm
[5.665s] copying arm/drone.py -> /home/drone1/ros2_ws/build/arm/build/lib/arm
[5.668s] running install
[5.692s] running install_lib
[5.776s] running install_data
[5.778s] copying resource/arm -> /home/drone1/ros2_ws/install/arm/share/ament_index/resource_index/packages
[5.781s] copying package.xml -> /home/drone1/ros2_ws/install/arm/share/arm
[5.782s] running install_egg_info
[5.867s] removing '/home/drone1/ros2_ws/install/arm/lib/python3.10/site-packages/arm-0.0.0-py3.10.egg-info' (and everything under it)
[5.870s] Copying ../../build/arm/arm.egg-info to /home/drone1/ros2_ws/install/arm/lib/python3.10/site-packages/arm-0.0.0-py3.10.egg-info
[5.876s] running install_scripts
[7.499s] Installing arm script to /home/drone1/ros2_ws/install/arm/lib/arm
[7.502s] Installing arm_and_spin script to /home/drone1/ros2_ws/install/arm/lib/arm
[7.505s] Installing drone script to /home/drone1/ros2_ws/install/arm/lib/arm
[7.511s] writing list of installed files to '/home/drone1/ros2_ws/build/arm/install.log'
[7.771s] Invoked command in '/home/drone1/ros2_ws/src/arm' returned '0': PYTHONPATH=/home/drone1/ros2_ws/build/arm/prefix_override:/usr/lib/python3/dist-packages/colcon_core/task/python/colcon_distutils_commands:/home/drone1/ros2_ws/install/arm/lib/python3.10/site-packages:${PYTHONPATH} /usr/bin/python3 -W ignore:setup.py install is deprecated setup.py egg_info --egg-base ../../build/arm build --build-base /home/drone1/ros2_ws/build/arm/build install --record /home/drone1/ros2_ws/build/arm/install.log --single-version-externally-managed install_data
