[1.182s] Invoking command in '/home/drone1/ros2_ws/build/uwb_new': /usr/bin/cmake --build /home/drone1/ros2_ws/build/uwb_new -- -j4 -l4
[1.224s] gmake: Warning: File 'Makefile' has modification time 992 s in the future
[1.341s] gmake[1]: Warning: File 'CMakeFiles/Makefile2' has modification time 992 s in the future
[1.361s] gmake[2]: Warning: File 'CMakeFiles/uwb_node.dir/flags.make' has modification time 980 s in the future
[1.409s] gmake[2]: warning:  Clock skew detected.  Your build may be incomplete.
[1.432s] gmake[2]: Warning: File 'CMakeFiles/uwb_node.dir/flags.make' has modification time 980 s in the future
[1.457s] gmake[2]: warning:  Clock skew detected.  Your build may be incomplete.
[1.502s] [100%] Built target uwb_node
[1.507s] gmake[1]: warning:  Clock skew detected.  Your build may be incomplete.
[1.553s] gmake: warning:  Clock skew detected.  Your build may be incomplete.
[1.565s] Invoked command in '/home/drone1/ros2_ws/build/uwb_new' returned '0': /usr/bin/cmake --build /home/drone1/ros2_ws/build/uwb_new -- -j4 -l4
[2.260s] Invoking command in '/home/drone1/ros2_ws/build/uwb_new': /usr/bin/cmake --install /home/drone1/ros2_ws/build/uwb_new
[2.303s] -- Install configuration: ""
[2.307s] -- Up-to-date: /home/drone1/ros2_ws/install/uwb_new/lib/uwb_new/uwb_node
[2.309s] -- Up-to-date: /home/drone1/ros2_ws/install/uwb_new/include
[2.311s] -- Up-to-date: /home/drone1/ros2_ws/install/uwb_new/include/uwb_new
[2.313s] -- Up-to-date: /home/drone1/ros2_ws/install/uwb_new/share/ament_index/resource_index/package_run_dependencies/uwb_new
[2.315s] -- Up-to-date: /home/drone1/ros2_ws/install/uwb_new/share/ament_index/resource_index/parent_prefix_path/uwb_new
[2.316s] -- Up-to-date: /home/drone1/ros2_ws/install/uwb_new/share/uwb_new/environment/ament_prefix_path.sh
[2.318s] -- Up-to-date: /home/drone1/ros2_ws/install/uwb_new/share/uwb_new/environment/ament_prefix_path.dsv
[2.319s] -- Up-to-date: /home/drone1/ros2_ws/install/uwb_new/share/uwb_new/environment/path.sh
[2.319s] -- Up-to-date: /home/drone1/ros2_ws/install/uwb_new/share/uwb_new/environment/path.dsv
[2.320s] -- Up-to-date: /home/drone1/ros2_ws/install/uwb_new/share/uwb_new/local_setup.bash
[2.321s] -- Up-to-date: /home/drone1/ros2_ws/install/uwb_new/share/uwb_new/local_setup.sh
[2.333s] -- Up-to-date: /home/drone1/ros2_ws/install/uwb_new/share/uwb_new/local_setup.zsh
[2.333s] -- Up-to-date: /home/drone1/ros2_ws/install/uwb_new/share/uwb_new/local_setup.dsv
[2.337s] -- Installing: /home/drone1/ros2_ws/install/uwb_new/share/uwb_new/package.dsv
[2.337s] -- Up-to-date: /home/drone1/ros2_ws/install/uwb_new/share/ament_index/resource_index/packages/uwb_new
[2.341s] -- Up-to-date: /home/drone1/ros2_ws/install/uwb_new/share/uwb_new/cmake/uwb_newConfig.cmake
[2.341s] -- Up-to-date: /home/drone1/ros2_ws/install/uwb_new/share/uwb_new/cmake/uwb_newConfig-version.cmake
[2.342s] -- Up-to-date: /home/drone1/ros2_ws/install/uwb_new/share/uwb_new/package.xml
[2.350s] Invoked command in '/home/drone1/ros2_ws/build/uwb_new' returned '0': /usr/bin/cmake --install /home/drone1/ros2_ws/build/uwb_new
