[1.206s] Invoking command in '/home/drone1/ros2_ws/build/uwb': /usr/bin/cmake --build /home/drone1/ros2_ws/build/uwb -- -j4 -l4
[1.359s] gmake: Warning: File 'Makefile' has modification time 1131 s in the future
[1.568s] gmake[1]: Warning: File 'CMakeFiles/Makefile2' has modification time 1131 s in the future
[1.605s] gmake[2]: Warning: File 'CMakeFiles/uwb_node.dir/flags.make' has modification time 1120 s in the future
[1.679s] [35m[1mConsolidate compiler generated dependencies of target uwb_node[0m
[1.728s] gmake[2]: warning:  Clock skew detected.  Your build may be incomplete.
[1.746s] gmake[2]: Warning: File 'CMakeFiles/uwb_node.dir/flags.make' has modification time 1119 s in the future
[1.775s] gmake[2]: warning:  Clock skew detected.  Your build may be incomplete.
[1.835s] [100%] Built target uwb_node
[1.838s] gmake[1]: warning:  Clock skew detected.  Your build may be incomplete.
[1.898s] gmake: warning:  Clock skew detected.  Your build may be incomplete.
[1.920s] Invoked command in '/home/drone1/ros2_ws/build/uwb' returned '0': /usr/bin/cmake --build /home/drone1/ros2_ws/build/uwb -- -j4 -l4
[2.446s] Invoking command in '/home/drone1/ros2_ws/build/uwb': /usr/bin/cmake --install /home/drone1/ros2_ws/build/uwb
[2.488s] -- Install configuration: ""
[2.491s] -- Up-to-date: /home/drone1/ros2_ws/install/uwb/lib/uwb/uwb_node
[2.500s] -- Up-to-date: /home/drone1/ros2_ws/install/uwb/include
[2.502s] -- Up-to-date: /home/drone1/ros2_ws/install/uwb/include/uwb_new_package
[2.503s] -- Up-to-date: /home/drone1/ros2_ws/install/uwb/include/uwb
[2.504s] -- Up-to-date: /home/drone1/ros2_ws/install/uwb/share/ament_index/resource_index/package_run_dependencies/uwb
[2.505s] -- Up-to-date: /home/drone1/ros2_ws/install/uwb/share/ament_index/resource_index/parent_prefix_path/uwb
[2.505s] -- Up-to-date: /home/drone1/ros2_ws/install/uwb/share/uwb/environment/ament_prefix_path.sh
[2.506s] -- Up-to-date: /home/drone1/ros2_ws/install/uwb/share/uwb/environment/ament_prefix_path.dsv
[2.507s] -- Up-to-date: /home/drone1/ros2_ws/install/uwb/share/uwb/environment/path.sh
[2.507s] -- Up-to-date: /home/drone1/ros2_ws/install/uwb/share/uwb/environment/path.dsv
[2.508s] -- Up-to-date: /home/drone1/ros2_ws/install/uwb/share/uwb/local_setup.bash
[2.509s] -- Up-to-date: /home/drone1/ros2_ws/install/uwb/share/uwb/local_setup.sh
[2.519s] -- Up-to-date: /home/drone1/ros2_ws/install/uwb/share/uwb/local_setup.zsh
[2.526s] -- Up-to-date: /home/drone1/ros2_ws/install/uwb/share/uwb/local_setup.dsv
[2.527s] -- Installing: /home/drone1/ros2_ws/install/uwb/share/uwb/package.dsv
[2.528s] -- Up-to-date: /home/drone1/ros2_ws/install/uwb/share/ament_index/resource_index/packages/uwb
[2.528s] -- Up-to-date: /home/drone1/ros2_ws/install/uwb/share/uwb/cmake/uwbConfig.cmake
[2.529s] -- Up-to-date: /home/drone1/ros2_ws/install/uwb/share/uwb/cmake/uwbConfig-version.cmake
[2.531s] -- Up-to-date: /home/drone1/ros2_ws/install/uwb/share/uwb/package.xml
[2.532s] Invoked command in '/home/drone1/ros2_ws/build/uwb' returned '0': /usr/bin/cmake --install /home/drone1/ros2_ws/build/uwb
