[4.607s] Invoking command in '/home/drone1/ros2_ws/src/arm': PYTHONPATH=/home/drone1/ros2_ws/build/arm/prefix_override:/usr/lib/python3/dist-packages/colcon_core/task/python/colcon_distutils_commands:/home/drone1/ros2_ws/install/arm/lib/python3.10/site-packages:${PYTHONPATH} /usr/bin/python3 -W ignore:setup.py install is deprecated setup.py egg_info --egg-base ../../build/arm build --build-base /home/drone1/ros2_ws/build/arm/build install --record /home/drone1/ros2_ws/build/arm/install.log --single-version-externally-managed install_data
[5.887s] running egg_info
[5.962s] writing ../../build/arm/arm.egg-info/PKG-INFO
[5.965s] writing dependency_links to ../../build/arm/arm.egg-info/dependency_links.txt
[5.966s] writing entry points to ../../build/arm/arm.egg-info/entry_points.txt
[5.967s] writing requirements to ../../build/arm/arm.egg-info/requires.txt
[5.968s] writing top-level names to ../../build/arm/arm.egg-info/top_level.txt
[6.151s] reading manifest file '../../build/arm/arm.egg-info/SOURCES.txt'
[6.158s] writing manifest file '../../build/arm/arm.egg-info/SOURCES.txt'
[6.159s] running build
[6.159s] running build_py
[6.164s] running install
[6.190s] running install_lib
[6.289s] running install_data
[6.292s] running install_egg_info
[6.373s] removing '/home/drone1/ros2_ws/install/arm/lib/python3.10/site-packages/arm-0.0.0-py3.10.egg-info' (and everything under it)
[6.375s] Copying ../../build/arm/arm.egg-info to /home/drone1/ros2_ws/install/arm/lib/python3.10/site-packages/arm-0.0.0-py3.10.egg-info
[6.381s] running install_scripts
[7.151s] Installing arm script to /home/drone1/ros2_ws/install/arm/lib/arm
[7.152s] Installing arm_and_spin script to /home/drone1/ros2_ws/install/arm/lib/arm
[7.153s] Installing drone script to /home/drone1/ros2_ws/install/arm/lib/arm
[7.156s] writing list of installed files to '/home/drone1/ros2_ws/build/arm/install.log'
[7.305s] Invoked command in '/home/drone1/ros2_ws/src/arm' returned '0': PYTHONPATH=/home/drone1/ros2_ws/build/arm/prefix_override:/usr/lib/python3/dist-packages/colcon_core/task/python/colcon_distutils_commands:/home/drone1/ros2_ws/install/arm/lib/python3.10/site-packages:${PYTHONPATH} /usr/bin/python3 -W ignore:setup.py install is deprecated setup.py egg_info --egg-base ../../build/arm build --build-base /home/drone1/ros2_ws/build/arm/build install --record /home/drone1/ros2_ws/build/arm/install.log --single-version-externally-managed install_data
