[4.969s] Invoking command in '/home/drone1/ros2_ws/src/arm': PYTHONPATH=/home/drone1/ros2_ws/build/arm/prefix_override:/usr/lib/python3/dist-packages/colcon_core/task/python/colcon_distutils_commands:/home/drone1/ros2_ws/install/arm/lib/python3.10/site-packages:${PYTHONPATH} /usr/bin/python3 -W ignore:setup.py install is deprecated setup.py egg_info --egg-base ../../build/arm build --build-base /home/drone1/ros2_ws/build/arm/build install --record /home/drone1/ros2_ws/build/arm/install.log --single-version-externally-managed install_data
[6.477s] running egg_info
[6.569s] writing ../../build/arm/arm.egg-info/PKG-INFO
[6.572s] writing dependency_links to ../../build/arm/arm.egg-info/dependency_links.txt
[6.574s] writing entry points to ../../build/arm/arm.egg-info/entry_points.txt
[6.575s] writing requirements to ../../build/arm/arm.egg-info/requires.txt
[6.577s] writing top-level names to ../../build/arm/arm.egg-info/top_level.txt
[6.788s] reading manifest file '../../build/arm/arm.egg-info/SOURCES.txt'
[6.797s] writing manifest file '../../build/arm/arm.egg-info/SOURCES.txt'
[6.799s] running build
[6.799s] running build_py
[6.801s] copying arm/arm_and_spin.py -> /home/drone1/ros2_ws/build/arm/build/lib/arm
[6.803s] copying arm/arm.py -> /home/drone1/ros2_ws/build/arm/build/lib/arm
[6.805s] copying arm/__init__.py -> /home/drone1/ros2_ws/build/arm/build/lib/arm
[6.806s] copying arm/new.py -> /home/drone1/ros2_ws/build/arm/build/lib/arm
[6.808s] copying arm/first.py -> /home/drone1/ros2_ws/build/arm/build/lib/arm
[6.810s] copying arm/drone.py -> /home/drone1/ros2_ws/build/arm/build/lib/arm
[6.813s] running install
[6.841s] running install_lib
[6.957s] running install_data
[6.960s] copying resource/arm -> /home/drone1/ros2_ws/install/arm/share/ament_index/resource_index/packages
[6.962s] copying package.xml -> /home/drone1/ros2_ws/install/arm/share/arm
[6.963s] running install_egg_info
[7.066s] removing '/home/drone1/ros2_ws/install/arm/lib/python3.10/site-packages/arm-0.0.0-py3.10.egg-info' (and everything under it)
[7.068s] Copying ../../build/arm/arm.egg-info to /home/drone1/ros2_ws/install/arm/lib/python3.10/site-packages/arm-0.0.0-py3.10.egg-info
[7.075s] running install_scripts
[8.005s] Installing arm script to /home/drone1/ros2_ws/install/arm/lib/arm
[8.008s] Installing arm_and_spin script to /home/drone1/ros2_ws/install/arm/lib/arm
[8.009s] Installing drone script to /home/drone1/ros2_ws/install/arm/lib/arm
[8.013s] writing list of installed files to '/home/drone1/ros2_ws/build/arm/install.log'
[8.177s] Invoked command in '/home/drone1/ros2_ws/src/arm' returned '0': PYTHONPATH=/home/drone1/ros2_ws/build/arm/prefix_override:/usr/lib/python3/dist-packages/colcon_core/task/python/colcon_distutils_commands:/home/drone1/ros2_ws/install/arm/lib/python3.10/site-packages:${PYTHONPATH} /usr/bin/python3 -W ignore:setup.py install is deprecated setup.py egg_info --egg-base ../../build/arm build --build-base /home/drone1/ros2_ws/build/arm/build install --record /home/drone1/ros2_ws/build/arm/install.log --single-version-externally-managed install_data
