[1.088s] Invoking command in '/home/drone1/ros2_ws/build/uwb_new': /usr/bin/cmake /home/drone1/ros2_ws/src/uwb_new -DCATKIN_INSTALL_INTO_PREFIX_ROOT=0 -DCMAKE_INSTALL_PREFIX=/home/drone1/ros2_ws/install/uwb_new
[1.423s] -- The C compiler identification is GNU 11.4.0
[1.773s] -- The CXX compiler identification is GNU 11.4.0
[1.822s] -- Detecting C compiler ABI info
[2.146s] -- Detecting C compiler ABI info - done
[2.182s] -- Check for working C compiler: /usr/lib/ccache/cc - skipped
[2.183s] -- Detecting C compile features
[2.185s] -- Detecting C compile features - done
[2.204s] -- Detecting CXX compiler ABI info
[2.556s] -- Detecting CXX compiler ABI info - done
[2.590s] -- Check for working CXX compiler: /usr/lib/ccache/c++ - skipped
[2.592s] -- Detecting CXX compile features
[2.594s] -- Detecting CXX compile features - done
[2.624s] -- Found ament_cmake: 1.3.10 (/opt/ros/humble/share/ament_cmake/cmake)
[4.767s] -- Found Python3: /usr/bin/python3 (found version "3.10.12") found components: Interpreter 
[5.390s] -- Found rclcpp: 16.0.10 (/opt/ros/humble/share/rclcpp/cmake)
[5.758s] -- Found rosidl_generator_c: 3.1.5 (/opt/ros/humble/share/rosidl_generator_c/cmake)
[5.802s] -- Found rosidl_adapter: 3.1.5 (/opt/ros/humble/share/rosidl_adapter/cmake)
[5.865s] -- Found rosidl_generator_cpp: 3.1.5 (/opt/ros/humble/share/rosidl_generator_cpp/cmake)
[5.949s] -- Using all available rosidl_typesupport_c: rosidl_typesupport_fastrtps_c;rosidl_typesupport_introspection_c
[6.065s] -- Using all available rosidl_typesupport_cpp: rosidl_typesupport_fastrtps_cpp;rosidl_typesupport_introspection_cpp
[6.387s] -- Found rmw_implementation_cmake: 6.1.2 (/opt/ros/humble/share/rmw_implementation_cmake/cmake)
[6.412s] -- Found rmw_fastrtps_cpp: 6.2.7 (/opt/ros/humble/share/rmw_fastrtps_cpp/cmake)
[7.012s] -- Found OpenSSL: /usr/lib/aarch64-linux-gnu/libcrypto.so (found version "3.0.2")  
[7.279s] -- Found FastRTPS: /opt/ros/humble/include  
[7.722s] -- Using RMW implementation 'rmw_fastrtps_cpp' as default
[7.799s] -- Looking for pthread.h
[8.105s] -- Looking for pthread.h - found
[8.108s] -- Performing Test CMAKE_HAVE_LIBC_PTHREAD
[8.415s] -- Performing Test CMAKE_HAVE_LIBC_PTHREAD - Success
[8.419s] -- Found Threads: TRUE  
[8.716s] -- Found geometry_msgs: 4.2.4 (/opt/ros/humble/share/geometry_msgs/cmake)
[9.111s] -- Configuring done
[9.183s] -- Generating done
[9.190s] [33mCMake Warning:
[9.190s]   Manually-specified variables were not used by the project:
[9.191s] 
[9.191s]     CATKIN_INSTALL_INTO_PREFIX_ROOT
[9.191s] 
[9.192s] [0m
[9.192s] -- Build files have been written to: /home/drone1/ros2_ws/build/uwb_new
[9.229s] Invoked command in '/home/drone1/ros2_ws/build/uwb_new' returned '0': /usr/bin/cmake /home/drone1/ros2_ws/src/uwb_new -DCATKIN_INSTALL_INTO_PREFIX_ROOT=0 -DCMAKE_INSTALL_PREFIX=/home/drone1/ros2_ws/install/uwb_new
[9.240s] Invoking command in '/home/drone1/ros2_ws/build/uwb_new': /usr/bin/cmake --build /home/drone1/ros2_ws/build/uwb_new -- -j4 -l4
[9.432s] [35m[1mConsolidate compiler generated dependencies of target uwb_node[0m
[9.558s] [ 11%] [32mBuilding CXX object CMakeFiles/uwb_node.dir/src/parse.cpp.o[0m
[9.570s] [ 22%] [32mBuilding C object CMakeFiles/uwb_node.dir/src/nlink_linktrack_nodeframe0.c.o[0m
[9.571s] [ 44%] [32mBuilding C object CMakeFiles/uwb_node.dir/src/nlink_utils.c.o[0m
[9.572s] [ 44%] [32mBuilding C object CMakeFiles/uwb_node.dir/src/nlink_linktrack_nodeframe1.c.o[0m
[9.869s] [ 55%] [32mBuilding C object CMakeFiles/uwb_node.dir/src/nlink_linktrack_nodeframe2.c.o[0m
[9.900s] [ 66%] [32mBuilding C object CMakeFiles/uwb_node.dir/src/nlink_linktrack_nodeframe3.c.o[0m
[9.912s] [ 77%] [32mBuilding CXX object CMakeFiles/uwb_node.dir/src/UDPClient.cpp.o[0m
[10.183s] [ 88%] [32mBuilding CXX object CMakeFiles/uwb_node.dir/src/UDPServer.cpp.o[0m
[11.919s] [100%] [32m[1mLinking CXX executable uwb_node[0m
[12.946s] [100%] Built target uwb_node
[12.994s] Invoked command in '/home/drone1/ros2_ws/build/uwb_new' returned '0': /usr/bin/cmake --build /home/drone1/ros2_ws/build/uwb_new -- -j4 -l4
[13.555s] Invoking command in '/home/drone1/ros2_ws/build/uwb_new': /usr/bin/cmake --install /home/drone1/ros2_ws/build/uwb_new
[13.585s] -- Install configuration: ""
[13.587s] -- Installing: /home/drone1/ros2_ws/install/uwb_new/lib/uwb_new/uwb_node
[13.599s] -- Set runtime path of "/home/drone1/ros2_ws/install/uwb_new/lib/uwb_new/uwb_node" to ""
[13.600s] -- Up-to-date: /home/drone1/ros2_ws/install/uwb_new/include
[13.601s] -- Up-to-date: /home/drone1/ros2_ws/install/uwb_new/include/uwb_new
[13.602s] -- Up-to-date: /home/drone1/ros2_ws/install/uwb_new/share/ament_index/resource_index/package_run_dependencies/uwb_new
[13.602s] -- Up-to-date: /home/drone1/ros2_ws/install/uwb_new/share/ament_index/resource_index/parent_prefix_path/uwb_new
[13.602s] -- Up-to-date: /home/drone1/ros2_ws/install/uwb_new/share/uwb_new/environment/ament_prefix_path.sh
[13.603s] -- Installing: /home/drone1/ros2_ws/install/uwb_new/share/uwb_new/environment/ament_prefix_path.dsv
[13.604s] -- Up-to-date: /home/drone1/ros2_ws/install/uwb_new/share/uwb_new/environment/path.sh
[13.605s] -- Installing: /home/drone1/ros2_ws/install/uwb_new/share/uwb_new/environment/path.dsv
[13.606s] -- Up-to-date: /home/drone1/ros2_ws/install/uwb_new/share/uwb_new/local_setup.bash
[13.606s] -- Up-to-date: /home/drone1/ros2_ws/install/uwb_new/share/uwb_new/local_setup.sh
[13.607s] -- Up-to-date: /home/drone1/ros2_ws/install/uwb_new/share/uwb_new/local_setup.zsh
[13.607s] -- Installing: /home/drone1/ros2_ws/install/uwb_new/share/uwb_new/local_setup.dsv
[13.608s] -- Installing: /home/drone1/ros2_ws/install/uwb_new/share/uwb_new/package.dsv
[13.610s] -- Up-to-date: /home/drone1/ros2_ws/install/uwb_new/share/ament_index/resource_index/packages/uwb_new
[13.610s] -- Up-to-date: /home/drone1/ros2_ws/install/uwb_new/share/uwb_new/cmake/uwb_newConfig.cmake
[13.611s] -- Up-to-date: /home/drone1/ros2_ws/install/uwb_new/share/uwb_new/cmake/uwb_newConfig-version.cmake
[13.612s] -- Up-to-date: /home/drone1/ros2_ws/install/uwb_new/share/uwb_new/package.xml
[13.617s] Invoked command in '/home/drone1/ros2_ws/build/uwb_new' returned '0': /usr/bin/cmake --install /home/drone1/ros2_ws/build/uwb_new
