[5.356s] Invoking command in '/home/drone1/ros2_ws/src/arm': PYTHONPATH=/home/drone1/ros2_ws/build/arm/prefix_override:/usr/lib/python3/dist-packages/colcon_core/task/python/colcon_distutils_commands:/home/drone1/ros2_ws/install/arm/lib/python3.10/site-packages:${PYTHONPATH} /usr/bin/python3 -W ignore:setup.py install is deprecated setup.py egg_info --egg-base ../../build/arm build --build-base /home/drone1/ros2_ws/build/arm/build install --record /home/drone1/ros2_ws/build/arm/install.log --single-version-externally-managed install_data
[7.260s] running egg_info
[7.349s] writing ../../build/arm/arm.egg-info/PKG-INFO
[7.352s] writing dependency_links to ../../build/arm/arm.egg-info/dependency_links.txt
[7.353s] writing entry points to ../../build/arm/arm.egg-info/entry_points.txt
[7.354s] writing requirements to ../../build/arm/arm.egg-info/requires.txt
[7.355s] writing top-level names to ../../build/arm/arm.egg-info/top_level.txt
[7.546s] reading manifest file '../../build/arm/arm.egg-info/SOURCES.txt'
[7.552s] writing manifest file '../../build/arm/arm.egg-info/SOURCES.txt'
[7.554s] running build
[7.554s] running build_py
[7.556s] copying arm/arm_and_spin.py -> /home/drone1/ros2_ws/build/arm/build/lib/arm
[7.558s] copying arm/arm.py -> /home/drone1/ros2_ws/build/arm/build/lib/arm
[7.560s] copying arm/__init__.py -> /home/drone1/ros2_ws/build/arm/build/lib/arm
[7.561s] copying arm/new.py -> /home/drone1/ros2_ws/build/arm/build/lib/arm
[7.563s] copying arm/first.py -> /home/drone1/ros2_ws/build/arm/build/lib/arm
[7.565s] copying arm/drone.py -> /home/drone1/ros2_ws/build/arm/build/lib/arm
[7.568s] running install
[7.598s] running install_lib
[7.708s] running install_data
[7.711s] copying resource/arm -> /home/drone1/ros2_ws/install/arm/share/ament_index/resource_index/packages
[7.713s] copying package.xml -> /home/drone1/ros2_ws/install/arm/share/arm
[7.714s] running install_egg_info
[7.812s] removing '/home/drone1/ros2_ws/install/arm/lib/python3.10/site-packages/arm-0.0.0-py3.10.egg-info' (and everything under it)
[7.814s] Copying ../../build/arm/arm.egg-info to /home/drone1/ros2_ws/install/arm/lib/python3.10/site-packages/arm-0.0.0-py3.10.egg-info
[7.820s] running install_scripts
[8.699s] Installing arm script to /home/drone1/ros2_ws/install/arm/lib/arm
[8.700s] Installing arm_and_spin script to /home/drone1/ros2_ws/install/arm/lib/arm
[8.702s] Installing drone script to /home/drone1/ros2_ws/install/arm/lib/arm
[8.704s] writing list of installed files to '/home/drone1/ros2_ws/build/arm/install.log'
[8.869s] Invoked command in '/home/drone1/ros2_ws/src/arm' returned '0': PYTHONPATH=/home/drone1/ros2_ws/build/arm/prefix_override:/usr/lib/python3/dist-packages/colcon_core/task/python/colcon_distutils_commands:/home/drone1/ros2_ws/install/arm/lib/python3.10/site-packages:${PYTHONPATH} /usr/bin/python3 -W ignore:setup.py install is deprecated setup.py egg_info --egg-base ../../build/arm build --build-base /home/drone1/ros2_ws/build/arm/build install --record /home/drone1/ros2_ws/build/arm/install.log --single-version-externally-managed install_data
