[5.657s] Invoking command in '/home/drone1/ros2_ws/src/arm': PYTHONPATH=/home/drone1/ros2_ws/build/arm/prefix_override:/usr/lib/python3/dist-packages/colcon_core/task/python/colcon_distutils_commands:/home/drone1/ros2_ws/install/arm/lib/python3.10/site-packages:${PYTHONPATH} /usr/bin/python3 -W ignore:setup.py install is deprecated setup.py egg_info --egg-base ../../build/arm build --build-base /home/drone1/ros2_ws/build/arm/build install --record /home/drone1/ros2_ws/build/arm/install.log --single-version-externally-managed install_data
[7.815s] running egg_info
[7.975s] writing ../../build/arm/arm.egg-info/PKG-INFO
[7.978s] writing dependency_links to ../../build/arm/arm.egg-info/dependency_links.txt
[7.981s] writing entry points to ../../build/arm/arm.egg-info/entry_points.txt
[7.982s] writing requirements to ../../build/arm/arm.egg-info/requires.txt
[7.984s] writing top-level names to ../../build/arm/arm.egg-info/top_level.txt
[8.287s] reading manifest file '../../build/arm/arm.egg-info/SOURCES.txt'
[8.297s] writing manifest file '../../build/arm/arm.egg-info/SOURCES.txt'
[8.298s] running build
[8.299s] running build_py
[8.306s] running install
[8.340s] running install_lib
[8.540s] running install_data
[8.548s] running install_egg_info
[8.756s] removing '/home/drone1/ros2_ws/install/arm/lib/python3.10/site-packages/arm-0.0.0-py3.10.egg-info' (and everything under it)
[8.759s] Copying ../../build/arm/arm.egg-info to /home/drone1/ros2_ws/install/arm/lib/python3.10/site-packages/arm-0.0.0-py3.10.egg-info
[8.772s] running install_scripts
[10.284s] Installing arm script to /home/drone1/ros2_ws/install/arm/lib/arm
[10.286s] Installing arm_and_spin script to /home/drone1/ros2_ws/install/arm/lib/arm
[10.289s] Installing drone script to /home/drone1/ros2_ws/install/arm/lib/arm
[10.292s] writing list of installed files to '/home/drone1/ros2_ws/build/arm/install.log'
[10.518s] Invoked command in '/home/drone1/ros2_ws/src/arm' returned '0': PYTHONPATH=/home/drone1/ros2_ws/build/arm/prefix_override:/usr/lib/python3/dist-packages/colcon_core/task/python/colcon_distutils_commands:/home/drone1/ros2_ws/install/arm/lib/python3.10/site-packages:${PYTHONPATH} /usr/bin/python3 -W ignore:setup.py install is deprecated setup.py egg_info --egg-base ../../build/arm build --build-base /home/drone1/ros2_ws/build/arm/build install --record /home/drone1/ros2_ws/build/arm/install.log --single-version-externally-managed install_data
