[1.163s] Invoking command in '/home/drone1/ros2_ws/build/uwb': /usr/bin/cmake --build /home/drone1/ros2_ws/build/uwb -- -j4 -l4
[1.325s] -- Found ament_cmake: 1.3.10 (/opt/ros/humble/share/ament_cmake/cmake)
[2.502s] -- Found rclcpp: 16.0.10 (/opt/ros/humble/share/rclcpp/cmake)
[2.773s] -- Found rosidl_generator_c: 3.1.5 (/opt/ros/humble/share/rosidl_generator_c/cmake)
[2.791s] -- Found rosidl_adapter: 3.1.5 (/opt/ros/humble/share/rosidl_adapter/cmake)
[2.835s] -- Found rosidl_generator_cpp: 3.1.5 (/opt/ros/humble/share/rosidl_generator_cpp/cmake)
[2.903s] -- Using all available rosidl_typesupport_c: rosidl_typesupport_fastrtps_c;rosidl_typesupport_introspection_c
[2.988s] -- Using all available rosidl_typesupport_cpp: rosidl_typesupport_fastrtps_cpp;rosidl_typesupport_introspection_cpp
[3.270s] -- Found rmw_implementation_cmake: 6.1.2 (/opt/ros/humble/share/rmw_implementation_cmake/cmake)
[3.280s] -- Found rmw_fastrtps_cpp: 6.2.7 (/opt/ros/humble/share/rmw_fastrtps_cpp/cmake)
[4.492s] -- Using RMW implementation 'rmw_fastrtps_cpp' as default
[4.943s] -- Found geometry_msgs: 4.2.4 (/opt/ros/humble/share/geometry_msgs/cmake)
[6.017s] -- Configuring done
[6.164s] -- Generating done
[6.180s] -- Build files have been written to: /home/drone1/ros2_ws/build/uwb
[6.366s] [35m[1mConsolidate compiler generated dependencies of target uwb_node[0m
[6.561s] [ 20%] [32m[1mLinking CXX executable uwb_node[0m
[8.914s] [100%] Built target uwb_node
[8.981s] Invoked command in '/home/drone1/ros2_ws/build/uwb' returned '0': /usr/bin/cmake --build /home/drone1/ros2_ws/build/uwb -- -j4 -l4
[9.752s] Invoking command in '/home/drone1/ros2_ws/build/uwb': /usr/bin/cmake --install /home/drone1/ros2_ws/build/uwb
[9.818s] -- Install configuration: ""
[9.819s] -- Installing: /home/drone1/ros2_ws/install/uwb/lib/uwb/uwb_node
[9.845s] -- Set runtime path of "/home/drone1/ros2_ws/install/uwb/lib/uwb/uwb_node" to ""
[9.846s] -- Up-to-date: /home/drone1/ros2_ws/install/uwb/include
[9.847s] -- Up-to-date: /home/drone1/ros2_ws/install/uwb/include/uwb_new_package
[9.848s] -- Up-to-date: /home/drone1/ros2_ws/install/uwb/include/uwb
[9.849s] -- Up-to-date: /home/drone1/ros2_ws/install/uwb/share/ament_index/resource_index/package_run_dependencies/uwb
[9.850s] -- Up-to-date: /home/drone1/ros2_ws/install/uwb/share/ament_index/resource_index/parent_prefix_path/uwb
[9.851s] -- Installing: /home/drone1/ros2_ws/install/uwb/share/uwb/environment/ament_prefix_path.sh
[9.852s] -- Installing: /home/drone1/ros2_ws/install/uwb/share/uwb/environment/ament_prefix_path.dsv
[9.853s] -- Installing: /home/drone1/ros2_ws/install/uwb/share/uwb/environment/path.sh
[9.854s] -- Installing: /home/drone1/ros2_ws/install/uwb/share/uwb/environment/path.dsv
[9.857s] -- Up-to-date: /home/drone1/ros2_ws/install/uwb/share/uwb/local_setup.bash
[9.858s] -- Up-to-date: /home/drone1/ros2_ws/install/uwb/share/uwb/local_setup.sh
[9.859s] -- Up-to-date: /home/drone1/ros2_ws/install/uwb/share/uwb/local_setup.zsh
[9.863s] -- Installing: /home/drone1/ros2_ws/install/uwb/share/uwb/local_setup.dsv
[9.866s] -- Installing: /home/drone1/ros2_ws/install/uwb/share/uwb/package.dsv
[9.867s] -- Up-to-date: /home/drone1/ros2_ws/install/uwb/share/ament_index/resource_index/packages/uwb
[9.867s] -- Up-to-date: /home/drone1/ros2_ws/install/uwb/share/uwb/cmake/uwbConfig.cmake
[9.874s] -- Up-to-date: /home/drone1/ros2_ws/install/uwb/share/uwb/cmake/uwbConfig-version.cmake
[9.876s] -- Up-to-date: /home/drone1/ros2_ws/install/uwb/share/uwb/package.xml
[9.880s] Invoked command in '/home/drone1/ros2_ws/build/uwb' returned '0': /usr/bin/cmake --install /home/drone1/ros2_ws/build/uwb
