[1.212s] Invoking command in '/home/drone1/ros2_ws/build/uwb_new': /usr/bin/cmake /home/drone1/ros2_ws/src/uwb_new -DCMAKE_INSTALL_PREFIX=/home/drone1/ros2_ws/install/uwb_new
[1.558s] -- The C compiler identification is GNU 11.4.0
[1.930s] -- The CXX compiler identification is GNU 11.4.0
[1.976s] -- Detecting C compiler ABI info
[2.308s] -- Detecting C compiler ABI info - done
[2.334s] -- Check for working C compiler: /usr/lib/ccache/cc - skipped
[2.335s] -- Detecting C compile features
[2.337s] -- Detecting C compile features - done
[2.351s] -- Detecting CXX compiler ABI info
[2.701s] -- Detecting CXX compiler ABI info - done
[2.738s] -- Check for working CXX compiler: /usr/lib/ccache/c++ - skipped
[2.739s] -- Detecting CXX compile features
[2.741s] -- Detecting CXX compile features - done
[2.770s] -- Found ament_cmake: 1.3.10 (/opt/ros/humble/share/ament_cmake/cmake)
[5.066s] -- Found Python3: /usr/bin/python3 (found version "3.10.12") found components: Interpreter 
[5.678s] -- Found rclcpp: 16.0.10 (/opt/ros/humble/share/rclcpp/cmake)
[6.032s] -- Found rosidl_generator_c: 3.1.5 (/opt/ros/humble/share/rosidl_generator_c/cmake)
[6.076s] -- Found rosidl_adapter: 3.1.5 (/opt/ros/humble/share/rosidl_adapter/cmake)
[6.136s] -- Found rosidl_generator_cpp: 3.1.5 (/opt/ros/humble/share/rosidl_generator_cpp/cmake)
[6.218s] -- Using all available rosidl_typesupport_c: rosidl_typesupport_fastrtps_c;rosidl_typesupport_introspection_c
[6.330s] -- Using all available rosidl_typesupport_cpp: rosidl_typesupport_fastrtps_cpp;rosidl_typesupport_introspection_cpp
[6.641s] -- Found rmw_implementation_cmake: 6.1.2 (/opt/ros/humble/share/rmw_implementation_cmake/cmake)
[6.664s] -- Found rmw_fastrtps_cpp: 6.2.7 (/opt/ros/humble/share/rmw_fastrtps_cpp/cmake)
[7.275s] -- Found OpenSSL: /usr/lib/aarch64-linux-gnu/libcrypto.so (found version "3.0.2")  
[7.537s] -- Found FastRTPS: /opt/ros/humble/include  
[7.966s] -- Using RMW implementation 'rmw_fastrtps_cpp' as default
[8.045s] -- Looking for pthread.h
[8.438s] -- Looking for pthread.h - found
[8.442s] -- Performing Test CMAKE_HAVE_LIBC_PTHREAD
[8.899s] -- Performing Test CMAKE_HAVE_LIBC_PTHREAD - Success
[8.906s] -- Found Threads: TRUE  
[9.317s] -- Found geometry_msgs: 4.2.4 (/opt/ros/humble/share/geometry_msgs/cmake)
[9.693s] Error parsing '/home/drone1/ros2_ws/src/uwb_new/package.xml':
[9.957s] Traceback (most recent call last):
[9.959s]   File "/opt/ros/humble/share/ament_cmake_core/cmake/core/package_xml_2_cmake.py", line 150, in <module>
[9.960s]     main()
[9.963s]   File "/opt/ros/humble/share/ament_cmake_core/cmake/core/package_xml_2_cmake.py", line 53, in main
[9.965s]     raise e
[9.967s]   File "/opt/ros/humble/share/ament_cmake_core/cmake/core/package_xml_2_cmake.py", line 49, in main
[9.969s]     package = parse_package_string(
[9.970s]   File "/usr/lib/python3/dist-packages/catkin_pkg/package.py", line 788, in parse_package_string
[9.972s]     pkg.validate(warnings=warnings)
[9.977s]   File "/usr/lib/python3/dist-packages/catkin_pkg/package.py", line 330, in validate
[9.979s]     raise InvalidPackage('\n'.join(errors), self.filename)
[9.983s] catkin_pkg.package.InvalidPackage: Error(s) in package '/home/drone1/ros2_ws/src/uwb_new/package.xml':
[9.988s] Package 'uwb_new' must declare at least one maintainer
[10.098s] [31mCMake Error at /opt/ros/humble/share/ament_cmake_core/cmake/core/ament_package_xml.cmake:95 (message):
[10.099s]   execute_process(/usr/bin/python3
[10.100s]   /opt/ros/humble/share/ament_cmake_core/cmake/core/package_xml_2_cmake.py
[10.102s]   /home/drone1/ros2_ws/src/uwb_new/package.xml
[10.103s]   /home/drone1/ros2_ws/build/uwb_new/ament_cmake_core/package.cmake) returned
[10.103s]   error code 1
[10.104s] Call Stack (most recent call first):
[10.105s]   /opt/ros/humble/share/ament_cmake_core/cmake/core/ament_package_xml.cmake:49 (_ament_package_xml)
[10.106s]   /opt/ros/humble/share/ament_cmake_core/cmake/core/ament_package.cmake:63 (ament_package_xml)
[10.107s]   CMakeLists.txt:37 (ament_package)
[10.108s] 
[10.110s] [0m
[10.113s] -- Configuring incomplete, errors occurred!
[10.116s] See also "/home/drone1/ros2_ws/build/uwb_new/CMakeFiles/CMakeOutput.log".
[10.169s] Invoked command in '/home/drone1/ros2_ws/build/uwb_new' returned '1': /usr/bin/cmake /home/drone1/ros2_ws/src/uwb_new -DCMAKE_INSTALL_PREFIX=/home/drone1/ros2_ws/install/uwb_new
