[1.144s] Invoking command in '/home/drone1/ros2_ws/build/uwb_new_package': /usr/bin/cmake /home/drone1/ros2_ws/uwb_new_package -DCATKIN_INSTALL_INTO_PREFIX_ROOT=0 -DCMAKE_INSTALL_PREFIX=/home/drone1/ros2_ws/install/uwb_new_package
[1.204s] -- Found ament_cmake: 1.3.10 (/opt/ros/humble/share/ament_cmake/cmake)
[2.034s] -- Found rclcpp: 16.0.10 (/opt/ros/humble/share/rclcpp/cmake)
[2.285s] -- Found rosidl_generator_c: 3.1.5 (/opt/ros/humble/share/rosidl_generator_c/cmake)
[2.294s] -- Found rosidl_adapter: 3.1.5 (/opt/ros/humble/share/rosidl_adapter/cmake)
[2.335s] -- Found rosidl_generator_cpp: 3.1.5 (/opt/ros/humble/share/rosidl_generator_cpp/cmake)
[2.398s] -- Using all available rosidl_typesupport_c: rosidl_typesupport_fastrtps_c;rosidl_typesupport_introspection_c
[2.481s] -- Using all available rosidl_typesupport_cpp: rosidl_typesupport_fastrtps_cpp;rosidl_typesupport_introspection_cpp
[2.713s] -- Found rmw_implementation_cmake: 6.1.2 (/opt/ros/humble/share/rmw_implementation_cmake/cmake)
[2.728s] -- Found rmw_fastrtps_cpp: 6.2.7 (/opt/ros/humble/share/rmw_fastrtps_cpp/cmake)
[3.764s] -- Using RMW implementation 'rmw_fastrtps_cpp' as default
[4.049s] -- Found geometry_msgs: 4.2.4 (/opt/ros/humble/share/geometry_msgs/cmake)
[4.575s] -- Configuring done
[4.663s] -- Generating done
[4.672s] [33mCMake Warning:
[4.673s]   Manually-specified variables were not used by the project:
[4.673s] 
[4.674s]     CATKIN_INSTALL_INTO_PREFIX_ROOT
[4.674s] 
[4.675s] [0m
[4.676s] -- Build files have been written to: /home/drone1/ros2_ws/build/uwb_new_package
[4.711s] Invoked command in '/home/drone1/ros2_ws/build/uwb_new_package' returned '0': /usr/bin/cmake /home/drone1/ros2_ws/uwb_new_package -DCATKIN_INSTALL_INTO_PREFIX_ROOT=0 -DCMAKE_INSTALL_PREFIX=/home/drone1/ros2_ws/install/uwb_new_package
[4.725s] Invoking command in '/home/drone1/ros2_ws/build/uwb_new_package': /usr/bin/cmake --build /home/drone1/ros2_ws/build/uwb_new_package -- -j4 -l4
[4.970s] [ 11%] [32mBuilding CXX object CMakeFiles/uwb_node.dir/src/parse.cpp.o[0m
[4.982s] [ 22%] [32mBuilding C object CMakeFiles/uwb_node.dir/src/nlink_utils.c.o[0m
[4.989s] [ 33%] [32mBuilding C object CMakeFiles/uwb_node.dir/src/nlink_linktrack_nodeframe1.c.o[0m
[5.013s] [ 44%] [32mBuilding C object CMakeFiles/uwb_node.dir/src/nlink_linktrack_nodeframe0.c.o[0m
[5.853s] [ 55%] [32mBuilding C object CMakeFiles/uwb_node.dir/src/nlink_linktrack_nodeframe3.c.o[0m
[5.867s] [ 66%] [32mBuilding C object CMakeFiles/uwb_node.dir/src/nlink_linktrack_nodeframe2.c.o[0m
[5.889s] [ 77%] [32mBuilding CXX object CMakeFiles/uwb_node.dir/src/UDPClient.cpp.o[0m
[6.558s] [ 88%] [32mBuilding CXX object CMakeFiles/uwb_node.dir/src/UDPServer.cpp.o[0m
[27.925s] [100%] [32m[1mLinking CXX executable uwb_node[0m
[28.991s] [100%] Built target uwb_node
[29.039s] Invoked command in '/home/drone1/ros2_ws/build/uwb_new_package' returned '0': /usr/bin/cmake --build /home/drone1/ros2_ws/build/uwb_new_package -- -j4 -l4
[29.585s] Invoking command in '/home/drone1/ros2_ws/build/uwb_new_package': /usr/bin/cmake --install /home/drone1/ros2_ws/build/uwb_new_package
[29.616s] -- Install configuration: ""
[29.617s] -- Installing: /home/drone1/ros2_ws/install/uwb_new_package/lib/uwb_new_package/uwb_node
[29.628s] -- Set runtime path of "/home/drone1/ros2_ws/install/uwb_new_package/lib/uwb_new_package/uwb_node" to ""
[29.628s] -- Installing: /home/drone1/ros2_ws/install/uwb_new_package/include
[29.629s] -- Installing: /home/drone1/ros2_ws/install/uwb_new_package/include/uwb_new_package
[29.629s] -- Installing: /home/drone1/ros2_ws/install/uwb_new_package/share/ament_index/resource_index/package_run_dependencies/uwb_new_package
[29.631s] -- Installing: /home/drone1/ros2_ws/install/uwb_new_package/share/ament_index/resource_index/parent_prefix_path/uwb_new_package
[29.633s] -- Up-to-date: /home/drone1/ros2_ws/install/uwb_new_package/share/uwb_new_package/environment/ament_prefix_path.sh
[29.633s] -- Installing: /home/drone1/ros2_ws/install/uwb_new_package/share/uwb_new_package/environment/ament_prefix_path.dsv
[29.635s] -- Up-to-date: /home/drone1/ros2_ws/install/uwb_new_package/share/uwb_new_package/environment/path.sh
[29.636s] -- Installing: /home/drone1/ros2_ws/install/uwb_new_package/share/uwb_new_package/environment/path.dsv
[29.637s] -- Up-to-date: /home/drone1/ros2_ws/install/uwb_new_package/share/uwb_new_package/local_setup.bash
[29.638s] -- Up-to-date: /home/drone1/ros2_ws/install/uwb_new_package/share/uwb_new_package/local_setup.sh
[29.638s] -- Up-to-date: /home/drone1/ros2_ws/install/uwb_new_package/share/uwb_new_package/local_setup.zsh
[29.639s] -- Installing: /home/drone1/ros2_ws/install/uwb_new_package/share/uwb_new_package/local_setup.dsv
[29.641s] -- Installing: /home/drone1/ros2_ws/install/uwb_new_package/share/uwb_new_package/package.dsv
[29.642s] -- Up-to-date: /home/drone1/ros2_ws/install/uwb_new_package/share/ament_index/resource_index/packages/uwb_new_package
[29.643s] -- Installing: /home/drone1/ros2_ws/install/uwb_new_package/share/uwb_new_package/cmake/uwb_new_packageConfig.cmake
[29.644s] -- Installing: /home/drone1/ros2_ws/install/uwb_new_package/share/uwb_new_package/cmake/uwb_new_packageConfig-version.cmake
[29.645s] -- Installing: /home/drone1/ros2_ws/install/uwb_new_package/share/uwb_new_package/package.xml
[29.653s] Invoked command in '/home/drone1/ros2_ws/build/uwb_new_package' returned '0': /usr/bin/cmake --install /home/drone1/ros2_ws/build/uwb_new_package
