[1.773s] Invoking command in '/home/drone1/ros2_ws/build/uwb': /usr/bin/cmake --build /home/drone1/ros2_ws/build/uwb -- -j4 -l4
[2.833s] [ 11%] [32mBuilding CXX object CMakeFiles/uwb_node.dir/src/parse.cpp.o[0m
[43.170s] [ 22%] [32m[1mLinking CXX executable uwb_node[0m
[44.475s] [100%] Built target uwb_node
[44.533s] Invoked command in '/home/drone1/ros2_ws/build/uwb' returned '0': /usr/bin/cmake --build /home/drone1/ros2_ws/build/uwb -- -j4 -l4
[45.213s] Invoking command in '/home/drone1/ros2_ws/build/uwb': /usr/bin/cmake --install /home/drone1/ros2_ws/build/uwb
[45.251s] -- Install configuration: ""
[45.253s] -- Installing: /home/drone1/ros2_ws/install/uwb/lib/uwb/uwb_node
[45.265s] -- Set runtime path of "/home/drone1/ros2_ws/install/uwb/lib/uwb/uwb_node" to ""
[45.265s] -- Up-to-date: /home/drone1/ros2_ws/install/uwb/include
[45.267s] -- Up-to-date: /home/drone1/ros2_ws/install/uwb/include/uwb_new_package
[45.268s] -- Up-to-date: /home/drone1/ros2_ws/install/uwb/include/uwb
[45.270s] -- Up-to-date: /home/drone1/ros2_ws/install/uwb/share/ament_index/resource_index/package_run_dependencies/uwb
[45.271s] -- Up-to-date: /home/drone1/ros2_ws/install/uwb/share/ament_index/resource_index/parent_prefix_path/uwb
[45.273s] -- Up-to-date: /home/drone1/ros2_ws/install/uwb/share/uwb/environment/ament_prefix_path.sh
[45.275s] -- Up-to-date: /home/drone1/ros2_ws/install/uwb/share/uwb/environment/ament_prefix_path.dsv
[45.285s] -- Up-to-date: /home/drone1/ros2_ws/install/uwb/share/uwb/environment/path.sh
[45.288s] -- Up-to-date: /home/drone1/ros2_ws/install/uwb/share/uwb/environment/path.dsv
[45.297s] -- Up-to-date: /home/drone1/ros2_ws/install/uwb/share/uwb/local_setup.bash
[45.299s] -- Up-to-date: /home/drone1/ros2_ws/install/uwb/share/uwb/local_setup.sh
[45.299s] -- Up-to-date: /home/drone1/ros2_ws/install/uwb/share/uwb/local_setup.zsh
[45.300s] -- Up-to-date: /home/drone1/ros2_ws/install/uwb/share/uwb/local_setup.dsv
[45.300s] -- Installing: /home/drone1/ros2_ws/install/uwb/share/uwb/package.dsv
[45.301s] -- Up-to-date: /home/drone1/ros2_ws/install/uwb/share/ament_index/resource_index/packages/uwb
[45.302s] -- Up-to-date: /home/drone1/ros2_ws/install/uwb/share/uwb/cmake/uwbConfig.cmake
[45.302s] -- Up-to-date: /home/drone1/ros2_ws/install/uwb/share/uwb/cmake/uwbConfig-version.cmake
[45.303s] -- Up-to-date: /home/drone1/ros2_ws/install/uwb/share/uwb/package.xml
[45.304s] Invoked command in '/home/drone1/ros2_ws/build/uwb' returned '0': /usr/bin/cmake --install /home/drone1/ros2_ws/build/uwb
