[4.734s] Invoking command in '/home/drone1/ros2_ws/src/arm': PYTHONPATH=/home/drone1/ros2_ws/build/arm/prefix_override:/usr/lib/python3/dist-packages/colcon_core/task/python/colcon_distutils_commands:/home/drone1/ros2_ws/install/arm/lib/python3.10/site-packages:${PYTHONPATH} /usr/bin/python3 -W ignore:setup.py install is deprecated setup.py egg_info --egg-base ../../build/arm build --build-base /home/drone1/ros2_ws/build/arm/build install --record /home/drone1/ros2_ws/build/arm/install.log --single-version-externally-managed install_data
[6.105s] running egg_info
[6.191s] writing ../../build/arm/arm.egg-info/PKG-INFO
[6.193s] writing dependency_links to ../../build/arm/arm.egg-info/dependency_links.txt
[6.195s] writing entry points to ../../build/arm/arm.egg-info/entry_points.txt
[6.196s] writing requirements to ../../build/arm/arm.egg-info/requires.txt
[6.198s] writing top-level names to ../../build/arm/arm.egg-info/top_level.txt
[6.373s] reading manifest file '../../build/arm/arm.egg-info/SOURCES.txt'
[6.382s] writing manifest file '../../build/arm/arm.egg-info/SOURCES.txt'
[6.385s] running build
[6.385s] running build_py
[6.388s] copying arm/arm_and_spin.py -> /home/drone1/ros2_ws/build/arm/build/lib/arm
[6.390s] copying arm/arm_and_spin2.py -> /home/drone1/ros2_ws/build/arm/build/lib/arm
[6.392s] copying arm/arm.py -> /home/drone1/ros2_ws/build/arm/build/lib/arm
[6.393s] copying arm/fake_uwb.py -> /home/drone1/ros2_ws/build/arm/build/lib/arm
[6.394s] copying arm/__init__.py -> /home/drone1/ros2_ws/build/arm/build/lib/arm
[6.396s] copying arm/new.py -> /home/drone1/ros2_ws/build/arm/build/lib/arm
[6.397s] copying arm/first.py -> /home/drone1/ros2_ws/build/arm/build/lib/arm
[6.398s] copying arm/drone.py -> /home/drone1/ros2_ws/build/arm/build/lib/arm
[6.401s] running install
[6.427s] running install_lib
[6.521s] running install_data
[6.523s] copying resource/arm -> /home/drone1/ros2_ws/install/arm/share/ament_index/resource_index/packages
[6.525s] copying package.xml -> /home/drone1/ros2_ws/install/arm/share/arm
[6.526s] running install_egg_info
[6.620s] removing '/home/drone1/ros2_ws/install/arm/lib/python3.10/site-packages/arm-0.0.0-py3.10.egg-info' (and everything under it)
[6.622s] Copying ../../build/arm/arm.egg-info to /home/drone1/ros2_ws/install/arm/lib/python3.10/site-packages/arm-0.0.0-py3.10.egg-info
[6.628s] running install_scripts
[7.449s] Installing arm script to /home/drone1/ros2_ws/install/arm/lib/arm
[7.450s] Installing arm_and_spin script to /home/drone1/ros2_ws/install/arm/lib/arm
[7.452s] Installing drone script to /home/drone1/ros2_ws/install/arm/lib/arm
[7.455s] writing list of installed files to '/home/drone1/ros2_ws/build/arm/install.log'
[7.614s] Invoked command in '/home/drone1/ros2_ws/src/arm' returned '0': PYTHONPATH=/home/drone1/ros2_ws/build/arm/prefix_override:/usr/lib/python3/dist-packages/colcon_core/task/python/colcon_distutils_commands:/home/drone1/ros2_ws/install/arm/lib/python3.10/site-packages:${PYTHONPATH} /usr/bin/python3 -W ignore:setup.py install is deprecated setup.py egg_info --egg-base ../../build/arm build --build-base /home/drone1/ros2_ws/build/arm/build install --record /home/drone1/ros2_ws/build/arm/install.log --single-version-externally-managed install_data
