[1.146s] Invoking command in '/home/drone1/ros2_ws/build/uwb_new_package': /usr/bin/cmake --build /home/drone1/ros2_ws/build/uwb_new_package -- -j4 -l4
[1.425s] [35m[1mConsolidate compiler generated dependencies of target uwb_node[0m
[1.591s] [100%] Built target uwb_node
[1.649s] Invoked command in '/home/drone1/ros2_ws/build/uwb_new_package' returned '0': /usr/bin/cmake --build /home/drone1/ros2_ws/build/uwb_new_package -- -j4 -l4
[2.275s] Invoking command in '/home/drone1/ros2_ws/build/uwb_new_package': /usr/bin/cmake --install /home/drone1/ros2_ws/build/uwb_new_package
[2.329s] -- Install configuration: ""
[2.348s] -- Up-to-date: /home/drone1/ros2_ws/install/uwb_new_package/lib/uwb_new_package/uwb_node
[2.349s] -- Up-to-date: /home/drone1/ros2_ws/install/uwb_new_package/include
[2.349s] -- Up-to-date: /home/drone1/ros2_ws/install/uwb_new_package/include/uwb_new_package
[2.350s] -- Up-to-date: /home/drone1/ros2_ws/install/uwb_new_package/share/ament_index/resource_index/package_run_dependencies/uwb_new_package
[2.356s] -- Up-to-date: /home/drone1/ros2_ws/install/uwb_new_package/share/ament_index/resource_index/parent_prefix_path/uwb_new_package
[2.357s] -- Up-to-date: /home/drone1/ros2_ws/install/uwb_new_package/share/uwb_new_package/environment/ament_prefix_path.sh
[2.359s] -- Up-to-date: /home/drone1/ros2_ws/install/uwb_new_package/share/uwb_new_package/environment/ament_prefix_path.dsv
[2.364s] -- Up-to-date: /home/drone1/ros2_ws/install/uwb_new_package/share/uwb_new_package/environment/path.sh
[2.365s] -- Up-to-date: /home/drone1/ros2_ws/install/uwb_new_package/share/uwb_new_package/environment/path.dsv
[2.365s] -- Up-to-date: /home/drone1/ros2_ws/install/uwb_new_package/share/uwb_new_package/local_setup.bash
[2.366s] -- Up-to-date: /home/drone1/ros2_ws/install/uwb_new_package/share/uwb_new_package/local_setup.sh
[2.367s] -- Up-to-date: /home/drone1/ros2_ws/install/uwb_new_package/share/uwb_new_package/local_setup.zsh
[2.367s] -- Up-to-date: /home/drone1/ros2_ws/install/uwb_new_package/share/uwb_new_package/local_setup.dsv
[2.368s] -- Installing: /home/drone1/ros2_ws/install/uwb_new_package/share/uwb_new_package/package.dsv
[2.370s] -- Up-to-date: /home/drone1/ros2_ws/install/uwb_new_package/share/ament_index/resource_index/packages/uwb_new_package
[2.371s] -- Up-to-date: /home/drone1/ros2_ws/install/uwb_new_package/share/uwb_new_package/cmake/uwb_new_packageConfig.cmake
[2.371s] -- Up-to-date: /home/drone1/ros2_ws/install/uwb_new_package/share/uwb_new_package/cmake/uwb_new_packageConfig-version.cmake
[2.372s] -- Up-to-date: /home/drone1/ros2_ws/install/uwb_new_package/share/uwb_new_package/package.xml
[2.373s] Invoked command in '/home/drone1/ros2_ws/build/uwb_new_package' returned '0': /usr/bin/cmake --install /home/drone1/ros2_ws/build/uwb_new_package
