[1.275s] Invoking command in '/home/drone1/ros2_ws/build/uwb': /usr/bin/cmake --build /home/drone1/ros2_ws/build/uwb -- -j4 -l4
[1.334s] gmake: Warning: File 'Makefile' has modification time 513 s in the future
[1.466s] gmake[1]: Warning: File 'CMakeFiles/Makefile2' has modification time 513 s in the future
[1.483s] gmake[2]: Warning: File 'CMakeFiles/uwb_node.dir/progress.make' has modification time 513 s in the future
[1.533s] [35m[1mConsolidate compiler generated dependencies of target uwb_node[0m
[1.574s] gmake[2]: warning:  Clock skew detected.  Your build may be incomplete.
[1.591s] gmake[2]: Warning: File 'CMakeFiles/uwb_node.dir/progress.make' has modification time 513 s in the future
[1.612s] gmake[2]: warning:  Clock skew detected.  Your build may be incomplete.
[1.654s] [100%] Built target uwb_node
[1.657s] gmake[1]: warning:  Clock skew detected.  Your build may be incomplete.
[1.718s] gmake: warning:  Clock skew detected.  Your build may be incomplete.
[1.735s] Invoked command in '/home/drone1/ros2_ws/build/uwb' returned '0': /usr/bin/cmake --build /home/drone1/ros2_ws/build/uwb -- -j4 -l4
[2.323s] Invoking command in '/home/drone1/ros2_ws/build/uwb': /usr/bin/cmake --install /home/drone1/ros2_ws/build/uwb
[2.373s] -- Install configuration: ""
[2.375s] -- Up-to-date: /home/drone1/ros2_ws/install/uwb/lib/uwb/uwb_node
[2.378s] -- Up-to-date: /home/drone1/ros2_ws/install/uwb/include
[2.380s] -- Up-to-date: /home/drone1/ros2_ws/install/uwb/include/uwb_new_package
[2.382s] -- Up-to-date: /home/drone1/ros2_ws/install/uwb/include/uwb
[2.385s] -- Up-to-date: /home/drone1/ros2_ws/install/uwb/share/ament_index/resource_index/package_run_dependencies/uwb
[2.387s] -- Up-to-date: /home/drone1/ros2_ws/install/uwb/share/ament_index/resource_index/parent_prefix_path/uwb
[2.390s] -- Up-to-date: /home/drone1/ros2_ws/install/uwb/share/uwb/environment/ament_prefix_path.sh
[2.393s] -- Up-to-date: /home/drone1/ros2_ws/install/uwb/share/uwb/environment/ament_prefix_path.dsv
[2.394s] -- Up-to-date: /home/drone1/ros2_ws/install/uwb/share/uwb/environment/path.sh
[2.396s] -- Up-to-date: /home/drone1/ros2_ws/install/uwb/share/uwb/environment/path.dsv
[2.398s] -- Up-to-date: /home/drone1/ros2_ws/install/uwb/share/uwb/local_setup.bash
[2.398s] -- Up-to-date: /home/drone1/ros2_ws/install/uwb/share/uwb/local_setup.sh
[2.399s] -- Up-to-date: /home/drone1/ros2_ws/install/uwb/share/uwb/local_setup.zsh
[2.400s] -- Up-to-date: /home/drone1/ros2_ws/install/uwb/share/uwb/local_setup.dsv
[2.401s] -- Installing: /home/drone1/ros2_ws/install/uwb/share/uwb/package.dsv
[2.403s] -- Up-to-date: /home/drone1/ros2_ws/install/uwb/share/ament_index/resource_index/packages/uwb
[2.404s] -- Up-to-date: /home/drone1/ros2_ws/install/uwb/share/uwb/cmake/uwbConfig.cmake
[2.405s] -- Up-to-date: /home/drone1/ros2_ws/install/uwb/share/uwb/cmake/uwbConfig-version.cmake
[2.405s] -- Up-to-date: /home/drone1/ros2_ws/install/uwb/share/uwb/package.xml
[2.423s] Invoked command in '/home/drone1/ros2_ws/build/uwb' returned '0': /usr/bin/cmake --install /home/drone1/ros2_ws/build/uwb
