[4.846s] Invoking command in '/home/drone1/ros2_ws/src/arm': PYTHONPATH=/home/drone1/ros2_ws/build/arm/prefix_override:/usr/lib/python3/dist-packages/colcon_core/task/python/colcon_distutils_commands:/home/drone1/ros2_ws/install/arm/lib/python3.10/site-packages:${PYTHONPATH} /usr/bin/python3 -W ignore:setup.py install is deprecated setup.py egg_info --egg-base ../../build/arm build --build-base /home/drone1/ros2_ws/build/arm/build install --record /home/drone1/ros2_ws/build/arm/install.log --single-version-externally-managed install_data
[6.473s] running egg_info
[6.475s] creating ../../build/arm/arm.egg-info
[6.575s] writing ../../build/arm/arm.egg-info/PKG-INFO
[6.577s] writing dependency_links to ../../build/arm/arm.egg-info/dependency_links.txt
[6.579s] writing entry points to ../../build/arm/arm.egg-info/entry_points.txt
[6.580s] writing requirements to ../../build/arm/arm.egg-info/requires.txt
[6.581s] writing top-level names to ../../build/arm/arm.egg-info/top_level.txt
[6.582s] writing manifest file '../../build/arm/arm.egg-info/SOURCES.txt'
[6.791s] reading manifest file '../../build/arm/arm.egg-info/SOURCES.txt'
[6.799s] writing manifest file '../../build/arm/arm.egg-info/SOURCES.txt'
[6.800s] running build
[6.800s] running build_py
[6.802s] creating /home/drone1/ros2_ws/build/arm/build/lib/arm
[6.804s] copying arm/arm_and_spin.py -> /home/drone1/ros2_ws/build/arm/build/lib/arm
[6.807s] copying arm/arm.py -> /home/drone1/ros2_ws/build/arm/build/lib/arm
[6.808s] copying arm/__init__.py -> /home/drone1/ros2_ws/build/arm/build/lib/arm
[6.809s] copying arm/new.py -> /home/drone1/ros2_ws/build/arm/build/lib/arm
[6.811s] copying arm/first.py -> /home/drone1/ros2_ws/build/arm/build/lib/arm
[6.812s] copying arm/drone.py -> /home/drone1/ros2_ws/build/arm/build/lib/arm
[6.815s] running install
[6.841s] running install_lib
[6.942s] creating /home/drone1/ros2_ws/install/arm/lib/python3.10/site-packages/arm
[6.943s] copying /home/drone1/ros2_ws/build/arm/build/lib/arm/arm_and_spin.py -> /home/drone1/ros2_ws/install/arm/lib/python3.10/site-packages/arm
[6.944s] copying /home/drone1/ros2_ws/build/arm/build/lib/arm/arm.py -> /home/drone1/ros2_ws/install/arm/lib/python3.10/site-packages/arm
[6.946s] copying /home/drone1/ros2_ws/build/arm/build/lib/arm/__init__.py -> /home/drone1/ros2_ws/install/arm/lib/python3.10/site-packages/arm
[6.947s] copying /home/drone1/ros2_ws/build/arm/build/lib/arm/new.py -> /home/drone1/ros2_ws/install/arm/lib/python3.10/site-packages/arm
[6.948s] copying /home/drone1/ros2_ws/build/arm/build/lib/arm/first.py -> /home/drone1/ros2_ws/install/arm/lib/python3.10/site-packages/arm
[6.949s] copying /home/drone1/ros2_ws/build/arm/build/lib/arm/drone.py -> /home/drone1/ros2_ws/install/arm/lib/python3.10/site-packages/arm
[6.952s] byte-compiling /home/drone1/ros2_ws/install/arm/lib/python3.10/site-packages/arm/arm_and_spin.py to arm_and_spin.cpython-310.pyc
[6.958s] byte-compiling /home/drone1/ros2_ws/install/arm/lib/python3.10/site-packages/arm/arm.py to arm.cpython-310.pyc
[6.961s] byte-compiling /home/drone1/ros2_ws/install/arm/lib/python3.10/site-packages/arm/__init__.py to __init__.cpython-310.pyc
[6.963s] byte-compiling /home/drone1/ros2_ws/install/arm/lib/python3.10/site-packages/arm/new.py to new.cpython-310.pyc
[6.970s] byte-compiling /home/drone1/ros2_ws/install/arm/lib/python3.10/site-packages/arm/first.py to first.cpython-310.pyc
[6.977s] byte-compiling /home/drone1/ros2_ws/install/arm/lib/python3.10/site-packages/arm/drone.py to drone.cpython-310.pyc
[6.982s] running install_data
[6.983s] creating /home/drone1/ros2_ws/install/arm/share/ament_index/resource_index/packages
[6.985s] copying resource/arm -> /home/drone1/ros2_ws/install/arm/share/ament_index/resource_index/packages
[6.987s] copying package.xml -> /home/drone1/ros2_ws/install/arm/share/arm
[6.988s] running install_egg_info
[7.095s] Copying ../../build/arm/arm.egg-info to /home/drone1/ros2_ws/install/arm/lib/python3.10/site-packages/arm-0.0.0-py3.10.egg-info
[7.107s] running install_scripts
[8.085s] Installing arm script to /home/drone1/ros2_ws/install/arm/lib/arm
[8.086s] Installing arm_and_spin script to /home/drone1/ros2_ws/install/arm/lib/arm
[8.087s] Installing drone script to /home/drone1/ros2_ws/install/arm/lib/arm
[8.090s] writing list of installed files to '/home/drone1/ros2_ws/build/arm/install.log'
[8.266s] Invoked command in '/home/drone1/ros2_ws/src/arm' returned '0': PYTHONPATH=/home/drone1/ros2_ws/build/arm/prefix_override:/usr/lib/python3/dist-packages/colcon_core/task/python/colcon_distutils_commands:/home/drone1/ros2_ws/install/arm/lib/python3.10/site-packages:${PYTHONPATH} /usr/bin/python3 -W ignore:setup.py install is deprecated setup.py egg_info --egg-base ../../build/arm build --build-base /home/drone1/ros2_ws/build/arm/build install --record /home/drone1/ros2_ws/build/arm/install.log --single-version-externally-managed install_data
