[1.316s] Invoking command in '/home/drone1/ros2_ws/build/uwb': /usr/bin/cmake --build /home/drone1/ros2_ws/build/uwb -- -j4 -l4
[1.542s] -- Found ament_cmake: 1.3.10 (/opt/ros/humble/share/ament_cmake/cmake)
[2.583s] -- Found rclcpp: 16.0.10 (/opt/ros/humble/share/rclcpp/cmake)
[2.819s] -- Found rosidl_generator_c: 3.1.5 (/opt/ros/humble/share/rosidl_generator_c/cmake)
[2.831s] -- Found rosidl_adapter: 3.1.5 (/opt/ros/humble/share/rosidl_adapter/cmake)
[2.866s] -- Found rosidl_generator_cpp: 3.1.5 (/opt/ros/humble/share/rosidl_generator_cpp/cmake)
[2.921s] -- Using all available rosidl_typesupport_c: rosidl_typesupport_fastrtps_c;rosidl_typesupport_introspection_c
[2.993s] -- Using all available rosidl_typesupport_cpp: rosidl_typesupport_fastrtps_cpp;rosidl_typesupport_introspection_cpp
[3.189s] -- Found rmw_implementation_cmake: 6.1.2 (/opt/ros/humble/share/rmw_implementation_cmake/cmake)
[3.198s] -- Found rmw_fastrtps_cpp: 6.2.7 (/opt/ros/humble/share/rmw_fastrtps_cpp/cmake)
[4.210s] -- Using RMW implementation 'rmw_fastrtps_cpp' as default
[4.472s] -- Found geometry_msgs: 4.2.4 (/opt/ros/humble/share/geometry_msgs/cmake)
[4.946s] -- Configuring done
[5.062s] -- Generating done
[5.078s] -- Build files have been written to: /home/drone1/ros2_ws/build/uwb
[5.217s] [35m[1mConsolidate compiler generated dependencies of target uwb_node[0m
[5.332s] [ 20%] [32mBuilding CXX object CMakeFiles/uwb_node.dir/src/parse.cpp.o[0m
[28.928s] [01m[K/home/drone1/ros2_ws/uwb/src/parse.cpp:23:30:[m[K [01;35m[Kwarning: [m[Kextra tokens at end of #include directive
[28.929s]    23 | #include <rclcpp/rclcpp.hpp> [01;35m[Kwaeaw[m[K vaw d
[28.929s]       |                              [01;35m[K^~~~~[m[K
[28.987s] [ 40%] [32m[1mLinking CXX executable uwb_node[0m
[30.008s] [100%] Built target uwb_node
[30.053s] Invoked command in '/home/drone1/ros2_ws/build/uwb' returned '0': /usr/bin/cmake --build /home/drone1/ros2_ws/build/uwb -- -j4 -l4
[30.452s] Invoking command in '/home/drone1/ros2_ws/build/uwb': /usr/bin/cmake --install /home/drone1/ros2_ws/build/uwb
[30.485s] -- Install configuration: ""
[30.486s] -- Installing: /home/drone1/ros2_ws/install/uwb/lib/uwb/uwb_node
[30.498s] -- Set runtime path of "/home/drone1/ros2_ws/install/uwb/lib/uwb/uwb_node" to ""
[30.499s] -- Up-to-date: /home/drone1/ros2_ws/install/uwb/include
[30.499s] -- Up-to-date: /home/drone1/ros2_ws/install/uwb/include/uwb_new_package
[30.500s] -- Up-to-date: /home/drone1/ros2_ws/install/uwb/include/uwb
[30.501s] -- Up-to-date: /home/drone1/ros2_ws/install/uwb/share/ament_index/resource_index/package_run_dependencies/uwb
[30.501s] -- Up-to-date: /home/drone1/ros2_ws/install/uwb/share/ament_index/resource_index/parent_prefix_path/uwb
[30.501s] -- Up-to-date: /home/drone1/ros2_ws/install/uwb/share/uwb/environment/ament_prefix_path.sh
[30.502s] -- Installing: /home/drone1/ros2_ws/install/uwb/share/uwb/environment/ament_prefix_path.dsv
[30.503s] -- Up-to-date: /home/drone1/ros2_ws/install/uwb/share/uwb/environment/path.sh
[30.503s] -- Installing: /home/drone1/ros2_ws/install/uwb/share/uwb/environment/path.dsv
[30.505s] -- Up-to-date: /home/drone1/ros2_ws/install/uwb/share/uwb/local_setup.bash
[30.505s] -- Up-to-date: /home/drone1/ros2_ws/install/uwb/share/uwb/local_setup.sh
[30.506s] -- Up-to-date: /home/drone1/ros2_ws/install/uwb/share/uwb/local_setup.zsh
[30.506s] -- Installing: /home/drone1/ros2_ws/install/uwb/share/uwb/local_setup.dsv
[30.507s] -- Installing: /home/drone1/ros2_ws/install/uwb/share/uwb/package.dsv
[30.509s] -- Up-to-date: /home/drone1/ros2_ws/install/uwb/share/ament_index/resource_index/packages/uwb
[30.509s] -- Up-to-date: /home/drone1/ros2_ws/install/uwb/share/uwb/cmake/uwbConfig.cmake
[30.510s] -- Up-to-date: /home/drone1/ros2_ws/install/uwb/share/uwb/cmake/uwbConfig-version.cmake
[30.510s] -- Up-to-date: /home/drone1/ros2_ws/install/uwb/share/uwb/package.xml
[30.516s] Invoked command in '/home/drone1/ros2_ws/build/uwb' returned '0': /usr/bin/cmake --install /home/drone1/ros2_ws/build/uwb
