[5.117s] Invoking command in '/home/drone1/ros2_ws/src/arm': PYTHONPATH=/home/drone1/ros2_ws/build/arm/prefix_override:/usr/lib/python3/dist-packages/colcon_core/task/python/colcon_distutils_commands:/home/drone1/ros2_ws/install/arm/lib/python3.10/site-packages:${PYTHONPATH} /usr/bin/python3 -W ignore:setup.py install is deprecated setup.py egg_info --egg-base ../../build/arm build --build-base /home/drone1/ros2_ws/build/arm/build install --record /home/drone1/ros2_ws/build/arm/install.log --single-version-externally-managed install_data
[6.409s] running egg_info
[6.492s] writing ../../build/arm/arm.egg-info/PKG-INFO
[6.495s] writing dependency_links to ../../build/arm/arm.egg-info/dependency_links.txt
[6.497s] writing entry points to ../../build/arm/arm.egg-info/entry_points.txt
[6.498s] writing requirements to ../../build/arm/arm.egg-info/requires.txt
[6.499s] writing top-level names to ../../build/arm/arm.egg-info/top_level.txt
[6.681s] reading manifest file '../../build/arm/arm.egg-info/SOURCES.txt'
[6.689s] writing manifest file '../../build/arm/arm.egg-info/SOURCES.txt'
[6.690s] running build
[6.691s] running build_py
[6.694s] copying arm/arm_and_spin2.py -> /home/drone1/ros2_ws/build/arm/build/lib/arm
[6.700s] running install
[6.724s] running install_lib
[6.808s] copying /home/drone1/ros2_ws/build/arm/build/lib/arm/arm_and_spin2.py -> /home/drone1/ros2_ws/install/arm/lib/python3.10/site-packages/arm
[6.814s] byte-compiling /home/drone1/ros2_ws/install/arm/lib/python3.10/site-packages/arm/arm_and_spin2.py to arm_and_spin2.cpython-310.pyc
[6.824s] running install_data
[6.828s] running install_egg_info
[6.921s] removing '/home/drone1/ros2_ws/install/arm/lib/python3.10/site-packages/arm-0.0.0-py3.10.egg-info' (and everything under it)
[6.923s] Copying ../../build/arm/arm.egg-info to /home/drone1/ros2_ws/install/arm/lib/python3.10/site-packages/arm-0.0.0-py3.10.egg-info
[6.932s] running install_scripts
[8.015s] Installing arm script to /home/drone1/ros2_ws/install/arm/lib/arm
[8.017s] Installing arm_and_spin script to /home/drone1/ros2_ws/install/arm/lib/arm
[8.018s] Installing drone script to /home/drone1/ros2_ws/install/arm/lib/arm
[8.021s] writing list of installed files to '/home/drone1/ros2_ws/build/arm/install.log'
[8.191s] Invoked command in '/home/drone1/ros2_ws/src/arm' returned '0': PYTHONPATH=/home/drone1/ros2_ws/build/arm/prefix_override:/usr/lib/python3/dist-packages/colcon_core/task/python/colcon_distutils_commands:/home/drone1/ros2_ws/install/arm/lib/python3.10/site-packages:${PYTHONPATH} /usr/bin/python3 -W ignore:setup.py install is deprecated setup.py egg_info --egg-base ../../build/arm build --build-base /home/drone1/ros2_ws/build/arm/build install --record /home/drone1/ros2_ws/build/arm/install.log --single-version-externally-managed install_data
